[2023-04-13T20:33:48.883+0000] {processor.py:153} INFO - Started process (PID=89) to work on /home/airflow/.local/lib/python3.7/site-packages/airflow/example_dags/example_skip_dag.py
[2023-04-13T20:33:48.883+0000] {processor.py:743} INFO - Processing file /home/airflow/.local/lib/python3.7/site-packages/airflow/example_dags/example_skip_dag.py for tasks to queue
[2023-04-13T20:33:48.884+0000] {logging_mixin.py:137} INFO - [2023-04-13T20:33:48.884+0000] {dagbag.py:532} INFO - Filling up the DagBag from /home/airflow/.local/lib/python3.7/site-packages/airflow/example_dags/example_skip_dag.py
[2023-04-13T20:33:48.909+0000] {processor.py:753} INFO - DAG(s) dict_keys(['example_skip_dag']) retrieved from /home/airflow/.local/lib/python3.7/site-packages/airflow/example_dags/example_skip_dag.py
[2023-04-13T20:33:48.922+0000] {logging_mixin.py:137} INFO - [2023-04-13T20:33:48.922+0000] {dag.py:2705} INFO - Sync 1 DAGs
[2023-04-13T20:33:48.952+0000] {logging_mixin.py:137} INFO - [2023-04-13T20:33:48.952+0000] {dag.py:3456} INFO - Setting next_dagrun for example_skip_dag to 2023-04-12T20:33:48.952125+00:00, run_after=2023-04-13T20:33:48.952125+00:00
[2023-04-13T20:33:48.972+0000] {processor.py:175} INFO - Processing /home/airflow/.local/lib/python3.7/site-packages/airflow/example_dags/example_skip_dag.py took 0.092 seconds
[2023-04-13T20:34:19.249+0000] {processor.py:153} INFO - Started process (PID=139) to work on /home/airflow/.local/lib/python3.7/site-packages/airflow/example_dags/example_skip_dag.py
[2023-04-13T20:34:19.250+0000] {processor.py:743} INFO - Processing file /home/airflow/.local/lib/python3.7/site-packages/airflow/example_dags/example_skip_dag.py for tasks to queue
[2023-04-13T20:34:19.251+0000] {logging_mixin.py:137} INFO - [2023-04-13T20:34:19.251+0000] {dagbag.py:532} INFO - Filling up the DagBag from /home/airflow/.local/lib/python3.7/site-packages/airflow/example_dags/example_skip_dag.py
[2023-04-13T20:34:19.269+0000] {processor.py:753} INFO - DAG(s) dict_keys(['example_skip_dag']) retrieved from /home/airflow/.local/lib/python3.7/site-packages/airflow/example_dags/example_skip_dag.py
[2023-04-13T20:34:19.298+0000] {logging_mixin.py:137} INFO - [2023-04-13T20:34:19.298+0000] {dag.py:2705} INFO - Sync 1 DAGs
[2023-04-13T20:34:19.335+0000] {logging_mixin.py:137} INFO - [2023-04-13T20:34:19.335+0000] {dag.py:3456} INFO - Setting next_dagrun for example_skip_dag to 2023-04-12T20:34:19.334825+00:00, run_after=2023-04-13T20:34:19.334825+00:00
[2023-04-13T20:34:19.354+0000] {processor.py:175} INFO - Processing /home/airflow/.local/lib/python3.7/site-packages/airflow/example_dags/example_skip_dag.py took 0.108 seconds
[2023-04-13T20:34:50.362+0000] {processor.py:153} INFO - Started process (PID=189) to work on /home/airflow/.local/lib/python3.7/site-packages/airflow/example_dags/example_skip_dag.py
[2023-04-13T20:34:50.363+0000] {processor.py:743} INFO - Processing file /home/airflow/.local/lib/python3.7/site-packages/airflow/example_dags/example_skip_dag.py for tasks to queue
[2023-04-13T20:34:50.363+0000] {logging_mixin.py:137} INFO - [2023-04-13T20:34:50.363+0000] {dagbag.py:532} INFO - Filling up the DagBag from /home/airflow/.local/lib/python3.7/site-packages/airflow/example_dags/example_skip_dag.py
[2023-04-13T20:34:50.379+0000] {processor.py:753} INFO - DAG(s) dict_keys(['example_skip_dag']) retrieved from /home/airflow/.local/lib/python3.7/site-packages/airflow/example_dags/example_skip_dag.py
[2023-04-13T20:34:50.408+0000] {logging_mixin.py:137} INFO - [2023-04-13T20:34:50.408+0000] {dag.py:2705} INFO - Sync 1 DAGs
[2023-04-13T20:34:50.437+0000] {logging_mixin.py:137} INFO - [2023-04-13T20:34:50.437+0000] {dag.py:3456} INFO - Setting next_dagrun for example_skip_dag to 2023-04-12T20:34:50.437047+00:00, run_after=2023-04-13T20:34:50.437047+00:00
[2023-04-13T20:34:50.458+0000] {processor.py:175} INFO - Processing /home/airflow/.local/lib/python3.7/site-packages/airflow/example_dags/example_skip_dag.py took 0.100 seconds
[2023-04-13T20:35:20.703+0000] {processor.py:153} INFO - Started process (PID=239) to work on /home/airflow/.local/lib/python3.7/site-packages/airflow/example_dags/example_skip_dag.py
[2023-04-13T20:35:20.704+0000] {processor.py:743} INFO - Processing file /home/airflow/.local/lib/python3.7/site-packages/airflow/example_dags/example_skip_dag.py for tasks to queue
[2023-04-13T20:35:20.704+0000] {logging_mixin.py:137} INFO - [2023-04-13T20:35:20.704+0000] {dagbag.py:532} INFO - Filling up the DagBag from /home/airflow/.local/lib/python3.7/site-packages/airflow/example_dags/example_skip_dag.py
[2023-04-13T20:35:20.719+0000] {processor.py:753} INFO - DAG(s) dict_keys(['example_skip_dag']) retrieved from /home/airflow/.local/lib/python3.7/site-packages/airflow/example_dags/example_skip_dag.py
[2023-04-13T20:35:20.749+0000] {logging_mixin.py:137} INFO - [2023-04-13T20:35:20.749+0000] {dag.py:2705} INFO - Sync 1 DAGs
[2023-04-13T20:35:20.778+0000] {logging_mixin.py:137} INFO - [2023-04-13T20:35:20.778+0000] {dag.py:3456} INFO - Setting next_dagrun for example_skip_dag to 2023-04-12T20:35:20.778050+00:00, run_after=2023-04-13T20:35:20.778050+00:00
[2023-04-13T20:35:20.815+0000] {processor.py:175} INFO - Processing /home/airflow/.local/lib/python3.7/site-packages/airflow/example_dags/example_skip_dag.py took 0.123 seconds
[2023-04-13T20:35:51.302+0000] {processor.py:153} INFO - Started process (PID=289) to work on /home/airflow/.local/lib/python3.7/site-packages/airflow/example_dags/example_skip_dag.py
[2023-04-13T20:35:51.303+0000] {processor.py:743} INFO - Processing file /home/airflow/.local/lib/python3.7/site-packages/airflow/example_dags/example_skip_dag.py for tasks to queue
[2023-04-13T20:35:51.303+0000] {logging_mixin.py:137} INFO - [2023-04-13T20:35:51.303+0000] {dagbag.py:532} INFO - Filling up the DagBag from /home/airflow/.local/lib/python3.7/site-packages/airflow/example_dags/example_skip_dag.py
[2023-04-13T20:35:51.316+0000] {processor.py:753} INFO - DAG(s) dict_keys(['example_skip_dag']) retrieved from /home/airflow/.local/lib/python3.7/site-packages/airflow/example_dags/example_skip_dag.py
[2023-04-13T20:35:51.347+0000] {logging_mixin.py:137} INFO - [2023-04-13T20:35:51.347+0000] {dag.py:2705} INFO - Sync 1 DAGs
[2023-04-13T20:35:51.388+0000] {logging_mixin.py:137} INFO - [2023-04-13T20:35:51.388+0000] {dag.py:3456} INFO - Setting next_dagrun for example_skip_dag to 2023-04-12T20:35:51.388052+00:00, run_after=2023-04-13T20:35:51.388052+00:00
[2023-04-13T20:35:51.425+0000] {processor.py:175} INFO - Processing /home/airflow/.local/lib/python3.7/site-packages/airflow/example_dags/example_skip_dag.py took 0.138 seconds
[2023-04-13T20:36:21.680+0000] {processor.py:153} INFO - Started process (PID=339) to work on /home/airflow/.local/lib/python3.7/site-packages/airflow/example_dags/example_skip_dag.py
[2023-04-13T20:36:21.681+0000] {processor.py:743} INFO - Processing file /home/airflow/.local/lib/python3.7/site-packages/airflow/example_dags/example_skip_dag.py for tasks to queue
[2023-04-13T20:36:21.682+0000] {logging_mixin.py:137} INFO - [2023-04-13T20:36:21.682+0000] {dagbag.py:532} INFO - Filling up the DagBag from /home/airflow/.local/lib/python3.7/site-packages/airflow/example_dags/example_skip_dag.py
[2023-04-13T20:36:21.697+0000] {processor.py:753} INFO - DAG(s) dict_keys(['example_skip_dag']) retrieved from /home/airflow/.local/lib/python3.7/site-packages/airflow/example_dags/example_skip_dag.py
[2023-04-13T20:36:21.742+0000] {logging_mixin.py:137} INFO - [2023-04-13T20:36:21.742+0000] {dag.py:2705} INFO - Sync 1 DAGs
[2023-04-13T20:36:21.769+0000] {logging_mixin.py:137} INFO - [2023-04-13T20:36:21.769+0000] {dag.py:3456} INFO - Setting next_dagrun for example_skip_dag to 2023-04-12T20:36:21.768955+00:00, run_after=2023-04-13T20:36:21.768955+00:00
[2023-04-13T20:36:21.789+0000] {processor.py:175} INFO - Processing /home/airflow/.local/lib/python3.7/site-packages/airflow/example_dags/example_skip_dag.py took 0.112 seconds
[2023-04-13T20:36:52.016+0000] {processor.py:153} INFO - Started process (PID=389) to work on /home/airflow/.local/lib/python3.7/site-packages/airflow/example_dags/example_skip_dag.py
[2023-04-13T20:36:52.017+0000] {processor.py:743} INFO - Processing file /home/airflow/.local/lib/python3.7/site-packages/airflow/example_dags/example_skip_dag.py for tasks to queue
[2023-04-13T20:36:52.018+0000] {logging_mixin.py:137} INFO - [2023-04-13T20:36:52.018+0000] {dagbag.py:532} INFO - Filling up the DagBag from /home/airflow/.local/lib/python3.7/site-packages/airflow/example_dags/example_skip_dag.py
[2023-04-13T20:36:52.033+0000] {processor.py:753} INFO - DAG(s) dict_keys(['example_skip_dag']) retrieved from /home/airflow/.local/lib/python3.7/site-packages/airflow/example_dags/example_skip_dag.py
[2023-04-13T20:36:52.063+0000] {logging_mixin.py:137} INFO - [2023-04-13T20:36:52.063+0000] {dag.py:2705} INFO - Sync 1 DAGs
[2023-04-13T20:36:52.091+0000] {logging_mixin.py:137} INFO - [2023-04-13T20:36:52.091+0000] {dag.py:3456} INFO - Setting next_dagrun for example_skip_dag to 2023-04-12T20:36:52.091020+00:00, run_after=2023-04-13T20:36:52.091020+00:00
[2023-04-13T20:36:52.110+0000] {processor.py:175} INFO - Processing /home/airflow/.local/lib/python3.7/site-packages/airflow/example_dags/example_skip_dag.py took 0.097 seconds
[2023-04-13T20:37:22.333+0000] {processor.py:153} INFO - Started process (PID=439) to work on /home/airflow/.local/lib/python3.7/site-packages/airflow/example_dags/example_skip_dag.py
[2023-04-13T20:37:22.334+0000] {processor.py:743} INFO - Processing file /home/airflow/.local/lib/python3.7/site-packages/airflow/example_dags/example_skip_dag.py for tasks to queue
[2023-04-13T20:37:22.334+0000] {logging_mixin.py:137} INFO - [2023-04-13T20:37:22.334+0000] {dagbag.py:532} INFO - Filling up the DagBag from /home/airflow/.local/lib/python3.7/site-packages/airflow/example_dags/example_skip_dag.py
[2023-04-13T20:37:22.348+0000] {processor.py:753} INFO - DAG(s) dict_keys(['example_skip_dag']) retrieved from /home/airflow/.local/lib/python3.7/site-packages/airflow/example_dags/example_skip_dag.py
[2023-04-13T20:37:22.375+0000] {logging_mixin.py:137} INFO - [2023-04-13T20:37:22.375+0000] {dag.py:2705} INFO - Sync 1 DAGs
[2023-04-13T20:37:22.405+0000] {logging_mixin.py:137} INFO - [2023-04-13T20:37:22.405+0000] {dag.py:3456} INFO - Setting next_dagrun for example_skip_dag to 2023-04-12T20:37:22.404883+00:00, run_after=2023-04-13T20:37:22.404883+00:00
[2023-04-13T20:37:22.428+0000] {processor.py:175} INFO - Processing /home/airflow/.local/lib/python3.7/site-packages/airflow/example_dags/example_skip_dag.py took 0.098 seconds
[2023-04-13T20:37:52.661+0000] {processor.py:153} INFO - Started process (PID=490) to work on /home/airflow/.local/lib/python3.7/site-packages/airflow/example_dags/example_skip_dag.py
[2023-04-13T20:37:52.662+0000] {processor.py:743} INFO - Processing file /home/airflow/.local/lib/python3.7/site-packages/airflow/example_dags/example_skip_dag.py for tasks to queue
[2023-04-13T20:37:52.663+0000] {logging_mixin.py:137} INFO - [2023-04-13T20:37:52.663+0000] {dagbag.py:532} INFO - Filling up the DagBag from /home/airflow/.local/lib/python3.7/site-packages/airflow/example_dags/example_skip_dag.py
[2023-04-13T20:37:52.678+0000] {processor.py:753} INFO - DAG(s) dict_keys(['example_skip_dag']) retrieved from /home/airflow/.local/lib/python3.7/site-packages/airflow/example_dags/example_skip_dag.py
[2023-04-13T20:37:52.725+0000] {logging_mixin.py:137} INFO - [2023-04-13T20:37:52.724+0000] {dag.py:2705} INFO - Sync 1 DAGs
[2023-04-13T20:37:52.752+0000] {logging_mixin.py:137} INFO - [2023-04-13T20:37:52.752+0000] {dag.py:3456} INFO - Setting next_dagrun for example_skip_dag to 2023-04-12T20:37:52.752281+00:00, run_after=2023-04-13T20:37:52.752281+00:00
[2023-04-13T20:37:52.775+0000] {processor.py:175} INFO - Processing /home/airflow/.local/lib/python3.7/site-packages/airflow/example_dags/example_skip_dag.py took 0.117 seconds
[2023-04-13T20:38:23.613+0000] {processor.py:153} INFO - Started process (PID=540) to work on /home/airflow/.local/lib/python3.7/site-packages/airflow/example_dags/example_skip_dag.py
[2023-04-13T20:38:23.615+0000] {processor.py:743} INFO - Processing file /home/airflow/.local/lib/python3.7/site-packages/airflow/example_dags/example_skip_dag.py for tasks to queue
[2023-04-13T20:38:23.616+0000] {logging_mixin.py:137} INFO - [2023-04-13T20:38:23.616+0000] {dagbag.py:532} INFO - Filling up the DagBag from /home/airflow/.local/lib/python3.7/site-packages/airflow/example_dags/example_skip_dag.py
[2023-04-13T20:38:23.636+0000] {processor.py:753} INFO - DAG(s) dict_keys(['example_skip_dag']) retrieved from /home/airflow/.local/lib/python3.7/site-packages/airflow/example_dags/example_skip_dag.py
[2023-04-13T20:38:23.673+0000] {logging_mixin.py:137} INFO - [2023-04-13T20:38:23.672+0000] {dag.py:2705} INFO - Sync 1 DAGs
[2023-04-13T20:38:23.716+0000] {logging_mixin.py:137} INFO - [2023-04-13T20:38:23.715+0000] {dag.py:3456} INFO - Setting next_dagrun for example_skip_dag to 2023-04-12T20:38:23.715475+00:00, run_after=2023-04-13T20:38:23.715475+00:00
[2023-04-13T20:38:23.744+0000] {processor.py:175} INFO - Processing /home/airflow/.local/lib/python3.7/site-packages/airflow/example_dags/example_skip_dag.py took 0.135 seconds
