[2023-04-13T20:33:49.241+0000] {processor.py:153} INFO - Started process (PID=94) to work on /home/airflow/.local/lib/python3.7/site-packages/airflow/example_dags/example_time_delta_sensor_async.py
[2023-04-13T20:33:49.242+0000] {processor.py:743} INFO - Processing file /home/airflow/.local/lib/python3.7/site-packages/airflow/example_dags/example_time_delta_sensor_async.py for tasks to queue
[2023-04-13T20:33:49.242+0000] {logging_mixin.py:137} INFO - [2023-04-13T20:33:49.242+0000] {dagbag.py:532} INFO - Filling up the DagBag from /home/airflow/.local/lib/python3.7/site-packages/airflow/example_dags/example_time_delta_sensor_async.py
[2023-04-13T20:33:49.259+0000] {processor.py:753} INFO - DAG(s) dict_keys(['example_time_delta_sensor_async']) retrieved from /home/airflow/.local/lib/python3.7/site-packages/airflow/example_dags/example_time_delta_sensor_async.py
[2023-04-13T20:33:49.279+0000] {logging_mixin.py:137} INFO - [2023-04-13T20:33:49.278+0000] {dag.py:2705} INFO - Sync 1 DAGs
[2023-04-13T20:33:49.345+0000] {logging_mixin.py:137} INFO - [2023-04-13T20:33:49.345+0000] {dag.py:3456} INFO - Setting next_dagrun for example_time_delta_sensor_async to None, run_after=None
[2023-04-13T20:33:49.490+0000] {processor.py:175} INFO - Processing /home/airflow/.local/lib/python3.7/site-packages/airflow/example_dags/example_time_delta_sensor_async.py took 0.252 seconds
[2023-04-13T20:34:19.531+0000] {processor.py:153} INFO - Started process (PID=144) to work on /home/airflow/.local/lib/python3.7/site-packages/airflow/example_dags/example_time_delta_sensor_async.py
[2023-04-13T20:34:19.532+0000] {processor.py:743} INFO - Processing file /home/airflow/.local/lib/python3.7/site-packages/airflow/example_dags/example_time_delta_sensor_async.py for tasks to queue
[2023-04-13T20:34:19.532+0000] {logging_mixin.py:137} INFO - [2023-04-13T20:34:19.532+0000] {dagbag.py:532} INFO - Filling up the DagBag from /home/airflow/.local/lib/python3.7/site-packages/airflow/example_dags/example_time_delta_sensor_async.py
[2023-04-13T20:34:19.544+0000] {processor.py:753} INFO - DAG(s) dict_keys(['example_time_delta_sensor_async']) retrieved from /home/airflow/.local/lib/python3.7/site-packages/airflow/example_dags/example_time_delta_sensor_async.py
[2023-04-13T20:34:19.571+0000] {logging_mixin.py:137} INFO - [2023-04-13T20:34:19.571+0000] {dag.py:2705} INFO - Sync 1 DAGs
[2023-04-13T20:34:19.599+0000] {logging_mixin.py:137} INFO - [2023-04-13T20:34:19.599+0000] {dag.py:3456} INFO - Setting next_dagrun for example_time_delta_sensor_async to None, run_after=None
[2023-04-13T20:34:19.618+0000] {processor.py:175} INFO - Processing /home/airflow/.local/lib/python3.7/site-packages/airflow/example_dags/example_time_delta_sensor_async.py took 0.091 seconds
[2023-04-13T20:34:50.680+0000] {processor.py:153} INFO - Started process (PID=194) to work on /home/airflow/.local/lib/python3.7/site-packages/airflow/example_dags/example_time_delta_sensor_async.py
[2023-04-13T20:34:50.681+0000] {processor.py:743} INFO - Processing file /home/airflow/.local/lib/python3.7/site-packages/airflow/example_dags/example_time_delta_sensor_async.py for tasks to queue
[2023-04-13T20:34:50.682+0000] {logging_mixin.py:137} INFO - [2023-04-13T20:34:50.682+0000] {dagbag.py:532} INFO - Filling up the DagBag from /home/airflow/.local/lib/python3.7/site-packages/airflow/example_dags/example_time_delta_sensor_async.py
[2023-04-13T20:34:50.694+0000] {processor.py:753} INFO - DAG(s) dict_keys(['example_time_delta_sensor_async']) retrieved from /home/airflow/.local/lib/python3.7/site-packages/airflow/example_dags/example_time_delta_sensor_async.py
[2023-04-13T20:34:50.720+0000] {logging_mixin.py:137} INFO - [2023-04-13T20:34:50.719+0000] {dag.py:2705} INFO - Sync 1 DAGs
[2023-04-13T20:34:50.746+0000] {logging_mixin.py:137} INFO - [2023-04-13T20:34:50.746+0000] {dag.py:3456} INFO - Setting next_dagrun for example_time_delta_sensor_async to None, run_after=None
[2023-04-13T20:34:50.764+0000] {processor.py:175} INFO - Processing /home/airflow/.local/lib/python3.7/site-packages/airflow/example_dags/example_time_delta_sensor_async.py took 0.087 seconds
[2023-04-13T20:35:21.057+0000] {processor.py:153} INFO - Started process (PID=244) to work on /home/airflow/.local/lib/python3.7/site-packages/airflow/example_dags/example_time_delta_sensor_async.py
[2023-04-13T20:35:21.058+0000] {processor.py:743} INFO - Processing file /home/airflow/.local/lib/python3.7/site-packages/airflow/example_dags/example_time_delta_sensor_async.py for tasks to queue
[2023-04-13T20:35:21.058+0000] {logging_mixin.py:137} INFO - [2023-04-13T20:35:21.058+0000] {dagbag.py:532} INFO - Filling up the DagBag from /home/airflow/.local/lib/python3.7/site-packages/airflow/example_dags/example_time_delta_sensor_async.py
[2023-04-13T20:35:21.072+0000] {processor.py:753} INFO - DAG(s) dict_keys(['example_time_delta_sensor_async']) retrieved from /home/airflow/.local/lib/python3.7/site-packages/airflow/example_dags/example_time_delta_sensor_async.py
[2023-04-13T20:35:21.112+0000] {logging_mixin.py:137} INFO - [2023-04-13T20:35:21.112+0000] {dag.py:2705} INFO - Sync 1 DAGs
[2023-04-13T20:35:21.141+0000] {logging_mixin.py:137} INFO - [2023-04-13T20:35:21.141+0000] {dag.py:3456} INFO - Setting next_dagrun for example_time_delta_sensor_async to None, run_after=None
[2023-04-13T20:35:21.163+0000] {processor.py:175} INFO - Processing /home/airflow/.local/lib/python3.7/site-packages/airflow/example_dags/example_time_delta_sensor_async.py took 0.109 seconds
[2023-04-13T20:35:51.667+0000] {processor.py:153} INFO - Started process (PID=294) to work on /home/airflow/.local/lib/python3.7/site-packages/airflow/example_dags/example_time_delta_sensor_async.py
[2023-04-13T20:35:51.668+0000] {processor.py:743} INFO - Processing file /home/airflow/.local/lib/python3.7/site-packages/airflow/example_dags/example_time_delta_sensor_async.py for tasks to queue
[2023-04-13T20:35:51.668+0000] {logging_mixin.py:137} INFO - [2023-04-13T20:35:51.668+0000] {dagbag.py:532} INFO - Filling up the DagBag from /home/airflow/.local/lib/python3.7/site-packages/airflow/example_dags/example_time_delta_sensor_async.py
[2023-04-13T20:35:51.682+0000] {processor.py:753} INFO - DAG(s) dict_keys(['example_time_delta_sensor_async']) retrieved from /home/airflow/.local/lib/python3.7/site-packages/airflow/example_dags/example_time_delta_sensor_async.py
[2023-04-13T20:35:51.713+0000] {logging_mixin.py:137} INFO - [2023-04-13T20:35:51.712+0000] {dag.py:2705} INFO - Sync 1 DAGs
[2023-04-13T20:35:51.740+0000] {logging_mixin.py:137} INFO - [2023-04-13T20:35:51.739+0000] {dag.py:3456} INFO - Setting next_dagrun for example_time_delta_sensor_async to None, run_after=None
[2023-04-13T20:35:51.761+0000] {processor.py:175} INFO - Processing /home/airflow/.local/lib/python3.7/site-packages/airflow/example_dags/example_time_delta_sensor_async.py took 0.097 seconds
[2023-04-13T20:36:22.141+0000] {processor.py:153} INFO - Started process (PID=344) to work on /home/airflow/.local/lib/python3.7/site-packages/airflow/example_dags/example_time_delta_sensor_async.py
[2023-04-13T20:36:22.143+0000] {processor.py:743} INFO - Processing file /home/airflow/.local/lib/python3.7/site-packages/airflow/example_dags/example_time_delta_sensor_async.py for tasks to queue
[2023-04-13T20:36:22.143+0000] {logging_mixin.py:137} INFO - [2023-04-13T20:36:22.143+0000] {dagbag.py:532} INFO - Filling up the DagBag from /home/airflow/.local/lib/python3.7/site-packages/airflow/example_dags/example_time_delta_sensor_async.py
[2023-04-13T20:36:22.159+0000] {processor.py:753} INFO - DAG(s) dict_keys(['example_time_delta_sensor_async']) retrieved from /home/airflow/.local/lib/python3.7/site-packages/airflow/example_dags/example_time_delta_sensor_async.py
[2023-04-13T20:36:22.190+0000] {logging_mixin.py:137} INFO - [2023-04-13T20:36:22.189+0000] {dag.py:2705} INFO - Sync 1 DAGs
[2023-04-13T20:36:22.243+0000] {logging_mixin.py:137} INFO - [2023-04-13T20:36:22.242+0000] {dag.py:3456} INFO - Setting next_dagrun for example_time_delta_sensor_async to None, run_after=None
[2023-04-13T20:36:22.270+0000] {processor.py:175} INFO - Processing /home/airflow/.local/lib/python3.7/site-packages/airflow/example_dags/example_time_delta_sensor_async.py took 0.132 seconds
[2023-04-13T20:36:52.372+0000] {processor.py:153} INFO - Started process (PID=394) to work on /home/airflow/.local/lib/python3.7/site-packages/airflow/example_dags/example_time_delta_sensor_async.py
[2023-04-13T20:36:52.373+0000] {processor.py:743} INFO - Processing file /home/airflow/.local/lib/python3.7/site-packages/airflow/example_dags/example_time_delta_sensor_async.py for tasks to queue
[2023-04-13T20:36:52.374+0000] {logging_mixin.py:137} INFO - [2023-04-13T20:36:52.374+0000] {dagbag.py:532} INFO - Filling up the DagBag from /home/airflow/.local/lib/python3.7/site-packages/airflow/example_dags/example_time_delta_sensor_async.py
[2023-04-13T20:36:52.385+0000] {processor.py:753} INFO - DAG(s) dict_keys(['example_time_delta_sensor_async']) retrieved from /home/airflow/.local/lib/python3.7/site-packages/airflow/example_dags/example_time_delta_sensor_async.py
[2023-04-13T20:36:52.414+0000] {logging_mixin.py:137} INFO - [2023-04-13T20:36:52.414+0000] {dag.py:2705} INFO - Sync 1 DAGs
[2023-04-13T20:36:52.442+0000] {logging_mixin.py:137} INFO - [2023-04-13T20:36:52.442+0000] {dag.py:3456} INFO - Setting next_dagrun for example_time_delta_sensor_async to None, run_after=None
[2023-04-13T20:36:52.464+0000] {processor.py:175} INFO - Processing /home/airflow/.local/lib/python3.7/site-packages/airflow/example_dags/example_time_delta_sensor_async.py took 0.095 seconds
[2023-04-13T20:37:22.647+0000] {processor.py:153} INFO - Started process (PID=444) to work on /home/airflow/.local/lib/python3.7/site-packages/airflow/example_dags/example_time_delta_sensor_async.py
[2023-04-13T20:37:22.648+0000] {processor.py:743} INFO - Processing file /home/airflow/.local/lib/python3.7/site-packages/airflow/example_dags/example_time_delta_sensor_async.py for tasks to queue
[2023-04-13T20:37:22.649+0000] {logging_mixin.py:137} INFO - [2023-04-13T20:37:22.649+0000] {dagbag.py:532} INFO - Filling up the DagBag from /home/airflow/.local/lib/python3.7/site-packages/airflow/example_dags/example_time_delta_sensor_async.py
[2023-04-13T20:37:22.661+0000] {processor.py:753} INFO - DAG(s) dict_keys(['example_time_delta_sensor_async']) retrieved from /home/airflow/.local/lib/python3.7/site-packages/airflow/example_dags/example_time_delta_sensor_async.py
[2023-04-13T20:37:22.688+0000] {logging_mixin.py:137} INFO - [2023-04-13T20:37:22.688+0000] {dag.py:2705} INFO - Sync 1 DAGs
[2023-04-13T20:37:22.716+0000] {logging_mixin.py:137} INFO - [2023-04-13T20:37:22.716+0000] {dag.py:3456} INFO - Setting next_dagrun for example_time_delta_sensor_async to None, run_after=None
[2023-04-13T20:37:22.737+0000] {processor.py:175} INFO - Processing /home/airflow/.local/lib/python3.7/site-packages/airflow/example_dags/example_time_delta_sensor_async.py took 0.092 seconds
[2023-04-13T20:37:52.982+0000] {processor.py:153} INFO - Started process (PID=495) to work on /home/airflow/.local/lib/python3.7/site-packages/airflow/example_dags/example_time_delta_sensor_async.py
[2023-04-13T20:37:52.983+0000] {processor.py:743} INFO - Processing file /home/airflow/.local/lib/python3.7/site-packages/airflow/example_dags/example_time_delta_sensor_async.py for tasks to queue
[2023-04-13T20:37:52.983+0000] {logging_mixin.py:137} INFO - [2023-04-13T20:37:52.983+0000] {dagbag.py:532} INFO - Filling up the DagBag from /home/airflow/.local/lib/python3.7/site-packages/airflow/example_dags/example_time_delta_sensor_async.py
[2023-04-13T20:37:53.032+0000] {processor.py:753} INFO - DAG(s) dict_keys(['example_time_delta_sensor_async']) retrieved from /home/airflow/.local/lib/python3.7/site-packages/airflow/example_dags/example_time_delta_sensor_async.py
[2023-04-13T20:37:53.066+0000] {logging_mixin.py:137} INFO - [2023-04-13T20:37:53.065+0000] {dag.py:2705} INFO - Sync 1 DAGs
[2023-04-13T20:37:53.123+0000] {logging_mixin.py:137} INFO - [2023-04-13T20:37:53.122+0000] {dag.py:3456} INFO - Setting next_dagrun for example_time_delta_sensor_async to None, run_after=None
[2023-04-13T20:37:53.155+0000] {processor.py:175} INFO - Processing /home/airflow/.local/lib/python3.7/site-packages/airflow/example_dags/example_time_delta_sensor_async.py took 0.177 seconds
[2023-04-13T20:38:24.043+0000] {processor.py:153} INFO - Started process (PID=545) to work on /home/airflow/.local/lib/python3.7/site-packages/airflow/example_dags/example_time_delta_sensor_async.py
[2023-04-13T20:38:24.045+0000] {processor.py:743} INFO - Processing file /home/airflow/.local/lib/python3.7/site-packages/airflow/example_dags/example_time_delta_sensor_async.py for tasks to queue
[2023-04-13T20:38:24.046+0000] {logging_mixin.py:137} INFO - [2023-04-13T20:38:24.045+0000] {dagbag.py:532} INFO - Filling up the DagBag from /home/airflow/.local/lib/python3.7/site-packages/airflow/example_dags/example_time_delta_sensor_async.py
[2023-04-13T20:38:24.061+0000] {processor.py:753} INFO - DAG(s) dict_keys(['example_time_delta_sensor_async']) retrieved from /home/airflow/.local/lib/python3.7/site-packages/airflow/example_dags/example_time_delta_sensor_async.py
[2023-04-13T20:38:24.104+0000] {logging_mixin.py:137} INFO - [2023-04-13T20:38:24.103+0000] {dag.py:2705} INFO - Sync 1 DAGs
[2023-04-13T20:38:24.147+0000] {logging_mixin.py:137} INFO - [2023-04-13T20:38:24.146+0000] {dag.py:3456} INFO - Setting next_dagrun for example_time_delta_sensor_async to None, run_after=None
[2023-04-13T20:38:24.172+0000] {processor.py:175} INFO - Processing /home/airflow/.local/lib/python3.7/site-packages/airflow/example_dags/example_time_delta_sensor_async.py took 0.133 seconds
