[2023-04-13T20:33:48.230+0000] {processor.py:153} INFO - Started process (PID=81) to work on /home/airflow/.local/lib/python3.7/site-packages/airflow/example_dags/example_nested_branch_dag.py
[2023-04-13T20:33:48.231+0000] {processor.py:743} INFO - Processing file /home/airflow/.local/lib/python3.7/site-packages/airflow/example_dags/example_nested_branch_dag.py for tasks to queue
[2023-04-13T20:33:48.232+0000] {logging_mixin.py:137} INFO - [2023-04-13T20:33:48.232+0000] {dagbag.py:532} INFO - Filling up the DagBag from /home/airflow/.local/lib/python3.7/site-packages/airflow/example_dags/example_nested_branch_dag.py
[2023-04-13T20:33:48.261+0000] {processor.py:753} INFO - DAG(s) dict_keys(['example_nested_branch_dag']) retrieved from /home/airflow/.local/lib/python3.7/site-packages/airflow/example_dags/example_nested_branch_dag.py
[2023-04-13T20:33:48.275+0000] {logging_mixin.py:137} INFO - [2023-04-13T20:33:48.275+0000] {dag.py:2705} INFO - Sync 1 DAGs
[2023-04-13T20:33:48.308+0000] {logging_mixin.py:137} INFO - [2023-04-13T20:33:48.308+0000] {dag.py:3456} INFO - Setting next_dagrun for example_nested_branch_dag to 2023-04-12T00:00:00+00:00, run_after=2023-04-13T00:00:00+00:00
[2023-04-13T20:33:48.327+0000] {processor.py:175} INFO - Processing /home/airflow/.local/lib/python3.7/site-packages/airflow/example_dags/example_nested_branch_dag.py took 0.100 seconds
[2023-04-13T20:34:18.554+0000] {processor.py:153} INFO - Started process (PID=131) to work on /home/airflow/.local/lib/python3.7/site-packages/airflow/example_dags/example_nested_branch_dag.py
[2023-04-13T20:34:18.555+0000] {processor.py:743} INFO - Processing file /home/airflow/.local/lib/python3.7/site-packages/airflow/example_dags/example_nested_branch_dag.py for tasks to queue
[2023-04-13T20:34:18.556+0000] {logging_mixin.py:137} INFO - [2023-04-13T20:34:18.556+0000] {dagbag.py:532} INFO - Filling up the DagBag from /home/airflow/.local/lib/python3.7/site-packages/airflow/example_dags/example_nested_branch_dag.py
[2023-04-13T20:34:18.581+0000] {processor.py:753} INFO - DAG(s) dict_keys(['example_nested_branch_dag']) retrieved from /home/airflow/.local/lib/python3.7/site-packages/airflow/example_dags/example_nested_branch_dag.py
[2023-04-13T20:34:18.607+0000] {logging_mixin.py:137} INFO - [2023-04-13T20:34:18.607+0000] {dag.py:2705} INFO - Sync 1 DAGs
[2023-04-13T20:34:18.637+0000] {logging_mixin.py:137} INFO - [2023-04-13T20:34:18.637+0000] {dag.py:3456} INFO - Setting next_dagrun for example_nested_branch_dag to 2023-04-12T00:00:00+00:00, run_after=2023-04-13T00:00:00+00:00
[2023-04-13T20:34:18.655+0000] {processor.py:175} INFO - Processing /home/airflow/.local/lib/python3.7/site-packages/airflow/example_dags/example_nested_branch_dag.py took 0.103 seconds
[2023-04-13T20:34:48.747+0000] {processor.py:153} INFO - Started process (PID=181) to work on /home/airflow/.local/lib/python3.7/site-packages/airflow/example_dags/example_nested_branch_dag.py
[2023-04-13T20:34:48.748+0000] {processor.py:743} INFO - Processing file /home/airflow/.local/lib/python3.7/site-packages/airflow/example_dags/example_nested_branch_dag.py for tasks to queue
[2023-04-13T20:34:48.749+0000] {logging_mixin.py:137} INFO - [2023-04-13T20:34:48.749+0000] {dagbag.py:532} INFO - Filling up the DagBag from /home/airflow/.local/lib/python3.7/site-packages/airflow/example_dags/example_nested_branch_dag.py
[2023-04-13T20:34:48.775+0000] {processor.py:753} INFO - DAG(s) dict_keys(['example_nested_branch_dag']) retrieved from /home/airflow/.local/lib/python3.7/site-packages/airflow/example_dags/example_nested_branch_dag.py
[2023-04-13T20:34:48.805+0000] {logging_mixin.py:137} INFO - [2023-04-13T20:34:48.805+0000] {dag.py:2705} INFO - Sync 1 DAGs
[2023-04-13T20:34:48.835+0000] {logging_mixin.py:137} INFO - [2023-04-13T20:34:48.835+0000] {dag.py:3456} INFO - Setting next_dagrun for example_nested_branch_dag to 2023-04-12T00:00:00+00:00, run_after=2023-04-13T00:00:00+00:00
[2023-04-13T20:34:48.854+0000] {processor.py:175} INFO - Processing /home/airflow/.local/lib/python3.7/site-packages/airflow/example_dags/example_nested_branch_dag.py took 0.110 seconds
[2023-04-13T20:35:19.130+0000] {processor.py:153} INFO - Started process (PID=231) to work on /home/airflow/.local/lib/python3.7/site-packages/airflow/example_dags/example_nested_branch_dag.py
[2023-04-13T20:35:19.131+0000] {processor.py:743} INFO - Processing file /home/airflow/.local/lib/python3.7/site-packages/airflow/example_dags/example_nested_branch_dag.py for tasks to queue
[2023-04-13T20:35:19.131+0000] {logging_mixin.py:137} INFO - [2023-04-13T20:35:19.131+0000] {dagbag.py:532} INFO - Filling up the DagBag from /home/airflow/.local/lib/python3.7/site-packages/airflow/example_dags/example_nested_branch_dag.py
[2023-04-13T20:35:19.157+0000] {processor.py:753} INFO - DAG(s) dict_keys(['example_nested_branch_dag']) retrieved from /home/airflow/.local/lib/python3.7/site-packages/airflow/example_dags/example_nested_branch_dag.py
[2023-04-13T20:35:19.181+0000] {logging_mixin.py:137} INFO - [2023-04-13T20:35:19.181+0000] {dag.py:2705} INFO - Sync 1 DAGs
[2023-04-13T20:35:19.208+0000] {logging_mixin.py:137} INFO - [2023-04-13T20:35:19.208+0000] {dag.py:3456} INFO - Setting next_dagrun for example_nested_branch_dag to 2023-04-12T00:00:00+00:00, run_after=2023-04-13T00:00:00+00:00
[2023-04-13T20:35:19.226+0000] {processor.py:175} INFO - Processing /home/airflow/.local/lib/python3.7/site-packages/airflow/example_dags/example_nested_branch_dag.py took 0.099 seconds
[2023-04-13T20:35:49.665+0000] {processor.py:153} INFO - Started process (PID=281) to work on /home/airflow/.local/lib/python3.7/site-packages/airflow/example_dags/example_nested_branch_dag.py
[2023-04-13T20:35:49.666+0000] {processor.py:743} INFO - Processing file /home/airflow/.local/lib/python3.7/site-packages/airflow/example_dags/example_nested_branch_dag.py for tasks to queue
[2023-04-13T20:35:49.667+0000] {logging_mixin.py:137} INFO - [2023-04-13T20:35:49.667+0000] {dagbag.py:532} INFO - Filling up the DagBag from /home/airflow/.local/lib/python3.7/site-packages/airflow/example_dags/example_nested_branch_dag.py
[2023-04-13T20:35:49.693+0000] {processor.py:753} INFO - DAG(s) dict_keys(['example_nested_branch_dag']) retrieved from /home/airflow/.local/lib/python3.7/site-packages/airflow/example_dags/example_nested_branch_dag.py
[2023-04-13T20:35:49.733+0000] {logging_mixin.py:137} INFO - [2023-04-13T20:35:49.732+0000] {dag.py:2705} INFO - Sync 1 DAGs
[2023-04-13T20:35:49.765+0000] {logging_mixin.py:137} INFO - [2023-04-13T20:35:49.765+0000] {dag.py:3456} INFO - Setting next_dagrun for example_nested_branch_dag to 2023-04-12T00:00:00+00:00, run_after=2023-04-13T00:00:00+00:00
[2023-04-13T20:35:49.784+0000] {processor.py:175} INFO - Processing /home/airflow/.local/lib/python3.7/site-packages/airflow/example_dags/example_nested_branch_dag.py took 0.122 seconds
[2023-04-13T20:36:20.707+0000] {processor.py:153} INFO - Started process (PID=331) to work on /home/airflow/.local/lib/python3.7/site-packages/airflow/example_dags/example_nested_branch_dag.py
[2023-04-13T20:36:20.710+0000] {processor.py:743} INFO - Processing file /home/airflow/.local/lib/python3.7/site-packages/airflow/example_dags/example_nested_branch_dag.py for tasks to queue
[2023-04-13T20:36:20.711+0000] {logging_mixin.py:137} INFO - [2023-04-13T20:36:20.711+0000] {dagbag.py:532} INFO - Filling up the DagBag from /home/airflow/.local/lib/python3.7/site-packages/airflow/example_dags/example_nested_branch_dag.py
[2023-04-13T20:36:20.748+0000] {processor.py:753} INFO - DAG(s) dict_keys(['example_nested_branch_dag']) retrieved from /home/airflow/.local/lib/python3.7/site-packages/airflow/example_dags/example_nested_branch_dag.py
[2023-04-13T20:36:20.818+0000] {logging_mixin.py:137} INFO - [2023-04-13T20:36:20.818+0000] {dag.py:2705} INFO - Sync 1 DAGs
[2023-04-13T20:36:20.857+0000] {logging_mixin.py:137} INFO - [2023-04-13T20:36:20.857+0000] {dag.py:3456} INFO - Setting next_dagrun for example_nested_branch_dag to 2023-04-12T00:00:00+00:00, run_after=2023-04-13T00:00:00+00:00
[2023-04-13T20:36:20.925+0000] {processor.py:175} INFO - Processing /home/airflow/.local/lib/python3.7/site-packages/airflow/example_dags/example_nested_branch_dag.py took 0.223 seconds
[2023-04-13T20:36:51.303+0000] {processor.py:153} INFO - Started process (PID=381) to work on /home/airflow/.local/lib/python3.7/site-packages/airflow/example_dags/example_nested_branch_dag.py
[2023-04-13T20:36:51.304+0000] {processor.py:743} INFO - Processing file /home/airflow/.local/lib/python3.7/site-packages/airflow/example_dags/example_nested_branch_dag.py for tasks to queue
[2023-04-13T20:36:51.305+0000] {logging_mixin.py:137} INFO - [2023-04-13T20:36:51.305+0000] {dagbag.py:532} INFO - Filling up the DagBag from /home/airflow/.local/lib/python3.7/site-packages/airflow/example_dags/example_nested_branch_dag.py
[2023-04-13T20:36:51.334+0000] {processor.py:753} INFO - DAG(s) dict_keys(['example_nested_branch_dag']) retrieved from /home/airflow/.local/lib/python3.7/site-packages/airflow/example_dags/example_nested_branch_dag.py
[2023-04-13T20:36:51.382+0000] {logging_mixin.py:137} INFO - [2023-04-13T20:36:51.382+0000] {dag.py:2705} INFO - Sync 1 DAGs
[2023-04-13T20:36:51.424+0000] {logging_mixin.py:137} INFO - [2023-04-13T20:36:51.423+0000] {dag.py:3456} INFO - Setting next_dagrun for example_nested_branch_dag to 2023-04-12T00:00:00+00:00, run_after=2023-04-13T00:00:00+00:00
[2023-04-13T20:36:51.444+0000] {processor.py:175} INFO - Processing /home/airflow/.local/lib/python3.7/site-packages/airflow/example_dags/example_nested_branch_dag.py took 0.156 seconds
[2023-04-13T20:37:21.688+0000] {processor.py:153} INFO - Started process (PID=431) to work on /home/airflow/.local/lib/python3.7/site-packages/airflow/example_dags/example_nested_branch_dag.py
[2023-04-13T20:37:21.689+0000] {processor.py:743} INFO - Processing file /home/airflow/.local/lib/python3.7/site-packages/airflow/example_dags/example_nested_branch_dag.py for tasks to queue
[2023-04-13T20:37:21.690+0000] {logging_mixin.py:137} INFO - [2023-04-13T20:37:21.690+0000] {dagbag.py:532} INFO - Filling up the DagBag from /home/airflow/.local/lib/python3.7/site-packages/airflow/example_dags/example_nested_branch_dag.py
[2023-04-13T20:37:21.721+0000] {processor.py:753} INFO - DAG(s) dict_keys(['example_nested_branch_dag']) retrieved from /home/airflow/.local/lib/python3.7/site-packages/airflow/example_dags/example_nested_branch_dag.py
[2023-04-13T20:37:21.755+0000] {logging_mixin.py:137} INFO - [2023-04-13T20:37:21.755+0000] {dag.py:2705} INFO - Sync 1 DAGs
[2023-04-13T20:37:21.798+0000] {logging_mixin.py:137} INFO - [2023-04-13T20:37:21.798+0000] {dag.py:3456} INFO - Setting next_dagrun for example_nested_branch_dag to 2023-04-12T00:00:00+00:00, run_after=2023-04-13T00:00:00+00:00
[2023-04-13T20:37:21.823+0000] {processor.py:175} INFO - Processing /home/airflow/.local/lib/python3.7/site-packages/airflow/example_dags/example_nested_branch_dag.py took 0.139 seconds
[2023-04-13T20:37:51.870+0000] {processor.py:153} INFO - Started process (PID=482) to work on /home/airflow/.local/lib/python3.7/site-packages/airflow/example_dags/example_nested_branch_dag.py
[2023-04-13T20:37:51.870+0000] {processor.py:743} INFO - Processing file /home/airflow/.local/lib/python3.7/site-packages/airflow/example_dags/example_nested_branch_dag.py for tasks to queue
[2023-04-13T20:37:51.871+0000] {logging_mixin.py:137} INFO - [2023-04-13T20:37:51.871+0000] {dagbag.py:532} INFO - Filling up the DagBag from /home/airflow/.local/lib/python3.7/site-packages/airflow/example_dags/example_nested_branch_dag.py
[2023-04-13T20:37:51.899+0000] {processor.py:753} INFO - DAG(s) dict_keys(['example_nested_branch_dag']) retrieved from /home/airflow/.local/lib/python3.7/site-packages/airflow/example_dags/example_nested_branch_dag.py
[2023-04-13T20:37:51.931+0000] {logging_mixin.py:137} INFO - [2023-04-13T20:37:51.930+0000] {dag.py:2705} INFO - Sync 1 DAGs
[2023-04-13T20:37:51.963+0000] {logging_mixin.py:137} INFO - [2023-04-13T20:37:51.963+0000] {dag.py:3456} INFO - Setting next_dagrun for example_nested_branch_dag to 2023-04-12T00:00:00+00:00, run_after=2023-04-13T00:00:00+00:00
[2023-04-13T20:37:51.984+0000] {processor.py:175} INFO - Processing /home/airflow/.local/lib/python3.7/site-packages/airflow/example_dags/example_nested_branch_dag.py took 0.117 seconds
[2023-04-13T20:38:22.572+0000] {processor.py:153} INFO - Started process (PID=532) to work on /home/airflow/.local/lib/python3.7/site-packages/airflow/example_dags/example_nested_branch_dag.py
[2023-04-13T20:38:22.573+0000] {processor.py:743} INFO - Processing file /home/airflow/.local/lib/python3.7/site-packages/airflow/example_dags/example_nested_branch_dag.py for tasks to queue
[2023-04-13T20:38:22.574+0000] {logging_mixin.py:137} INFO - [2023-04-13T20:38:22.574+0000] {dagbag.py:532} INFO - Filling up the DagBag from /home/airflow/.local/lib/python3.7/site-packages/airflow/example_dags/example_nested_branch_dag.py
[2023-04-13T20:38:22.622+0000] {processor.py:753} INFO - DAG(s) dict_keys(['example_nested_branch_dag']) retrieved from /home/airflow/.local/lib/python3.7/site-packages/airflow/example_dags/example_nested_branch_dag.py
[2023-04-13T20:38:22.663+0000] {logging_mixin.py:137} INFO - [2023-04-13T20:38:22.663+0000] {dag.py:2705} INFO - Sync 1 DAGs
[2023-04-13T20:38:22.731+0000] {logging_mixin.py:137} INFO - [2023-04-13T20:38:22.731+0000] {dag.py:3456} INFO - Setting next_dagrun for example_nested_branch_dag to 2023-04-12T00:00:00+00:00, run_after=2023-04-13T00:00:00+00:00
[2023-04-13T20:38:22.761+0000] {processor.py:175} INFO - Processing /home/airflow/.local/lib/python3.7/site-packages/airflow/example_dags/example_nested_branch_dag.py took 0.194 seconds
