[2023-04-13T20:33:48.773+0000] {processor.py:153} INFO - Started process (PID=88) to work on /home/airflow/.local/lib/python3.7/site-packages/airflow/example_dags/example_short_circuit_operator.py
[2023-04-13T20:33:48.774+0000] {processor.py:743} INFO - Processing file /home/airflow/.local/lib/python3.7/site-packages/airflow/example_dags/example_short_circuit_operator.py for tasks to queue
[2023-04-13T20:33:48.774+0000] {logging_mixin.py:137} INFO - [2023-04-13T20:33:48.774+0000] {dagbag.py:532} INFO - Filling up the DagBag from /home/airflow/.local/lib/python3.7/site-packages/airflow/example_dags/example_short_circuit_operator.py
[2023-04-13T20:33:48.794+0000] {processor.py:753} INFO - DAG(s) dict_keys(['example_short_circuit_operator']) retrieved from /home/airflow/.local/lib/python3.7/site-packages/airflow/example_dags/example_short_circuit_operator.py
[2023-04-13T20:33:48.808+0000] {logging_mixin.py:137} INFO - [2023-04-13T20:33:48.807+0000] {dag.py:2705} INFO - Sync 1 DAGs
[2023-04-13T20:33:48.837+0000] {logging_mixin.py:137} INFO - [2023-04-13T20:33:48.837+0000] {dag.py:3456} INFO - Setting next_dagrun for example_short_circuit_operator to 2023-04-12T20:33:48.837029+00:00, run_after=2023-04-13T20:33:48.837029+00:00
[2023-04-13T20:33:48.858+0000] {processor.py:175} INFO - Processing /home/airflow/.local/lib/python3.7/site-packages/airflow/example_dags/example_short_circuit_operator.py took 0.088 seconds
[2023-04-13T20:34:19.170+0000] {processor.py:153} INFO - Started process (PID=138) to work on /home/airflow/.local/lib/python3.7/site-packages/airflow/example_dags/example_short_circuit_operator.py
[2023-04-13T20:34:19.171+0000] {processor.py:743} INFO - Processing file /home/airflow/.local/lib/python3.7/site-packages/airflow/example_dags/example_short_circuit_operator.py for tasks to queue
[2023-04-13T20:34:19.172+0000] {logging_mixin.py:137} INFO - [2023-04-13T20:34:19.172+0000] {dagbag.py:532} INFO - Filling up the DagBag from /home/airflow/.local/lib/python3.7/site-packages/airflow/example_dags/example_short_circuit_operator.py
[2023-04-13T20:34:19.189+0000] {processor.py:753} INFO - DAG(s) dict_keys(['example_short_circuit_operator']) retrieved from /home/airflow/.local/lib/python3.7/site-packages/airflow/example_dags/example_short_circuit_operator.py
[2023-04-13T20:34:19.219+0000] {logging_mixin.py:137} INFO - [2023-04-13T20:34:19.218+0000] {dag.py:2705} INFO - Sync 1 DAGs
[2023-04-13T20:34:19.250+0000] {logging_mixin.py:137} INFO - [2023-04-13T20:34:19.250+0000] {dag.py:3456} INFO - Setting next_dagrun for example_short_circuit_operator to 2023-04-12T20:34:19.249987+00:00, run_after=2023-04-13T20:34:19.249987+00:00
[2023-04-13T20:34:19.271+0000] {processor.py:175} INFO - Processing /home/airflow/.local/lib/python3.7/site-packages/airflow/example_dags/example_short_circuit_operator.py took 0.104 seconds
[2023-04-13T20:34:50.307+0000] {processor.py:153} INFO - Started process (PID=188) to work on /home/airflow/.local/lib/python3.7/site-packages/airflow/example_dags/example_short_circuit_operator.py
[2023-04-13T20:34:50.307+0000] {processor.py:743} INFO - Processing file /home/airflow/.local/lib/python3.7/site-packages/airflow/example_dags/example_short_circuit_operator.py for tasks to queue
[2023-04-13T20:34:50.308+0000] {logging_mixin.py:137} INFO - [2023-04-13T20:34:50.308+0000] {dagbag.py:532} INFO - Filling up the DagBag from /home/airflow/.local/lib/python3.7/site-packages/airflow/example_dags/example_short_circuit_operator.py
[2023-04-13T20:34:50.324+0000] {processor.py:753} INFO - DAG(s) dict_keys(['example_short_circuit_operator']) retrieved from /home/airflow/.local/lib/python3.7/site-packages/airflow/example_dags/example_short_circuit_operator.py
[2023-04-13T20:34:50.357+0000] {logging_mixin.py:137} INFO - [2023-04-13T20:34:50.357+0000] {dag.py:2705} INFO - Sync 1 DAGs
[2023-04-13T20:34:50.389+0000] {logging_mixin.py:137} INFO - [2023-04-13T20:34:50.389+0000] {dag.py:3456} INFO - Setting next_dagrun for example_short_circuit_operator to 2023-04-12T20:34:50.389458+00:00, run_after=2023-04-13T20:34:50.389458+00:00
[2023-04-13T20:34:50.407+0000] {processor.py:175} INFO - Processing /home/airflow/.local/lib/python3.7/site-packages/airflow/example_dags/example_short_circuit_operator.py took 0.103 seconds
[2023-04-13T20:35:20.644+0000] {processor.py:153} INFO - Started process (PID=238) to work on /home/airflow/.local/lib/python3.7/site-packages/airflow/example_dags/example_short_circuit_operator.py
[2023-04-13T20:35:20.645+0000] {processor.py:743} INFO - Processing file /home/airflow/.local/lib/python3.7/site-packages/airflow/example_dags/example_short_circuit_operator.py for tasks to queue
[2023-04-13T20:35:20.646+0000] {logging_mixin.py:137} INFO - [2023-04-13T20:35:20.646+0000] {dagbag.py:532} INFO - Filling up the DagBag from /home/airflow/.local/lib/python3.7/site-packages/airflow/example_dags/example_short_circuit_operator.py
[2023-04-13T20:35:20.663+0000] {processor.py:753} INFO - DAG(s) dict_keys(['example_short_circuit_operator']) retrieved from /home/airflow/.local/lib/python3.7/site-packages/airflow/example_dags/example_short_circuit_operator.py
[2023-04-13T20:35:20.705+0000] {logging_mixin.py:137} INFO - [2023-04-13T20:35:20.705+0000] {dag.py:2705} INFO - Sync 1 DAGs
[2023-04-13T20:35:20.740+0000] {logging_mixin.py:137} INFO - [2023-04-13T20:35:20.740+0000] {dag.py:3456} INFO - Setting next_dagrun for example_short_circuit_operator to 2023-04-12T20:35:20.740159+00:00, run_after=2023-04-13T20:35:20.740159+00:00
[2023-04-13T20:35:20.763+0000] {processor.py:175} INFO - Processing /home/airflow/.local/lib/python3.7/site-packages/airflow/example_dags/example_short_circuit_operator.py took 0.122 seconds
[2023-04-13T20:35:51.256+0000] {processor.py:153} INFO - Started process (PID=288) to work on /home/airflow/.local/lib/python3.7/site-packages/airflow/example_dags/example_short_circuit_operator.py
[2023-04-13T20:35:51.257+0000] {processor.py:743} INFO - Processing file /home/airflow/.local/lib/python3.7/site-packages/airflow/example_dags/example_short_circuit_operator.py for tasks to queue
[2023-04-13T20:35:51.258+0000] {logging_mixin.py:137} INFO - [2023-04-13T20:35:51.258+0000] {dagbag.py:532} INFO - Filling up the DagBag from /home/airflow/.local/lib/python3.7/site-packages/airflow/example_dags/example_short_circuit_operator.py
[2023-04-13T20:35:51.273+0000] {processor.py:753} INFO - DAG(s) dict_keys(['example_short_circuit_operator']) retrieved from /home/airflow/.local/lib/python3.7/site-packages/airflow/example_dags/example_short_circuit_operator.py
[2023-04-13T20:35:51.309+0000] {logging_mixin.py:137} INFO - [2023-04-13T20:35:51.309+0000] {dag.py:2705} INFO - Sync 1 DAGs
[2023-04-13T20:35:51.340+0000] {logging_mixin.py:137} INFO - [2023-04-13T20:35:51.340+0000] {dag.py:3456} INFO - Setting next_dagrun for example_short_circuit_operator to 2023-04-12T20:35:51.339877+00:00, run_after=2023-04-13T20:35:51.339877+00:00
[2023-04-13T20:35:51.364+0000] {processor.py:175} INFO - Processing /home/airflow/.local/lib/python3.7/site-packages/airflow/example_dags/example_short_circuit_operator.py took 0.112 seconds
[2023-04-13T20:36:21.637+0000] {processor.py:153} INFO - Started process (PID=338) to work on /home/airflow/.local/lib/python3.7/site-packages/airflow/example_dags/example_short_circuit_operator.py
[2023-04-13T20:36:21.638+0000] {processor.py:743} INFO - Processing file /home/airflow/.local/lib/python3.7/site-packages/airflow/example_dags/example_short_circuit_operator.py for tasks to queue
[2023-04-13T20:36:21.639+0000] {logging_mixin.py:137} INFO - [2023-04-13T20:36:21.639+0000] {dagbag.py:532} INFO - Filling up the DagBag from /home/airflow/.local/lib/python3.7/site-packages/airflow/example_dags/example_short_circuit_operator.py
[2023-04-13T20:36:21.657+0000] {processor.py:753} INFO - DAG(s) dict_keys(['example_short_circuit_operator']) retrieved from /home/airflow/.local/lib/python3.7/site-packages/airflow/example_dags/example_short_circuit_operator.py
[2023-04-13T20:36:21.691+0000] {logging_mixin.py:137} INFO - [2023-04-13T20:36:21.691+0000] {dag.py:2705} INFO - Sync 1 DAGs
[2023-04-13T20:36:21.745+0000] {logging_mixin.py:137} INFO - [2023-04-13T20:36:21.745+0000] {dag.py:3456} INFO - Setting next_dagrun for example_short_circuit_operator to 2023-04-12T20:36:21.745134+00:00, run_after=2023-04-13T20:36:21.745134+00:00
[2023-04-13T20:36:21.764+0000] {processor.py:175} INFO - Processing /home/airflow/.local/lib/python3.7/site-packages/airflow/example_dags/example_short_circuit_operator.py took 0.130 seconds
[2023-04-13T20:36:52.012+0000] {processor.py:153} INFO - Started process (PID=388) to work on /home/airflow/.local/lib/python3.7/site-packages/airflow/example_dags/example_short_circuit_operator.py
[2023-04-13T20:36:52.013+0000] {processor.py:743} INFO - Processing file /home/airflow/.local/lib/python3.7/site-packages/airflow/example_dags/example_short_circuit_operator.py for tasks to queue
[2023-04-13T20:36:52.014+0000] {logging_mixin.py:137} INFO - [2023-04-13T20:36:52.014+0000] {dagbag.py:532} INFO - Filling up the DagBag from /home/airflow/.local/lib/python3.7/site-packages/airflow/example_dags/example_short_circuit_operator.py
[2023-04-13T20:36:52.031+0000] {processor.py:753} INFO - DAG(s) dict_keys(['example_short_circuit_operator']) retrieved from /home/airflow/.local/lib/python3.7/site-packages/airflow/example_dags/example_short_circuit_operator.py
[2023-04-13T20:36:52.072+0000] {logging_mixin.py:137} INFO - [2023-04-13T20:36:52.072+0000] {dag.py:2705} INFO - Sync 1 DAGs
[2023-04-13T20:36:52.109+0000] {logging_mixin.py:137} INFO - [2023-04-13T20:36:52.109+0000] {dag.py:3456} INFO - Setting next_dagrun for example_short_circuit_operator to 2023-04-12T20:36:52.109394+00:00, run_after=2023-04-13T20:36:52.109394+00:00
[2023-04-13T20:36:52.135+0000] {processor.py:175} INFO - Processing /home/airflow/.local/lib/python3.7/site-packages/airflow/example_dags/example_short_circuit_operator.py took 0.126 seconds
[2023-04-13T20:37:22.263+0000] {processor.py:153} INFO - Started process (PID=438) to work on /home/airflow/.local/lib/python3.7/site-packages/airflow/example_dags/example_short_circuit_operator.py
[2023-04-13T20:37:22.264+0000] {processor.py:743} INFO - Processing file /home/airflow/.local/lib/python3.7/site-packages/airflow/example_dags/example_short_circuit_operator.py for tasks to queue
[2023-04-13T20:37:22.265+0000] {logging_mixin.py:137} INFO - [2023-04-13T20:37:22.265+0000] {dagbag.py:532} INFO - Filling up the DagBag from /home/airflow/.local/lib/python3.7/site-packages/airflow/example_dags/example_short_circuit_operator.py
[2023-04-13T20:37:22.284+0000] {processor.py:753} INFO - DAG(s) dict_keys(['example_short_circuit_operator']) retrieved from /home/airflow/.local/lib/python3.7/site-packages/airflow/example_dags/example_short_circuit_operator.py
[2023-04-13T20:37:22.318+0000] {logging_mixin.py:137} INFO - [2023-04-13T20:37:22.318+0000] {dag.py:2705} INFO - Sync 1 DAGs
[2023-04-13T20:37:22.347+0000] {logging_mixin.py:137} INFO - [2023-04-13T20:37:22.346+0000] {dag.py:3456} INFO - Setting next_dagrun for example_short_circuit_operator to 2023-04-12T20:37:22.346647+00:00, run_after=2023-04-13T20:37:22.346647+00:00
[2023-04-13T20:37:22.368+0000] {processor.py:175} INFO - Processing /home/airflow/.local/lib/python3.7/site-packages/airflow/example_dags/example_short_circuit_operator.py took 0.108 seconds
[2023-04-13T20:37:52.538+0000] {processor.py:153} INFO - Started process (PID=489) to work on /home/airflow/.local/lib/python3.7/site-packages/airflow/example_dags/example_short_circuit_operator.py
[2023-04-13T20:37:52.539+0000] {processor.py:743} INFO - Processing file /home/airflow/.local/lib/python3.7/site-packages/airflow/example_dags/example_short_circuit_operator.py for tasks to queue
[2023-04-13T20:37:52.539+0000] {logging_mixin.py:137} INFO - [2023-04-13T20:37:52.539+0000] {dagbag.py:532} INFO - Filling up the DagBag from /home/airflow/.local/lib/python3.7/site-packages/airflow/example_dags/example_short_circuit_operator.py
[2023-04-13T20:37:52.559+0000] {processor.py:753} INFO - DAG(s) dict_keys(['example_short_circuit_operator']) retrieved from /home/airflow/.local/lib/python3.7/site-packages/airflow/example_dags/example_short_circuit_operator.py
[2023-04-13T20:37:52.603+0000] {logging_mixin.py:137} INFO - [2023-04-13T20:37:52.603+0000] {dag.py:2705} INFO - Sync 1 DAGs
[2023-04-13T20:37:52.635+0000] {logging_mixin.py:137} INFO - [2023-04-13T20:37:52.635+0000] {dag.py:3456} INFO - Setting next_dagrun for example_short_circuit_operator to 2023-04-12T20:37:52.634850+00:00, run_after=2023-04-13T20:37:52.634850+00:00
[2023-04-13T20:37:52.659+0000] {processor.py:175} INFO - Processing /home/airflow/.local/lib/python3.7/site-packages/airflow/example_dags/example_short_circuit_operator.py took 0.125 seconds
[2023-04-13T20:38:23.444+0000] {processor.py:153} INFO - Started process (PID=539) to work on /home/airflow/.local/lib/python3.7/site-packages/airflow/example_dags/example_short_circuit_operator.py
[2023-04-13T20:38:23.446+0000] {processor.py:743} INFO - Processing file /home/airflow/.local/lib/python3.7/site-packages/airflow/example_dags/example_short_circuit_operator.py for tasks to queue
[2023-04-13T20:38:23.446+0000] {logging_mixin.py:137} INFO - [2023-04-13T20:38:23.446+0000] {dagbag.py:532} INFO - Filling up the DagBag from /home/airflow/.local/lib/python3.7/site-packages/airflow/example_dags/example_short_circuit_operator.py
[2023-04-13T20:38:23.468+0000] {processor.py:753} INFO - DAG(s) dict_keys(['example_short_circuit_operator']) retrieved from /home/airflow/.local/lib/python3.7/site-packages/airflow/example_dags/example_short_circuit_operator.py
[2023-04-13T20:38:23.512+0000] {logging_mixin.py:137} INFO - [2023-04-13T20:38:23.512+0000] {dag.py:2705} INFO - Sync 1 DAGs
[2023-04-13T20:38:23.559+0000] {logging_mixin.py:137} INFO - [2023-04-13T20:38:23.558+0000] {dag.py:3456} INFO - Setting next_dagrun for example_short_circuit_operator to 2023-04-12T20:38:23.558524+00:00, run_after=2023-04-13T20:38:23.558524+00:00
[2023-04-13T20:38:23.584+0000] {processor.py:175} INFO - Processing /home/airflow/.local/lib/python3.7/site-packages/airflow/example_dags/example_short_circuit_operator.py took 0.143 seconds
