[2023-04-13T20:33:47.164+0000] {processor.py:153} INFO - Started process (PID=67) to work on /home/airflow/.local/lib/python3.7/site-packages/airflow/example_dags/example_branch_day_of_week_operator.py
[2023-04-13T20:33:47.165+0000] {processor.py:743} INFO - Processing file /home/airflow/.local/lib/python3.7/site-packages/airflow/example_dags/example_branch_day_of_week_operator.py for tasks to queue
[2023-04-13T20:33:47.166+0000] {logging_mixin.py:137} INFO - [2023-04-13T20:33:47.165+0000] {dagbag.py:532} INFO - Filling up the DagBag from /home/airflow/.local/lib/python3.7/site-packages/airflow/example_dags/example_branch_day_of_week_operator.py
[2023-04-13T20:33:47.184+0000] {processor.py:753} INFO - DAG(s) dict_keys(['example_weekday_branch_operator']) retrieved from /home/airflow/.local/lib/python3.7/site-packages/airflow/example_dags/example_branch_day_of_week_operator.py
[2023-04-13T20:33:47.197+0000] {logging_mixin.py:137} INFO - [2023-04-13T20:33:47.197+0000] {dag.py:2705} INFO - Sync 1 DAGs
[2023-04-13T20:33:47.228+0000] {logging_mixin.py:137} INFO - [2023-04-13T20:33:47.228+0000] {dag.py:3456} INFO - Setting next_dagrun for example_weekday_branch_operator to 2023-04-12T00:00:00+00:00, run_after=2023-04-13T00:00:00+00:00
[2023-04-13T20:33:47.247+0000] {processor.py:175} INFO - Processing /home/airflow/.local/lib/python3.7/site-packages/airflow/example_dags/example_branch_day_of_week_operator.py took 0.085 seconds
[2023-04-13T20:34:17.411+0000] {processor.py:153} INFO - Started process (PID=117) to work on /home/airflow/.local/lib/python3.7/site-packages/airflow/example_dags/example_branch_day_of_week_operator.py
[2023-04-13T20:34:17.412+0000] {processor.py:743} INFO - Processing file /home/airflow/.local/lib/python3.7/site-packages/airflow/example_dags/example_branch_day_of_week_operator.py for tasks to queue
[2023-04-13T20:34:17.413+0000] {logging_mixin.py:137} INFO - [2023-04-13T20:34:17.413+0000] {dagbag.py:532} INFO - Filling up the DagBag from /home/airflow/.local/lib/python3.7/site-packages/airflow/example_dags/example_branch_day_of_week_operator.py
[2023-04-13T20:34:17.427+0000] {processor.py:753} INFO - DAG(s) dict_keys(['example_weekday_branch_operator']) retrieved from /home/airflow/.local/lib/python3.7/site-packages/airflow/example_dags/example_branch_day_of_week_operator.py
[2023-04-13T20:34:17.453+0000] {logging_mixin.py:137} INFO - [2023-04-13T20:34:17.452+0000] {dag.py:2705} INFO - Sync 1 DAGs
[2023-04-13T20:34:17.487+0000] {logging_mixin.py:137} INFO - [2023-04-13T20:34:17.486+0000] {dag.py:3456} INFO - Setting next_dagrun for example_weekday_branch_operator to 2023-04-12T00:00:00+00:00, run_after=2023-04-13T00:00:00+00:00
[2023-04-13T20:34:17.504+0000] {processor.py:175} INFO - Processing /home/airflow/.local/lib/python3.7/site-packages/airflow/example_dags/example_branch_day_of_week_operator.py took 0.095 seconds
[2023-04-13T20:34:47.586+0000] {processor.py:153} INFO - Started process (PID=167) to work on /home/airflow/.local/lib/python3.7/site-packages/airflow/example_dags/example_branch_day_of_week_operator.py
[2023-04-13T20:34:47.587+0000] {processor.py:743} INFO - Processing file /home/airflow/.local/lib/python3.7/site-packages/airflow/example_dags/example_branch_day_of_week_operator.py for tasks to queue
[2023-04-13T20:34:47.587+0000] {logging_mixin.py:137} INFO - [2023-04-13T20:34:47.587+0000] {dagbag.py:532} INFO - Filling up the DagBag from /home/airflow/.local/lib/python3.7/site-packages/airflow/example_dags/example_branch_day_of_week_operator.py
[2023-04-13T20:34:47.602+0000] {processor.py:753} INFO - DAG(s) dict_keys(['example_weekday_branch_operator']) retrieved from /home/airflow/.local/lib/python3.7/site-packages/airflow/example_dags/example_branch_day_of_week_operator.py
[2023-04-13T20:34:47.630+0000] {logging_mixin.py:137} INFO - [2023-04-13T20:34:47.630+0000] {dag.py:2705} INFO - Sync 1 DAGs
[2023-04-13T20:34:47.659+0000] {logging_mixin.py:137} INFO - [2023-04-13T20:34:47.659+0000] {dag.py:3456} INFO - Setting next_dagrun for example_weekday_branch_operator to 2023-04-12T00:00:00+00:00, run_after=2023-04-13T00:00:00+00:00
[2023-04-13T20:34:47.679+0000] {processor.py:175} INFO - Processing /home/airflow/.local/lib/python3.7/site-packages/airflow/example_dags/example_branch_day_of_week_operator.py took 0.096 seconds
[2023-04-13T20:35:17.999+0000] {processor.py:153} INFO - Started process (PID=217) to work on /home/airflow/.local/lib/python3.7/site-packages/airflow/example_dags/example_branch_day_of_week_operator.py
[2023-04-13T20:35:18.000+0000] {processor.py:743} INFO - Processing file /home/airflow/.local/lib/python3.7/site-packages/airflow/example_dags/example_branch_day_of_week_operator.py for tasks to queue
[2023-04-13T20:35:18.001+0000] {logging_mixin.py:137} INFO - [2023-04-13T20:35:18.001+0000] {dagbag.py:532} INFO - Filling up the DagBag from /home/airflow/.local/lib/python3.7/site-packages/airflow/example_dags/example_branch_day_of_week_operator.py
[2023-04-13T20:35:18.016+0000] {processor.py:753} INFO - DAG(s) dict_keys(['example_weekday_branch_operator']) retrieved from /home/airflow/.local/lib/python3.7/site-packages/airflow/example_dags/example_branch_day_of_week_operator.py
[2023-04-13T20:35:18.042+0000] {logging_mixin.py:137} INFO - [2023-04-13T20:35:18.042+0000] {dag.py:2705} INFO - Sync 1 DAGs
[2023-04-13T20:35:18.070+0000] {logging_mixin.py:137} INFO - [2023-04-13T20:35:18.070+0000] {dag.py:3456} INFO - Setting next_dagrun for example_weekday_branch_operator to 2023-04-12T00:00:00+00:00, run_after=2023-04-13T00:00:00+00:00
[2023-04-13T20:35:18.091+0000] {processor.py:175} INFO - Processing /home/airflow/.local/lib/python3.7/site-packages/airflow/example_dags/example_branch_day_of_week_operator.py took 0.094 seconds
[2023-04-13T20:35:48.467+0000] {processor.py:153} INFO - Started process (PID=267) to work on /home/airflow/.local/lib/python3.7/site-packages/airflow/example_dags/example_branch_day_of_week_operator.py
[2023-04-13T20:35:48.468+0000] {processor.py:743} INFO - Processing file /home/airflow/.local/lib/python3.7/site-packages/airflow/example_dags/example_branch_day_of_week_operator.py for tasks to queue
[2023-04-13T20:35:48.469+0000] {logging_mixin.py:137} INFO - [2023-04-13T20:35:48.468+0000] {dagbag.py:532} INFO - Filling up the DagBag from /home/airflow/.local/lib/python3.7/site-packages/airflow/example_dags/example_branch_day_of_week_operator.py
[2023-04-13T20:35:48.484+0000] {processor.py:753} INFO - DAG(s) dict_keys(['example_weekday_branch_operator']) retrieved from /home/airflow/.local/lib/python3.7/site-packages/airflow/example_dags/example_branch_day_of_week_operator.py
[2023-04-13T20:35:48.512+0000] {logging_mixin.py:137} INFO - [2023-04-13T20:35:48.512+0000] {dag.py:2705} INFO - Sync 1 DAGs
[2023-04-13T20:35:48.540+0000] {logging_mixin.py:137} INFO - [2023-04-13T20:35:48.540+0000] {dag.py:3456} INFO - Setting next_dagrun for example_weekday_branch_operator to 2023-04-12T00:00:00+00:00, run_after=2023-04-13T00:00:00+00:00
[2023-04-13T20:35:48.560+0000] {processor.py:175} INFO - Processing /home/airflow/.local/lib/python3.7/site-packages/airflow/example_dags/example_branch_day_of_week_operator.py took 0.095 seconds
[2023-04-13T20:36:18.855+0000] {processor.py:153} INFO - Started process (PID=317) to work on /home/airflow/.local/lib/python3.7/site-packages/airflow/example_dags/example_branch_day_of_week_operator.py
[2023-04-13T20:36:18.856+0000] {processor.py:743} INFO - Processing file /home/airflow/.local/lib/python3.7/site-packages/airflow/example_dags/example_branch_day_of_week_operator.py for tasks to queue
[2023-04-13T20:36:18.857+0000] {logging_mixin.py:137} INFO - [2023-04-13T20:36:18.857+0000] {dagbag.py:532} INFO - Filling up the DagBag from /home/airflow/.local/lib/python3.7/site-packages/airflow/example_dags/example_branch_day_of_week_operator.py
[2023-04-13T20:36:18.903+0000] {processor.py:753} INFO - DAG(s) dict_keys(['example_weekday_branch_operator']) retrieved from /home/airflow/.local/lib/python3.7/site-packages/airflow/example_dags/example_branch_day_of_week_operator.py
[2023-04-13T20:36:18.932+0000] {logging_mixin.py:137} INFO - [2023-04-13T20:36:18.932+0000] {dag.py:2705} INFO - Sync 1 DAGs
[2023-04-13T20:36:18.965+0000] {logging_mixin.py:137} INFO - [2023-04-13T20:36:18.965+0000] {dag.py:3456} INFO - Setting next_dagrun for example_weekday_branch_operator to 2023-04-12T00:00:00+00:00, run_after=2023-04-13T00:00:00+00:00
[2023-04-13T20:36:19.020+0000] {processor.py:175} INFO - Processing /home/airflow/.local/lib/python3.7/site-packages/airflow/example_dags/example_branch_day_of_week_operator.py took 0.168 seconds
[2023-04-13T20:36:49.228+0000] {processor.py:153} INFO - Started process (PID=367) to work on /home/airflow/.local/lib/python3.7/site-packages/airflow/example_dags/example_branch_day_of_week_operator.py
[2023-04-13T20:36:49.229+0000] {processor.py:743} INFO - Processing file /home/airflow/.local/lib/python3.7/site-packages/airflow/example_dags/example_branch_day_of_week_operator.py for tasks to queue
[2023-04-13T20:36:49.230+0000] {logging_mixin.py:137} INFO - [2023-04-13T20:36:49.230+0000] {dagbag.py:532} INFO - Filling up the DagBag from /home/airflow/.local/lib/python3.7/site-packages/airflow/example_dags/example_branch_day_of_week_operator.py
[2023-04-13T20:36:49.246+0000] {processor.py:753} INFO - DAG(s) dict_keys(['example_weekday_branch_operator']) retrieved from /home/airflow/.local/lib/python3.7/site-packages/airflow/example_dags/example_branch_day_of_week_operator.py
[2023-04-13T20:36:49.273+0000] {logging_mixin.py:137} INFO - [2023-04-13T20:36:49.272+0000] {dag.py:2705} INFO - Sync 1 DAGs
[2023-04-13T20:36:49.301+0000] {logging_mixin.py:137} INFO - [2023-04-13T20:36:49.301+0000] {dag.py:3456} INFO - Setting next_dagrun for example_weekday_branch_operator to 2023-04-12T00:00:00+00:00, run_after=2023-04-13T00:00:00+00:00
[2023-04-13T20:36:49.320+0000] {processor.py:175} INFO - Processing /home/airflow/.local/lib/python3.7/site-packages/airflow/example_dags/example_branch_day_of_week_operator.py took 0.096 seconds
[2023-04-13T20:37:19.455+0000] {processor.py:153} INFO - Started process (PID=417) to work on /home/airflow/.local/lib/python3.7/site-packages/airflow/example_dags/example_branch_day_of_week_operator.py
[2023-04-13T20:37:19.456+0000] {processor.py:743} INFO - Processing file /home/airflow/.local/lib/python3.7/site-packages/airflow/example_dags/example_branch_day_of_week_operator.py for tasks to queue
[2023-04-13T20:37:19.457+0000] {logging_mixin.py:137} INFO - [2023-04-13T20:37:19.457+0000] {dagbag.py:532} INFO - Filling up the DagBag from /home/airflow/.local/lib/python3.7/site-packages/airflow/example_dags/example_branch_day_of_week_operator.py
[2023-04-13T20:37:19.472+0000] {processor.py:753} INFO - DAG(s) dict_keys(['example_weekday_branch_operator']) retrieved from /home/airflow/.local/lib/python3.7/site-packages/airflow/example_dags/example_branch_day_of_week_operator.py
[2023-04-13T20:37:19.500+0000] {logging_mixin.py:137} INFO - [2023-04-13T20:37:19.500+0000] {dag.py:2705} INFO - Sync 1 DAGs
[2023-04-13T20:37:19.530+0000] {logging_mixin.py:137} INFO - [2023-04-13T20:37:19.530+0000] {dag.py:3456} INFO - Setting next_dagrun for example_weekday_branch_operator to 2023-04-12T00:00:00+00:00, run_after=2023-04-13T00:00:00+00:00
[2023-04-13T20:37:19.555+0000] {processor.py:175} INFO - Processing /home/airflow/.local/lib/python3.7/site-packages/airflow/example_dags/example_branch_day_of_week_operator.py took 0.103 seconds
[2023-04-13T20:37:49.723+0000] {processor.py:153} INFO - Started process (PID=468) to work on /home/airflow/.local/lib/python3.7/site-packages/airflow/example_dags/example_branch_day_of_week_operator.py
[2023-04-13T20:37:49.723+0000] {processor.py:743} INFO - Processing file /home/airflow/.local/lib/python3.7/site-packages/airflow/example_dags/example_branch_day_of_week_operator.py for tasks to queue
[2023-04-13T20:37:49.724+0000] {logging_mixin.py:137} INFO - [2023-04-13T20:37:49.724+0000] {dagbag.py:532} INFO - Filling up the DagBag from /home/airflow/.local/lib/python3.7/site-packages/airflow/example_dags/example_branch_day_of_week_operator.py
[2023-04-13T20:37:49.741+0000] {processor.py:753} INFO - DAG(s) dict_keys(['example_weekday_branch_operator']) retrieved from /home/airflow/.local/lib/python3.7/site-packages/airflow/example_dags/example_branch_day_of_week_operator.py
[2023-04-13T20:37:49.770+0000] {logging_mixin.py:137} INFO - [2023-04-13T20:37:49.770+0000] {dag.py:2705} INFO - Sync 1 DAGs
[2023-04-13T20:37:49.798+0000] {logging_mixin.py:137} INFO - [2023-04-13T20:37:49.798+0000] {dag.py:3456} INFO - Setting next_dagrun for example_weekday_branch_operator to 2023-04-12T00:00:00+00:00, run_after=2023-04-13T00:00:00+00:00
[2023-04-13T20:37:49.819+0000] {processor.py:175} INFO - Processing /home/airflow/.local/lib/python3.7/site-packages/airflow/example_dags/example_branch_day_of_week_operator.py took 0.099 seconds
[2023-04-13T20:38:20.068+0000] {processor.py:153} INFO - Started process (PID=518) to work on /home/airflow/.local/lib/python3.7/site-packages/airflow/example_dags/example_branch_day_of_week_operator.py
[2023-04-13T20:38:20.069+0000] {processor.py:743} INFO - Processing file /home/airflow/.local/lib/python3.7/site-packages/airflow/example_dags/example_branch_day_of_week_operator.py for tasks to queue
[2023-04-13T20:38:20.070+0000] {logging_mixin.py:137} INFO - [2023-04-13T20:38:20.070+0000] {dagbag.py:532} INFO - Filling up the DagBag from /home/airflow/.local/lib/python3.7/site-packages/airflow/example_dags/example_branch_day_of_week_operator.py
[2023-04-13T20:38:20.091+0000] {processor.py:753} INFO - DAG(s) dict_keys(['example_weekday_branch_operator']) retrieved from /home/airflow/.local/lib/python3.7/site-packages/airflow/example_dags/example_branch_day_of_week_operator.py
[2023-04-13T20:38:20.127+0000] {logging_mixin.py:137} INFO - [2023-04-13T20:38:20.127+0000] {dag.py:2705} INFO - Sync 1 DAGs
[2023-04-13T20:38:20.167+0000] {logging_mixin.py:137} INFO - [2023-04-13T20:38:20.167+0000] {dag.py:3456} INFO - Setting next_dagrun for example_weekday_branch_operator to 2023-04-12T00:00:00+00:00, run_after=2023-04-13T00:00:00+00:00
[2023-04-13T20:38:20.196+0000] {processor.py:175} INFO - Processing /home/airflow/.local/lib/python3.7/site-packages/airflow/example_dags/example_branch_day_of_week_operator.py took 0.131 seconds
