[2023-04-13T20:33:48.056+0000] {processor.py:153} INFO - Started process (PID=79) to work on /home/airflow/.local/lib/python3.7/site-packages/airflow/example_dags/example_latest_only_with_trigger.py
[2023-04-13T20:33:48.057+0000] {processor.py:743} INFO - Processing file /home/airflow/.local/lib/python3.7/site-packages/airflow/example_dags/example_latest_only_with_trigger.py for tasks to queue
[2023-04-13T20:33:48.058+0000] {logging_mixin.py:137} INFO - [2023-04-13T20:33:48.058+0000] {dagbag.py:532} INFO - Filling up the DagBag from /home/airflow/.local/lib/python3.7/site-packages/airflow/example_dags/example_latest_only_with_trigger.py
[2023-04-13T20:33:48.075+0000] {processor.py:753} INFO - DAG(s) dict_keys(['latest_only_with_trigger']) retrieved from /home/airflow/.local/lib/python3.7/site-packages/airflow/example_dags/example_latest_only_with_trigger.py
[2023-04-13T20:33:48.142+0000] {logging_mixin.py:137} INFO - [2023-04-13T20:33:48.141+0000] {dag.py:2705} INFO - Sync 1 DAGs
[2023-04-13T20:33:48.180+0000] {logging_mixin.py:137} INFO - [2023-04-13T20:33:48.180+0000] {dag.py:3456} INFO - Setting next_dagrun for latest_only_with_trigger to 2023-04-13T16:33:48.180101+00:00, run_after=2023-04-13T20:33:48.180101+00:00
[2023-04-13T20:33:48.210+0000] {processor.py:175} INFO - Processing /home/airflow/.local/lib/python3.7/site-packages/airflow/example_dags/example_latest_only_with_trigger.py took 0.158 seconds
[2023-04-13T20:34:18.432+0000] {processor.py:153} INFO - Started process (PID=129) to work on /home/airflow/.local/lib/python3.7/site-packages/airflow/example_dags/example_latest_only_with_trigger.py
[2023-04-13T20:34:18.433+0000] {processor.py:743} INFO - Processing file /home/airflow/.local/lib/python3.7/site-packages/airflow/example_dags/example_latest_only_with_trigger.py for tasks to queue
[2023-04-13T20:34:18.434+0000] {logging_mixin.py:137} INFO - [2023-04-13T20:34:18.434+0000] {dagbag.py:532} INFO - Filling up the DagBag from /home/airflow/.local/lib/python3.7/site-packages/airflow/example_dags/example_latest_only_with_trigger.py
[2023-04-13T20:34:18.447+0000] {processor.py:753} INFO - DAG(s) dict_keys(['latest_only_with_trigger']) retrieved from /home/airflow/.local/lib/python3.7/site-packages/airflow/example_dags/example_latest_only_with_trigger.py
[2023-04-13T20:34:18.472+0000] {logging_mixin.py:137} INFO - [2023-04-13T20:34:18.471+0000] {dag.py:2705} INFO - Sync 1 DAGs
[2023-04-13T20:34:18.500+0000] {logging_mixin.py:137} INFO - [2023-04-13T20:34:18.500+0000] {dag.py:3456} INFO - Setting next_dagrun for latest_only_with_trigger to 2023-04-13T16:34:18.499873+00:00, run_after=2023-04-13T20:34:18.499873+00:00
[2023-04-13T20:34:18.526+0000] {processor.py:175} INFO - Processing /home/airflow/.local/lib/python3.7/site-packages/airflow/example_dags/example_latest_only_with_trigger.py took 0.096 seconds
[2023-04-13T20:34:48.642+0000] {processor.py:153} INFO - Started process (PID=179) to work on /home/airflow/.local/lib/python3.7/site-packages/airflow/example_dags/example_latest_only_with_trigger.py
[2023-04-13T20:34:48.643+0000] {processor.py:743} INFO - Processing file /home/airflow/.local/lib/python3.7/site-packages/airflow/example_dags/example_latest_only_with_trigger.py for tasks to queue
[2023-04-13T20:34:48.643+0000] {logging_mixin.py:137} INFO - [2023-04-13T20:34:48.643+0000] {dagbag.py:532} INFO - Filling up the DagBag from /home/airflow/.local/lib/python3.7/site-packages/airflow/example_dags/example_latest_only_with_trigger.py
[2023-04-13T20:34:48.657+0000] {processor.py:753} INFO - DAG(s) dict_keys(['latest_only_with_trigger']) retrieved from /home/airflow/.local/lib/python3.7/site-packages/airflow/example_dags/example_latest_only_with_trigger.py
[2023-04-13T20:34:48.681+0000] {logging_mixin.py:137} INFO - [2023-04-13T20:34:48.681+0000] {dag.py:2705} INFO - Sync 1 DAGs
[2023-04-13T20:34:48.706+0000] {logging_mixin.py:137} INFO - [2023-04-13T20:34:48.706+0000] {dag.py:3456} INFO - Setting next_dagrun for latest_only_with_trigger to 2023-04-13T16:34:48.706649+00:00, run_after=2023-04-13T20:34:48.706649+00:00
[2023-04-13T20:34:48.724+0000] {processor.py:175} INFO - Processing /home/airflow/.local/lib/python3.7/site-packages/airflow/example_dags/example_latest_only_with_trigger.py took 0.086 seconds
[2023-04-13T20:35:19.014+0000] {processor.py:153} INFO - Started process (PID=229) to work on /home/airflow/.local/lib/python3.7/site-packages/airflow/example_dags/example_latest_only_with_trigger.py
[2023-04-13T20:35:19.015+0000] {processor.py:743} INFO - Processing file /home/airflow/.local/lib/python3.7/site-packages/airflow/example_dags/example_latest_only_with_trigger.py for tasks to queue
[2023-04-13T20:35:19.015+0000] {logging_mixin.py:137} INFO - [2023-04-13T20:35:19.015+0000] {dagbag.py:532} INFO - Filling up the DagBag from /home/airflow/.local/lib/python3.7/site-packages/airflow/example_dags/example_latest_only_with_trigger.py
[2023-04-13T20:35:19.029+0000] {processor.py:753} INFO - DAG(s) dict_keys(['latest_only_with_trigger']) retrieved from /home/airflow/.local/lib/python3.7/site-packages/airflow/example_dags/example_latest_only_with_trigger.py
[2023-04-13T20:35:19.056+0000] {logging_mixin.py:137} INFO - [2023-04-13T20:35:19.056+0000] {dag.py:2705} INFO - Sync 1 DAGs
[2023-04-13T20:35:19.084+0000] {logging_mixin.py:137} INFO - [2023-04-13T20:35:19.084+0000] {dag.py:3456} INFO - Setting next_dagrun for latest_only_with_trigger to 2023-04-13T16:35:19.083890+00:00, run_after=2023-04-13T20:35:19.083890+00:00
[2023-04-13T20:35:19.109+0000] {processor.py:175} INFO - Processing /home/airflow/.local/lib/python3.7/site-packages/airflow/example_dags/example_latest_only_with_trigger.py took 0.099 seconds
[2023-04-13T20:35:49.537+0000] {processor.py:153} INFO - Started process (PID=279) to work on /home/airflow/.local/lib/python3.7/site-packages/airflow/example_dags/example_latest_only_with_trigger.py
[2023-04-13T20:35:49.538+0000] {processor.py:743} INFO - Processing file /home/airflow/.local/lib/python3.7/site-packages/airflow/example_dags/example_latest_only_with_trigger.py for tasks to queue
[2023-04-13T20:35:49.539+0000] {logging_mixin.py:137} INFO - [2023-04-13T20:35:49.539+0000] {dagbag.py:532} INFO - Filling up the DagBag from /home/airflow/.local/lib/python3.7/site-packages/airflow/example_dags/example_latest_only_with_trigger.py
[2023-04-13T20:35:49.555+0000] {processor.py:753} INFO - DAG(s) dict_keys(['latest_only_with_trigger']) retrieved from /home/airflow/.local/lib/python3.7/site-packages/airflow/example_dags/example_latest_only_with_trigger.py
[2023-04-13T20:35:49.584+0000] {logging_mixin.py:137} INFO - [2023-04-13T20:35:49.583+0000] {dag.py:2705} INFO - Sync 1 DAGs
[2023-04-13T20:35:49.621+0000] {logging_mixin.py:137} INFO - [2023-04-13T20:35:49.621+0000] {dag.py:3456} INFO - Setting next_dagrun for latest_only_with_trigger to 2023-04-13T16:35:49.621046+00:00, run_after=2023-04-13T20:35:49.621046+00:00
[2023-04-13T20:35:49.641+0000] {processor.py:175} INFO - Processing /home/airflow/.local/lib/python3.7/site-packages/airflow/example_dags/example_latest_only_with_trigger.py took 0.107 seconds
[2023-04-13T20:36:20.417+0000] {processor.py:153} INFO - Started process (PID=329) to work on /home/airflow/.local/lib/python3.7/site-packages/airflow/example_dags/example_latest_only_with_trigger.py
[2023-04-13T20:36:20.418+0000] {processor.py:743} INFO - Processing file /home/airflow/.local/lib/python3.7/site-packages/airflow/example_dags/example_latest_only_with_trigger.py for tasks to queue
[2023-04-13T20:36:20.419+0000] {logging_mixin.py:137} INFO - [2023-04-13T20:36:20.419+0000] {dagbag.py:532} INFO - Filling up the DagBag from /home/airflow/.local/lib/python3.7/site-packages/airflow/example_dags/example_latest_only_with_trigger.py
[2023-04-13T20:36:20.437+0000] {processor.py:753} INFO - DAG(s) dict_keys(['latest_only_with_trigger']) retrieved from /home/airflow/.local/lib/python3.7/site-packages/airflow/example_dags/example_latest_only_with_trigger.py
[2023-04-13T20:36:20.519+0000] {logging_mixin.py:137} INFO - [2023-04-13T20:36:20.518+0000] {dag.py:2705} INFO - Sync 1 DAGs
[2023-04-13T20:36:20.610+0000] {logging_mixin.py:137} INFO - [2023-04-13T20:36:20.609+0000] {dag.py:3456} INFO - Setting next_dagrun for latest_only_with_trigger to 2023-04-13T16:36:20.609248+00:00, run_after=2023-04-13T20:36:20.609248+00:00
[2023-04-13T20:36:20.646+0000] {processor.py:175} INFO - Processing /home/airflow/.local/lib/python3.7/site-packages/airflow/example_dags/example_latest_only_with_trigger.py took 0.232 seconds
[2023-04-13T20:36:51.163+0000] {processor.py:153} INFO - Started process (PID=379) to work on /home/airflow/.local/lib/python3.7/site-packages/airflow/example_dags/example_latest_only_with_trigger.py
[2023-04-13T20:36:51.164+0000] {processor.py:743} INFO - Processing file /home/airflow/.local/lib/python3.7/site-packages/airflow/example_dags/example_latest_only_with_trigger.py for tasks to queue
[2023-04-13T20:36:51.164+0000] {logging_mixin.py:137} INFO - [2023-04-13T20:36:51.164+0000] {dagbag.py:532} INFO - Filling up the DagBag from /home/airflow/.local/lib/python3.7/site-packages/airflow/example_dags/example_latest_only_with_trigger.py
[2023-04-13T20:36:51.179+0000] {processor.py:753} INFO - DAG(s) dict_keys(['latest_only_with_trigger']) retrieved from /home/airflow/.local/lib/python3.7/site-packages/airflow/example_dags/example_latest_only_with_trigger.py
[2023-04-13T20:36:51.215+0000] {logging_mixin.py:137} INFO - [2023-04-13T20:36:51.215+0000] {dag.py:2705} INFO - Sync 1 DAGs
[2023-04-13T20:36:51.245+0000] {logging_mixin.py:137} INFO - [2023-04-13T20:36:51.245+0000] {dag.py:3456} INFO - Setting next_dagrun for latest_only_with_trigger to 2023-04-13T16:36:51.245341+00:00, run_after=2023-04-13T20:36:51.245341+00:00
[2023-04-13T20:36:51.266+0000] {processor.py:175} INFO - Processing /home/airflow/.local/lib/python3.7/site-packages/airflow/example_dags/example_latest_only_with_trigger.py took 0.106 seconds
[2023-04-13T20:37:21.531+0000] {processor.py:153} INFO - Started process (PID=429) to work on /home/airflow/.local/lib/python3.7/site-packages/airflow/example_dags/example_latest_only_with_trigger.py
[2023-04-13T20:37:21.532+0000] {processor.py:743} INFO - Processing file /home/airflow/.local/lib/python3.7/site-packages/airflow/example_dags/example_latest_only_with_trigger.py for tasks to queue
[2023-04-13T20:37:21.533+0000] {logging_mixin.py:137} INFO - [2023-04-13T20:37:21.533+0000] {dagbag.py:532} INFO - Filling up the DagBag from /home/airflow/.local/lib/python3.7/site-packages/airflow/example_dags/example_latest_only_with_trigger.py
[2023-04-13T20:37:21.548+0000] {processor.py:753} INFO - DAG(s) dict_keys(['latest_only_with_trigger']) retrieved from /home/airflow/.local/lib/python3.7/site-packages/airflow/example_dags/example_latest_only_with_trigger.py
[2023-04-13T20:37:21.579+0000] {logging_mixin.py:137} INFO - [2023-04-13T20:37:21.579+0000] {dag.py:2705} INFO - Sync 1 DAGs
[2023-04-13T20:37:21.613+0000] {logging_mixin.py:137} INFO - [2023-04-13T20:37:21.613+0000] {dag.py:3456} INFO - Setting next_dagrun for latest_only_with_trigger to 2023-04-13T16:37:21.613143+00:00, run_after=2023-04-13T20:37:21.613143+00:00
[2023-04-13T20:37:21.635+0000] {processor.py:175} INFO - Processing /home/airflow/.local/lib/python3.7/site-packages/airflow/example_dags/example_latest_only_with_trigger.py took 0.107 seconds
[2023-04-13T20:37:51.742+0000] {processor.py:153} INFO - Started process (PID=480) to work on /home/airflow/.local/lib/python3.7/site-packages/airflow/example_dags/example_latest_only_with_trigger.py
[2023-04-13T20:37:51.743+0000] {processor.py:743} INFO - Processing file /home/airflow/.local/lib/python3.7/site-packages/airflow/example_dags/example_latest_only_with_trigger.py for tasks to queue
[2023-04-13T20:37:51.743+0000] {logging_mixin.py:137} INFO - [2023-04-13T20:37:51.743+0000] {dagbag.py:532} INFO - Filling up the DagBag from /home/airflow/.local/lib/python3.7/site-packages/airflow/example_dags/example_latest_only_with_trigger.py
[2023-04-13T20:37:51.758+0000] {processor.py:753} INFO - DAG(s) dict_keys(['latest_only_with_trigger']) retrieved from /home/airflow/.local/lib/python3.7/site-packages/airflow/example_dags/example_latest_only_with_trigger.py
[2023-04-13T20:37:51.785+0000] {logging_mixin.py:137} INFO - [2023-04-13T20:37:51.785+0000] {dag.py:2705} INFO - Sync 1 DAGs
[2023-04-13T20:37:51.815+0000] {logging_mixin.py:137} INFO - [2023-04-13T20:37:51.815+0000] {dag.py:3456} INFO - Setting next_dagrun for latest_only_with_trigger to 2023-04-13T16:37:51.815080+00:00, run_after=2023-04-13T20:37:51.815080+00:00
[2023-04-13T20:37:51.839+0000] {processor.py:175} INFO - Processing /home/airflow/.local/lib/python3.7/site-packages/airflow/example_dags/example_latest_only_with_trigger.py took 0.101 seconds
[2023-04-13T20:38:22.387+0000] {processor.py:153} INFO - Started process (PID=530) to work on /home/airflow/.local/lib/python3.7/site-packages/airflow/example_dags/example_latest_only_with_trigger.py
[2023-04-13T20:38:22.389+0000] {processor.py:743} INFO - Processing file /home/airflow/.local/lib/python3.7/site-packages/airflow/example_dags/example_latest_only_with_trigger.py for tasks to queue
[2023-04-13T20:38:22.390+0000] {logging_mixin.py:137} INFO - [2023-04-13T20:38:22.389+0000] {dagbag.py:532} INFO - Filling up the DagBag from /home/airflow/.local/lib/python3.7/site-packages/airflow/example_dags/example_latest_only_with_trigger.py
[2023-04-13T20:38:22.410+0000] {processor.py:753} INFO - DAG(s) dict_keys(['latest_only_with_trigger']) retrieved from /home/airflow/.local/lib/python3.7/site-packages/airflow/example_dags/example_latest_only_with_trigger.py
[2023-04-13T20:38:22.451+0000] {logging_mixin.py:137} INFO - [2023-04-13T20:38:22.450+0000] {dag.py:2705} INFO - Sync 1 DAGs
[2023-04-13T20:38:22.510+0000] {logging_mixin.py:137} INFO - [2023-04-13T20:38:22.509+0000] {dag.py:3456} INFO - Setting next_dagrun for latest_only_with_trigger to 2023-04-13T16:38:22.509474+00:00, run_after=2023-04-13T20:38:22.509474+00:00
[2023-04-13T20:38:22.541+0000] {processor.py:175} INFO - Processing /home/airflow/.local/lib/python3.7/site-packages/airflow/example_dags/example_latest_only_with_trigger.py took 0.157 seconds
