[2023-04-13T20:33:47.271+0000] {processor.py:153} INFO - Started process (PID=69) to work on /home/airflow/.local/lib/python3.7/site-packages/airflow/example_dags/example_branch_operator.py
[2023-04-13T20:33:47.272+0000] {processor.py:743} INFO - Processing file /home/airflow/.local/lib/python3.7/site-packages/airflow/example_dags/example_branch_operator.py for tasks to queue
[2023-04-13T20:33:47.273+0000] {logging_mixin.py:137} INFO - [2023-04-13T20:33:47.273+0000] {dagbag.py:532} INFO - Filling up the DagBag from /home/airflow/.local/lib/python3.7/site-packages/airflow/example_dags/example_branch_operator.py
[2023-04-13T20:33:47.297+0000] {processor.py:753} INFO - DAG(s) dict_keys(['example_branch_operator']) retrieved from /home/airflow/.local/lib/python3.7/site-packages/airflow/example_dags/example_branch_operator.py
[2023-04-13T20:33:47.310+0000] {logging_mixin.py:137} INFO - [2023-04-13T20:33:47.310+0000] {dag.py:2705} INFO - Sync 1 DAGs
[2023-04-13T20:33:47.344+0000] {logging_mixin.py:137} INFO - [2023-04-13T20:33:47.343+0000] {dag.py:3456} INFO - Setting next_dagrun for example_branch_operator to 2023-04-12T00:00:00+00:00, run_after=2023-04-13T00:00:00+00:00
[2023-04-13T20:33:47.365+0000] {processor.py:175} INFO - Processing /home/airflow/.local/lib/python3.7/site-packages/airflow/example_dags/example_branch_operator.py took 0.097 seconds
[2023-04-13T20:34:17.529+0000] {processor.py:153} INFO - Started process (PID=119) to work on /home/airflow/.local/lib/python3.7/site-packages/airflow/example_dags/example_branch_operator.py
[2023-04-13T20:34:17.529+0000] {processor.py:743} INFO - Processing file /home/airflow/.local/lib/python3.7/site-packages/airflow/example_dags/example_branch_operator.py for tasks to queue
[2023-04-13T20:34:17.530+0000] {logging_mixin.py:137} INFO - [2023-04-13T20:34:17.530+0000] {dagbag.py:532} INFO - Filling up the DagBag from /home/airflow/.local/lib/python3.7/site-packages/airflow/example_dags/example_branch_operator.py
[2023-04-13T20:34:17.548+0000] {processor.py:753} INFO - DAG(s) dict_keys(['example_branch_operator']) retrieved from /home/airflow/.local/lib/python3.7/site-packages/airflow/example_dags/example_branch_operator.py
[2023-04-13T20:34:17.577+0000] {logging_mixin.py:137} INFO - [2023-04-13T20:34:17.577+0000] {dag.py:2705} INFO - Sync 1 DAGs
[2023-04-13T20:34:17.605+0000] {logging_mixin.py:137} INFO - [2023-04-13T20:34:17.605+0000] {dag.py:3456} INFO - Setting next_dagrun for example_branch_operator to 2023-04-12T00:00:00+00:00, run_after=2023-04-13T00:00:00+00:00
[2023-04-13T20:34:17.623+0000] {processor.py:175} INFO - Processing /home/airflow/.local/lib/python3.7/site-packages/airflow/example_dags/example_branch_operator.py took 0.097 seconds
[2023-04-13T20:34:47.705+0000] {processor.py:153} INFO - Started process (PID=169) to work on /home/airflow/.local/lib/python3.7/site-packages/airflow/example_dags/example_branch_operator.py
[2023-04-13T20:34:47.706+0000] {processor.py:743} INFO - Processing file /home/airflow/.local/lib/python3.7/site-packages/airflow/example_dags/example_branch_operator.py for tasks to queue
[2023-04-13T20:34:47.706+0000] {logging_mixin.py:137} INFO - [2023-04-13T20:34:47.706+0000] {dagbag.py:532} INFO - Filling up the DagBag from /home/airflow/.local/lib/python3.7/site-packages/airflow/example_dags/example_branch_operator.py
[2023-04-13T20:34:47.723+0000] {processor.py:753} INFO - DAG(s) dict_keys(['example_branch_operator']) retrieved from /home/airflow/.local/lib/python3.7/site-packages/airflow/example_dags/example_branch_operator.py
[2023-04-13T20:34:47.751+0000] {logging_mixin.py:137} INFO - [2023-04-13T20:34:47.751+0000] {dag.py:2705} INFO - Sync 1 DAGs
[2023-04-13T20:34:47.781+0000] {logging_mixin.py:137} INFO - [2023-04-13T20:34:47.780+0000] {dag.py:3456} INFO - Setting next_dagrun for example_branch_operator to 2023-04-12T00:00:00+00:00, run_after=2023-04-13T00:00:00+00:00
[2023-04-13T20:34:47.803+0000] {processor.py:175} INFO - Processing /home/airflow/.local/lib/python3.7/site-packages/airflow/example_dags/example_branch_operator.py took 0.101 seconds
[2023-04-13T20:35:18.131+0000] {processor.py:153} INFO - Started process (PID=219) to work on /home/airflow/.local/lib/python3.7/site-packages/airflow/example_dags/example_branch_operator.py
[2023-04-13T20:35:18.132+0000] {processor.py:743} INFO - Processing file /home/airflow/.local/lib/python3.7/site-packages/airflow/example_dags/example_branch_operator.py for tasks to queue
[2023-04-13T20:35:18.132+0000] {logging_mixin.py:137} INFO - [2023-04-13T20:35:18.132+0000] {dagbag.py:532} INFO - Filling up the DagBag from /home/airflow/.local/lib/python3.7/site-packages/airflow/example_dags/example_branch_operator.py
[2023-04-13T20:35:18.152+0000] {processor.py:753} INFO - DAG(s) dict_keys(['example_branch_operator']) retrieved from /home/airflow/.local/lib/python3.7/site-packages/airflow/example_dags/example_branch_operator.py
[2023-04-13T20:35:18.183+0000] {logging_mixin.py:137} INFO - [2023-04-13T20:35:18.183+0000] {dag.py:2705} INFO - Sync 1 DAGs
[2023-04-13T20:35:18.218+0000] {logging_mixin.py:137} INFO - [2023-04-13T20:35:18.217+0000] {dag.py:3456} INFO - Setting next_dagrun for example_branch_operator to 2023-04-12T00:00:00+00:00, run_after=2023-04-13T00:00:00+00:00
[2023-04-13T20:35:18.240+0000] {processor.py:175} INFO - Processing /home/airflow/.local/lib/python3.7/site-packages/airflow/example_dags/example_branch_operator.py took 0.112 seconds
[2023-04-13T20:35:48.588+0000] {processor.py:153} INFO - Started process (PID=269) to work on /home/airflow/.local/lib/python3.7/site-packages/airflow/example_dags/example_branch_operator.py
[2023-04-13T20:35:48.589+0000] {processor.py:743} INFO - Processing file /home/airflow/.local/lib/python3.7/site-packages/airflow/example_dags/example_branch_operator.py for tasks to queue
[2023-04-13T20:35:48.590+0000] {logging_mixin.py:137} INFO - [2023-04-13T20:35:48.590+0000] {dagbag.py:532} INFO - Filling up the DagBag from /home/airflow/.local/lib/python3.7/site-packages/airflow/example_dags/example_branch_operator.py
[2023-04-13T20:35:48.608+0000] {processor.py:753} INFO - DAG(s) dict_keys(['example_branch_operator']) retrieved from /home/airflow/.local/lib/python3.7/site-packages/airflow/example_dags/example_branch_operator.py
[2023-04-13T20:35:48.635+0000] {logging_mixin.py:137} INFO - [2023-04-13T20:35:48.635+0000] {dag.py:2705} INFO - Sync 1 DAGs
[2023-04-13T20:35:48.662+0000] {logging_mixin.py:137} INFO - [2023-04-13T20:35:48.662+0000] {dag.py:3456} INFO - Setting next_dagrun for example_branch_operator to 2023-04-12T00:00:00+00:00, run_after=2023-04-13T00:00:00+00:00
[2023-04-13T20:35:48.679+0000] {processor.py:175} INFO - Processing /home/airflow/.local/lib/python3.7/site-packages/airflow/example_dags/example_branch_operator.py took 0.093 seconds
[2023-04-13T20:36:19.051+0000] {processor.py:153} INFO - Started process (PID=319) to work on /home/airflow/.local/lib/python3.7/site-packages/airflow/example_dags/example_branch_operator.py
[2023-04-13T20:36:19.052+0000] {processor.py:743} INFO - Processing file /home/airflow/.local/lib/python3.7/site-packages/airflow/example_dags/example_branch_operator.py for tasks to queue
[2023-04-13T20:36:19.053+0000] {logging_mixin.py:137} INFO - [2023-04-13T20:36:19.052+0000] {dagbag.py:532} INFO - Filling up the DagBag from /home/airflow/.local/lib/python3.7/site-packages/airflow/example_dags/example_branch_operator.py
[2023-04-13T20:36:19.071+0000] {processor.py:753} INFO - DAG(s) dict_keys(['example_branch_operator']) retrieved from /home/airflow/.local/lib/python3.7/site-packages/airflow/example_dags/example_branch_operator.py
[2023-04-13T20:36:19.130+0000] {logging_mixin.py:137} INFO - [2023-04-13T20:36:19.130+0000] {dag.py:2705} INFO - Sync 1 DAGs
[2023-04-13T20:36:19.203+0000] {logging_mixin.py:137} INFO - [2023-04-13T20:36:19.203+0000] {dag.py:3456} INFO - Setting next_dagrun for example_branch_operator to 2023-04-12T00:00:00+00:00, run_after=2023-04-13T00:00:00+00:00
[2023-04-13T20:36:19.227+0000] {processor.py:175} INFO - Processing /home/airflow/.local/lib/python3.7/site-packages/airflow/example_dags/example_branch_operator.py took 0.179 seconds
[2023-04-13T20:36:49.345+0000] {processor.py:153} INFO - Started process (PID=369) to work on /home/airflow/.local/lib/python3.7/site-packages/airflow/example_dags/example_branch_operator.py
[2023-04-13T20:36:49.345+0000] {processor.py:743} INFO - Processing file /home/airflow/.local/lib/python3.7/site-packages/airflow/example_dags/example_branch_operator.py for tasks to queue
[2023-04-13T20:36:49.346+0000] {logging_mixin.py:137} INFO - [2023-04-13T20:36:49.346+0000] {dagbag.py:532} INFO - Filling up the DagBag from /home/airflow/.local/lib/python3.7/site-packages/airflow/example_dags/example_branch_operator.py
[2023-04-13T20:36:49.364+0000] {processor.py:753} INFO - DAG(s) dict_keys(['example_branch_operator']) retrieved from /home/airflow/.local/lib/python3.7/site-packages/airflow/example_dags/example_branch_operator.py
[2023-04-13T20:36:49.394+0000] {logging_mixin.py:137} INFO - [2023-04-13T20:36:49.394+0000] {dag.py:2705} INFO - Sync 1 DAGs
[2023-04-13T20:36:49.421+0000] {logging_mixin.py:137} INFO - [2023-04-13T20:36:49.421+0000] {dag.py:3456} INFO - Setting next_dagrun for example_branch_operator to 2023-04-12T00:00:00+00:00, run_after=2023-04-13T00:00:00+00:00
[2023-04-13T20:36:49.441+0000] {processor.py:175} INFO - Processing /home/airflow/.local/lib/python3.7/site-packages/airflow/example_dags/example_branch_operator.py took 0.099 seconds
[2023-04-13T20:37:19.579+0000] {processor.py:153} INFO - Started process (PID=419) to work on /home/airflow/.local/lib/python3.7/site-packages/airflow/example_dags/example_branch_operator.py
[2023-04-13T20:37:19.580+0000] {processor.py:743} INFO - Processing file /home/airflow/.local/lib/python3.7/site-packages/airflow/example_dags/example_branch_operator.py for tasks to queue
[2023-04-13T20:37:19.581+0000] {logging_mixin.py:137} INFO - [2023-04-13T20:37:19.581+0000] {dagbag.py:532} INFO - Filling up the DagBag from /home/airflow/.local/lib/python3.7/site-packages/airflow/example_dags/example_branch_operator.py
[2023-04-13T20:37:19.600+0000] {processor.py:753} INFO - DAG(s) dict_keys(['example_branch_operator']) retrieved from /home/airflow/.local/lib/python3.7/site-packages/airflow/example_dags/example_branch_operator.py
[2023-04-13T20:37:19.632+0000] {logging_mixin.py:137} INFO - [2023-04-13T20:37:19.632+0000] {dag.py:2705} INFO - Sync 1 DAGs
[2023-04-13T20:37:19.663+0000] {logging_mixin.py:137} INFO - [2023-04-13T20:37:19.663+0000] {dag.py:3456} INFO - Setting next_dagrun for example_branch_operator to 2023-04-12T00:00:00+00:00, run_after=2023-04-13T00:00:00+00:00
[2023-04-13T20:37:19.687+0000] {processor.py:175} INFO - Processing /home/airflow/.local/lib/python3.7/site-packages/airflow/example_dags/example_branch_operator.py took 0.111 seconds
[2023-04-13T20:37:49.952+0000] {processor.py:153} INFO - Started process (PID=470) to work on /home/airflow/.local/lib/python3.7/site-packages/airflow/example_dags/example_branch_operator.py
[2023-04-13T20:37:49.952+0000] {processor.py:743} INFO - Processing file /home/airflow/.local/lib/python3.7/site-packages/airflow/example_dags/example_branch_operator.py for tasks to queue
[2023-04-13T20:37:49.953+0000] {logging_mixin.py:137} INFO - [2023-04-13T20:37:49.953+0000] {dagbag.py:532} INFO - Filling up the DagBag from /home/airflow/.local/lib/python3.7/site-packages/airflow/example_dags/example_branch_operator.py
[2023-04-13T20:37:49.970+0000] {processor.py:753} INFO - DAG(s) dict_keys(['example_branch_operator']) retrieved from /home/airflow/.local/lib/python3.7/site-packages/airflow/example_dags/example_branch_operator.py
[2023-04-13T20:37:50.001+0000] {logging_mixin.py:137} INFO - [2023-04-13T20:37:50.000+0000] {dag.py:2705} INFO - Sync 1 DAGs
[2023-04-13T20:37:50.034+0000] {logging_mixin.py:137} INFO - [2023-04-13T20:37:50.034+0000] {dag.py:3456} INFO - Setting next_dagrun for example_branch_operator to 2023-04-12T00:00:00+00:00, run_after=2023-04-13T00:00:00+00:00
[2023-04-13T20:37:50.057+0000] {processor.py:175} INFO - Processing /home/airflow/.local/lib/python3.7/site-packages/airflow/example_dags/example_branch_operator.py took 0.108 seconds
[2023-04-13T20:38:20.233+0000] {processor.py:153} INFO - Started process (PID=520) to work on /home/airflow/.local/lib/python3.7/site-packages/airflow/example_dags/example_branch_operator.py
[2023-04-13T20:38:20.234+0000] {processor.py:743} INFO - Processing file /home/airflow/.local/lib/python3.7/site-packages/airflow/example_dags/example_branch_operator.py for tasks to queue
[2023-04-13T20:38:20.235+0000] {logging_mixin.py:137} INFO - [2023-04-13T20:38:20.234+0000] {dagbag.py:532} INFO - Filling up the DagBag from /home/airflow/.local/lib/python3.7/site-packages/airflow/example_dags/example_branch_operator.py
[2023-04-13T20:38:20.261+0000] {processor.py:753} INFO - DAG(s) dict_keys(['example_branch_operator']) retrieved from /home/airflow/.local/lib/python3.7/site-packages/airflow/example_dags/example_branch_operator.py
[2023-04-13T20:38:20.306+0000] {logging_mixin.py:137} INFO - [2023-04-13T20:38:20.306+0000] {dag.py:2705} INFO - Sync 1 DAGs
[2023-04-13T20:38:20.349+0000] {logging_mixin.py:137} INFO - [2023-04-13T20:38:20.349+0000] {dag.py:3456} INFO - Setting next_dagrun for example_branch_operator to 2023-04-12T00:00:00+00:00, run_after=2023-04-13T00:00:00+00:00
[2023-04-13T20:38:20.379+0000] {processor.py:175} INFO - Processing /home/airflow/.local/lib/python3.7/site-packages/airflow/example_dags/example_branch_operator.py took 0.150 seconds
