[2023-04-13T20:33:47.617+0000] {processor.py:153} INFO - Started process (PID=73) to work on /home/airflow/.local/lib/python3.7/site-packages/airflow/example_dags/example_dag_decorator.py
[2023-04-13T20:33:47.618+0000] {processor.py:743} INFO - Processing file /home/airflow/.local/lib/python3.7/site-packages/airflow/example_dags/example_dag_decorator.py for tasks to queue
[2023-04-13T20:33:47.618+0000] {logging_mixin.py:137} INFO - [2023-04-13T20:33:47.618+0000] {dagbag.py:532} INFO - Filling up the DagBag from /home/airflow/.local/lib/python3.7/site-packages/airflow/example_dags/example_dag_decorator.py
[2023-04-13T20:33:47.640+0000] {logging_mixin.py:137} INFO - [2023-04-13T20:33:47.639+0000] {taskmixin.py:211} WARNING - Dependency <Task(_PythonDecoratedOperator): prepare_email>, send_email already registered for DAG: example_dag_decorator
[2023-04-13T20:33:47.640+0000] {logging_mixin.py:137} INFO - [2023-04-13T20:33:47.640+0000] {taskmixin.py:211} WARNING - Dependency <Task(EmailOperator): send_email>, prepare_email already registered for DAG: example_dag_decorator
[2023-04-13T20:33:47.657+0000] {processor.py:753} INFO - DAG(s) dict_keys(['example_dag_decorator']) retrieved from /home/airflow/.local/lib/python3.7/site-packages/airflow/example_dags/example_dag_decorator.py
[2023-04-13T20:33:47.669+0000] {logging_mixin.py:137} INFO - [2023-04-13T20:33:47.669+0000] {dag.py:2705} INFO - Sync 1 DAGs
[2023-04-13T20:33:47.706+0000] {logging_mixin.py:137} INFO - [2023-04-13T20:33:47.706+0000] {dag.py:3456} INFO - Setting next_dagrun for example_dag_decorator to None, run_after=None
[2023-04-13T20:33:47.727+0000] {processor.py:175} INFO - Processing /home/airflow/.local/lib/python3.7/site-packages/airflow/example_dags/example_dag_decorator.py took 0.113 seconds
[2023-04-13T20:34:17.911+0000] {processor.py:153} INFO - Started process (PID=123) to work on /home/airflow/.local/lib/python3.7/site-packages/airflow/example_dags/example_dag_decorator.py
[2023-04-13T20:34:17.912+0000] {processor.py:743} INFO - Processing file /home/airflow/.local/lib/python3.7/site-packages/airflow/example_dags/example_dag_decorator.py for tasks to queue
[2023-04-13T20:34:17.912+0000] {logging_mixin.py:137} INFO - [2023-04-13T20:34:17.912+0000] {dagbag.py:532} INFO - Filling up the DagBag from /home/airflow/.local/lib/python3.7/site-packages/airflow/example_dags/example_dag_decorator.py
[2023-04-13T20:34:17.931+0000] {logging_mixin.py:137} INFO - [2023-04-13T20:34:17.931+0000] {taskmixin.py:211} WARNING - Dependency <Task(_PythonDecoratedOperator): prepare_email>, send_email already registered for DAG: example_dag_decorator
[2023-04-13T20:34:17.931+0000] {logging_mixin.py:137} INFO - [2023-04-13T20:34:17.931+0000] {taskmixin.py:211} WARNING - Dependency <Task(EmailOperator): send_email>, prepare_email already registered for DAG: example_dag_decorator
[2023-04-13T20:34:17.943+0000] {processor.py:753} INFO - DAG(s) dict_keys(['example_dag_decorator']) retrieved from /home/airflow/.local/lib/python3.7/site-packages/airflow/example_dags/example_dag_decorator.py
[2023-04-13T20:34:18.020+0000] {logging_mixin.py:137} INFO - [2023-04-13T20:34:18.020+0000] {dag.py:2705} INFO - Sync 1 DAGs
[2023-04-13T20:34:18.045+0000] {logging_mixin.py:137} INFO - [2023-04-13T20:34:18.045+0000] {dag.py:3456} INFO - Setting next_dagrun for example_dag_decorator to None, run_after=None
[2023-04-13T20:34:18.065+0000] {processor.py:175} INFO - Processing /home/airflow/.local/lib/python3.7/site-packages/airflow/example_dags/example_dag_decorator.py took 0.159 seconds
[2023-04-13T20:34:48.086+0000] {processor.py:153} INFO - Started process (PID=173) to work on /home/airflow/.local/lib/python3.7/site-packages/airflow/example_dags/example_dag_decorator.py
[2023-04-13T20:34:48.087+0000] {processor.py:743} INFO - Processing file /home/airflow/.local/lib/python3.7/site-packages/airflow/example_dags/example_dag_decorator.py for tasks to queue
[2023-04-13T20:34:48.088+0000] {logging_mixin.py:137} INFO - [2023-04-13T20:34:48.088+0000] {dagbag.py:532} INFO - Filling up the DagBag from /home/airflow/.local/lib/python3.7/site-packages/airflow/example_dags/example_dag_decorator.py
[2023-04-13T20:34:48.105+0000] {logging_mixin.py:137} INFO - [2023-04-13T20:34:48.105+0000] {taskmixin.py:211} WARNING - Dependency <Task(_PythonDecoratedOperator): prepare_email>, send_email already registered for DAG: example_dag_decorator
[2023-04-13T20:34:48.105+0000] {logging_mixin.py:137} INFO - [2023-04-13T20:34:48.105+0000] {taskmixin.py:211} WARNING - Dependency <Task(EmailOperator): send_email>, prepare_email already registered for DAG: example_dag_decorator
[2023-04-13T20:34:48.117+0000] {processor.py:753} INFO - DAG(s) dict_keys(['example_dag_decorator']) retrieved from /home/airflow/.local/lib/python3.7/site-packages/airflow/example_dags/example_dag_decorator.py
[2023-04-13T20:34:48.206+0000] {logging_mixin.py:137} INFO - [2023-04-13T20:34:48.206+0000] {dag.py:2705} INFO - Sync 1 DAGs
[2023-04-13T20:34:48.232+0000] {logging_mixin.py:137} INFO - [2023-04-13T20:34:48.232+0000] {dag.py:3456} INFO - Setting next_dagrun for example_dag_decorator to None, run_after=None
[2023-04-13T20:34:48.254+0000] {processor.py:175} INFO - Processing /home/airflow/.local/lib/python3.7/site-packages/airflow/example_dags/example_dag_decorator.py took 0.171 seconds
[2023-04-13T20:35:18.495+0000] {processor.py:153} INFO - Started process (PID=223) to work on /home/airflow/.local/lib/python3.7/site-packages/airflow/example_dags/example_dag_decorator.py
[2023-04-13T20:35:18.496+0000] {processor.py:743} INFO - Processing file /home/airflow/.local/lib/python3.7/site-packages/airflow/example_dags/example_dag_decorator.py for tasks to queue
[2023-04-13T20:35:18.496+0000] {logging_mixin.py:137} INFO - [2023-04-13T20:35:18.496+0000] {dagbag.py:532} INFO - Filling up the DagBag from /home/airflow/.local/lib/python3.7/site-packages/airflow/example_dags/example_dag_decorator.py
[2023-04-13T20:35:18.513+0000] {logging_mixin.py:137} INFO - [2023-04-13T20:35:18.513+0000] {taskmixin.py:211} WARNING - Dependency <Task(_PythonDecoratedOperator): prepare_email>, send_email already registered for DAG: example_dag_decorator
[2023-04-13T20:35:18.513+0000] {logging_mixin.py:137} INFO - [2023-04-13T20:35:18.513+0000] {taskmixin.py:211} WARNING - Dependency <Task(EmailOperator): send_email>, prepare_email already registered for DAG: example_dag_decorator
[2023-04-13T20:35:18.525+0000] {processor.py:753} INFO - DAG(s) dict_keys(['example_dag_decorator']) retrieved from /home/airflow/.local/lib/python3.7/site-packages/airflow/example_dags/example_dag_decorator.py
[2023-04-13T20:35:18.558+0000] {logging_mixin.py:137} INFO - [2023-04-13T20:35:18.558+0000] {dag.py:2705} INFO - Sync 1 DAGs
[2023-04-13T20:35:18.587+0000] {logging_mixin.py:137} INFO - [2023-04-13T20:35:18.587+0000] {dag.py:3456} INFO - Setting next_dagrun for example_dag_decorator to None, run_after=None
[2023-04-13T20:35:18.607+0000] {processor.py:175} INFO - Processing /home/airflow/.local/lib/python3.7/site-packages/airflow/example_dags/example_dag_decorator.py took 0.115 seconds
[2023-04-13T20:35:49.028+0000] {processor.py:153} INFO - Started process (PID=273) to work on /home/airflow/.local/lib/python3.7/site-packages/airflow/example_dags/example_dag_decorator.py
[2023-04-13T20:35:49.029+0000] {processor.py:743} INFO - Processing file /home/airflow/.local/lib/python3.7/site-packages/airflow/example_dags/example_dag_decorator.py for tasks to queue
[2023-04-13T20:35:49.030+0000] {logging_mixin.py:137} INFO - [2023-04-13T20:35:49.030+0000] {dagbag.py:532} INFO - Filling up the DagBag from /home/airflow/.local/lib/python3.7/site-packages/airflow/example_dags/example_dag_decorator.py
[2023-04-13T20:35:49.049+0000] {logging_mixin.py:137} INFO - [2023-04-13T20:35:49.049+0000] {taskmixin.py:211} WARNING - Dependency <Task(_PythonDecoratedOperator): prepare_email>, send_email already registered for DAG: example_dag_decorator
[2023-04-13T20:35:49.050+0000] {logging_mixin.py:137} INFO - [2023-04-13T20:35:49.049+0000] {taskmixin.py:211} WARNING - Dependency <Task(EmailOperator): send_email>, prepare_email already registered for DAG: example_dag_decorator
[2023-04-13T20:35:49.062+0000] {processor.py:753} INFO - DAG(s) dict_keys(['example_dag_decorator']) retrieved from /home/airflow/.local/lib/python3.7/site-packages/airflow/example_dags/example_dag_decorator.py
[2023-04-13T20:35:49.145+0000] {logging_mixin.py:137} INFO - [2023-04-13T20:35:49.144+0000] {dag.py:2705} INFO - Sync 1 DAGs
[2023-04-13T20:35:49.171+0000] {logging_mixin.py:137} INFO - [2023-04-13T20:35:49.171+0000] {dag.py:3456} INFO - Setting next_dagrun for example_dag_decorator to None, run_after=None
[2023-04-13T20:35:49.194+0000] {processor.py:175} INFO - Processing /home/airflow/.local/lib/python3.7/site-packages/airflow/example_dags/example_dag_decorator.py took 0.169 seconds
[2023-04-13T20:36:19.543+0000] {processor.py:153} INFO - Started process (PID=323) to work on /home/airflow/.local/lib/python3.7/site-packages/airflow/example_dags/example_dag_decorator.py
[2023-04-13T20:36:19.544+0000] {processor.py:743} INFO - Processing file /home/airflow/.local/lib/python3.7/site-packages/airflow/example_dags/example_dag_decorator.py for tasks to queue
[2023-04-13T20:36:19.545+0000] {logging_mixin.py:137} INFO - [2023-04-13T20:36:19.545+0000] {dagbag.py:532} INFO - Filling up the DagBag from /home/airflow/.local/lib/python3.7/site-packages/airflow/example_dags/example_dag_decorator.py
[2023-04-13T20:36:19.605+0000] {logging_mixin.py:137} INFO - [2023-04-13T20:36:19.605+0000] {taskmixin.py:211} WARNING - Dependency <Task(_PythonDecoratedOperator): prepare_email>, send_email already registered for DAG: example_dag_decorator
[2023-04-13T20:36:19.605+0000] {logging_mixin.py:137} INFO - [2023-04-13T20:36:19.605+0000] {taskmixin.py:211} WARNING - Dependency <Task(EmailOperator): send_email>, prepare_email already registered for DAG: example_dag_decorator
[2023-04-13T20:36:19.620+0000] {processor.py:753} INFO - DAG(s) dict_keys(['example_dag_decorator']) retrieved from /home/airflow/.local/lib/python3.7/site-packages/airflow/example_dags/example_dag_decorator.py
[2023-04-13T20:36:19.750+0000] {logging_mixin.py:137} INFO - [2023-04-13T20:36:19.750+0000] {dag.py:2705} INFO - Sync 1 DAGs
[2023-04-13T20:36:19.819+0000] {logging_mixin.py:137} INFO - [2023-04-13T20:36:19.819+0000] {dag.py:3456} INFO - Setting next_dagrun for example_dag_decorator to None, run_after=None
[2023-04-13T20:36:19.852+0000] {processor.py:175} INFO - Processing /home/airflow/.local/lib/python3.7/site-packages/airflow/example_dags/example_dag_decorator.py took 0.312 seconds
[2023-04-13T20:36:50.614+0000] {processor.py:153} INFO - Started process (PID=373) to work on /home/airflow/.local/lib/python3.7/site-packages/airflow/example_dags/example_dag_decorator.py
[2023-04-13T20:36:50.615+0000] {processor.py:743} INFO - Processing file /home/airflow/.local/lib/python3.7/site-packages/airflow/example_dags/example_dag_decorator.py for tasks to queue
[2023-04-13T20:36:50.616+0000] {logging_mixin.py:137} INFO - [2023-04-13T20:36:50.616+0000] {dagbag.py:532} INFO - Filling up the DagBag from /home/airflow/.local/lib/python3.7/site-packages/airflow/example_dags/example_dag_decorator.py
[2023-04-13T20:36:50.636+0000] {logging_mixin.py:137} INFO - [2023-04-13T20:36:50.636+0000] {taskmixin.py:211} WARNING - Dependency <Task(_PythonDecoratedOperator): prepare_email>, send_email already registered for DAG: example_dag_decorator
[2023-04-13T20:36:50.636+0000] {logging_mixin.py:137} INFO - [2023-04-13T20:36:50.636+0000] {taskmixin.py:211} WARNING - Dependency <Task(EmailOperator): send_email>, prepare_email already registered for DAG: example_dag_decorator
[2023-04-13T20:36:50.652+0000] {processor.py:753} INFO - DAG(s) dict_keys(['example_dag_decorator']) retrieved from /home/airflow/.local/lib/python3.7/site-packages/airflow/example_dags/example_dag_decorator.py
[2023-04-13T20:36:50.762+0000] {logging_mixin.py:137} INFO - [2023-04-13T20:36:50.762+0000] {dag.py:2705} INFO - Sync 1 DAGs
[2023-04-13T20:36:50.797+0000] {logging_mixin.py:137} INFO - [2023-04-13T20:36:50.797+0000] {dag.py:3456} INFO - Setting next_dagrun for example_dag_decorator to None, run_after=None
[2023-04-13T20:36:50.847+0000] {processor.py:175} INFO - Processing /home/airflow/.local/lib/python3.7/site-packages/airflow/example_dags/example_dag_decorator.py took 0.236 seconds
[2023-04-13T20:37:20.883+0000] {processor.py:153} INFO - Started process (PID=423) to work on /home/airflow/.local/lib/python3.7/site-packages/airflow/example_dags/example_dag_decorator.py
[2023-04-13T20:37:20.884+0000] {processor.py:743} INFO - Processing file /home/airflow/.local/lib/python3.7/site-packages/airflow/example_dags/example_dag_decorator.py for tasks to queue
[2023-04-13T20:37:20.885+0000] {logging_mixin.py:137} INFO - [2023-04-13T20:37:20.885+0000] {dagbag.py:532} INFO - Filling up the DagBag from /home/airflow/.local/lib/python3.7/site-packages/airflow/example_dags/example_dag_decorator.py
[2023-04-13T20:37:20.903+0000] {logging_mixin.py:137} INFO - [2023-04-13T20:37:20.903+0000] {taskmixin.py:211} WARNING - Dependency <Task(_PythonDecoratedOperator): prepare_email>, send_email already registered for DAG: example_dag_decorator
[2023-04-13T20:37:20.904+0000] {logging_mixin.py:137} INFO - [2023-04-13T20:37:20.904+0000] {taskmixin.py:211} WARNING - Dependency <Task(EmailOperator): send_email>, prepare_email already registered for DAG: example_dag_decorator
[2023-04-13T20:37:20.917+0000] {processor.py:753} INFO - DAG(s) dict_keys(['example_dag_decorator']) retrieved from /home/airflow/.local/lib/python3.7/site-packages/airflow/example_dags/example_dag_decorator.py
[2023-04-13T20:37:20.953+0000] {logging_mixin.py:137} INFO - [2023-04-13T20:37:20.952+0000] {dag.py:2705} INFO - Sync 1 DAGs
[2023-04-13T20:37:20.982+0000] {logging_mixin.py:137} INFO - [2023-04-13T20:37:20.982+0000] {dag.py:3456} INFO - Setting next_dagrun for example_dag_decorator to None, run_after=None
[2023-04-13T20:37:21.003+0000] {processor.py:175} INFO - Processing /home/airflow/.local/lib/python3.7/site-packages/airflow/example_dags/example_dag_decorator.py took 0.123 seconds
[2023-04-13T20:37:51.099+0000] {processor.py:153} INFO - Started process (PID=474) to work on /home/airflow/.local/lib/python3.7/site-packages/airflow/example_dags/example_dag_decorator.py
[2023-04-13T20:37:51.100+0000] {processor.py:743} INFO - Processing file /home/airflow/.local/lib/python3.7/site-packages/airflow/example_dags/example_dag_decorator.py for tasks to queue
[2023-04-13T20:37:51.101+0000] {logging_mixin.py:137} INFO - [2023-04-13T20:37:51.101+0000] {dagbag.py:532} INFO - Filling up the DagBag from /home/airflow/.local/lib/python3.7/site-packages/airflow/example_dags/example_dag_decorator.py
[2023-04-13T20:37:51.119+0000] {logging_mixin.py:137} INFO - [2023-04-13T20:37:51.119+0000] {taskmixin.py:211} WARNING - Dependency <Task(_PythonDecoratedOperator): prepare_email>, send_email already registered for DAG: example_dag_decorator
[2023-04-13T20:37:51.119+0000] {logging_mixin.py:137} INFO - [2023-04-13T20:37:51.119+0000] {taskmixin.py:211} WARNING - Dependency <Task(EmailOperator): send_email>, prepare_email already registered for DAG: example_dag_decorator
[2023-04-13T20:37:51.132+0000] {processor.py:753} INFO - DAG(s) dict_keys(['example_dag_decorator']) retrieved from /home/airflow/.local/lib/python3.7/site-packages/airflow/example_dags/example_dag_decorator.py
[2023-04-13T20:37:51.213+0000] {logging_mixin.py:137} INFO - [2023-04-13T20:37:51.213+0000] {dag.py:2705} INFO - Sync 1 DAGs
[2023-04-13T20:37:51.241+0000] {logging_mixin.py:137} INFO - [2023-04-13T20:37:51.241+0000] {dag.py:3456} INFO - Setting next_dagrun for example_dag_decorator to None, run_after=None
[2023-04-13T20:37:51.271+0000] {processor.py:175} INFO - Processing /home/airflow/.local/lib/python3.7/site-packages/airflow/example_dags/example_dag_decorator.py took 0.174 seconds
[2023-04-13T20:38:21.634+0000] {processor.py:153} INFO - Started process (PID=524) to work on /home/airflow/.local/lib/python3.7/site-packages/airflow/example_dags/example_dag_decorator.py
[2023-04-13T20:38:21.635+0000] {processor.py:743} INFO - Processing file /home/airflow/.local/lib/python3.7/site-packages/airflow/example_dags/example_dag_decorator.py for tasks to queue
[2023-04-13T20:38:21.636+0000] {logging_mixin.py:137} INFO - [2023-04-13T20:38:21.636+0000] {dagbag.py:532} INFO - Filling up the DagBag from /home/airflow/.local/lib/python3.7/site-packages/airflow/example_dags/example_dag_decorator.py
[2023-04-13T20:38:21.659+0000] {logging_mixin.py:137} INFO - [2023-04-13T20:38:21.659+0000] {taskmixin.py:211} WARNING - Dependency <Task(_PythonDecoratedOperator): prepare_email>, send_email already registered for DAG: example_dag_decorator
[2023-04-13T20:38:21.660+0000] {logging_mixin.py:137} INFO - [2023-04-13T20:38:21.659+0000] {taskmixin.py:211} WARNING - Dependency <Task(EmailOperator): send_email>, prepare_email already registered for DAG: example_dag_decorator
[2023-04-13T20:38:21.675+0000] {processor.py:753} INFO - DAG(s) dict_keys(['example_dag_decorator']) retrieved from /home/airflow/.local/lib/python3.7/site-packages/airflow/example_dags/example_dag_decorator.py
[2023-04-13T20:38:21.723+0000] {logging_mixin.py:137} INFO - [2023-04-13T20:38:21.722+0000] {dag.py:2705} INFO - Sync 1 DAGs
[2023-04-13T20:38:21.765+0000] {logging_mixin.py:137} INFO - [2023-04-13T20:38:21.765+0000] {dag.py:3456} INFO - Setting next_dagrun for example_dag_decorator to None, run_after=None
[2023-04-13T20:38:21.793+0000] {processor.py:175} INFO - Processing /home/airflow/.local/lib/python3.7/site-packages/airflow/example_dags/example_dag_decorator.py took 0.163 seconds
