[2023-04-13T20:33:48.999+0000] {processor.py:153} INFO - Started process (PID=91) to work on /home/airflow/.local/lib/python3.7/site-packages/airflow/example_dags/example_subdag_operator.py
[2023-04-13T20:33:48.999+0000] {processor.py:743} INFO - Processing file /home/airflow/.local/lib/python3.7/site-packages/airflow/example_dags/example_subdag_operator.py for tasks to queue
[2023-04-13T20:33:49.000+0000] {logging_mixin.py:137} INFO - [2023-04-13T20:33:49.000+0000] {dagbag.py:532} INFO - Filling up the DagBag from /home/airflow/.local/lib/python3.7/site-packages/airflow/example_dags/example_subdag_operator.py
[2023-04-13T20:33:49.038+0000] {processor.py:753} INFO - DAG(s) dict_keys(['example_subdag_operator.section-1', 'example_subdag_operator.section-2', 'example_subdag_operator']) retrieved from /home/airflow/.local/lib/python3.7/site-packages/airflow/example_dags/example_subdag_operator.py
[2023-04-13T20:33:49.043+0000] {logging_mixin.py:137} INFO - [2023-04-13T20:33:49.043+0000] {dag.py:2705} INFO - Sync 3 DAGs
[2023-04-13T20:33:49.073+0000] {logging_mixin.py:137} INFO - [2023-04-13T20:33:49.073+0000] {dag.py:3456} INFO - Setting next_dagrun for example_subdag_operator to 2022-01-01T00:00:00+00:00, run_after=2022-01-01T00:00:00+00:00
[2023-04-13T20:33:49.077+0000] {logging_mixin.py:137} INFO - [2023-04-13T20:33:49.077+0000] {dag.py:3456} INFO - Setting next_dagrun for example_subdag_operator.section-1 to None, run_after=None
[2023-04-13T20:33:49.078+0000] {logging_mixin.py:137} INFO - [2023-04-13T20:33:49.078+0000] {dag.py:3456} INFO - Setting next_dagrun for example_subdag_operator.section-2 to None, run_after=None
[2023-04-13T20:33:49.087+0000] {logging_mixin.py:137} INFO - [2023-04-13T20:33:49.087+0000] {dag.py:2705} INFO - Sync 2 DAGs
[2023-04-13T20:33:49.103+0000] {logging_mixin.py:137} INFO - [2023-04-13T20:33:49.103+0000] {dag.py:3456} INFO - Setting next_dagrun for example_subdag_operator.section-1 to None, run_after=None
[2023-04-13T20:33:49.104+0000] {logging_mixin.py:137} INFO - [2023-04-13T20:33:49.104+0000] {dag.py:3456} INFO - Setting next_dagrun for example_subdag_operator.section-2 to None, run_after=None
[2023-04-13T20:33:49.117+0000] {processor.py:175} INFO - Processing /home/airflow/.local/lib/python3.7/site-packages/airflow/example_dags/example_subdag_operator.py took 0.121 seconds
[2023-04-13T20:34:19.374+0000] {processor.py:153} INFO - Started process (PID=141) to work on /home/airflow/.local/lib/python3.7/site-packages/airflow/example_dags/example_subdag_operator.py
[2023-04-13T20:34:19.375+0000] {processor.py:743} INFO - Processing file /home/airflow/.local/lib/python3.7/site-packages/airflow/example_dags/example_subdag_operator.py for tasks to queue
[2023-04-13T20:34:19.376+0000] {logging_mixin.py:137} INFO - [2023-04-13T20:34:19.376+0000] {dagbag.py:532} INFO - Filling up the DagBag from /home/airflow/.local/lib/python3.7/site-packages/airflow/example_dags/example_subdag_operator.py
[2023-04-13T20:34:19.409+0000] {processor.py:753} INFO - DAG(s) dict_keys(['example_subdag_operator.section-1', 'example_subdag_operator.section-2', 'example_subdag_operator']) retrieved from /home/airflow/.local/lib/python3.7/site-packages/airflow/example_dags/example_subdag_operator.py
[2023-04-13T20:34:19.431+0000] {logging_mixin.py:137} INFO - [2023-04-13T20:34:19.430+0000] {dag.py:2705} INFO - Sync 3 DAGs
[2023-04-13T20:34:19.459+0000] {logging_mixin.py:137} INFO - [2023-04-13T20:34:19.458+0000] {dag.py:3456} INFO - Setting next_dagrun for example_subdag_operator to 2022-01-01T00:00:00+00:00, run_after=2022-01-01T00:00:00+00:00
[2023-04-13T20:34:19.463+0000] {logging_mixin.py:137} INFO - [2023-04-13T20:34:19.463+0000] {dag.py:3456} INFO - Setting next_dagrun for example_subdag_operator.section-1 to None, run_after=None
[2023-04-13T20:34:19.464+0000] {logging_mixin.py:137} INFO - [2023-04-13T20:34:19.464+0000] {dag.py:3456} INFO - Setting next_dagrun for example_subdag_operator.section-2 to None, run_after=None
[2023-04-13T20:34:19.472+0000] {logging_mixin.py:137} INFO - [2023-04-13T20:34:19.472+0000] {dag.py:2705} INFO - Sync 2 DAGs
[2023-04-13T20:34:19.478+0000] {logging_mixin.py:137} INFO - [2023-04-13T20:34:19.478+0000] {dag.py:3456} INFO - Setting next_dagrun for example_subdag_operator.section-1 to None, run_after=None
[2023-04-13T20:34:19.478+0000] {logging_mixin.py:137} INFO - [2023-04-13T20:34:19.478+0000] {dag.py:3456} INFO - Setting next_dagrun for example_subdag_operator.section-2 to None, run_after=None
[2023-04-13T20:34:19.490+0000] {processor.py:175} INFO - Processing /home/airflow/.local/lib/python3.7/site-packages/airflow/example_dags/example_subdag_operator.py took 0.119 seconds
[2023-04-13T20:34:50.479+0000] {processor.py:153} INFO - Started process (PID=191) to work on /home/airflow/.local/lib/python3.7/site-packages/airflow/example_dags/example_subdag_operator.py
[2023-04-13T20:34:50.480+0000] {processor.py:743} INFO - Processing file /home/airflow/.local/lib/python3.7/site-packages/airflow/example_dags/example_subdag_operator.py for tasks to queue
[2023-04-13T20:34:50.480+0000] {logging_mixin.py:137} INFO - [2023-04-13T20:34:50.480+0000] {dagbag.py:532} INFO - Filling up the DagBag from /home/airflow/.local/lib/python3.7/site-packages/airflow/example_dags/example_subdag_operator.py
[2023-04-13T20:34:50.513+0000] {processor.py:753} INFO - DAG(s) dict_keys(['example_subdag_operator.section-1', 'example_subdag_operator.section-2', 'example_subdag_operator']) retrieved from /home/airflow/.local/lib/python3.7/site-packages/airflow/example_dags/example_subdag_operator.py
[2023-04-13T20:34:50.536+0000] {logging_mixin.py:137} INFO - [2023-04-13T20:34:50.536+0000] {dag.py:2705} INFO - Sync 3 DAGs
[2023-04-13T20:34:50.568+0000] {logging_mixin.py:137} INFO - [2023-04-13T20:34:50.568+0000] {dag.py:3456} INFO - Setting next_dagrun for example_subdag_operator to 2022-01-01T00:00:00+00:00, run_after=2022-01-01T00:00:00+00:00
[2023-04-13T20:34:50.572+0000] {logging_mixin.py:137} INFO - [2023-04-13T20:34:50.572+0000] {dag.py:3456} INFO - Setting next_dagrun for example_subdag_operator.section-1 to None, run_after=None
[2023-04-13T20:34:50.574+0000] {logging_mixin.py:137} INFO - [2023-04-13T20:34:50.574+0000] {dag.py:3456} INFO - Setting next_dagrun for example_subdag_operator.section-2 to None, run_after=None
[2023-04-13T20:34:50.583+0000] {logging_mixin.py:137} INFO - [2023-04-13T20:34:50.583+0000] {dag.py:2705} INFO - Sync 2 DAGs
[2023-04-13T20:34:50.590+0000] {logging_mixin.py:137} INFO - [2023-04-13T20:34:50.589+0000] {dag.py:3456} INFO - Setting next_dagrun for example_subdag_operator.section-1 to None, run_after=None
[2023-04-13T20:34:50.590+0000] {logging_mixin.py:137} INFO - [2023-04-13T20:34:50.590+0000] {dag.py:3456} INFO - Setting next_dagrun for example_subdag_operator.section-2 to None, run_after=None
[2023-04-13T20:34:50.601+0000] {processor.py:175} INFO - Processing /home/airflow/.local/lib/python3.7/site-packages/airflow/example_dags/example_subdag_operator.py took 0.126 seconds
[2023-04-13T20:35:20.835+0000] {processor.py:153} INFO - Started process (PID=241) to work on /home/airflow/.local/lib/python3.7/site-packages/airflow/example_dags/example_subdag_operator.py
[2023-04-13T20:35:20.836+0000] {processor.py:743} INFO - Processing file /home/airflow/.local/lib/python3.7/site-packages/airflow/example_dags/example_subdag_operator.py for tasks to queue
[2023-04-13T20:35:20.837+0000] {logging_mixin.py:137} INFO - [2023-04-13T20:35:20.837+0000] {dagbag.py:532} INFO - Filling up the DagBag from /home/airflow/.local/lib/python3.7/site-packages/airflow/example_dags/example_subdag_operator.py
[2023-04-13T20:35:20.868+0000] {processor.py:753} INFO - DAG(s) dict_keys(['example_subdag_operator.section-1', 'example_subdag_operator.section-2', 'example_subdag_operator']) retrieved from /home/airflow/.local/lib/python3.7/site-packages/airflow/example_dags/example_subdag_operator.py
[2023-04-13T20:35:20.889+0000] {logging_mixin.py:137} INFO - [2023-04-13T20:35:20.889+0000] {dag.py:2705} INFO - Sync 3 DAGs
[2023-04-13T20:35:20.924+0000] {logging_mixin.py:137} INFO - [2023-04-13T20:35:20.923+0000] {dag.py:3456} INFO - Setting next_dagrun for example_subdag_operator to 2022-01-01T00:00:00+00:00, run_after=2022-01-01T00:00:00+00:00
[2023-04-13T20:35:20.928+0000] {logging_mixin.py:137} INFO - [2023-04-13T20:35:20.928+0000] {dag.py:3456} INFO - Setting next_dagrun for example_subdag_operator.section-1 to None, run_after=None
[2023-04-13T20:35:20.929+0000] {logging_mixin.py:137} INFO - [2023-04-13T20:35:20.929+0000] {dag.py:3456} INFO - Setting next_dagrun for example_subdag_operator.section-2 to None, run_after=None
[2023-04-13T20:35:20.937+0000] {logging_mixin.py:137} INFO - [2023-04-13T20:35:20.936+0000] {dag.py:2705} INFO - Sync 2 DAGs
[2023-04-13T20:35:20.942+0000] {logging_mixin.py:137} INFO - [2023-04-13T20:35:20.942+0000] {dag.py:3456} INFO - Setting next_dagrun for example_subdag_operator.section-1 to None, run_after=None
[2023-04-13T20:35:20.943+0000] {logging_mixin.py:137} INFO - [2023-04-13T20:35:20.943+0000] {dag.py:3456} INFO - Setting next_dagrun for example_subdag_operator.section-2 to None, run_after=None
[2023-04-13T20:35:20.953+0000] {processor.py:175} INFO - Processing /home/airflow/.local/lib/python3.7/site-packages/airflow/example_dags/example_subdag_operator.py took 0.121 seconds
[2023-04-13T20:35:51.447+0000] {processor.py:153} INFO - Started process (PID=291) to work on /home/airflow/.local/lib/python3.7/site-packages/airflow/example_dags/example_subdag_operator.py
[2023-04-13T20:35:51.448+0000] {processor.py:743} INFO - Processing file /home/airflow/.local/lib/python3.7/site-packages/airflow/example_dags/example_subdag_operator.py for tasks to queue
[2023-04-13T20:35:51.449+0000] {logging_mixin.py:137} INFO - [2023-04-13T20:35:51.449+0000] {dagbag.py:532} INFO - Filling up the DagBag from /home/airflow/.local/lib/python3.7/site-packages/airflow/example_dags/example_subdag_operator.py
[2023-04-13T20:35:51.483+0000] {processor.py:753} INFO - DAG(s) dict_keys(['example_subdag_operator.section-1', 'example_subdag_operator.section-2', 'example_subdag_operator']) retrieved from /home/airflow/.local/lib/python3.7/site-packages/airflow/example_dags/example_subdag_operator.py
[2023-04-13T20:35:51.510+0000] {logging_mixin.py:137} INFO - [2023-04-13T20:35:51.510+0000] {dag.py:2705} INFO - Sync 3 DAGs
[2023-04-13T20:35:51.537+0000] {logging_mixin.py:137} INFO - [2023-04-13T20:35:51.537+0000] {dag.py:3456} INFO - Setting next_dagrun for example_subdag_operator to 2022-01-01T00:00:00+00:00, run_after=2022-01-01T00:00:00+00:00
[2023-04-13T20:35:51.541+0000] {logging_mixin.py:137} INFO - [2023-04-13T20:35:51.540+0000] {dag.py:3456} INFO - Setting next_dagrun for example_subdag_operator.section-1 to None, run_after=None
[2023-04-13T20:35:51.542+0000] {logging_mixin.py:137} INFO - [2023-04-13T20:35:51.542+0000] {dag.py:3456} INFO - Setting next_dagrun for example_subdag_operator.section-2 to None, run_after=None
[2023-04-13T20:35:51.551+0000] {logging_mixin.py:137} INFO - [2023-04-13T20:35:51.551+0000] {dag.py:2705} INFO - Sync 2 DAGs
[2023-04-13T20:35:51.557+0000] {logging_mixin.py:137} INFO - [2023-04-13T20:35:51.557+0000] {dag.py:3456} INFO - Setting next_dagrun for example_subdag_operator.section-1 to None, run_after=None
[2023-04-13T20:35:51.557+0000] {logging_mixin.py:137} INFO - [2023-04-13T20:35:51.557+0000] {dag.py:3456} INFO - Setting next_dagrun for example_subdag_operator.section-2 to None, run_after=None
[2023-04-13T20:35:51.569+0000] {processor.py:175} INFO - Processing /home/airflow/.local/lib/python3.7/site-packages/airflow/example_dags/example_subdag_operator.py took 0.124 seconds
[2023-04-13T20:36:21.835+0000] {processor.py:153} INFO - Started process (PID=341) to work on /home/airflow/.local/lib/python3.7/site-packages/airflow/example_dags/example_subdag_operator.py
[2023-04-13T20:36:21.836+0000] {processor.py:743} INFO - Processing file /home/airflow/.local/lib/python3.7/site-packages/airflow/example_dags/example_subdag_operator.py for tasks to queue
[2023-04-13T20:36:21.837+0000] {logging_mixin.py:137} INFO - [2023-04-13T20:36:21.837+0000] {dagbag.py:532} INFO - Filling up the DagBag from /home/airflow/.local/lib/python3.7/site-packages/airflow/example_dags/example_subdag_operator.py
[2023-04-13T20:36:21.876+0000] {processor.py:753} INFO - DAG(s) dict_keys(['example_subdag_operator.section-1', 'example_subdag_operator.section-2', 'example_subdag_operator']) retrieved from /home/airflow/.local/lib/python3.7/site-packages/airflow/example_dags/example_subdag_operator.py
[2023-04-13T20:36:21.912+0000] {logging_mixin.py:137} INFO - [2023-04-13T20:36:21.911+0000] {dag.py:2705} INFO - Sync 3 DAGs
[2023-04-13T20:36:21.955+0000] {logging_mixin.py:137} INFO - [2023-04-13T20:36:21.954+0000] {dag.py:3456} INFO - Setting next_dagrun for example_subdag_operator to 2022-01-01T00:00:00+00:00, run_after=2022-01-01T00:00:00+00:00
[2023-04-13T20:36:21.959+0000] {logging_mixin.py:137} INFO - [2023-04-13T20:36:21.959+0000] {dag.py:3456} INFO - Setting next_dagrun for example_subdag_operator.section-1 to None, run_after=None
[2023-04-13T20:36:21.960+0000] {logging_mixin.py:137} INFO - [2023-04-13T20:36:21.960+0000] {dag.py:3456} INFO - Setting next_dagrun for example_subdag_operator.section-2 to None, run_after=None
[2023-04-13T20:36:21.968+0000] {logging_mixin.py:137} INFO - [2023-04-13T20:36:21.967+0000] {dag.py:2705} INFO - Sync 2 DAGs
[2023-04-13T20:36:21.974+0000] {logging_mixin.py:137} INFO - [2023-04-13T20:36:21.974+0000] {dag.py:3456} INFO - Setting next_dagrun for example_subdag_operator.section-1 to None, run_after=None
[2023-04-13T20:36:21.974+0000] {logging_mixin.py:137} INFO - [2023-04-13T20:36:21.974+0000] {dag.py:3456} INFO - Setting next_dagrun for example_subdag_operator.section-2 to None, run_after=None
[2023-04-13T20:36:21.986+0000] {processor.py:175} INFO - Processing /home/airflow/.local/lib/python3.7/site-packages/airflow/example_dags/example_subdag_operator.py took 0.155 seconds
[2023-04-13T20:36:52.163+0000] {processor.py:153} INFO - Started process (PID=391) to work on /home/airflow/.local/lib/python3.7/site-packages/airflow/example_dags/example_subdag_operator.py
[2023-04-13T20:36:52.164+0000] {processor.py:743} INFO - Processing file /home/airflow/.local/lib/python3.7/site-packages/airflow/example_dags/example_subdag_operator.py for tasks to queue
[2023-04-13T20:36:52.164+0000] {logging_mixin.py:137} INFO - [2023-04-13T20:36:52.164+0000] {dagbag.py:532} INFO - Filling up the DagBag from /home/airflow/.local/lib/python3.7/site-packages/airflow/example_dags/example_subdag_operator.py
[2023-04-13T20:36:52.199+0000] {processor.py:753} INFO - DAG(s) dict_keys(['example_subdag_operator.section-1', 'example_subdag_operator.section-2', 'example_subdag_operator']) retrieved from /home/airflow/.local/lib/python3.7/site-packages/airflow/example_dags/example_subdag_operator.py
[2023-04-13T20:36:52.224+0000] {logging_mixin.py:137} INFO - [2023-04-13T20:36:52.223+0000] {dag.py:2705} INFO - Sync 3 DAGs
[2023-04-13T20:36:52.253+0000] {logging_mixin.py:137} INFO - [2023-04-13T20:36:52.252+0000] {dag.py:3456} INFO - Setting next_dagrun for example_subdag_operator to 2022-01-01T00:00:00+00:00, run_after=2022-01-01T00:00:00+00:00
[2023-04-13T20:36:52.256+0000] {logging_mixin.py:137} INFO - [2023-04-13T20:36:52.256+0000] {dag.py:3456} INFO - Setting next_dagrun for example_subdag_operator.section-1 to None, run_after=None
[2023-04-13T20:36:52.257+0000] {logging_mixin.py:137} INFO - [2023-04-13T20:36:52.257+0000] {dag.py:3456} INFO - Setting next_dagrun for example_subdag_operator.section-2 to None, run_after=None
[2023-04-13T20:36:52.265+0000] {logging_mixin.py:137} INFO - [2023-04-13T20:36:52.265+0000] {dag.py:2705} INFO - Sync 2 DAGs
[2023-04-13T20:36:52.272+0000] {logging_mixin.py:137} INFO - [2023-04-13T20:36:52.272+0000] {dag.py:3456} INFO - Setting next_dagrun for example_subdag_operator.section-1 to None, run_after=None
[2023-04-13T20:36:52.272+0000] {logging_mixin.py:137} INFO - [2023-04-13T20:36:52.272+0000] {dag.py:3456} INFO - Setting next_dagrun for example_subdag_operator.section-2 to None, run_after=None
[2023-04-13T20:36:52.286+0000] {processor.py:175} INFO - Processing /home/airflow/.local/lib/python3.7/site-packages/airflow/example_dags/example_subdag_operator.py took 0.127 seconds
[2023-04-13T20:37:22.450+0000] {processor.py:153} INFO - Started process (PID=441) to work on /home/airflow/.local/lib/python3.7/site-packages/airflow/example_dags/example_subdag_operator.py
[2023-04-13T20:37:22.451+0000] {processor.py:743} INFO - Processing file /home/airflow/.local/lib/python3.7/site-packages/airflow/example_dags/example_subdag_operator.py for tasks to queue
[2023-04-13T20:37:22.453+0000] {logging_mixin.py:137} INFO - [2023-04-13T20:37:22.452+0000] {dagbag.py:532} INFO - Filling up the DagBag from /home/airflow/.local/lib/python3.7/site-packages/airflow/example_dags/example_subdag_operator.py
[2023-04-13T20:37:22.487+0000] {processor.py:753} INFO - DAG(s) dict_keys(['example_subdag_operator.section-1', 'example_subdag_operator.section-2', 'example_subdag_operator']) retrieved from /home/airflow/.local/lib/python3.7/site-packages/airflow/example_dags/example_subdag_operator.py
[2023-04-13T20:37:22.511+0000] {logging_mixin.py:137} INFO - [2023-04-13T20:37:22.511+0000] {dag.py:2705} INFO - Sync 3 DAGs
[2023-04-13T20:37:22.539+0000] {logging_mixin.py:137} INFO - [2023-04-13T20:37:22.539+0000] {dag.py:3456} INFO - Setting next_dagrun for example_subdag_operator to 2022-01-01T00:00:00+00:00, run_after=2022-01-01T00:00:00+00:00
[2023-04-13T20:37:22.543+0000] {logging_mixin.py:137} INFO - [2023-04-13T20:37:22.543+0000] {dag.py:3456} INFO - Setting next_dagrun for example_subdag_operator.section-1 to None, run_after=None
[2023-04-13T20:37:22.544+0000] {logging_mixin.py:137} INFO - [2023-04-13T20:37:22.544+0000] {dag.py:3456} INFO - Setting next_dagrun for example_subdag_operator.section-2 to None, run_after=None
[2023-04-13T20:37:22.553+0000] {logging_mixin.py:137} INFO - [2023-04-13T20:37:22.552+0000] {dag.py:2705} INFO - Sync 2 DAGs
[2023-04-13T20:37:22.560+0000] {logging_mixin.py:137} INFO - [2023-04-13T20:37:22.560+0000] {dag.py:3456} INFO - Setting next_dagrun for example_subdag_operator.section-1 to None, run_after=None
[2023-04-13T20:37:22.560+0000] {logging_mixin.py:137} INFO - [2023-04-13T20:37:22.560+0000] {dag.py:3456} INFO - Setting next_dagrun for example_subdag_operator.section-2 to None, run_after=None
[2023-04-13T20:37:22.571+0000] {processor.py:175} INFO - Processing /home/airflow/.local/lib/python3.7/site-packages/airflow/example_dags/example_subdag_operator.py took 0.125 seconds
[2023-04-13T20:37:52.811+0000] {processor.py:153} INFO - Started process (PID=492) to work on /home/airflow/.local/lib/python3.7/site-packages/airflow/example_dags/example_subdag_operator.py
[2023-04-13T20:37:52.812+0000] {processor.py:743} INFO - Processing file /home/airflow/.local/lib/python3.7/site-packages/airflow/example_dags/example_subdag_operator.py for tasks to queue
[2023-04-13T20:37:52.812+0000] {logging_mixin.py:137} INFO - [2023-04-13T20:37:52.812+0000] {dagbag.py:532} INFO - Filling up the DagBag from /home/airflow/.local/lib/python3.7/site-packages/airflow/example_dags/example_subdag_operator.py
[2023-04-13T20:37:52.849+0000] {processor.py:753} INFO - DAG(s) dict_keys(['example_subdag_operator.section-1', 'example_subdag_operator.section-2', 'example_subdag_operator']) retrieved from /home/airflow/.local/lib/python3.7/site-packages/airflow/example_dags/example_subdag_operator.py
[2023-04-13T20:37:52.874+0000] {logging_mixin.py:137} INFO - [2023-04-13T20:37:52.874+0000] {dag.py:2705} INFO - Sync 3 DAGs
[2023-04-13T20:37:52.912+0000] {logging_mixin.py:137} INFO - [2023-04-13T20:37:52.911+0000] {dag.py:3456} INFO - Setting next_dagrun for example_subdag_operator to 2022-01-01T00:00:00+00:00, run_after=2022-01-01T00:00:00+00:00
[2023-04-13T20:37:52.917+0000] {logging_mixin.py:137} INFO - [2023-04-13T20:37:52.917+0000] {dag.py:3456} INFO - Setting next_dagrun for example_subdag_operator.section-1 to None, run_after=None
[2023-04-13T20:37:52.918+0000] {logging_mixin.py:137} INFO - [2023-04-13T20:37:52.918+0000] {dag.py:3456} INFO - Setting next_dagrun for example_subdag_operator.section-2 to None, run_after=None
[2023-04-13T20:37:52.926+0000] {logging_mixin.py:137} INFO - [2023-04-13T20:37:52.926+0000] {dag.py:2705} INFO - Sync 2 DAGs
[2023-04-13T20:37:52.932+0000] {logging_mixin.py:137} INFO - [2023-04-13T20:37:52.932+0000] {dag.py:3456} INFO - Setting next_dagrun for example_subdag_operator.section-1 to None, run_after=None
[2023-04-13T20:37:52.932+0000] {logging_mixin.py:137} INFO - [2023-04-13T20:37:52.932+0000] {dag.py:3456} INFO - Setting next_dagrun for example_subdag_operator.section-2 to None, run_after=None
[2023-04-13T20:37:52.944+0000] {processor.py:175} INFO - Processing /home/airflow/.local/lib/python3.7/site-packages/airflow/example_dags/example_subdag_operator.py took 0.137 seconds
[2023-04-13T20:38:23.806+0000] {processor.py:153} INFO - Started process (PID=542) to work on /home/airflow/.local/lib/python3.7/site-packages/airflow/example_dags/example_subdag_operator.py
[2023-04-13T20:38:23.807+0000] {processor.py:743} INFO - Processing file /home/airflow/.local/lib/python3.7/site-packages/airflow/example_dags/example_subdag_operator.py for tasks to queue
[2023-04-13T20:38:23.808+0000] {logging_mixin.py:137} INFO - [2023-04-13T20:38:23.808+0000] {dagbag.py:532} INFO - Filling up the DagBag from /home/airflow/.local/lib/python3.7/site-packages/airflow/example_dags/example_subdag_operator.py
[2023-04-13T20:38:23.856+0000] {processor.py:753} INFO - DAG(s) dict_keys(['example_subdag_operator.section-1', 'example_subdag_operator.section-2', 'example_subdag_operator']) retrieved from /home/airflow/.local/lib/python3.7/site-packages/airflow/example_dags/example_subdag_operator.py
[2023-04-13T20:38:23.888+0000] {logging_mixin.py:137} INFO - [2023-04-13T20:38:23.887+0000] {dag.py:2705} INFO - Sync 3 DAGs
[2023-04-13T20:38:23.947+0000] {logging_mixin.py:137} INFO - [2023-04-13T20:38:23.946+0000] {dag.py:3456} INFO - Setting next_dagrun for example_subdag_operator to 2022-01-01T00:00:00+00:00, run_after=2022-01-01T00:00:00+00:00
[2023-04-13T20:38:23.952+0000] {logging_mixin.py:137} INFO - [2023-04-13T20:38:23.952+0000] {dag.py:3456} INFO - Setting next_dagrun for example_subdag_operator.section-1 to None, run_after=None
[2023-04-13T20:38:23.954+0000] {logging_mixin.py:137} INFO - [2023-04-13T20:38:23.954+0000] {dag.py:3456} INFO - Setting next_dagrun for example_subdag_operator.section-2 to None, run_after=None
[2023-04-13T20:38:23.967+0000] {logging_mixin.py:137} INFO - [2023-04-13T20:38:23.966+0000] {dag.py:2705} INFO - Sync 2 DAGs
[2023-04-13T20:38:23.976+0000] {logging_mixin.py:137} INFO - [2023-04-13T20:38:23.976+0000] {dag.py:3456} INFO - Setting next_dagrun for example_subdag_operator.section-1 to None, run_after=None
[2023-04-13T20:38:23.976+0000] {logging_mixin.py:137} INFO - [2023-04-13T20:38:23.976+0000] {dag.py:3456} INFO - Setting next_dagrun for example_subdag_operator.section-2 to None, run_after=None
[2023-04-13T20:38:23.994+0000] {processor.py:175} INFO - Processing /home/airflow/.local/lib/python3.7/site-packages/airflow/example_dags/example_subdag_operator.py took 0.192 seconds
