[2023-04-13T20:33:48.349+0000] {processor.py:153} INFO - Started process (PID=82) to work on /home/airflow/.local/lib/python3.7/site-packages/airflow/example_dags/example_params_ui_tutorial.py
[2023-04-13T20:33:48.350+0000] {processor.py:743} INFO - Processing file /home/airflow/.local/lib/python3.7/site-packages/airflow/example_dags/example_params_ui_tutorial.py for tasks to queue
[2023-04-13T20:33:48.350+0000] {logging_mixin.py:137} INFO - [2023-04-13T20:33:48.350+0000] {dagbag.py:532} INFO - Filling up the DagBag from /home/airflow/.local/lib/python3.7/site-packages/airflow/example_dags/example_params_ui_tutorial.py
[2023-04-13T20:33:48.414+0000] {processor.py:753} INFO - DAG(s) dict_keys(['example_params_ui_tutorial']) retrieved from /home/airflow/.local/lib/python3.7/site-packages/airflow/example_dags/example_params_ui_tutorial.py
[2023-04-13T20:33:48.426+0000] {logging_mixin.py:137} INFO - [2023-04-13T20:33:48.426+0000] {dag.py:2705} INFO - Sync 1 DAGs
[2023-04-13T20:33:48.455+0000] {logging_mixin.py:137} INFO - [2023-04-13T20:33:48.455+0000] {dag.py:3456} INFO - Setting next_dagrun for example_params_ui_tutorial to None, run_after=None
[2023-04-13T20:33:48.482+0000] {processor.py:175} INFO - Processing /home/airflow/.local/lib/python3.7/site-packages/airflow/example_dags/example_params_ui_tutorial.py took 0.135 seconds
[2023-04-13T20:34:18.674+0000] {processor.py:153} INFO - Started process (PID=132) to work on /home/airflow/.local/lib/python3.7/site-packages/airflow/example_dags/example_params_ui_tutorial.py
[2023-04-13T20:34:18.675+0000] {processor.py:743} INFO - Processing file /home/airflow/.local/lib/python3.7/site-packages/airflow/example_dags/example_params_ui_tutorial.py for tasks to queue
[2023-04-13T20:34:18.675+0000] {logging_mixin.py:137} INFO - [2023-04-13T20:34:18.675+0000] {dagbag.py:532} INFO - Filling up the DagBag from /home/airflow/.local/lib/python3.7/site-packages/airflow/example_dags/example_params_ui_tutorial.py
[2023-04-13T20:34:18.735+0000] {processor.py:753} INFO - DAG(s) dict_keys(['example_params_ui_tutorial']) retrieved from /home/airflow/.local/lib/python3.7/site-packages/airflow/example_dags/example_params_ui_tutorial.py
[2023-04-13T20:34:18.816+0000] {logging_mixin.py:137} INFO - [2023-04-13T20:34:18.816+0000] {dag.py:2705} INFO - Sync 1 DAGs
[2023-04-13T20:34:18.843+0000] {logging_mixin.py:137} INFO - [2023-04-13T20:34:18.843+0000] {dag.py:3456} INFO - Setting next_dagrun for example_params_ui_tutorial to None, run_after=None
[2023-04-13T20:34:18.862+0000] {processor.py:175} INFO - Processing /home/airflow/.local/lib/python3.7/site-packages/airflow/example_dags/example_params_ui_tutorial.py took 0.190 seconds
[2023-04-13T20:34:49.872+0000] {processor.py:153} INFO - Started process (PID=182) to work on /home/airflow/.local/lib/python3.7/site-packages/airflow/example_dags/example_params_ui_tutorial.py
[2023-04-13T20:34:49.873+0000] {processor.py:743} INFO - Processing file /home/airflow/.local/lib/python3.7/site-packages/airflow/example_dags/example_params_ui_tutorial.py for tasks to queue
[2023-04-13T20:34:49.874+0000] {logging_mixin.py:137} INFO - [2023-04-13T20:34:49.874+0000] {dagbag.py:532} INFO - Filling up the DagBag from /home/airflow/.local/lib/python3.7/site-packages/airflow/example_dags/example_params_ui_tutorial.py
[2023-04-13T20:34:49.937+0000] {processor.py:753} INFO - DAG(s) dict_keys(['example_params_ui_tutorial']) retrieved from /home/airflow/.local/lib/python3.7/site-packages/airflow/example_dags/example_params_ui_tutorial.py
[2023-04-13T20:34:50.026+0000] {logging_mixin.py:137} INFO - [2023-04-13T20:34:50.026+0000] {dag.py:2705} INFO - Sync 1 DAGs
[2023-04-13T20:34:50.065+0000] {logging_mixin.py:137} INFO - [2023-04-13T20:34:50.064+0000] {dag.py:3456} INFO - Setting next_dagrun for example_params_ui_tutorial to None, run_after=None
[2023-04-13T20:34:50.087+0000] {processor.py:175} INFO - Processing /home/airflow/.local/lib/python3.7/site-packages/airflow/example_dags/example_params_ui_tutorial.py took 0.218 seconds
[2023-04-13T20:35:20.164+0000] {processor.py:153} INFO - Started process (PID=232) to work on /home/airflow/.local/lib/python3.7/site-packages/airflow/example_dags/example_params_ui_tutorial.py
[2023-04-13T20:35:20.165+0000] {processor.py:743} INFO - Processing file /home/airflow/.local/lib/python3.7/site-packages/airflow/example_dags/example_params_ui_tutorial.py for tasks to queue
[2023-04-13T20:35:20.166+0000] {logging_mixin.py:137} INFO - [2023-04-13T20:35:20.166+0000] {dagbag.py:532} INFO - Filling up the DagBag from /home/airflow/.local/lib/python3.7/site-packages/airflow/example_dags/example_params_ui_tutorial.py
[2023-04-13T20:35:20.228+0000] {processor.py:753} INFO - DAG(s) dict_keys(['example_params_ui_tutorial']) retrieved from /home/airflow/.local/lib/python3.7/site-packages/airflow/example_dags/example_params_ui_tutorial.py
[2023-04-13T20:35:20.308+0000] {logging_mixin.py:137} INFO - [2023-04-13T20:35:20.308+0000] {dag.py:2705} INFO - Sync 1 DAGs
[2023-04-13T20:35:20.344+0000] {logging_mixin.py:137} INFO - [2023-04-13T20:35:20.344+0000] {dag.py:3456} INFO - Setting next_dagrun for example_params_ui_tutorial to None, run_after=None
[2023-04-13T20:35:20.364+0000] {processor.py:175} INFO - Processing /home/airflow/.local/lib/python3.7/site-packages/airflow/example_dags/example_params_ui_tutorial.py took 0.202 seconds
[2023-04-13T20:35:50.769+0000] {processor.py:153} INFO - Started process (PID=282) to work on /home/airflow/.local/lib/python3.7/site-packages/airflow/example_dags/example_params_ui_tutorial.py
[2023-04-13T20:35:50.770+0000] {processor.py:743} INFO - Processing file /home/airflow/.local/lib/python3.7/site-packages/airflow/example_dags/example_params_ui_tutorial.py for tasks to queue
[2023-04-13T20:35:50.771+0000] {logging_mixin.py:137} INFO - [2023-04-13T20:35:50.771+0000] {dagbag.py:532} INFO - Filling up the DagBag from /home/airflow/.local/lib/python3.7/site-packages/airflow/example_dags/example_params_ui_tutorial.py
[2023-04-13T20:35:50.847+0000] {processor.py:753} INFO - DAG(s) dict_keys(['example_params_ui_tutorial']) retrieved from /home/airflow/.local/lib/python3.7/site-packages/airflow/example_dags/example_params_ui_tutorial.py
[2023-04-13T20:35:50.950+0000] {logging_mixin.py:137} INFO - [2023-04-13T20:35:50.949+0000] {dag.py:2705} INFO - Sync 1 DAGs
[2023-04-13T20:35:50.976+0000] {logging_mixin.py:137} INFO - [2023-04-13T20:35:50.976+0000] {dag.py:3456} INFO - Setting next_dagrun for example_params_ui_tutorial to None, run_after=None
[2023-04-13T20:35:51.004+0000] {processor.py:175} INFO - Processing /home/airflow/.local/lib/python3.7/site-packages/airflow/example_dags/example_params_ui_tutorial.py took 0.238 seconds
[2023-04-13T20:36:21.184+0000] {processor.py:153} INFO - Started process (PID=333) to work on /home/airflow/.local/lib/python3.7/site-packages/airflow/example_dags/example_params_ui_tutorial.py
[2023-04-13T20:36:21.185+0000] {processor.py:743} INFO - Processing file /home/airflow/.local/lib/python3.7/site-packages/airflow/example_dags/example_params_ui_tutorial.py for tasks to queue
[2023-04-13T20:36:21.186+0000] {logging_mixin.py:137} INFO - [2023-04-13T20:36:21.186+0000] {dagbag.py:532} INFO - Filling up the DagBag from /home/airflow/.local/lib/python3.7/site-packages/airflow/example_dags/example_params_ui_tutorial.py
[2023-04-13T20:36:21.261+0000] {processor.py:753} INFO - DAG(s) dict_keys(['example_params_ui_tutorial']) retrieved from /home/airflow/.local/lib/python3.7/site-packages/airflow/example_dags/example_params_ui_tutorial.py
[2023-04-13T20:36:21.361+0000] {logging_mixin.py:137} INFO - [2023-04-13T20:36:21.361+0000] {dag.py:2705} INFO - Sync 1 DAGs
[2023-04-13T20:36:21.389+0000] {logging_mixin.py:137} INFO - [2023-04-13T20:36:21.389+0000] {dag.py:3456} INFO - Setting next_dagrun for example_params_ui_tutorial to None, run_after=None
[2023-04-13T20:36:21.423+0000] {processor.py:175} INFO - Processing /home/airflow/.local/lib/python3.7/site-packages/airflow/example_dags/example_params_ui_tutorial.py took 0.242 seconds
[2023-04-13T20:36:51.529+0000] {processor.py:153} INFO - Started process (PID=384) to work on /home/airflow/.local/lib/python3.7/site-packages/airflow/example_dags/example_params_ui_tutorial.py
[2023-04-13T20:36:51.530+0000] {processor.py:743} INFO - Processing file /home/airflow/.local/lib/python3.7/site-packages/airflow/example_dags/example_params_ui_tutorial.py for tasks to queue
[2023-04-13T20:36:51.531+0000] {logging_mixin.py:137} INFO - [2023-04-13T20:36:51.531+0000] {dagbag.py:532} INFO - Filling up the DagBag from /home/airflow/.local/lib/python3.7/site-packages/airflow/example_dags/example_params_ui_tutorial.py
[2023-04-13T20:36:51.593+0000] {processor.py:753} INFO - DAG(s) dict_keys(['example_params_ui_tutorial']) retrieved from /home/airflow/.local/lib/python3.7/site-packages/airflow/example_dags/example_params_ui_tutorial.py
[2023-04-13T20:36:51.670+0000] {logging_mixin.py:137} INFO - [2023-04-13T20:36:51.670+0000] {dag.py:2705} INFO - Sync 1 DAGs
[2023-04-13T20:36:51.695+0000] {logging_mixin.py:137} INFO - [2023-04-13T20:36:51.695+0000] {dag.py:3456} INFO - Setting next_dagrun for example_params_ui_tutorial to None, run_after=None
[2023-04-13T20:36:51.715+0000] {processor.py:175} INFO - Processing /home/airflow/.local/lib/python3.7/site-packages/airflow/example_dags/example_params_ui_tutorial.py took 0.189 seconds
[2023-04-13T20:37:21.956+0000] {processor.py:153} INFO - Started process (PID=434) to work on /home/airflow/.local/lib/python3.7/site-packages/airflow/example_dags/example_params_ui_tutorial.py
[2023-04-13T20:37:21.957+0000] {processor.py:743} INFO - Processing file /home/airflow/.local/lib/python3.7/site-packages/airflow/example_dags/example_params_ui_tutorial.py for tasks to queue
[2023-04-13T20:37:21.957+0000] {logging_mixin.py:137} INFO - [2023-04-13T20:37:21.957+0000] {dagbag.py:532} INFO - Filling up the DagBag from /home/airflow/.local/lib/python3.7/site-packages/airflow/example_dags/example_params_ui_tutorial.py
[2023-04-13T20:37:22.020+0000] {processor.py:753} INFO - DAG(s) dict_keys(['example_params_ui_tutorial']) retrieved from /home/airflow/.local/lib/python3.7/site-packages/airflow/example_dags/example_params_ui_tutorial.py
[2023-04-13T20:37:22.106+0000] {logging_mixin.py:137} INFO - [2023-04-13T20:37:22.106+0000] {dag.py:2705} INFO - Sync 1 DAGs
[2023-04-13T20:37:22.141+0000] {logging_mixin.py:137} INFO - [2023-04-13T20:37:22.141+0000] {dag.py:3456} INFO - Setting next_dagrun for example_params_ui_tutorial to None, run_after=None
[2023-04-13T20:37:22.165+0000] {processor.py:175} INFO - Processing /home/airflow/.local/lib/python3.7/site-packages/airflow/example_dags/example_params_ui_tutorial.py took 0.212 seconds
[2023-04-13T20:37:52.281+0000] {processor.py:153} INFO - Started process (PID=485) to work on /home/airflow/.local/lib/python3.7/site-packages/airflow/example_dags/example_params_ui_tutorial.py
[2023-04-13T20:37:52.282+0000] {processor.py:743} INFO - Processing file /home/airflow/.local/lib/python3.7/site-packages/airflow/example_dags/example_params_ui_tutorial.py for tasks to queue
[2023-04-13T20:37:52.283+0000] {logging_mixin.py:137} INFO - [2023-04-13T20:37:52.283+0000] {dagbag.py:532} INFO - Filling up the DagBag from /home/airflow/.local/lib/python3.7/site-packages/airflow/example_dags/example_params_ui_tutorial.py
[2023-04-13T20:37:52.345+0000] {processor.py:753} INFO - DAG(s) dict_keys(['example_params_ui_tutorial']) retrieved from /home/airflow/.local/lib/python3.7/site-packages/airflow/example_dags/example_params_ui_tutorial.py
[2023-04-13T20:37:52.430+0000] {logging_mixin.py:137} INFO - [2023-04-13T20:37:52.429+0000] {dag.py:2705} INFO - Sync 1 DAGs
[2023-04-13T20:37:52.458+0000] {logging_mixin.py:137} INFO - [2023-04-13T20:37:52.458+0000] {dag.py:3456} INFO - Setting next_dagrun for example_params_ui_tutorial to None, run_after=None
[2023-04-13T20:37:52.477+0000] {processor.py:175} INFO - Processing /home/airflow/.local/lib/python3.7/site-packages/airflow/example_dags/example_params_ui_tutorial.py took 0.200 seconds
[2023-04-13T20:38:22.602+0000] {processor.py:153} INFO - Started process (PID=533) to work on /home/airflow/.local/lib/python3.7/site-packages/airflow/example_dags/example_params_ui_tutorial.py
[2023-04-13T20:38:22.603+0000] {processor.py:743} INFO - Processing file /home/airflow/.local/lib/python3.7/site-packages/airflow/example_dags/example_params_ui_tutorial.py for tasks to queue
[2023-04-13T20:38:22.604+0000] {logging_mixin.py:137} INFO - [2023-04-13T20:38:22.604+0000] {dagbag.py:532} INFO - Filling up the DagBag from /home/airflow/.local/lib/python3.7/site-packages/airflow/example_dags/example_params_ui_tutorial.py
[2023-04-13T20:38:22.703+0000] {processor.py:753} INFO - DAG(s) dict_keys(['example_params_ui_tutorial']) retrieved from /home/airflow/.local/lib/python3.7/site-packages/airflow/example_dags/example_params_ui_tutorial.py
[2023-04-13T20:38:22.851+0000] {logging_mixin.py:137} INFO - [2023-04-13T20:38:22.850+0000] {dag.py:2705} INFO - Sync 1 DAGs
[2023-04-13T20:38:22.886+0000] {logging_mixin.py:137} INFO - [2023-04-13T20:38:22.886+0000] {dag.py:3456} INFO - Setting next_dagrun for example_params_ui_tutorial to None, run_after=None
[2023-04-13T20:38:22.918+0000] {processor.py:175} INFO - Processing /home/airflow/.local/lib/python3.7/site-packages/airflow/example_dags/example_params_ui_tutorial.py took 0.325 seconds
