[2023-04-13T20:33:47.928+0000] {processor.py:153} INFO - Started process (PID=78) to work on /home/airflow/.local/lib/python3.7/site-packages/airflow/example_dags/example_latest_only.py
[2023-04-13T20:33:47.928+0000] {processor.py:743} INFO - Processing file /home/airflow/.local/lib/python3.7/site-packages/airflow/example_dags/example_latest_only.py for tasks to queue
[2023-04-13T20:33:47.929+0000] {logging_mixin.py:137} INFO - [2023-04-13T20:33:47.929+0000] {dagbag.py:532} INFO - Filling up the DagBag from /home/airflow/.local/lib/python3.7/site-packages/airflow/example_dags/example_latest_only.py
[2023-04-13T20:33:47.948+0000] {processor.py:753} INFO - DAG(s) dict_keys(['latest_only']) retrieved from /home/airflow/.local/lib/python3.7/site-packages/airflow/example_dags/example_latest_only.py
[2023-04-13T20:33:47.963+0000] {logging_mixin.py:137} INFO - [2023-04-13T20:33:47.962+0000] {dag.py:2705} INFO - Sync 1 DAGs
[2023-04-13T20:33:48.020+0000] {logging_mixin.py:137} INFO - [2023-04-13T20:33:48.020+0000] {dag.py:3456} INFO - Setting next_dagrun for latest_only to 2023-04-13T16:33:48.019808+00:00, run_after=2023-04-13T20:33:48.019808+00:00
[2023-04-13T20:33:48.042+0000] {processor.py:175} INFO - Processing /home/airflow/.local/lib/python3.7/site-packages/airflow/example_dags/example_latest_only.py took 0.117 seconds
[2023-04-13T20:34:18.325+0000] {processor.py:153} INFO - Started process (PID=128) to work on /home/airflow/.local/lib/python3.7/site-packages/airflow/example_dags/example_latest_only.py
[2023-04-13T20:34:18.326+0000] {processor.py:743} INFO - Processing file /home/airflow/.local/lib/python3.7/site-packages/airflow/example_dags/example_latest_only.py for tasks to queue
[2023-04-13T20:34:18.326+0000] {logging_mixin.py:137} INFO - [2023-04-13T20:34:18.326+0000] {dagbag.py:532} INFO - Filling up the DagBag from /home/airflow/.local/lib/python3.7/site-packages/airflow/example_dags/example_latest_only.py
[2023-04-13T20:34:18.339+0000] {processor.py:753} INFO - DAG(s) dict_keys(['latest_only']) retrieved from /home/airflow/.local/lib/python3.7/site-packages/airflow/example_dags/example_latest_only.py
[2023-04-13T20:34:18.364+0000] {logging_mixin.py:137} INFO - [2023-04-13T20:34:18.363+0000] {dag.py:2705} INFO - Sync 1 DAGs
[2023-04-13T20:34:18.394+0000] {logging_mixin.py:137} INFO - [2023-04-13T20:34:18.394+0000] {dag.py:3456} INFO - Setting next_dagrun for latest_only to 2023-04-13T16:34:18.393901+00:00, run_after=2023-04-13T20:34:18.393901+00:00
[2023-04-13T20:34:18.413+0000] {processor.py:175} INFO - Processing /home/airflow/.local/lib/python3.7/site-packages/airflow/example_dags/example_latest_only.py took 0.090 seconds
[2023-04-13T20:34:48.555+0000] {processor.py:153} INFO - Started process (PID=178) to work on /home/airflow/.local/lib/python3.7/site-packages/airflow/example_dags/example_latest_only.py
[2023-04-13T20:34:48.556+0000] {processor.py:743} INFO - Processing file /home/airflow/.local/lib/python3.7/site-packages/airflow/example_dags/example_latest_only.py for tasks to queue
[2023-04-13T20:34:48.557+0000] {logging_mixin.py:137} INFO - [2023-04-13T20:34:48.557+0000] {dagbag.py:532} INFO - Filling up the DagBag from /home/airflow/.local/lib/python3.7/site-packages/airflow/example_dags/example_latest_only.py
[2023-04-13T20:34:48.572+0000] {processor.py:753} INFO - DAG(s) dict_keys(['latest_only']) retrieved from /home/airflow/.local/lib/python3.7/site-packages/airflow/example_dags/example_latest_only.py
[2023-04-13T20:34:48.598+0000] {logging_mixin.py:137} INFO - [2023-04-13T20:34:48.597+0000] {dag.py:2705} INFO - Sync 1 DAGs
[2023-04-13T20:34:48.625+0000] {logging_mixin.py:137} INFO - [2023-04-13T20:34:48.625+0000] {dag.py:3456} INFO - Setting next_dagrun for latest_only to 2023-04-13T16:34:48.625086+00:00, run_after=2023-04-13T20:34:48.625086+00:00
[2023-04-13T20:34:48.644+0000] {processor.py:175} INFO - Processing /home/airflow/.local/lib/python3.7/site-packages/airflow/example_dags/example_latest_only.py took 0.092 seconds
[2023-04-13T20:35:18.912+0000] {processor.py:153} INFO - Started process (PID=228) to work on /home/airflow/.local/lib/python3.7/site-packages/airflow/example_dags/example_latest_only.py
[2023-04-13T20:35:18.913+0000] {processor.py:743} INFO - Processing file /home/airflow/.local/lib/python3.7/site-packages/airflow/example_dags/example_latest_only.py for tasks to queue
[2023-04-13T20:35:18.913+0000] {logging_mixin.py:137} INFO - [2023-04-13T20:35:18.913+0000] {dagbag.py:532} INFO - Filling up the DagBag from /home/airflow/.local/lib/python3.7/site-packages/airflow/example_dags/example_latest_only.py
[2023-04-13T20:35:18.926+0000] {processor.py:753} INFO - DAG(s) dict_keys(['latest_only']) retrieved from /home/airflow/.local/lib/python3.7/site-packages/airflow/example_dags/example_latest_only.py
[2023-04-13T20:35:18.953+0000] {logging_mixin.py:137} INFO - [2023-04-13T20:35:18.953+0000] {dag.py:2705} INFO - Sync 1 DAGs
[2023-04-13T20:35:18.981+0000] {logging_mixin.py:137} INFO - [2023-04-13T20:35:18.981+0000] {dag.py:3456} INFO - Setting next_dagrun for latest_only to 2023-04-13T16:35:18.980967+00:00, run_after=2023-04-13T20:35:18.980967+00:00
[2023-04-13T20:35:19.007+0000] {processor.py:175} INFO - Processing /home/airflow/.local/lib/python3.7/site-packages/airflow/example_dags/example_latest_only.py took 0.098 seconds
[2023-04-13T20:35:49.493+0000] {processor.py:153} INFO - Started process (PID=278) to work on /home/airflow/.local/lib/python3.7/site-packages/airflow/example_dags/example_latest_only.py
[2023-04-13T20:35:49.494+0000] {processor.py:743} INFO - Processing file /home/airflow/.local/lib/python3.7/site-packages/airflow/example_dags/example_latest_only.py for tasks to queue
[2023-04-13T20:35:49.495+0000] {logging_mixin.py:137} INFO - [2023-04-13T20:35:49.494+0000] {dagbag.py:532} INFO - Filling up the DagBag from /home/airflow/.local/lib/python3.7/site-packages/airflow/example_dags/example_latest_only.py
[2023-04-13T20:35:49.513+0000] {processor.py:753} INFO - DAG(s) dict_keys(['latest_only']) retrieved from /home/airflow/.local/lib/python3.7/site-packages/airflow/example_dags/example_latest_only.py
[2023-04-13T20:35:49.541+0000] {logging_mixin.py:137} INFO - [2023-04-13T20:35:49.541+0000] {dag.py:2705} INFO - Sync 1 DAGs
[2023-04-13T20:35:49.573+0000] {logging_mixin.py:137} INFO - [2023-04-13T20:35:49.573+0000] {dag.py:3456} INFO - Setting next_dagrun for latest_only to 2023-04-13T16:35:49.573262+00:00, run_after=2023-04-13T20:35:49.573262+00:00
[2023-04-13T20:35:49.609+0000] {processor.py:175} INFO - Processing /home/airflow/.local/lib/python3.7/site-packages/airflow/example_dags/example_latest_only.py took 0.119 seconds
[2023-04-13T20:36:20.333+0000] {processor.py:153} INFO - Started process (PID=328) to work on /home/airflow/.local/lib/python3.7/site-packages/airflow/example_dags/example_latest_only.py
[2023-04-13T20:36:20.334+0000] {processor.py:743} INFO - Processing file /home/airflow/.local/lib/python3.7/site-packages/airflow/example_dags/example_latest_only.py for tasks to queue
[2023-04-13T20:36:20.335+0000] {logging_mixin.py:137} INFO - [2023-04-13T20:36:20.335+0000] {dagbag.py:532} INFO - Filling up the DagBag from /home/airflow/.local/lib/python3.7/site-packages/airflow/example_dags/example_latest_only.py
[2023-04-13T20:36:20.349+0000] {processor.py:753} INFO - DAG(s) dict_keys(['latest_only']) retrieved from /home/airflow/.local/lib/python3.7/site-packages/airflow/example_dags/example_latest_only.py
[2023-04-13T20:36:20.425+0000] {logging_mixin.py:137} INFO - [2023-04-13T20:36:20.425+0000] {dag.py:2705} INFO - Sync 1 DAGs
[2023-04-13T20:36:20.510+0000] {logging_mixin.py:137} INFO - [2023-04-13T20:36:20.509+0000] {dag.py:3456} INFO - Setting next_dagrun for latest_only to 2023-04-13T16:36:20.509612+00:00, run_after=2023-04-13T20:36:20.509612+00:00
[2023-04-13T20:36:20.540+0000] {processor.py:175} INFO - Processing /home/airflow/.local/lib/python3.7/site-packages/airflow/example_dags/example_latest_only.py took 0.210 seconds
[2023-04-13T20:36:51.094+0000] {processor.py:153} INFO - Started process (PID=378) to work on /home/airflow/.local/lib/python3.7/site-packages/airflow/example_dags/example_latest_only.py
[2023-04-13T20:36:51.095+0000] {processor.py:743} INFO - Processing file /home/airflow/.local/lib/python3.7/site-packages/airflow/example_dags/example_latest_only.py for tasks to queue
[2023-04-13T20:36:51.095+0000] {logging_mixin.py:137} INFO - [2023-04-13T20:36:51.095+0000] {dagbag.py:532} INFO - Filling up the DagBag from /home/airflow/.local/lib/python3.7/site-packages/airflow/example_dags/example_latest_only.py
[2023-04-13T20:36:51.108+0000] {processor.py:753} INFO - DAG(s) dict_keys(['latest_only']) retrieved from /home/airflow/.local/lib/python3.7/site-packages/airflow/example_dags/example_latest_only.py
[2023-04-13T20:36:51.136+0000] {logging_mixin.py:137} INFO - [2023-04-13T20:36:51.136+0000] {dag.py:2705} INFO - Sync 1 DAGs
[2023-04-13T20:36:51.164+0000] {logging_mixin.py:137} INFO - [2023-04-13T20:36:51.164+0000] {dag.py:3456} INFO - Setting next_dagrun for latest_only to 2023-04-13T16:36:51.163907+00:00, run_after=2023-04-13T20:36:51.163907+00:00
[2023-04-13T20:36:51.187+0000] {processor.py:175} INFO - Processing /home/airflow/.local/lib/python3.7/site-packages/airflow/example_dags/example_latest_only.py took 0.095 seconds
[2023-04-13T20:37:21.499+0000] {processor.py:153} INFO - Started process (PID=428) to work on /home/airflow/.local/lib/python3.7/site-packages/airflow/example_dags/example_latest_only.py
[2023-04-13T20:37:21.500+0000] {processor.py:743} INFO - Processing file /home/airflow/.local/lib/python3.7/site-packages/airflow/example_dags/example_latest_only.py for tasks to queue
[2023-04-13T20:37:21.501+0000] {logging_mixin.py:137} INFO - [2023-04-13T20:37:21.501+0000] {dagbag.py:532} INFO - Filling up the DagBag from /home/airflow/.local/lib/python3.7/site-packages/airflow/example_dags/example_latest_only.py
[2023-04-13T20:37:21.518+0000] {processor.py:753} INFO - DAG(s) dict_keys(['latest_only']) retrieved from /home/airflow/.local/lib/python3.7/site-packages/airflow/example_dags/example_latest_only.py
[2023-04-13T20:37:21.549+0000] {logging_mixin.py:137} INFO - [2023-04-13T20:37:21.549+0000] {dag.py:2705} INFO - Sync 1 DAGs
[2023-04-13T20:37:21.584+0000] {logging_mixin.py:137} INFO - [2023-04-13T20:37:21.584+0000] {dag.py:3456} INFO - Setting next_dagrun for latest_only to 2023-04-13T16:37:21.584146+00:00, run_after=2023-04-13T20:37:21.584146+00:00
[2023-04-13T20:37:21.605+0000] {processor.py:175} INFO - Processing /home/airflow/.local/lib/python3.7/site-packages/airflow/example_dags/example_latest_only.py took 0.110 seconds
[2023-04-13T20:37:51.629+0000] {processor.py:153} INFO - Started process (PID=479) to work on /home/airflow/.local/lib/python3.7/site-packages/airflow/example_dags/example_latest_only.py
[2023-04-13T20:37:51.630+0000] {processor.py:743} INFO - Processing file /home/airflow/.local/lib/python3.7/site-packages/airflow/example_dags/example_latest_only.py for tasks to queue
[2023-04-13T20:37:51.631+0000] {logging_mixin.py:137} INFO - [2023-04-13T20:37:51.631+0000] {dagbag.py:532} INFO - Filling up the DagBag from /home/airflow/.local/lib/python3.7/site-packages/airflow/example_dags/example_latest_only.py
[2023-04-13T20:37:51.644+0000] {processor.py:753} INFO - DAG(s) dict_keys(['latest_only']) retrieved from /home/airflow/.local/lib/python3.7/site-packages/airflow/example_dags/example_latest_only.py
[2023-04-13T20:37:51.670+0000] {logging_mixin.py:137} INFO - [2023-04-13T20:37:51.669+0000] {dag.py:2705} INFO - Sync 1 DAGs
[2023-04-13T20:37:51.699+0000] {logging_mixin.py:137} INFO - [2023-04-13T20:37:51.699+0000] {dag.py:3456} INFO - Setting next_dagrun for latest_only to 2023-04-13T16:37:51.699518+00:00, run_after=2023-04-13T20:37:51.699518+00:00
[2023-04-13T20:37:51.720+0000] {processor.py:175} INFO - Processing /home/airflow/.local/lib/python3.7/site-packages/airflow/example_dags/example_latest_only.py took 0.094 seconds
[2023-04-13T20:38:22.223+0000] {processor.py:153} INFO - Started process (PID=529) to work on /home/airflow/.local/lib/python3.7/site-packages/airflow/example_dags/example_latest_only.py
[2023-04-13T20:38:22.225+0000] {processor.py:743} INFO - Processing file /home/airflow/.local/lib/python3.7/site-packages/airflow/example_dags/example_latest_only.py for tasks to queue
[2023-04-13T20:38:22.226+0000] {logging_mixin.py:137} INFO - [2023-04-13T20:38:22.226+0000] {dagbag.py:532} INFO - Filling up the DagBag from /home/airflow/.local/lib/python3.7/site-packages/airflow/example_dags/example_latest_only.py
[2023-04-13T20:38:22.245+0000] {processor.py:753} INFO - DAG(s) dict_keys(['latest_only']) retrieved from /home/airflow/.local/lib/python3.7/site-packages/airflow/example_dags/example_latest_only.py
[2023-04-13T20:38:22.282+0000] {logging_mixin.py:137} INFO - [2023-04-13T20:38:22.282+0000] {dag.py:2705} INFO - Sync 1 DAGs
[2023-04-13T20:38:22.326+0000] {logging_mixin.py:137} INFO - [2023-04-13T20:38:22.326+0000] {dag.py:3456} INFO - Setting next_dagrun for latest_only to 2023-04-13T16:38:22.325762+00:00, run_after=2023-04-13T20:38:22.325762+00:00
[2023-04-13T20:38:22.359+0000] {processor.py:175} INFO - Processing /home/airflow/.local/lib/python3.7/site-packages/airflow/example_dags/example_latest_only.py took 0.139 seconds
