[2023-04-13T20:33:48.492+0000] {processor.py:153} INFO - Started process (PID=84) to work on /home/airflow/.local/lib/python3.7/site-packages/airflow/example_dags/example_python_operator.py
[2023-04-13T20:33:48.492+0000] {processor.py:743} INFO - Processing file /home/airflow/.local/lib/python3.7/site-packages/airflow/example_dags/example_python_operator.py for tasks to queue
[2023-04-13T20:33:48.502+0000] {logging_mixin.py:137} INFO - [2023-04-13T20:33:48.501+0000] {dagbag.py:532} INFO - Filling up the DagBag from /home/airflow/.local/lib/python3.7/site-packages/airflow/example_dags/example_python_operator.py
[2023-04-13T20:33:48.528+0000] {logging_mixin.py:137} INFO - [2023-04-13T20:33:48.527+0000] {taskmixin.py:211} WARNING - Dependency <Task(_PythonDecoratedOperator): print_the_context>, log_sql_query already registered for DAG: example_python_operator
[2023-04-13T20:33:48.528+0000] {logging_mixin.py:137} INFO - [2023-04-13T20:33:48.528+0000] {taskmixin.py:211} WARNING - Dependency <Task(_PythonDecoratedOperator): log_sql_query>, print_the_context already registered for DAG: example_python_operator
[2023-04-13T20:33:48.529+0000] {logging_mixin.py:137} INFO - [2023-04-13T20:33:48.529+0000] {taskmixin.py:211} WARNING - Dependency <Task(_PythonDecoratedOperator): print_the_context>, log_sql_query already registered for DAG: example_python_operator
[2023-04-13T20:33:48.529+0000] {logging_mixin.py:137} INFO - [2023-04-13T20:33:48.529+0000] {taskmixin.py:211} WARNING - Dependency <Task(_PythonDecoratedOperator): log_sql_query>, print_the_context already registered for DAG: example_python_operator
[2023-04-13T20:33:48.530+0000] {logging_mixin.py:137} INFO - [2023-04-13T20:33:48.530+0000] {taskmixin.py:211} WARNING - Dependency <Task(_PythonDecoratedOperator): print_the_context>, log_sql_query already registered for DAG: example_python_operator
[2023-04-13T20:33:48.530+0000] {logging_mixin.py:137} INFO - [2023-04-13T20:33:48.530+0000] {taskmixin.py:211} WARNING - Dependency <Task(_PythonDecoratedOperator): log_sql_query>, print_the_context already registered for DAG: example_python_operator
[2023-04-13T20:33:48.531+0000] {logging_mixin.py:137} INFO - [2023-04-13T20:33:48.531+0000] {taskmixin.py:211} WARNING - Dependency <Task(_PythonDecoratedOperator): print_the_context>, log_sql_query already registered for DAG: example_python_operator
[2023-04-13T20:33:48.531+0000] {logging_mixin.py:137} INFO - [2023-04-13T20:33:48.531+0000] {taskmixin.py:211} WARNING - Dependency <Task(_PythonDecoratedOperator): log_sql_query>, print_the_context already registered for DAG: example_python_operator
[2023-04-13T20:33:48.541+0000] {processor.py:753} INFO - DAG(s) dict_keys(['example_python_operator']) retrieved from /home/airflow/.local/lib/python3.7/site-packages/airflow/example_dags/example_python_operator.py
[2023-04-13T20:33:48.558+0000] {logging_mixin.py:137} INFO - [2023-04-13T20:33:48.557+0000] {dag.py:2705} INFO - Sync 1 DAGs
[2023-04-13T20:33:48.593+0000] {logging_mixin.py:137} INFO - [2023-04-13T20:33:48.593+0000] {dag.py:3456} INFO - Setting next_dagrun for example_python_operator to None, run_after=None
[2023-04-13T20:33:48.622+0000] {processor.py:175} INFO - Processing /home/airflow/.local/lib/python3.7/site-packages/airflow/example_dags/example_python_operator.py took 0.134 seconds
[2023-04-13T20:34:18.884+0000] {processor.py:153} INFO - Started process (PID=134) to work on /home/airflow/.local/lib/python3.7/site-packages/airflow/example_dags/example_python_operator.py
[2023-04-13T20:34:18.885+0000] {processor.py:743} INFO - Processing file /home/airflow/.local/lib/python3.7/site-packages/airflow/example_dags/example_python_operator.py for tasks to queue
[2023-04-13T20:34:18.886+0000] {logging_mixin.py:137} INFO - [2023-04-13T20:34:18.885+0000] {dagbag.py:532} INFO - Filling up the DagBag from /home/airflow/.local/lib/python3.7/site-packages/airflow/example_dags/example_python_operator.py
[2023-04-13T20:34:18.903+0000] {logging_mixin.py:137} INFO - [2023-04-13T20:34:18.903+0000] {taskmixin.py:211} WARNING - Dependency <Task(_PythonDecoratedOperator): print_the_context>, log_sql_query already registered for DAG: example_python_operator
[2023-04-13T20:34:18.903+0000] {logging_mixin.py:137} INFO - [2023-04-13T20:34:18.903+0000] {taskmixin.py:211} WARNING - Dependency <Task(_PythonDecoratedOperator): log_sql_query>, print_the_context already registered for DAG: example_python_operator
[2023-04-13T20:34:18.904+0000] {logging_mixin.py:137} INFO - [2023-04-13T20:34:18.904+0000] {taskmixin.py:211} WARNING - Dependency <Task(_PythonDecoratedOperator): print_the_context>, log_sql_query already registered for DAG: example_python_operator
[2023-04-13T20:34:18.904+0000] {logging_mixin.py:137} INFO - [2023-04-13T20:34:18.904+0000] {taskmixin.py:211} WARNING - Dependency <Task(_PythonDecoratedOperator): log_sql_query>, print_the_context already registered for DAG: example_python_operator
[2023-04-13T20:34:18.905+0000] {logging_mixin.py:137} INFO - [2023-04-13T20:34:18.905+0000] {taskmixin.py:211} WARNING - Dependency <Task(_PythonDecoratedOperator): print_the_context>, log_sql_query already registered for DAG: example_python_operator
[2023-04-13T20:34:18.905+0000] {logging_mixin.py:137} INFO - [2023-04-13T20:34:18.905+0000] {taskmixin.py:211} WARNING - Dependency <Task(_PythonDecoratedOperator): log_sql_query>, print_the_context already registered for DAG: example_python_operator
[2023-04-13T20:34:18.906+0000] {logging_mixin.py:137} INFO - [2023-04-13T20:34:18.905+0000] {taskmixin.py:211} WARNING - Dependency <Task(_PythonDecoratedOperator): print_the_context>, log_sql_query already registered for DAG: example_python_operator
[2023-04-13T20:34:18.906+0000] {logging_mixin.py:137} INFO - [2023-04-13T20:34:18.906+0000] {taskmixin.py:211} WARNING - Dependency <Task(_PythonDecoratedOperator): log_sql_query>, print_the_context already registered for DAG: example_python_operator
[2023-04-13T20:34:18.913+0000] {processor.py:753} INFO - DAG(s) dict_keys(['example_python_operator']) retrieved from /home/airflow/.local/lib/python3.7/site-packages/airflow/example_dags/example_python_operator.py
[2023-04-13T20:34:18.982+0000] {logging_mixin.py:137} INFO - [2023-04-13T20:34:18.982+0000] {dag.py:2705} INFO - Sync 1 DAGs
[2023-04-13T20:34:19.006+0000] {logging_mixin.py:137} INFO - [2023-04-13T20:34:19.006+0000] {dag.py:3456} INFO - Setting next_dagrun for example_python_operator to None, run_after=None
[2023-04-13T20:34:19.026+0000] {processor.py:175} INFO - Processing /home/airflow/.local/lib/python3.7/site-packages/airflow/example_dags/example_python_operator.py took 0.145 seconds
[2023-04-13T20:34:50.028+0000] {processor.py:153} INFO - Started process (PID=184) to work on /home/airflow/.local/lib/python3.7/site-packages/airflow/example_dags/example_python_operator.py
[2023-04-13T20:34:50.029+0000] {processor.py:743} INFO - Processing file /home/airflow/.local/lib/python3.7/site-packages/airflow/example_dags/example_python_operator.py for tasks to queue
[2023-04-13T20:34:50.030+0000] {logging_mixin.py:137} INFO - [2023-04-13T20:34:50.029+0000] {dagbag.py:532} INFO - Filling up the DagBag from /home/airflow/.local/lib/python3.7/site-packages/airflow/example_dags/example_python_operator.py
[2023-04-13T20:34:50.051+0000] {logging_mixin.py:137} INFO - [2023-04-13T20:34:50.051+0000] {taskmixin.py:211} WARNING - Dependency <Task(_PythonDecoratedOperator): print_the_context>, log_sql_query already registered for DAG: example_python_operator
[2023-04-13T20:34:50.051+0000] {logging_mixin.py:137} INFO - [2023-04-13T20:34:50.051+0000] {taskmixin.py:211} WARNING - Dependency <Task(_PythonDecoratedOperator): log_sql_query>, print_the_context already registered for DAG: example_python_operator
[2023-04-13T20:34:50.052+0000] {logging_mixin.py:137} INFO - [2023-04-13T20:34:50.052+0000] {taskmixin.py:211} WARNING - Dependency <Task(_PythonDecoratedOperator): print_the_context>, log_sql_query already registered for DAG: example_python_operator
[2023-04-13T20:34:50.052+0000] {logging_mixin.py:137} INFO - [2023-04-13T20:34:50.052+0000] {taskmixin.py:211} WARNING - Dependency <Task(_PythonDecoratedOperator): log_sql_query>, print_the_context already registered for DAG: example_python_operator
[2023-04-13T20:34:50.053+0000] {logging_mixin.py:137} INFO - [2023-04-13T20:34:50.053+0000] {taskmixin.py:211} WARNING - Dependency <Task(_PythonDecoratedOperator): print_the_context>, log_sql_query already registered for DAG: example_python_operator
[2023-04-13T20:34:50.053+0000] {logging_mixin.py:137} INFO - [2023-04-13T20:34:50.053+0000] {taskmixin.py:211} WARNING - Dependency <Task(_PythonDecoratedOperator): log_sql_query>, print_the_context already registered for DAG: example_python_operator
[2023-04-13T20:34:50.054+0000] {logging_mixin.py:137} INFO - [2023-04-13T20:34:50.054+0000] {taskmixin.py:211} WARNING - Dependency <Task(_PythonDecoratedOperator): print_the_context>, log_sql_query already registered for DAG: example_python_operator
[2023-04-13T20:34:50.054+0000] {logging_mixin.py:137} INFO - [2023-04-13T20:34:50.054+0000] {taskmixin.py:211} WARNING - Dependency <Task(_PythonDecoratedOperator): log_sql_query>, print_the_context already registered for DAG: example_python_operator
[2023-04-13T20:34:50.061+0000] {processor.py:753} INFO - DAG(s) dict_keys(['example_python_operator']) retrieved from /home/airflow/.local/lib/python3.7/site-packages/airflow/example_dags/example_python_operator.py
[2023-04-13T20:34:50.095+0000] {logging_mixin.py:137} INFO - [2023-04-13T20:34:50.095+0000] {dag.py:2705} INFO - Sync 1 DAGs
[2023-04-13T20:34:50.133+0000] {logging_mixin.py:137} INFO - [2023-04-13T20:34:50.133+0000] {dag.py:3456} INFO - Setting next_dagrun for example_python_operator to None, run_after=None
[2023-04-13T20:34:50.153+0000] {processor.py:175} INFO - Processing /home/airflow/.local/lib/python3.7/site-packages/airflow/example_dags/example_python_operator.py took 0.129 seconds
[2023-04-13T20:35:20.296+0000] {processor.py:153} INFO - Started process (PID=234) to work on /home/airflow/.local/lib/python3.7/site-packages/airflow/example_dags/example_python_operator.py
[2023-04-13T20:35:20.297+0000] {processor.py:743} INFO - Processing file /home/airflow/.local/lib/python3.7/site-packages/airflow/example_dags/example_python_operator.py for tasks to queue
[2023-04-13T20:35:20.297+0000] {logging_mixin.py:137} INFO - [2023-04-13T20:35:20.297+0000] {dagbag.py:532} INFO - Filling up the DagBag from /home/airflow/.local/lib/python3.7/site-packages/airflow/example_dags/example_python_operator.py
[2023-04-13T20:35:20.317+0000] {logging_mixin.py:137} INFO - [2023-04-13T20:35:20.317+0000] {taskmixin.py:211} WARNING - Dependency <Task(_PythonDecoratedOperator): print_the_context>, log_sql_query already registered for DAG: example_python_operator
[2023-04-13T20:35:20.318+0000] {logging_mixin.py:137} INFO - [2023-04-13T20:35:20.318+0000] {taskmixin.py:211} WARNING - Dependency <Task(_PythonDecoratedOperator): log_sql_query>, print_the_context already registered for DAG: example_python_operator
[2023-04-13T20:35:20.319+0000] {logging_mixin.py:137} INFO - [2023-04-13T20:35:20.318+0000] {taskmixin.py:211} WARNING - Dependency <Task(_PythonDecoratedOperator): print_the_context>, log_sql_query already registered for DAG: example_python_operator
[2023-04-13T20:35:20.319+0000] {logging_mixin.py:137} INFO - [2023-04-13T20:35:20.319+0000] {taskmixin.py:211} WARNING - Dependency <Task(_PythonDecoratedOperator): log_sql_query>, print_the_context already registered for DAG: example_python_operator
[2023-04-13T20:35:20.320+0000] {logging_mixin.py:137} INFO - [2023-04-13T20:35:20.320+0000] {taskmixin.py:211} WARNING - Dependency <Task(_PythonDecoratedOperator): print_the_context>, log_sql_query already registered for DAG: example_python_operator
[2023-04-13T20:35:20.320+0000] {logging_mixin.py:137} INFO - [2023-04-13T20:35:20.320+0000] {taskmixin.py:211} WARNING - Dependency <Task(_PythonDecoratedOperator): log_sql_query>, print_the_context already registered for DAG: example_python_operator
[2023-04-13T20:35:20.321+0000] {logging_mixin.py:137} INFO - [2023-04-13T20:35:20.321+0000] {taskmixin.py:211} WARNING - Dependency <Task(_PythonDecoratedOperator): print_the_context>, log_sql_query already registered for DAG: example_python_operator
[2023-04-13T20:35:20.322+0000] {logging_mixin.py:137} INFO - [2023-04-13T20:35:20.322+0000] {taskmixin.py:211} WARNING - Dependency <Task(_PythonDecoratedOperator): log_sql_query>, print_the_context already registered for DAG: example_python_operator
[2023-04-13T20:35:20.333+0000] {processor.py:753} INFO - DAG(s) dict_keys(['example_python_operator']) retrieved from /home/airflow/.local/lib/python3.7/site-packages/airflow/example_dags/example_python_operator.py
[2023-04-13T20:35:20.414+0000] {logging_mixin.py:137} INFO - [2023-04-13T20:35:20.413+0000] {dag.py:2705} INFO - Sync 1 DAGs
[2023-04-13T20:35:20.444+0000] {logging_mixin.py:137} INFO - [2023-04-13T20:35:20.443+0000] {dag.py:3456} INFO - Setting next_dagrun for example_python_operator to None, run_after=None
[2023-04-13T20:35:20.502+0000] {processor.py:175} INFO - Processing /home/airflow/.local/lib/python3.7/site-packages/airflow/example_dags/example_python_operator.py took 0.209 seconds
[2023-04-13T20:35:50.955+0000] {processor.py:153} INFO - Started process (PID=284) to work on /home/airflow/.local/lib/python3.7/site-packages/airflow/example_dags/example_python_operator.py
[2023-04-13T20:35:50.956+0000] {processor.py:743} INFO - Processing file /home/airflow/.local/lib/python3.7/site-packages/airflow/example_dags/example_python_operator.py for tasks to queue
[2023-04-13T20:35:50.957+0000] {logging_mixin.py:137} INFO - [2023-04-13T20:35:50.957+0000] {dagbag.py:532} INFO - Filling up the DagBag from /home/airflow/.local/lib/python3.7/site-packages/airflow/example_dags/example_python_operator.py
[2023-04-13T20:35:50.976+0000] {logging_mixin.py:137} INFO - [2023-04-13T20:35:50.976+0000] {taskmixin.py:211} WARNING - Dependency <Task(_PythonDecoratedOperator): print_the_context>, log_sql_query already registered for DAG: example_python_operator
[2023-04-13T20:35:50.976+0000] {logging_mixin.py:137} INFO - [2023-04-13T20:35:50.976+0000] {taskmixin.py:211} WARNING - Dependency <Task(_PythonDecoratedOperator): log_sql_query>, print_the_context already registered for DAG: example_python_operator
[2023-04-13T20:35:50.977+0000] {logging_mixin.py:137} INFO - [2023-04-13T20:35:50.977+0000] {taskmixin.py:211} WARNING - Dependency <Task(_PythonDecoratedOperator): print_the_context>, log_sql_query already registered for DAG: example_python_operator
[2023-04-13T20:35:50.977+0000] {logging_mixin.py:137} INFO - [2023-04-13T20:35:50.977+0000] {taskmixin.py:211} WARNING - Dependency <Task(_PythonDecoratedOperator): log_sql_query>, print_the_context already registered for DAG: example_python_operator
[2023-04-13T20:35:50.978+0000] {logging_mixin.py:137} INFO - [2023-04-13T20:35:50.978+0000] {taskmixin.py:211} WARNING - Dependency <Task(_PythonDecoratedOperator): print_the_context>, log_sql_query already registered for DAG: example_python_operator
[2023-04-13T20:35:50.978+0000] {logging_mixin.py:137} INFO - [2023-04-13T20:35:50.978+0000] {taskmixin.py:211} WARNING - Dependency <Task(_PythonDecoratedOperator): log_sql_query>, print_the_context already registered for DAG: example_python_operator
[2023-04-13T20:35:50.979+0000] {logging_mixin.py:137} INFO - [2023-04-13T20:35:50.979+0000] {taskmixin.py:211} WARNING - Dependency <Task(_PythonDecoratedOperator): print_the_context>, log_sql_query already registered for DAG: example_python_operator
[2023-04-13T20:35:50.979+0000] {logging_mixin.py:137} INFO - [2023-04-13T20:35:50.979+0000] {taskmixin.py:211} WARNING - Dependency <Task(_PythonDecoratedOperator): log_sql_query>, print_the_context already registered for DAG: example_python_operator
[2023-04-13T20:35:50.986+0000] {processor.py:753} INFO - DAG(s) dict_keys(['example_python_operator']) retrieved from /home/airflow/.local/lib/python3.7/site-packages/airflow/example_dags/example_python_operator.py
[2023-04-13T20:35:51.025+0000] {logging_mixin.py:137} INFO - [2023-04-13T20:35:51.025+0000] {dag.py:2705} INFO - Sync 1 DAGs
[2023-04-13T20:35:51.053+0000] {logging_mixin.py:137} INFO - [2023-04-13T20:35:51.053+0000] {dag.py:3456} INFO - Setting next_dagrun for example_python_operator to None, run_after=None
[2023-04-13T20:35:51.071+0000] {processor.py:175} INFO - Processing /home/airflow/.local/lib/python3.7/site-packages/airflow/example_dags/example_python_operator.py took 0.119 seconds
[2023-04-13T20:36:21.187+0000] {processor.py:153} INFO - Started process (PID=334) to work on /home/airflow/.local/lib/python3.7/site-packages/airflow/example_dags/example_python_operator.py
[2023-04-13T20:36:21.191+0000] {processor.py:743} INFO - Processing file /home/airflow/.local/lib/python3.7/site-packages/airflow/example_dags/example_python_operator.py for tasks to queue
[2023-04-13T20:36:21.191+0000] {logging_mixin.py:137} INFO - [2023-04-13T20:36:21.191+0000] {dagbag.py:532} INFO - Filling up the DagBag from /home/airflow/.local/lib/python3.7/site-packages/airflow/example_dags/example_python_operator.py
[2023-04-13T20:36:21.216+0000] {logging_mixin.py:137} INFO - [2023-04-13T20:36:21.215+0000] {taskmixin.py:211} WARNING - Dependency <Task(_PythonDecoratedOperator): print_the_context>, log_sql_query already registered for DAG: example_python_operator
[2023-04-13T20:36:21.216+0000] {logging_mixin.py:137} INFO - [2023-04-13T20:36:21.216+0000] {taskmixin.py:211} WARNING - Dependency <Task(_PythonDecoratedOperator): log_sql_query>, print_the_context already registered for DAG: example_python_operator
[2023-04-13T20:36:21.217+0000] {logging_mixin.py:137} INFO - [2023-04-13T20:36:21.216+0000] {taskmixin.py:211} WARNING - Dependency <Task(_PythonDecoratedOperator): print_the_context>, log_sql_query already registered for DAG: example_python_operator
[2023-04-13T20:36:21.217+0000] {logging_mixin.py:137} INFO - [2023-04-13T20:36:21.217+0000] {taskmixin.py:211} WARNING - Dependency <Task(_PythonDecoratedOperator): log_sql_query>, print_the_context already registered for DAG: example_python_operator
[2023-04-13T20:36:21.218+0000] {logging_mixin.py:137} INFO - [2023-04-13T20:36:21.217+0000] {taskmixin.py:211} WARNING - Dependency <Task(_PythonDecoratedOperator): print_the_context>, log_sql_query already registered for DAG: example_python_operator
[2023-04-13T20:36:21.218+0000] {logging_mixin.py:137} INFO - [2023-04-13T20:36:21.218+0000] {taskmixin.py:211} WARNING - Dependency <Task(_PythonDecoratedOperator): log_sql_query>, print_the_context already registered for DAG: example_python_operator
[2023-04-13T20:36:21.219+0000] {logging_mixin.py:137} INFO - [2023-04-13T20:36:21.218+0000] {taskmixin.py:211} WARNING - Dependency <Task(_PythonDecoratedOperator): print_the_context>, log_sql_query already registered for DAG: example_python_operator
[2023-04-13T20:36:21.219+0000] {logging_mixin.py:137} INFO - [2023-04-13T20:36:21.219+0000] {taskmixin.py:211} WARNING - Dependency <Task(_PythonDecoratedOperator): log_sql_query>, print_the_context already registered for DAG: example_python_operator
[2023-04-13T20:36:21.228+0000] {processor.py:753} INFO - DAG(s) dict_keys(['example_python_operator']) retrieved from /home/airflow/.local/lib/python3.7/site-packages/airflow/example_dags/example_python_operator.py
[2023-04-13T20:36:21.262+0000] {logging_mixin.py:137} INFO - [2023-04-13T20:36:21.262+0000] {dag.py:2705} INFO - Sync 1 DAGs
[2023-04-13T20:36:21.290+0000] {logging_mixin.py:137} INFO - [2023-04-13T20:36:21.290+0000] {dag.py:3456} INFO - Setting next_dagrun for example_python_operator to None, run_after=None
[2023-04-13T20:36:21.322+0000] {processor.py:175} INFO - Processing /home/airflow/.local/lib/python3.7/site-packages/airflow/example_dags/example_python_operator.py took 0.138 seconds
[2023-04-13T20:36:51.468+0000] {processor.py:153} INFO - Started process (PID=383) to work on /home/airflow/.local/lib/python3.7/site-packages/airflow/example_dags/example_python_operator.py
[2023-04-13T20:36:51.469+0000] {processor.py:743} INFO - Processing file /home/airflow/.local/lib/python3.7/site-packages/airflow/example_dags/example_python_operator.py for tasks to queue
[2023-04-13T20:36:51.469+0000] {logging_mixin.py:137} INFO - [2023-04-13T20:36:51.469+0000] {dagbag.py:532} INFO - Filling up the DagBag from /home/airflow/.local/lib/python3.7/site-packages/airflow/example_dags/example_python_operator.py
[2023-04-13T20:36:51.489+0000] {logging_mixin.py:137} INFO - [2023-04-13T20:36:51.489+0000] {taskmixin.py:211} WARNING - Dependency <Task(_PythonDecoratedOperator): print_the_context>, log_sql_query already registered for DAG: example_python_operator
[2023-04-13T20:36:51.489+0000] {logging_mixin.py:137} INFO - [2023-04-13T20:36:51.489+0000] {taskmixin.py:211} WARNING - Dependency <Task(_PythonDecoratedOperator): log_sql_query>, print_the_context already registered for DAG: example_python_operator
[2023-04-13T20:36:51.490+0000] {logging_mixin.py:137} INFO - [2023-04-13T20:36:51.490+0000] {taskmixin.py:211} WARNING - Dependency <Task(_PythonDecoratedOperator): print_the_context>, log_sql_query already registered for DAG: example_python_operator
[2023-04-13T20:36:51.490+0000] {logging_mixin.py:137} INFO - [2023-04-13T20:36:51.490+0000] {taskmixin.py:211} WARNING - Dependency <Task(_PythonDecoratedOperator): log_sql_query>, print_the_context already registered for DAG: example_python_operator
[2023-04-13T20:36:51.491+0000] {logging_mixin.py:137} INFO - [2023-04-13T20:36:51.491+0000] {taskmixin.py:211} WARNING - Dependency <Task(_PythonDecoratedOperator): print_the_context>, log_sql_query already registered for DAG: example_python_operator
[2023-04-13T20:36:51.491+0000] {logging_mixin.py:137} INFO - [2023-04-13T20:36:51.491+0000] {taskmixin.py:211} WARNING - Dependency <Task(_PythonDecoratedOperator): log_sql_query>, print_the_context already registered for DAG: example_python_operator
[2023-04-13T20:36:51.492+0000] {logging_mixin.py:137} INFO - [2023-04-13T20:36:51.492+0000] {taskmixin.py:211} WARNING - Dependency <Task(_PythonDecoratedOperator): print_the_context>, log_sql_query already registered for DAG: example_python_operator
[2023-04-13T20:36:51.492+0000] {logging_mixin.py:137} INFO - [2023-04-13T20:36:51.492+0000] {taskmixin.py:211} WARNING - Dependency <Task(_PythonDecoratedOperator): log_sql_query>, print_the_context already registered for DAG: example_python_operator
[2023-04-13T20:36:51.500+0000] {processor.py:753} INFO - DAG(s) dict_keys(['example_python_operator']) retrieved from /home/airflow/.local/lib/python3.7/site-packages/airflow/example_dags/example_python_operator.py
[2023-04-13T20:36:51.534+0000] {logging_mixin.py:137} INFO - [2023-04-13T20:36:51.534+0000] {dag.py:2705} INFO - Sync 1 DAGs
[2023-04-13T20:36:51.562+0000] {logging_mixin.py:137} INFO - [2023-04-13T20:36:51.562+0000] {dag.py:3456} INFO - Setting next_dagrun for example_python_operator to None, run_after=None
[2023-04-13T20:36:51.582+0000] {processor.py:175} INFO - Processing /home/airflow/.local/lib/python3.7/site-packages/airflow/example_dags/example_python_operator.py took 0.118 seconds
[2023-04-13T20:37:21.847+0000] {processor.py:153} INFO - Started process (PID=433) to work on /home/airflow/.local/lib/python3.7/site-packages/airflow/example_dags/example_python_operator.py
[2023-04-13T20:37:21.848+0000] {processor.py:743} INFO - Processing file /home/airflow/.local/lib/python3.7/site-packages/airflow/example_dags/example_python_operator.py for tasks to queue
[2023-04-13T20:37:21.849+0000] {logging_mixin.py:137} INFO - [2023-04-13T20:37:21.849+0000] {dagbag.py:532} INFO - Filling up the DagBag from /home/airflow/.local/lib/python3.7/site-packages/airflow/example_dags/example_python_operator.py
[2023-04-13T20:37:21.868+0000] {logging_mixin.py:137} INFO - [2023-04-13T20:37:21.868+0000] {taskmixin.py:211} WARNING - Dependency <Task(_PythonDecoratedOperator): print_the_context>, log_sql_query already registered for DAG: example_python_operator
[2023-04-13T20:37:21.869+0000] {logging_mixin.py:137} INFO - [2023-04-13T20:37:21.869+0000] {taskmixin.py:211} WARNING - Dependency <Task(_PythonDecoratedOperator): log_sql_query>, print_the_context already registered for DAG: example_python_operator
[2023-04-13T20:37:21.870+0000] {logging_mixin.py:137} INFO - [2023-04-13T20:37:21.870+0000] {taskmixin.py:211} WARNING - Dependency <Task(_PythonDecoratedOperator): print_the_context>, log_sql_query already registered for DAG: example_python_operator
[2023-04-13T20:37:21.870+0000] {logging_mixin.py:137} INFO - [2023-04-13T20:37:21.870+0000] {taskmixin.py:211} WARNING - Dependency <Task(_PythonDecoratedOperator): log_sql_query>, print_the_context already registered for DAG: example_python_operator
[2023-04-13T20:37:21.871+0000] {logging_mixin.py:137} INFO - [2023-04-13T20:37:21.871+0000] {taskmixin.py:211} WARNING - Dependency <Task(_PythonDecoratedOperator): print_the_context>, log_sql_query already registered for DAG: example_python_operator
[2023-04-13T20:37:21.872+0000] {logging_mixin.py:137} INFO - [2023-04-13T20:37:21.871+0000] {taskmixin.py:211} WARNING - Dependency <Task(_PythonDecoratedOperator): log_sql_query>, print_the_context already registered for DAG: example_python_operator
[2023-04-13T20:37:21.872+0000] {logging_mixin.py:137} INFO - [2023-04-13T20:37:21.872+0000] {taskmixin.py:211} WARNING - Dependency <Task(_PythonDecoratedOperator): print_the_context>, log_sql_query already registered for DAG: example_python_operator
[2023-04-13T20:37:21.873+0000] {logging_mixin.py:137} INFO - [2023-04-13T20:37:21.873+0000] {taskmixin.py:211} WARNING - Dependency <Task(_PythonDecoratedOperator): log_sql_query>, print_the_context already registered for DAG: example_python_operator
[2023-04-13T20:37:21.880+0000] {processor.py:753} INFO - DAG(s) dict_keys(['example_python_operator']) retrieved from /home/airflow/.local/lib/python3.7/site-packages/airflow/example_dags/example_python_operator.py
[2023-04-13T20:37:21.916+0000] {logging_mixin.py:137} INFO - [2023-04-13T20:37:21.915+0000] {dag.py:2705} INFO - Sync 1 DAGs
[2023-04-13T20:37:21.944+0000] {logging_mixin.py:137} INFO - [2023-04-13T20:37:21.943+0000] {dag.py:3456} INFO - Setting next_dagrun for example_python_operator to None, run_after=None
[2023-04-13T20:37:21.962+0000] {processor.py:175} INFO - Processing /home/airflow/.local/lib/python3.7/site-packages/airflow/example_dags/example_python_operator.py took 0.118 seconds
[2023-04-13T20:37:52.144+0000] {processor.py:153} INFO - Started process (PID=484) to work on /home/airflow/.local/lib/python3.7/site-packages/airflow/example_dags/example_python_operator.py
[2023-04-13T20:37:52.145+0000] {processor.py:743} INFO - Processing file /home/airflow/.local/lib/python3.7/site-packages/airflow/example_dags/example_python_operator.py for tasks to queue
[2023-04-13T20:37:52.146+0000] {logging_mixin.py:137} INFO - [2023-04-13T20:37:52.146+0000] {dagbag.py:532} INFO - Filling up the DagBag from /home/airflow/.local/lib/python3.7/site-packages/airflow/example_dags/example_python_operator.py
[2023-04-13T20:37:52.165+0000] {logging_mixin.py:137} INFO - [2023-04-13T20:37:52.164+0000] {taskmixin.py:211} WARNING - Dependency <Task(_PythonDecoratedOperator): print_the_context>, log_sql_query already registered for DAG: example_python_operator
[2023-04-13T20:37:52.165+0000] {logging_mixin.py:137} INFO - [2023-04-13T20:37:52.165+0000] {taskmixin.py:211} WARNING - Dependency <Task(_PythonDecoratedOperator): log_sql_query>, print_the_context already registered for DAG: example_python_operator
[2023-04-13T20:37:52.166+0000] {logging_mixin.py:137} INFO - [2023-04-13T20:37:52.166+0000] {taskmixin.py:211} WARNING - Dependency <Task(_PythonDecoratedOperator): print_the_context>, log_sql_query already registered for DAG: example_python_operator
[2023-04-13T20:37:52.166+0000] {logging_mixin.py:137} INFO - [2023-04-13T20:37:52.166+0000] {taskmixin.py:211} WARNING - Dependency <Task(_PythonDecoratedOperator): log_sql_query>, print_the_context already registered for DAG: example_python_operator
[2023-04-13T20:37:52.167+0000] {logging_mixin.py:137} INFO - [2023-04-13T20:37:52.167+0000] {taskmixin.py:211} WARNING - Dependency <Task(_PythonDecoratedOperator): print_the_context>, log_sql_query already registered for DAG: example_python_operator
[2023-04-13T20:37:52.167+0000] {logging_mixin.py:137} INFO - [2023-04-13T20:37:52.167+0000] {taskmixin.py:211} WARNING - Dependency <Task(_PythonDecoratedOperator): log_sql_query>, print_the_context already registered for DAG: example_python_operator
[2023-04-13T20:37:52.168+0000] {logging_mixin.py:137} INFO - [2023-04-13T20:37:52.167+0000] {taskmixin.py:211} WARNING - Dependency <Task(_PythonDecoratedOperator): print_the_context>, log_sql_query already registered for DAG: example_python_operator
[2023-04-13T20:37:52.168+0000] {logging_mixin.py:137} INFO - [2023-04-13T20:37:52.168+0000] {taskmixin.py:211} WARNING - Dependency <Task(_PythonDecoratedOperator): log_sql_query>, print_the_context already registered for DAG: example_python_operator
[2023-04-13T20:37:52.176+0000] {processor.py:753} INFO - DAG(s) dict_keys(['example_python_operator']) retrieved from /home/airflow/.local/lib/python3.7/site-packages/airflow/example_dags/example_python_operator.py
[2023-04-13T20:37:52.207+0000] {logging_mixin.py:137} INFO - [2023-04-13T20:37:52.207+0000] {dag.py:2705} INFO - Sync 1 DAGs
[2023-04-13T20:37:52.237+0000] {logging_mixin.py:137} INFO - [2023-04-13T20:37:52.237+0000] {dag.py:3456} INFO - Setting next_dagrun for example_python_operator to None, run_after=None
[2023-04-13T20:37:52.256+0000] {processor.py:175} INFO - Processing /home/airflow/.local/lib/python3.7/site-packages/airflow/example_dags/example_python_operator.py took 0.115 seconds
[2023-04-13T20:38:22.950+0000] {processor.py:153} INFO - Started process (PID=535) to work on /home/airflow/.local/lib/python3.7/site-packages/airflow/example_dags/example_python_operator.py
[2023-04-13T20:38:22.951+0000] {processor.py:743} INFO - Processing file /home/airflow/.local/lib/python3.7/site-packages/airflow/example_dags/example_python_operator.py for tasks to queue
[2023-04-13T20:38:22.952+0000] {logging_mixin.py:137} INFO - [2023-04-13T20:38:22.952+0000] {dagbag.py:532} INFO - Filling up the DagBag from /home/airflow/.local/lib/python3.7/site-packages/airflow/example_dags/example_python_operator.py
[2023-04-13T20:38:22.977+0000] {logging_mixin.py:137} INFO - [2023-04-13T20:38:22.977+0000] {taskmixin.py:211} WARNING - Dependency <Task(_PythonDecoratedOperator): print_the_context>, log_sql_query already registered for DAG: example_python_operator
[2023-04-13T20:38:22.978+0000] {logging_mixin.py:137} INFO - [2023-04-13T20:38:22.978+0000] {taskmixin.py:211} WARNING - Dependency <Task(_PythonDecoratedOperator): log_sql_query>, print_the_context already registered for DAG: example_python_operator
[2023-04-13T20:38:22.979+0000] {logging_mixin.py:137} INFO - [2023-04-13T20:38:22.979+0000] {taskmixin.py:211} WARNING - Dependency <Task(_PythonDecoratedOperator): print_the_context>, log_sql_query already registered for DAG: example_python_operator
[2023-04-13T20:38:22.979+0000] {logging_mixin.py:137} INFO - [2023-04-13T20:38:22.979+0000] {taskmixin.py:211} WARNING - Dependency <Task(_PythonDecoratedOperator): log_sql_query>, print_the_context already registered for DAG: example_python_operator
[2023-04-13T20:38:22.980+0000] {logging_mixin.py:137} INFO - [2023-04-13T20:38:22.980+0000] {taskmixin.py:211} WARNING - Dependency <Task(_PythonDecoratedOperator): print_the_context>, log_sql_query already registered for DAG: example_python_operator
[2023-04-13T20:38:22.981+0000] {logging_mixin.py:137} INFO - [2023-04-13T20:38:22.980+0000] {taskmixin.py:211} WARNING - Dependency <Task(_PythonDecoratedOperator): log_sql_query>, print_the_context already registered for DAG: example_python_operator
[2023-04-13T20:38:22.982+0000] {logging_mixin.py:137} INFO - [2023-04-13T20:38:22.982+0000] {taskmixin.py:211} WARNING - Dependency <Task(_PythonDecoratedOperator): print_the_context>, log_sql_query already registered for DAG: example_python_operator
[2023-04-13T20:38:22.982+0000] {logging_mixin.py:137} INFO - [2023-04-13T20:38:22.982+0000] {taskmixin.py:211} WARNING - Dependency <Task(_PythonDecoratedOperator): log_sql_query>, print_the_context already registered for DAG: example_python_operator
[2023-04-13T20:38:22.992+0000] {processor.py:753} INFO - DAG(s) dict_keys(['example_python_operator']) retrieved from /home/airflow/.local/lib/python3.7/site-packages/airflow/example_dags/example_python_operator.py
[2023-04-13T20:38:23.054+0000] {logging_mixin.py:137} INFO - [2023-04-13T20:38:23.054+0000] {dag.py:2705} INFO - Sync 1 DAGs
[2023-04-13T20:38:23.121+0000] {logging_mixin.py:137} INFO - [2023-04-13T20:38:23.121+0000] {dag.py:3456} INFO - Setting next_dagrun for example_python_operator to None, run_after=None
[2023-04-13T20:38:23.149+0000] {processor.py:175} INFO - Processing /home/airflow/.local/lib/python3.7/site-packages/airflow/example_dags/example_python_operator.py took 0.202 seconds
