[2023-04-13T20:33:47.501+0000] {processor.py:153} INFO - Started process (PID=71) to work on /home/airflow/.local/lib/python3.7/site-packages/airflow/example_dags/example_branch_python_dop_operator_3.py
[2023-04-13T20:33:47.502+0000] {processor.py:743} INFO - Processing file /home/airflow/.local/lib/python3.7/site-packages/airflow/example_dags/example_branch_python_dop_operator_3.py for tasks to queue
[2023-04-13T20:33:47.502+0000] {logging_mixin.py:137} INFO - [2023-04-13T20:33:47.502+0000] {dagbag.py:532} INFO - Filling up the DagBag from /home/airflow/.local/lib/python3.7/site-packages/airflow/example_dags/example_branch_python_dop_operator_3.py
[2023-04-13T20:33:47.530+0000] {processor.py:753} INFO - DAG(s) dict_keys(['example_branch_dop_operator_v3']) retrieved from /home/airflow/.local/lib/python3.7/site-packages/airflow/example_dags/example_branch_python_dop_operator_3.py
[2023-04-13T20:33:47.543+0000] {logging_mixin.py:137} INFO - [2023-04-13T20:33:47.543+0000] {dag.py:2705} INFO - Sync 1 DAGs
[2023-04-13T20:33:47.582+0000] {logging_mixin.py:137} INFO - [2023-04-13T20:33:47.582+0000] {dag.py:3456} INFO - Setting next_dagrun for example_branch_dop_operator_v3 to 2023-04-13T20:32:00+00:00, run_after=2023-04-13T20:33:00+00:00
[2023-04-13T20:33:47.608+0000] {processor.py:175} INFO - Processing /home/airflow/.local/lib/python3.7/site-packages/airflow/example_dags/example_branch_python_dop_operator_3.py took 0.109 seconds
[2023-04-13T20:34:17.755+0000] {processor.py:153} INFO - Started process (PID=121) to work on /home/airflow/.local/lib/python3.7/site-packages/airflow/example_dags/example_branch_python_dop_operator_3.py
[2023-04-13T20:34:17.756+0000] {processor.py:743} INFO - Processing file /home/airflow/.local/lib/python3.7/site-packages/airflow/example_dags/example_branch_python_dop_operator_3.py for tasks to queue
[2023-04-13T20:34:17.756+0000] {logging_mixin.py:137} INFO - [2023-04-13T20:34:17.756+0000] {dagbag.py:532} INFO - Filling up the DagBag from /home/airflow/.local/lib/python3.7/site-packages/airflow/example_dags/example_branch_python_dop_operator_3.py
[2023-04-13T20:34:17.782+0000] {processor.py:753} INFO - DAG(s) dict_keys(['example_branch_dop_operator_v3']) retrieved from /home/airflow/.local/lib/python3.7/site-packages/airflow/example_dags/example_branch_python_dop_operator_3.py
[2023-04-13T20:34:17.809+0000] {logging_mixin.py:137} INFO - [2023-04-13T20:34:17.809+0000] {dag.py:2705} INFO - Sync 1 DAGs
[2023-04-13T20:34:17.844+0000] {logging_mixin.py:137} INFO - [2023-04-13T20:34:17.844+0000] {dag.py:3456} INFO - Setting next_dagrun for example_branch_dop_operator_v3 to 2023-04-13T20:33:00+00:00, run_after=2023-04-13T20:34:00+00:00
[2023-04-13T20:34:17.864+0000] {processor.py:175} INFO - Processing /home/airflow/.local/lib/python3.7/site-packages/airflow/example_dags/example_branch_python_dop_operator_3.py took 0.113 seconds
[2023-04-13T20:34:47.944+0000] {processor.py:153} INFO - Started process (PID=171) to work on /home/airflow/.local/lib/python3.7/site-packages/airflow/example_dags/example_branch_python_dop_operator_3.py
[2023-04-13T20:34:47.945+0000] {processor.py:743} INFO - Processing file /home/airflow/.local/lib/python3.7/site-packages/airflow/example_dags/example_branch_python_dop_operator_3.py for tasks to queue
[2023-04-13T20:34:47.945+0000] {logging_mixin.py:137} INFO - [2023-04-13T20:34:47.945+0000] {dagbag.py:532} INFO - Filling up the DagBag from /home/airflow/.local/lib/python3.7/site-packages/airflow/example_dags/example_branch_python_dop_operator_3.py
[2023-04-13T20:34:47.969+0000] {processor.py:753} INFO - DAG(s) dict_keys(['example_branch_dop_operator_v3']) retrieved from /home/airflow/.local/lib/python3.7/site-packages/airflow/example_dags/example_branch_python_dop_operator_3.py
[2023-04-13T20:34:48.002+0000] {logging_mixin.py:137} INFO - [2023-04-13T20:34:48.002+0000] {dag.py:2705} INFO - Sync 1 DAGs
[2023-04-13T20:34:48.042+0000] {logging_mixin.py:137} INFO - [2023-04-13T20:34:48.042+0000] {dag.py:3456} INFO - Setting next_dagrun for example_branch_dop_operator_v3 to 2023-04-13T20:33:00+00:00, run_after=2023-04-13T20:34:00+00:00
[2023-04-13T20:34:48.060+0000] {processor.py:175} INFO - Processing /home/airflow/.local/lib/python3.7/site-packages/airflow/example_dags/example_branch_python_dop_operator_3.py took 0.120 seconds
[2023-04-13T20:35:18.372+0000] {processor.py:153} INFO - Started process (PID=221) to work on /home/airflow/.local/lib/python3.7/site-packages/airflow/example_dags/example_branch_python_dop_operator_3.py
[2023-04-13T20:35:18.373+0000] {processor.py:743} INFO - Processing file /home/airflow/.local/lib/python3.7/site-packages/airflow/example_dags/example_branch_python_dop_operator_3.py for tasks to queue
[2023-04-13T20:35:18.374+0000] {logging_mixin.py:137} INFO - [2023-04-13T20:35:18.374+0000] {dagbag.py:532} INFO - Filling up the DagBag from /home/airflow/.local/lib/python3.7/site-packages/airflow/example_dags/example_branch_python_dop_operator_3.py
[2023-04-13T20:35:18.398+0000] {processor.py:753} INFO - DAG(s) dict_keys(['example_branch_dop_operator_v3']) retrieved from /home/airflow/.local/lib/python3.7/site-packages/airflow/example_dags/example_branch_python_dop_operator_3.py
[2023-04-13T20:35:18.424+0000] {logging_mixin.py:137} INFO - [2023-04-13T20:35:18.424+0000] {dag.py:2705} INFO - Sync 1 DAGs
[2023-04-13T20:35:18.456+0000] {logging_mixin.py:137} INFO - [2023-04-13T20:35:18.456+0000] {dag.py:3456} INFO - Setting next_dagrun for example_branch_dop_operator_v3 to 2023-04-13T20:34:00+00:00, run_after=2023-04-13T20:35:00+00:00
[2023-04-13T20:35:18.474+0000] {processor.py:175} INFO - Processing /home/airflow/.local/lib/python3.7/site-packages/airflow/example_dags/example_branch_python_dop_operator_3.py took 0.105 seconds
[2023-04-13T20:35:48.829+0000] {processor.py:153} INFO - Started process (PID=271) to work on /home/airflow/.local/lib/python3.7/site-packages/airflow/example_dags/example_branch_python_dop_operator_3.py
[2023-04-13T20:35:48.830+0000] {processor.py:743} INFO - Processing file /home/airflow/.local/lib/python3.7/site-packages/airflow/example_dags/example_branch_python_dop_operator_3.py for tasks to queue
[2023-04-13T20:35:48.831+0000] {logging_mixin.py:137} INFO - [2023-04-13T20:35:48.831+0000] {dagbag.py:532} INFO - Filling up the DagBag from /home/airflow/.local/lib/python3.7/site-packages/airflow/example_dags/example_branch_python_dop_operator_3.py
[2023-04-13T20:35:48.857+0000] {processor.py:753} INFO - DAG(s) dict_keys(['example_branch_dop_operator_v3']) retrieved from /home/airflow/.local/lib/python3.7/site-packages/airflow/example_dags/example_branch_python_dop_operator_3.py
[2023-04-13T20:35:48.925+0000] {logging_mixin.py:137} INFO - [2023-04-13T20:35:48.925+0000] {dag.py:2705} INFO - Sync 1 DAGs
[2023-04-13T20:35:48.961+0000] {logging_mixin.py:137} INFO - [2023-04-13T20:35:48.961+0000] {dag.py:3456} INFO - Setting next_dagrun for example_branch_dop_operator_v3 to 2023-04-13T20:34:00+00:00, run_after=2023-04-13T20:35:00+00:00
[2023-04-13T20:35:49.006+0000] {processor.py:175} INFO - Processing /home/airflow/.local/lib/python3.7/site-packages/airflow/example_dags/example_branch_python_dop_operator_3.py took 0.181 seconds
[2023-04-13T20:36:19.253+0000] {processor.py:153} INFO - Started process (PID=321) to work on /home/airflow/.local/lib/python3.7/site-packages/airflow/example_dags/example_branch_python_dop_operator_3.py
[2023-04-13T20:36:19.254+0000] {processor.py:743} INFO - Processing file /home/airflow/.local/lib/python3.7/site-packages/airflow/example_dags/example_branch_python_dop_operator_3.py for tasks to queue
[2023-04-13T20:36:19.255+0000] {logging_mixin.py:137} INFO - [2023-04-13T20:36:19.255+0000] {dagbag.py:532} INFO - Filling up the DagBag from /home/airflow/.local/lib/python3.7/site-packages/airflow/example_dags/example_branch_python_dop_operator_3.py
[2023-04-13T20:36:19.318+0000] {processor.py:753} INFO - DAG(s) dict_keys(['example_branch_dop_operator_v3']) retrieved from /home/airflow/.local/lib/python3.7/site-packages/airflow/example_dags/example_branch_python_dop_operator_3.py
[2023-04-13T20:36:19.348+0000] {logging_mixin.py:137} INFO - [2023-04-13T20:36:19.347+0000] {dag.py:2705} INFO - Sync 1 DAGs
[2023-04-13T20:36:19.435+0000] {logging_mixin.py:137} INFO - [2023-04-13T20:36:19.435+0000] {dag.py:3456} INFO - Setting next_dagrun for example_branch_dop_operator_v3 to 2023-04-13T20:35:00+00:00, run_after=2023-04-13T20:36:00+00:00
[2023-04-13T20:36:19.514+0000] {processor.py:175} INFO - Processing /home/airflow/.local/lib/python3.7/site-packages/airflow/example_dags/example_branch_python_dop_operator_3.py took 0.264 seconds
[2023-04-13T20:36:49.593+0000] {processor.py:153} INFO - Started process (PID=371) to work on /home/airflow/.local/lib/python3.7/site-packages/airflow/example_dags/example_branch_python_dop_operator_3.py
[2023-04-13T20:36:49.594+0000] {processor.py:743} INFO - Processing file /home/airflow/.local/lib/python3.7/site-packages/airflow/example_dags/example_branch_python_dop_operator_3.py for tasks to queue
[2023-04-13T20:36:49.594+0000] {logging_mixin.py:137} INFO - [2023-04-13T20:36:49.594+0000] {dagbag.py:532} INFO - Filling up the DagBag from /home/airflow/.local/lib/python3.7/site-packages/airflow/example_dags/example_branch_python_dop_operator_3.py
[2023-04-13T20:36:49.619+0000] {processor.py:753} INFO - DAG(s) dict_keys(['example_branch_dop_operator_v3']) retrieved from /home/airflow/.local/lib/python3.7/site-packages/airflow/example_dags/example_branch_python_dop_operator_3.py
[2023-04-13T20:36:49.646+0000] {logging_mixin.py:137} INFO - [2023-04-13T20:36:49.646+0000] {dag.py:2705} INFO - Sync 1 DAGs
[2023-04-13T20:36:49.677+0000] {logging_mixin.py:137} INFO - [2023-04-13T20:36:49.676+0000] {dag.py:3456} INFO - Setting next_dagrun for example_branch_dop_operator_v3 to 2023-04-13T20:35:00+00:00, run_after=2023-04-13T20:36:00+00:00
[2023-04-13T20:36:49.696+0000] {processor.py:175} INFO - Processing /home/airflow/.local/lib/python3.7/site-packages/airflow/example_dags/example_branch_python_dop_operator_3.py took 0.106 seconds
[2023-04-13T20:37:19.729+0000] {processor.py:153} INFO - Started process (PID=421) to work on /home/airflow/.local/lib/python3.7/site-packages/airflow/example_dags/example_branch_python_dop_operator_3.py
[2023-04-13T20:37:19.730+0000] {processor.py:743} INFO - Processing file /home/airflow/.local/lib/python3.7/site-packages/airflow/example_dags/example_branch_python_dop_operator_3.py for tasks to queue
[2023-04-13T20:37:19.731+0000] {logging_mixin.py:137} INFO - [2023-04-13T20:37:19.731+0000] {dagbag.py:532} INFO - Filling up the DagBag from /home/airflow/.local/lib/python3.7/site-packages/airflow/example_dags/example_branch_python_dop_operator_3.py
[2023-04-13T20:37:19.757+0000] {processor.py:753} INFO - DAG(s) dict_keys(['example_branch_dop_operator_v3']) retrieved from /home/airflow/.local/lib/python3.7/site-packages/airflow/example_dags/example_branch_python_dop_operator_3.py
[2023-04-13T20:37:19.785+0000] {logging_mixin.py:137} INFO - [2023-04-13T20:37:19.784+0000] {dag.py:2705} INFO - Sync 1 DAGs
[2023-04-13T20:37:19.822+0000] {logging_mixin.py:137} INFO - [2023-04-13T20:37:19.822+0000] {dag.py:3456} INFO - Setting next_dagrun for example_branch_dop_operator_v3 to 2023-04-13T20:36:00+00:00, run_after=2023-04-13T20:37:00+00:00
[2023-04-13T20:37:19.848+0000] {processor.py:175} INFO - Processing /home/airflow/.local/lib/python3.7/site-packages/airflow/example_dags/example_branch_python_dop_operator_3.py took 0.121 seconds
[2023-04-13T20:37:50.082+0000] {processor.py:153} INFO - Started process (PID=472) to work on /home/airflow/.local/lib/python3.7/site-packages/airflow/example_dags/example_branch_python_dop_operator_3.py
[2023-04-13T20:37:50.082+0000] {processor.py:743} INFO - Processing file /home/airflow/.local/lib/python3.7/site-packages/airflow/example_dags/example_branch_python_dop_operator_3.py for tasks to queue
[2023-04-13T20:37:50.083+0000] {logging_mixin.py:137} INFO - [2023-04-13T20:37:50.083+0000] {dagbag.py:532} INFO - Filling up the DagBag from /home/airflow/.local/lib/python3.7/site-packages/airflow/example_dags/example_branch_python_dop_operator_3.py
[2023-04-13T20:37:50.108+0000] {processor.py:753} INFO - DAG(s) dict_keys(['example_branch_dop_operator_v3']) retrieved from /home/airflow/.local/lib/python3.7/site-packages/airflow/example_dags/example_branch_python_dop_operator_3.py
[2023-04-13T20:37:50.136+0000] {logging_mixin.py:137} INFO - [2023-04-13T20:37:50.135+0000] {dag.py:2705} INFO - Sync 1 DAGs
[2023-04-13T20:37:50.168+0000] {logging_mixin.py:137} INFO - [2023-04-13T20:37:50.168+0000] {dag.py:3456} INFO - Setting next_dagrun for example_branch_dop_operator_v3 to 2023-04-13T20:36:00+00:00, run_after=2023-04-13T20:37:00+00:00
[2023-04-13T20:37:50.187+0000] {processor.py:175} INFO - Processing /home/airflow/.local/lib/python3.7/site-packages/airflow/example_dags/example_branch_python_dop_operator_3.py took 0.109 seconds
[2023-04-13T20:38:20.420+0000] {processor.py:153} INFO - Started process (PID=522) to work on /home/airflow/.local/lib/python3.7/site-packages/airflow/example_dags/example_branch_python_dop_operator_3.py
[2023-04-13T20:38:20.424+0000] {processor.py:743} INFO - Processing file /home/airflow/.local/lib/python3.7/site-packages/airflow/example_dags/example_branch_python_dop_operator_3.py for tasks to queue
[2023-04-13T20:38:20.425+0000] {logging_mixin.py:137} INFO - [2023-04-13T20:38:20.424+0000] {dagbag.py:532} INFO - Filling up the DagBag from /home/airflow/.local/lib/python3.7/site-packages/airflow/example_dags/example_branch_python_dop_operator_3.py
[2023-04-13T20:38:20.471+0000] {processor.py:753} INFO - DAG(s) dict_keys(['example_branch_dop_operator_v3']) retrieved from /home/airflow/.local/lib/python3.7/site-packages/airflow/example_dags/example_branch_python_dop_operator_3.py
[2023-04-13T20:38:20.509+0000] {logging_mixin.py:137} INFO - [2023-04-13T20:38:20.508+0000] {dag.py:2705} INFO - Sync 1 DAGs
[2023-04-13T20:38:20.567+0000] {logging_mixin.py:137} INFO - [2023-04-13T20:38:20.567+0000] {dag.py:3456} INFO - Setting next_dagrun for example_branch_dop_operator_v3 to 2023-04-13T20:37:00+00:00, run_after=2023-04-13T20:38:00+00:00
[2023-04-13T20:38:20.606+0000] {processor.py:175} INFO - Processing /home/airflow/.local/lib/python3.7/site-packages/airflow/example_dags/example_branch_python_dop_operator_3.py took 0.190 seconds
