[2023-04-13T20:33:47.782+0000] {processor.py:153} INFO - Started process (PID=76) to work on /home/airflow/.local/lib/python3.7/site-packages/airflow/example_dags/example_external_task_marker_dag.py
[2023-04-13T20:33:47.782+0000] {processor.py:743} INFO - Processing file /home/airflow/.local/lib/python3.7/site-packages/airflow/example_dags/example_external_task_marker_dag.py for tasks to queue
[2023-04-13T20:33:47.783+0000] {logging_mixin.py:137} INFO - [2023-04-13T20:33:47.783+0000] {dagbag.py:532} INFO - Filling up the DagBag from /home/airflow/.local/lib/python3.7/site-packages/airflow/example_dags/example_external_task_marker_dag.py
[2023-04-13T20:33:47.809+0000] {processor.py:753} INFO - DAG(s) dict_keys(['example_external_task_marker_child', 'example_external_task_marker_parent']) retrieved from /home/airflow/.local/lib/python3.7/site-packages/airflow/example_dags/example_external_task_marker_dag.py
[2023-04-13T20:33:47.824+0000] {logging_mixin.py:137} INFO - [2023-04-13T20:33:47.824+0000] {dag.py:2705} INFO - Sync 2 DAGs
[2023-04-13T20:33:47.857+0000] {logging_mixin.py:137} INFO - [2023-04-13T20:33:47.857+0000] {dag.py:3456} INFO - Setting next_dagrun for example_external_task_marker_child to None, run_after=None
[2023-04-13T20:33:47.861+0000] {logging_mixin.py:137} INFO - [2023-04-13T20:33:47.861+0000] {dag.py:3456} INFO - Setting next_dagrun for example_external_task_marker_parent to None, run_after=None
[2023-04-13T20:33:47.903+0000] {processor.py:175} INFO - Processing /home/airflow/.local/lib/python3.7/site-packages/airflow/example_dags/example_external_task_marker_dag.py took 0.125 seconds
[2023-04-13T20:34:18.215+0000] {processor.py:153} INFO - Started process (PID=126) to work on /home/airflow/.local/lib/python3.7/site-packages/airflow/example_dags/example_external_task_marker_dag.py
[2023-04-13T20:34:18.215+0000] {processor.py:743} INFO - Processing file /home/airflow/.local/lib/python3.7/site-packages/airflow/example_dags/example_external_task_marker_dag.py for tasks to queue
[2023-04-13T20:34:18.216+0000] {logging_mixin.py:137} INFO - [2023-04-13T20:34:18.216+0000] {dagbag.py:532} INFO - Filling up the DagBag from /home/airflow/.local/lib/python3.7/site-packages/airflow/example_dags/example_external_task_marker_dag.py
[2023-04-13T20:34:18.229+0000] {processor.py:753} INFO - DAG(s) dict_keys(['example_external_task_marker_parent', 'example_external_task_marker_child']) retrieved from /home/airflow/.local/lib/python3.7/site-packages/airflow/example_dags/example_external_task_marker_dag.py
[2023-04-13T20:34:18.258+0000] {logging_mixin.py:137} INFO - [2023-04-13T20:34:18.258+0000] {dag.py:2705} INFO - Sync 2 DAGs
[2023-04-13T20:34:18.286+0000] {logging_mixin.py:137} INFO - [2023-04-13T20:34:18.286+0000] {dag.py:3456} INFO - Setting next_dagrun for example_external_task_marker_child to None, run_after=None
[2023-04-13T20:34:18.290+0000] {logging_mixin.py:137} INFO - [2023-04-13T20:34:18.290+0000] {dag.py:3456} INFO - Setting next_dagrun for example_external_task_marker_parent to None, run_after=None
[2023-04-13T20:34:18.307+0000] {processor.py:175} INFO - Processing /home/airflow/.local/lib/python3.7/site-packages/airflow/example_dags/example_external_task_marker_dag.py took 0.095 seconds
[2023-04-13T20:34:48.397+0000] {processor.py:153} INFO - Started process (PID=176) to work on /home/airflow/.local/lib/python3.7/site-packages/airflow/example_dags/example_external_task_marker_dag.py
[2023-04-13T20:34:48.398+0000] {processor.py:743} INFO - Processing file /home/airflow/.local/lib/python3.7/site-packages/airflow/example_dags/example_external_task_marker_dag.py for tasks to queue
[2023-04-13T20:34:48.398+0000] {logging_mixin.py:137} INFO - [2023-04-13T20:34:48.398+0000] {dagbag.py:532} INFO - Filling up the DagBag from /home/airflow/.local/lib/python3.7/site-packages/airflow/example_dags/example_external_task_marker_dag.py
[2023-04-13T20:34:48.411+0000] {processor.py:753} INFO - DAG(s) dict_keys(['example_external_task_marker_child', 'example_external_task_marker_parent']) retrieved from /home/airflow/.local/lib/python3.7/site-packages/airflow/example_dags/example_external_task_marker_dag.py
[2023-04-13T20:34:48.439+0000] {logging_mixin.py:137} INFO - [2023-04-13T20:34:48.439+0000] {dag.py:2705} INFO - Sync 2 DAGs
[2023-04-13T20:34:48.466+0000] {logging_mixin.py:137} INFO - [2023-04-13T20:34:48.466+0000] {dag.py:3456} INFO - Setting next_dagrun for example_external_task_marker_child to None, run_after=None
[2023-04-13T20:34:48.470+0000] {logging_mixin.py:137} INFO - [2023-04-13T20:34:48.470+0000] {dag.py:3456} INFO - Setting next_dagrun for example_external_task_marker_parent to None, run_after=None
[2023-04-13T20:34:48.487+0000] {processor.py:175} INFO - Processing /home/airflow/.local/lib/python3.7/site-packages/airflow/example_dags/example_external_task_marker_dag.py took 0.092 seconds
[2023-04-13T20:35:18.738+0000] {processor.py:153} INFO - Started process (PID=226) to work on /home/airflow/.local/lib/python3.7/site-packages/airflow/example_dags/example_external_task_marker_dag.py
[2023-04-13T20:35:18.739+0000] {processor.py:743} INFO - Processing file /home/airflow/.local/lib/python3.7/site-packages/airflow/example_dags/example_external_task_marker_dag.py for tasks to queue
[2023-04-13T20:35:18.739+0000] {logging_mixin.py:137} INFO - [2023-04-13T20:35:18.739+0000] {dagbag.py:532} INFO - Filling up the DagBag from /home/airflow/.local/lib/python3.7/site-packages/airflow/example_dags/example_external_task_marker_dag.py
[2023-04-13T20:35:18.751+0000] {processor.py:753} INFO - DAG(s) dict_keys(['example_external_task_marker_child', 'example_external_task_marker_parent']) retrieved from /home/airflow/.local/lib/python3.7/site-packages/airflow/example_dags/example_external_task_marker_dag.py
[2023-04-13T20:35:18.783+0000] {logging_mixin.py:137} INFO - [2023-04-13T20:35:18.782+0000] {dag.py:2705} INFO - Sync 2 DAGs
[2023-04-13T20:35:18.813+0000] {logging_mixin.py:137} INFO - [2023-04-13T20:35:18.812+0000] {dag.py:3456} INFO - Setting next_dagrun for example_external_task_marker_child to None, run_after=None
[2023-04-13T20:35:18.816+0000] {logging_mixin.py:137} INFO - [2023-04-13T20:35:18.816+0000] {dag.py:3456} INFO - Setting next_dagrun for example_external_task_marker_parent to None, run_after=None
[2023-04-13T20:35:18.836+0000] {processor.py:175} INFO - Processing /home/airflow/.local/lib/python3.7/site-packages/airflow/example_dags/example_external_task_marker_dag.py took 0.101 seconds
[2023-04-13T20:35:49.364+0000] {processor.py:153} INFO - Started process (PID=276) to work on /home/airflow/.local/lib/python3.7/site-packages/airflow/example_dags/example_external_task_marker_dag.py
[2023-04-13T20:35:49.365+0000] {processor.py:743} INFO - Processing file /home/airflow/.local/lib/python3.7/site-packages/airflow/example_dags/example_external_task_marker_dag.py for tasks to queue
[2023-04-13T20:35:49.366+0000] {logging_mixin.py:137} INFO - [2023-04-13T20:35:49.366+0000] {dagbag.py:532} INFO - Filling up the DagBag from /home/airflow/.local/lib/python3.7/site-packages/airflow/example_dags/example_external_task_marker_dag.py
[2023-04-13T20:35:49.383+0000] {processor.py:753} INFO - DAG(s) dict_keys(['example_external_task_marker_parent', 'example_external_task_marker_child']) retrieved from /home/airflow/.local/lib/python3.7/site-packages/airflow/example_dags/example_external_task_marker_dag.py
[2023-04-13T20:35:49.424+0000] {logging_mixin.py:137} INFO - [2023-04-13T20:35:49.423+0000] {dag.py:2705} INFO - Sync 2 DAGs
[2023-04-13T20:35:49.450+0000] {logging_mixin.py:137} INFO - [2023-04-13T20:35:49.450+0000] {dag.py:3456} INFO - Setting next_dagrun for example_external_task_marker_child to None, run_after=None
[2023-04-13T20:35:49.454+0000] {logging_mixin.py:137} INFO - [2023-04-13T20:35:49.453+0000] {dag.py:3456} INFO - Setting next_dagrun for example_external_task_marker_parent to None, run_after=None
[2023-04-13T20:35:49.469+0000] {processor.py:175} INFO - Processing /home/airflow/.local/lib/python3.7/site-packages/airflow/example_dags/example_external_task_marker_dag.py took 0.108 seconds
[2023-04-13T20:36:20.105+0000] {processor.py:153} INFO - Started process (PID=326) to work on /home/airflow/.local/lib/python3.7/site-packages/airflow/example_dags/example_external_task_marker_dag.py
[2023-04-13T20:36:20.106+0000] {processor.py:743} INFO - Processing file /home/airflow/.local/lib/python3.7/site-packages/airflow/example_dags/example_external_task_marker_dag.py for tasks to queue
[2023-04-13T20:36:20.107+0000] {logging_mixin.py:137} INFO - [2023-04-13T20:36:20.107+0000] {dagbag.py:532} INFO - Filling up the DagBag from /home/airflow/.local/lib/python3.7/site-packages/airflow/example_dags/example_external_task_marker_dag.py
[2023-04-13T20:36:20.121+0000] {processor.py:753} INFO - DAG(s) dict_keys(['example_external_task_marker_child', 'example_external_task_marker_parent']) retrieved from /home/airflow/.local/lib/python3.7/site-packages/airflow/example_dags/example_external_task_marker_dag.py
[2023-04-13T20:36:20.160+0000] {logging_mixin.py:137} INFO - [2023-04-13T20:36:20.159+0000] {dag.py:2705} INFO - Sync 2 DAGs
[2023-04-13T20:36:20.242+0000] {logging_mixin.py:137} INFO - [2023-04-13T20:36:20.242+0000] {dag.py:3456} INFO - Setting next_dagrun for example_external_task_marker_child to None, run_after=None
[2023-04-13T20:36:20.248+0000] {logging_mixin.py:137} INFO - [2023-04-13T20:36:20.248+0000] {dag.py:3456} INFO - Setting next_dagrun for example_external_task_marker_parent to None, run_after=None
[2023-04-13T20:36:20.309+0000] {processor.py:175} INFO - Processing /home/airflow/.local/lib/python3.7/site-packages/airflow/example_dags/example_external_task_marker_dag.py took 0.245 seconds
[2023-04-13T20:36:50.983+0000] {processor.py:153} INFO - Started process (PID=376) to work on /home/airflow/.local/lib/python3.7/site-packages/airflow/example_dags/example_external_task_marker_dag.py
[2023-04-13T20:36:50.984+0000] {processor.py:743} INFO - Processing file /home/airflow/.local/lib/python3.7/site-packages/airflow/example_dags/example_external_task_marker_dag.py for tasks to queue
[2023-04-13T20:36:50.985+0000] {logging_mixin.py:137} INFO - [2023-04-13T20:36:50.984+0000] {dagbag.py:532} INFO - Filling up the DagBag from /home/airflow/.local/lib/python3.7/site-packages/airflow/example_dags/example_external_task_marker_dag.py
[2023-04-13T20:36:50.997+0000] {processor.py:753} INFO - DAG(s) dict_keys(['example_external_task_marker_parent', 'example_external_task_marker_child']) retrieved from /home/airflow/.local/lib/python3.7/site-packages/airflow/example_dags/example_external_task_marker_dag.py
[2023-04-13T20:36:51.026+0000] {logging_mixin.py:137} INFO - [2023-04-13T20:36:51.025+0000] {dag.py:2705} INFO - Sync 2 DAGs
[2023-04-13T20:36:51.055+0000] {logging_mixin.py:137} INFO - [2023-04-13T20:36:51.054+0000] {dag.py:3456} INFO - Setting next_dagrun for example_external_task_marker_child to None, run_after=None
[2023-04-13T20:36:51.058+0000] {logging_mixin.py:137} INFO - [2023-04-13T20:36:51.058+0000] {dag.py:3456} INFO - Setting next_dagrun for example_external_task_marker_parent to None, run_after=None
[2023-04-13T20:36:51.075+0000] {processor.py:175} INFO - Processing /home/airflow/.local/lib/python3.7/site-packages/airflow/example_dags/example_external_task_marker_dag.py took 0.095 seconds
[2023-04-13T20:37:21.364+0000] {processor.py:153} INFO - Started process (PID=426) to work on /home/airflow/.local/lib/python3.7/site-packages/airflow/example_dags/example_external_task_marker_dag.py
[2023-04-13T20:37:21.365+0000] {processor.py:743} INFO - Processing file /home/airflow/.local/lib/python3.7/site-packages/airflow/example_dags/example_external_task_marker_dag.py for tasks to queue
[2023-04-13T20:37:21.366+0000] {logging_mixin.py:137} INFO - [2023-04-13T20:37:21.365+0000] {dagbag.py:532} INFO - Filling up the DagBag from /home/airflow/.local/lib/python3.7/site-packages/airflow/example_dags/example_external_task_marker_dag.py
[2023-04-13T20:37:21.382+0000] {processor.py:753} INFO - DAG(s) dict_keys(['example_external_task_marker_child', 'example_external_task_marker_parent']) retrieved from /home/airflow/.local/lib/python3.7/site-packages/airflow/example_dags/example_external_task_marker_dag.py
[2023-04-13T20:37:21.413+0000] {logging_mixin.py:137} INFO - [2023-04-13T20:37:21.413+0000] {dag.py:2705} INFO - Sync 2 DAGs
[2023-04-13T20:37:21.448+0000] {logging_mixin.py:137} INFO - [2023-04-13T20:37:21.448+0000] {dag.py:3456} INFO - Setting next_dagrun for example_external_task_marker_child to None, run_after=None
[2023-04-13T20:37:21.452+0000] {logging_mixin.py:137} INFO - [2023-04-13T20:37:21.452+0000] {dag.py:3456} INFO - Setting next_dagrun for example_external_task_marker_parent to None, run_after=None
[2023-04-13T20:37:21.472+0000] {processor.py:175} INFO - Processing /home/airflow/.local/lib/python3.7/site-packages/airflow/example_dags/example_external_task_marker_dag.py took 0.112 seconds
[2023-04-13T20:37:51.511+0000] {processor.py:153} INFO - Started process (PID=477) to work on /home/airflow/.local/lib/python3.7/site-packages/airflow/example_dags/example_external_task_marker_dag.py
[2023-04-13T20:37:51.511+0000] {processor.py:743} INFO - Processing file /home/airflow/.local/lib/python3.7/site-packages/airflow/example_dags/example_external_task_marker_dag.py for tasks to queue
[2023-04-13T20:37:51.512+0000] {logging_mixin.py:137} INFO - [2023-04-13T20:37:51.512+0000] {dagbag.py:532} INFO - Filling up the DagBag from /home/airflow/.local/lib/python3.7/site-packages/airflow/example_dags/example_external_task_marker_dag.py
[2023-04-13T20:37:51.524+0000] {processor.py:753} INFO - DAG(s) dict_keys(['example_external_task_marker_parent', 'example_external_task_marker_child']) retrieved from /home/airflow/.local/lib/python3.7/site-packages/airflow/example_dags/example_external_task_marker_dag.py
[2023-04-13T20:37:51.554+0000] {logging_mixin.py:137} INFO - [2023-04-13T20:37:51.554+0000] {dag.py:2705} INFO - Sync 2 DAGs
[2023-04-13T20:37:51.580+0000] {logging_mixin.py:137} INFO - [2023-04-13T20:37:51.580+0000] {dag.py:3456} INFO - Setting next_dagrun for example_external_task_marker_child to None, run_after=None
[2023-04-13T20:37:51.584+0000] {logging_mixin.py:137} INFO - [2023-04-13T20:37:51.584+0000] {dag.py:3456} INFO - Setting next_dagrun for example_external_task_marker_parent to None, run_after=None
[2023-04-13T20:37:51.606+0000] {processor.py:175} INFO - Processing /home/airflow/.local/lib/python3.7/site-packages/airflow/example_dags/example_external_task_marker_dag.py took 0.098 seconds
[2023-04-13T20:38:22.058+0000] {processor.py:153} INFO - Started process (PID=527) to work on /home/airflow/.local/lib/python3.7/site-packages/airflow/example_dags/example_external_task_marker_dag.py
[2023-04-13T20:38:22.059+0000] {processor.py:743} INFO - Processing file /home/airflow/.local/lib/python3.7/site-packages/airflow/example_dags/example_external_task_marker_dag.py for tasks to queue
[2023-04-13T20:38:22.060+0000] {logging_mixin.py:137} INFO - [2023-04-13T20:38:22.060+0000] {dagbag.py:532} INFO - Filling up the DagBag from /home/airflow/.local/lib/python3.7/site-packages/airflow/example_dags/example_external_task_marker_dag.py
[2023-04-13T20:38:22.078+0000] {processor.py:753} INFO - DAG(s) dict_keys(['example_external_task_marker_child', 'example_external_task_marker_parent']) retrieved from /home/airflow/.local/lib/python3.7/site-packages/airflow/example_dags/example_external_task_marker_dag.py
[2023-04-13T20:38:22.120+0000] {logging_mixin.py:137} INFO - [2023-04-13T20:38:22.120+0000] {dag.py:2705} INFO - Sync 2 DAGs
[2023-04-13T20:38:22.159+0000] {logging_mixin.py:137} INFO - [2023-04-13T20:38:22.159+0000] {dag.py:3456} INFO - Setting next_dagrun for example_external_task_marker_child to None, run_after=None
[2023-04-13T20:38:22.164+0000] {logging_mixin.py:137} INFO - [2023-04-13T20:38:22.163+0000] {dag.py:3456} INFO - Setting next_dagrun for example_external_task_marker_parent to None, run_after=None
[2023-04-13T20:38:22.188+0000] {processor.py:175} INFO - Processing /home/airflow/.local/lib/python3.7/site-packages/airflow/example_dags/example_external_task_marker_dag.py took 0.133 seconds
