[2023-04-13T20:33:47.267+0000] {processor.py:153} INFO - Started process (PID=68) to work on /home/airflow/.local/lib/python3.7/site-packages/airflow/example_dags/example_branch_labels.py
[2023-04-13T20:33:47.267+0000] {processor.py:743} INFO - Processing file /home/airflow/.local/lib/python3.7/site-packages/airflow/example_dags/example_branch_labels.py for tasks to queue
[2023-04-13T20:33:47.268+0000] {logging_mixin.py:137} INFO - [2023-04-13T20:33:47.268+0000] {dagbag.py:532} INFO - Filling up the DagBag from /home/airflow/.local/lib/python3.7/site-packages/airflow/example_dags/example_branch_labels.py
[2023-04-13T20:33:47.284+0000] {processor.py:753} INFO - DAG(s) dict_keys(['example_branch_labels']) retrieved from /home/airflow/.local/lib/python3.7/site-packages/airflow/example_dags/example_branch_labels.py
[2023-04-13T20:33:47.298+0000] {logging_mixin.py:137} INFO - [2023-04-13T20:33:47.298+0000] {dag.py:2705} INFO - Sync 1 DAGs
[2023-04-13T20:33:47.333+0000] {logging_mixin.py:137} INFO - [2023-04-13T20:33:47.333+0000] {dag.py:3456} INFO - Setting next_dagrun for example_branch_labels to 2023-04-12T00:00:00+00:00, run_after=2023-04-13T00:00:00+00:00
[2023-04-13T20:33:47.356+0000] {processor.py:175} INFO - Processing /home/airflow/.local/lib/python3.7/site-packages/airflow/example_dags/example_branch_labels.py took 0.093 seconds
[2023-04-13T20:34:17.525+0000] {processor.py:153} INFO - Started process (PID=118) to work on /home/airflow/.local/lib/python3.7/site-packages/airflow/example_dags/example_branch_labels.py
[2023-04-13T20:34:17.526+0000] {processor.py:743} INFO - Processing file /home/airflow/.local/lib/python3.7/site-packages/airflow/example_dags/example_branch_labels.py for tasks to queue
[2023-04-13T20:34:17.526+0000] {logging_mixin.py:137} INFO - [2023-04-13T20:34:17.526+0000] {dagbag.py:532} INFO - Filling up the DagBag from /home/airflow/.local/lib/python3.7/site-packages/airflow/example_dags/example_branch_labels.py
[2023-04-13T20:34:17.542+0000] {processor.py:753} INFO - DAG(s) dict_keys(['example_branch_labels']) retrieved from /home/airflow/.local/lib/python3.7/site-packages/airflow/example_dags/example_branch_labels.py
[2023-04-13T20:34:17.571+0000] {logging_mixin.py:137} INFO - [2023-04-13T20:34:17.570+0000] {dag.py:2705} INFO - Sync 1 DAGs
[2023-04-13T20:34:17.599+0000] {logging_mixin.py:137} INFO - [2023-04-13T20:34:17.599+0000] {dag.py:3456} INFO - Setting next_dagrun for example_branch_labels to 2023-04-12T00:00:00+00:00, run_after=2023-04-13T00:00:00+00:00
[2023-04-13T20:34:17.616+0000] {processor.py:175} INFO - Processing /home/airflow/.local/lib/python3.7/site-packages/airflow/example_dags/example_branch_labels.py took 0.095 seconds
[2023-04-13T20:34:47.700+0000] {processor.py:153} INFO - Started process (PID=168) to work on /home/airflow/.local/lib/python3.7/site-packages/airflow/example_dags/example_branch_labels.py
[2023-04-13T20:34:47.701+0000] {processor.py:743} INFO - Processing file /home/airflow/.local/lib/python3.7/site-packages/airflow/example_dags/example_branch_labels.py for tasks to queue
[2023-04-13T20:34:47.702+0000] {logging_mixin.py:137} INFO - [2023-04-13T20:34:47.702+0000] {dagbag.py:532} INFO - Filling up the DagBag from /home/airflow/.local/lib/python3.7/site-packages/airflow/example_dags/example_branch_labels.py
[2023-04-13T20:34:47.716+0000] {processor.py:753} INFO - DAG(s) dict_keys(['example_branch_labels']) retrieved from /home/airflow/.local/lib/python3.7/site-packages/airflow/example_dags/example_branch_labels.py
[2023-04-13T20:34:47.744+0000] {logging_mixin.py:137} INFO - [2023-04-13T20:34:47.744+0000] {dag.py:2705} INFO - Sync 1 DAGs
[2023-04-13T20:34:47.773+0000] {logging_mixin.py:137} INFO - [2023-04-13T20:34:47.773+0000] {dag.py:3456} INFO - Setting next_dagrun for example_branch_labels to 2023-04-12T00:00:00+00:00, run_after=2023-04-13T00:00:00+00:00
[2023-04-13T20:34:47.795+0000] {processor.py:175} INFO - Processing /home/airflow/.local/lib/python3.7/site-packages/airflow/example_dags/example_branch_labels.py took 0.098 seconds
[2023-04-13T20:35:18.124+0000] {processor.py:153} INFO - Started process (PID=218) to work on /home/airflow/.local/lib/python3.7/site-packages/airflow/example_dags/example_branch_labels.py
[2023-04-13T20:35:18.125+0000] {processor.py:743} INFO - Processing file /home/airflow/.local/lib/python3.7/site-packages/airflow/example_dags/example_branch_labels.py for tasks to queue
[2023-04-13T20:35:18.126+0000] {logging_mixin.py:137} INFO - [2023-04-13T20:35:18.125+0000] {dagbag.py:532} INFO - Filling up the DagBag from /home/airflow/.local/lib/python3.7/site-packages/airflow/example_dags/example_branch_labels.py
[2023-04-13T20:35:18.143+0000] {processor.py:753} INFO - DAG(s) dict_keys(['example_branch_labels']) retrieved from /home/airflow/.local/lib/python3.7/site-packages/airflow/example_dags/example_branch_labels.py
[2023-04-13T20:35:18.175+0000] {logging_mixin.py:137} INFO - [2023-04-13T20:35:18.175+0000] {dag.py:2705} INFO - Sync 1 DAGs
[2023-04-13T20:35:18.207+0000] {logging_mixin.py:137} INFO - [2023-04-13T20:35:18.206+0000] {dag.py:3456} INFO - Setting next_dagrun for example_branch_labels to 2023-04-12T00:00:00+00:00, run_after=2023-04-13T00:00:00+00:00
[2023-04-13T20:35:18.229+0000] {processor.py:175} INFO - Processing /home/airflow/.local/lib/python3.7/site-packages/airflow/example_dags/example_branch_labels.py took 0.109 seconds
[2023-04-13T20:35:48.583+0000] {processor.py:153} INFO - Started process (PID=268) to work on /home/airflow/.local/lib/python3.7/site-packages/airflow/example_dags/example_branch_labels.py
[2023-04-13T20:35:48.584+0000] {processor.py:743} INFO - Processing file /home/airflow/.local/lib/python3.7/site-packages/airflow/example_dags/example_branch_labels.py for tasks to queue
[2023-04-13T20:35:48.585+0000] {logging_mixin.py:137} INFO - [2023-04-13T20:35:48.585+0000] {dagbag.py:532} INFO - Filling up the DagBag from /home/airflow/.local/lib/python3.7/site-packages/airflow/example_dags/example_branch_labels.py
[2023-04-13T20:35:48.599+0000] {processor.py:753} INFO - DAG(s) dict_keys(['example_branch_labels']) retrieved from /home/airflow/.local/lib/python3.7/site-packages/airflow/example_dags/example_branch_labels.py
[2023-04-13T20:35:48.629+0000] {logging_mixin.py:137} INFO - [2023-04-13T20:35:48.629+0000] {dag.py:2705} INFO - Sync 1 DAGs
[2023-04-13T20:35:48.658+0000] {logging_mixin.py:137} INFO - [2023-04-13T20:35:48.658+0000] {dag.py:3456} INFO - Setting next_dagrun for example_branch_labels to 2023-04-12T00:00:00+00:00, run_after=2023-04-13T00:00:00+00:00
[2023-04-13T20:35:48.676+0000] {processor.py:175} INFO - Processing /home/airflow/.local/lib/python3.7/site-packages/airflow/example_dags/example_branch_labels.py took 0.095 seconds
[2023-04-13T20:36:19.044+0000] {processor.py:153} INFO - Started process (PID=318) to work on /home/airflow/.local/lib/python3.7/site-packages/airflow/example_dags/example_branch_labels.py
[2023-04-13T20:36:19.045+0000] {processor.py:743} INFO - Processing file /home/airflow/.local/lib/python3.7/site-packages/airflow/example_dags/example_branch_labels.py for tasks to queue
[2023-04-13T20:36:19.046+0000] {logging_mixin.py:137} INFO - [2023-04-13T20:36:19.046+0000] {dagbag.py:532} INFO - Filling up the DagBag from /home/airflow/.local/lib/python3.7/site-packages/airflow/example_dags/example_branch_labels.py
[2023-04-13T20:36:19.062+0000] {processor.py:753} INFO - DAG(s) dict_keys(['example_branch_labels']) retrieved from /home/airflow/.local/lib/python3.7/site-packages/airflow/example_dags/example_branch_labels.py
[2023-04-13T20:36:19.119+0000] {logging_mixin.py:137} INFO - [2023-04-13T20:36:19.118+0000] {dag.py:2705} INFO - Sync 1 DAGs
[2023-04-13T20:36:19.152+0000] {logging_mixin.py:137} INFO - [2023-04-13T20:36:19.152+0000] {dag.py:3456} INFO - Setting next_dagrun for example_branch_labels to 2023-04-12T00:00:00+00:00, run_after=2023-04-13T00:00:00+00:00
[2023-04-13T20:36:19.208+0000] {processor.py:175} INFO - Processing /home/airflow/.local/lib/python3.7/site-packages/airflow/example_dags/example_branch_labels.py took 0.167 seconds
[2023-04-13T20:36:49.341+0000] {processor.py:153} INFO - Started process (PID=368) to work on /home/airflow/.local/lib/python3.7/site-packages/airflow/example_dags/example_branch_labels.py
[2023-04-13T20:36:49.342+0000] {processor.py:743} INFO - Processing file /home/airflow/.local/lib/python3.7/site-packages/airflow/example_dags/example_branch_labels.py for tasks to queue
[2023-04-13T20:36:49.343+0000] {logging_mixin.py:137} INFO - [2023-04-13T20:36:49.343+0000] {dagbag.py:532} INFO - Filling up the DagBag from /home/airflow/.local/lib/python3.7/site-packages/airflow/example_dags/example_branch_labels.py
[2023-04-13T20:36:49.358+0000] {processor.py:753} INFO - DAG(s) dict_keys(['example_branch_labels']) retrieved from /home/airflow/.local/lib/python3.7/site-packages/airflow/example_dags/example_branch_labels.py
[2023-04-13T20:36:49.388+0000] {logging_mixin.py:137} INFO - [2023-04-13T20:36:49.388+0000] {dag.py:2705} INFO - Sync 1 DAGs
[2023-04-13T20:36:49.418+0000] {logging_mixin.py:137} INFO - [2023-04-13T20:36:49.417+0000] {dag.py:3456} INFO - Setting next_dagrun for example_branch_labels to 2023-04-12T00:00:00+00:00, run_after=2023-04-13T00:00:00+00:00
[2023-04-13T20:36:49.436+0000] {processor.py:175} INFO - Processing /home/airflow/.local/lib/python3.7/site-packages/airflow/example_dags/example_branch_labels.py took 0.098 seconds
[2023-04-13T20:37:19.467+0000] {processor.py:153} INFO - Started process (PID=418) to work on /home/airflow/.local/lib/python3.7/site-packages/airflow/example_dags/example_branch_labels.py
[2023-04-13T20:37:19.467+0000] {processor.py:743} INFO - Processing file /home/airflow/.local/lib/python3.7/site-packages/airflow/example_dags/example_branch_labels.py for tasks to queue
[2023-04-13T20:37:19.468+0000] {logging_mixin.py:137} INFO - [2023-04-13T20:37:19.468+0000] {dagbag.py:532} INFO - Filling up the DagBag from /home/airflow/.local/lib/python3.7/site-packages/airflow/example_dags/example_branch_labels.py
[2023-04-13T20:37:19.482+0000] {processor.py:753} INFO - DAG(s) dict_keys(['example_branch_labels']) retrieved from /home/airflow/.local/lib/python3.7/site-packages/airflow/example_dags/example_branch_labels.py
[2023-04-13T20:37:19.513+0000] {logging_mixin.py:137} INFO - [2023-04-13T20:37:19.512+0000] {dag.py:2705} INFO - Sync 1 DAGs
[2023-04-13T20:37:19.544+0000] {logging_mixin.py:137} INFO - [2023-04-13T20:37:19.544+0000] {dag.py:3456} INFO - Setting next_dagrun for example_branch_labels to 2023-04-12T00:00:00+00:00, run_after=2023-04-13T00:00:00+00:00
[2023-04-13T20:37:19.567+0000] {processor.py:175} INFO - Processing /home/airflow/.local/lib/python3.7/site-packages/airflow/example_dags/example_branch_labels.py took 0.104 seconds
[2023-04-13T20:37:49.843+0000] {processor.py:153} INFO - Started process (PID=469) to work on /home/airflow/.local/lib/python3.7/site-packages/airflow/example_dags/example_branch_labels.py
[2023-04-13T20:37:49.844+0000] {processor.py:743} INFO - Processing file /home/airflow/.local/lib/python3.7/site-packages/airflow/example_dags/example_branch_labels.py for tasks to queue
[2023-04-13T20:37:49.844+0000] {logging_mixin.py:137} INFO - [2023-04-13T20:37:49.844+0000] {dagbag.py:532} INFO - Filling up the DagBag from /home/airflow/.local/lib/python3.7/site-packages/airflow/example_dags/example_branch_labels.py
[2023-04-13T20:37:49.860+0000] {processor.py:753} INFO - DAG(s) dict_keys(['example_branch_labels']) retrieved from /home/airflow/.local/lib/python3.7/site-packages/airflow/example_dags/example_branch_labels.py
[2023-04-13T20:37:49.887+0000] {logging_mixin.py:137} INFO - [2023-04-13T20:37:49.887+0000] {dag.py:2705} INFO - Sync 1 DAGs
[2023-04-13T20:37:49.915+0000] {logging_mixin.py:137} INFO - [2023-04-13T20:37:49.914+0000] {dag.py:3456} INFO - Setting next_dagrun for example_branch_labels to 2023-04-12T00:00:00+00:00, run_after=2023-04-13T00:00:00+00:00
[2023-04-13T20:37:49.932+0000] {processor.py:175} INFO - Processing /home/airflow/.local/lib/python3.7/site-packages/airflow/example_dags/example_branch_labels.py took 0.093 seconds
[2023-04-13T20:38:20.225+0000] {processor.py:153} INFO - Started process (PID=519) to work on /home/airflow/.local/lib/python3.7/site-packages/airflow/example_dags/example_branch_labels.py
[2023-04-13T20:38:20.226+0000] {processor.py:743} INFO - Processing file /home/airflow/.local/lib/python3.7/site-packages/airflow/example_dags/example_branch_labels.py for tasks to queue
[2023-04-13T20:38:20.228+0000] {logging_mixin.py:137} INFO - [2023-04-13T20:38:20.227+0000] {dagbag.py:532} INFO - Filling up the DagBag from /home/airflow/.local/lib/python3.7/site-packages/airflow/example_dags/example_branch_labels.py
[2023-04-13T20:38:20.248+0000] {processor.py:753} INFO - DAG(s) dict_keys(['example_branch_labels']) retrieved from /home/airflow/.local/lib/python3.7/site-packages/airflow/example_dags/example_branch_labels.py
[2023-04-13T20:38:20.287+0000] {logging_mixin.py:137} INFO - [2023-04-13T20:38:20.287+0000] {dag.py:2705} INFO - Sync 1 DAGs
[2023-04-13T20:38:20.328+0000] {logging_mixin.py:137} INFO - [2023-04-13T20:38:20.328+0000] {dag.py:3456} INFO - Setting next_dagrun for example_branch_labels to 2023-04-12T00:00:00+00:00, run_after=2023-04-13T00:00:00+00:00
[2023-04-13T20:38:20.357+0000] {processor.py:175} INFO - Processing /home/airflow/.local/lib/python3.7/site-packages/airflow/example_dags/example_branch_labels.py took 0.136 seconds
