[2023-04-13T20:33:49.142+0000] {processor.py:153} INFO - Started process (PID=93) to work on /home/airflow/.local/lib/python3.7/site-packages/airflow/example_dags/example_task_group_decorator.py
[2023-04-13T20:33:49.143+0000] {processor.py:743} INFO - Processing file /home/airflow/.local/lib/python3.7/site-packages/airflow/example_dags/example_task_group_decorator.py for tasks to queue
[2023-04-13T20:33:49.143+0000] {logging_mixin.py:137} INFO - [2023-04-13T20:33:49.143+0000] {dagbag.py:532} INFO - Filling up the DagBag from /home/airflow/.local/lib/python3.7/site-packages/airflow/example_dags/example_task_group_decorator.py
[2023-04-13T20:33:49.181+0000] {processor.py:753} INFO - DAG(s) dict_keys(['example_task_group_decorator']) retrieved from /home/airflow/.local/lib/python3.7/site-packages/airflow/example_dags/example_task_group_decorator.py
[2023-04-13T20:33:49.207+0000] {logging_mixin.py:137} INFO - [2023-04-13T20:33:49.207+0000] {dag.py:2705} INFO - Sync 1 DAGs
[2023-04-13T20:33:49.238+0000] {logging_mixin.py:137} INFO - [2023-04-13T20:33:49.238+0000] {dag.py:3456} INFO - Setting next_dagrun for example_task_group_decorator to 2023-04-12T20:33:49.237797+00:00, run_after=2023-04-13T20:33:49.237797+00:00
[2023-04-13T20:33:49.265+0000] {processor.py:175} INFO - Processing /home/airflow/.local/lib/python3.7/site-packages/airflow/example_dags/example_task_group_decorator.py took 0.126 seconds
[2023-04-13T20:34:19.514+0000] {processor.py:153} INFO - Started process (PID=143) to work on /home/airflow/.local/lib/python3.7/site-packages/airflow/example_dags/example_task_group_decorator.py
[2023-04-13T20:34:19.515+0000] {processor.py:743} INFO - Processing file /home/airflow/.local/lib/python3.7/site-packages/airflow/example_dags/example_task_group_decorator.py for tasks to queue
[2023-04-13T20:34:19.516+0000] {logging_mixin.py:137} INFO - [2023-04-13T20:34:19.516+0000] {dagbag.py:532} INFO - Filling up the DagBag from /home/airflow/.local/lib/python3.7/site-packages/airflow/example_dags/example_task_group_decorator.py
[2023-04-13T20:34:19.547+0000] {processor.py:753} INFO - DAG(s) dict_keys(['example_task_group_decorator']) retrieved from /home/airflow/.local/lib/python3.7/site-packages/airflow/example_dags/example_task_group_decorator.py
[2023-04-13T20:34:19.577+0000] {logging_mixin.py:137} INFO - [2023-04-13T20:34:19.577+0000] {dag.py:2705} INFO - Sync 1 DAGs
[2023-04-13T20:34:19.607+0000] {logging_mixin.py:137} INFO - [2023-04-13T20:34:19.606+0000] {dag.py:3456} INFO - Setting next_dagrun for example_task_group_decorator to 2023-04-12T20:34:19.606582+00:00, run_after=2023-04-13T20:34:19.606582+00:00
[2023-04-13T20:34:19.628+0000] {processor.py:175} INFO - Processing /home/airflow/.local/lib/python3.7/site-packages/airflow/example_dags/example_task_group_decorator.py took 0.117 seconds
[2023-04-13T20:34:50.623+0000] {processor.py:153} INFO - Started process (PID=193) to work on /home/airflow/.local/lib/python3.7/site-packages/airflow/example_dags/example_task_group_decorator.py
[2023-04-13T20:34:50.624+0000] {processor.py:743} INFO - Processing file /home/airflow/.local/lib/python3.7/site-packages/airflow/example_dags/example_task_group_decorator.py for tasks to queue
[2023-04-13T20:34:50.625+0000] {logging_mixin.py:137} INFO - [2023-04-13T20:34:50.624+0000] {dagbag.py:532} INFO - Filling up the DagBag from /home/airflow/.local/lib/python3.7/site-packages/airflow/example_dags/example_task_group_decorator.py
[2023-04-13T20:34:50.657+0000] {processor.py:753} INFO - DAG(s) dict_keys(['example_task_group_decorator']) retrieved from /home/airflow/.local/lib/python3.7/site-packages/airflow/example_dags/example_task_group_decorator.py
[2023-04-13T20:34:50.691+0000] {logging_mixin.py:137} INFO - [2023-04-13T20:34:50.691+0000] {dag.py:2705} INFO - Sync 1 DAGs
[2023-04-13T20:34:50.720+0000] {logging_mixin.py:137} INFO - [2023-04-13T20:34:50.720+0000] {dag.py:3456} INFO - Setting next_dagrun for example_task_group_decorator to 2023-04-12T20:34:50.719893+00:00, run_after=2023-04-13T20:34:50.719893+00:00
[2023-04-13T20:34:50.739+0000] {processor.py:175} INFO - Processing /home/airflow/.local/lib/python3.7/site-packages/airflow/example_dags/example_task_group_decorator.py took 0.119 seconds
[2023-04-13T20:35:20.975+0000] {processor.py:153} INFO - Started process (PID=243) to work on /home/airflow/.local/lib/python3.7/site-packages/airflow/example_dags/example_task_group_decorator.py
[2023-04-13T20:35:20.976+0000] {processor.py:743} INFO - Processing file /home/airflow/.local/lib/python3.7/site-packages/airflow/example_dags/example_task_group_decorator.py for tasks to queue
[2023-04-13T20:35:20.976+0000] {logging_mixin.py:137} INFO - [2023-04-13T20:35:20.976+0000] {dagbag.py:532} INFO - Filling up the DagBag from /home/airflow/.local/lib/python3.7/site-packages/airflow/example_dags/example_task_group_decorator.py
[2023-04-13T20:35:21.027+0000] {processor.py:753} INFO - DAG(s) dict_keys(['example_task_group_decorator']) retrieved from /home/airflow/.local/lib/python3.7/site-packages/airflow/example_dags/example_task_group_decorator.py
[2023-04-13T20:35:21.061+0000] {logging_mixin.py:137} INFO - [2023-04-13T20:35:21.060+0000] {dag.py:2705} INFO - Sync 1 DAGs
[2023-04-13T20:35:21.088+0000] {logging_mixin.py:137} INFO - [2023-04-13T20:35:21.088+0000] {dag.py:3456} INFO - Setting next_dagrun for example_task_group_decorator to 2023-04-12T20:35:21.088303+00:00, run_after=2023-04-13T20:35:21.088303+00:00
[2023-04-13T20:35:21.120+0000] {processor.py:175} INFO - Processing /home/airflow/.local/lib/python3.7/site-packages/airflow/example_dags/example_task_group_decorator.py took 0.148 seconds
[2023-04-13T20:35:51.588+0000] {processor.py:153} INFO - Started process (PID=293) to work on /home/airflow/.local/lib/python3.7/site-packages/airflow/example_dags/example_task_group_decorator.py
[2023-04-13T20:35:51.588+0000] {processor.py:743} INFO - Processing file /home/airflow/.local/lib/python3.7/site-packages/airflow/example_dags/example_task_group_decorator.py for tasks to queue
[2023-04-13T20:35:51.589+0000] {logging_mixin.py:137} INFO - [2023-04-13T20:35:51.589+0000] {dagbag.py:532} INFO - Filling up the DagBag from /home/airflow/.local/lib/python3.7/site-packages/airflow/example_dags/example_task_group_decorator.py
[2023-04-13T20:35:51.630+0000] {processor.py:753} INFO - DAG(s) dict_keys(['example_task_group_decorator']) retrieved from /home/airflow/.local/lib/python3.7/site-packages/airflow/example_dags/example_task_group_decorator.py
[2023-04-13T20:35:51.661+0000] {logging_mixin.py:137} INFO - [2023-04-13T20:35:51.660+0000] {dag.py:2705} INFO - Sync 1 DAGs
[2023-04-13T20:35:51.690+0000] {logging_mixin.py:137} INFO - [2023-04-13T20:35:51.690+0000] {dag.py:3456} INFO - Setting next_dagrun for example_task_group_decorator to 2023-04-12T20:35:51.689707+00:00, run_after=2023-04-13T20:35:51.689707+00:00
[2023-04-13T20:35:51.714+0000] {processor.py:175} INFO - Processing /home/airflow/.local/lib/python3.7/site-packages/airflow/example_dags/example_task_group_decorator.py took 0.129 seconds
[2023-04-13T20:36:22.047+0000] {processor.py:153} INFO - Started process (PID=343) to work on /home/airflow/.local/lib/python3.7/site-packages/airflow/example_dags/example_task_group_decorator.py
[2023-04-13T20:36:22.048+0000] {processor.py:743} INFO - Processing file /home/airflow/.local/lib/python3.7/site-packages/airflow/example_dags/example_task_group_decorator.py for tasks to queue
[2023-04-13T20:36:22.049+0000] {logging_mixin.py:137} INFO - [2023-04-13T20:36:22.048+0000] {dagbag.py:532} INFO - Filling up the DagBag from /home/airflow/.local/lib/python3.7/site-packages/airflow/example_dags/example_task_group_decorator.py
[2023-04-13T20:36:22.082+0000] {processor.py:753} INFO - DAG(s) dict_keys(['example_task_group_decorator']) retrieved from /home/airflow/.local/lib/python3.7/site-packages/airflow/example_dags/example_task_group_decorator.py
[2023-04-13T20:36:22.123+0000] {logging_mixin.py:137} INFO - [2023-04-13T20:36:22.123+0000] {dag.py:2705} INFO - Sync 1 DAGs
[2023-04-13T20:36:22.164+0000] {logging_mixin.py:137} INFO - [2023-04-13T20:36:22.164+0000] {dag.py:3456} INFO - Setting next_dagrun for example_task_group_decorator to 2023-04-12T20:36:22.164101+00:00, run_after=2023-04-13T20:36:22.164101+00:00
[2023-04-13T20:36:22.185+0000] {processor.py:175} INFO - Processing /home/airflow/.local/lib/python3.7/site-packages/airflow/example_dags/example_task_group_decorator.py took 0.142 seconds
[2023-04-13T20:36:52.310+0000] {processor.py:153} INFO - Started process (PID=393) to work on /home/airflow/.local/lib/python3.7/site-packages/airflow/example_dags/example_task_group_decorator.py
[2023-04-13T20:36:52.311+0000] {processor.py:743} INFO - Processing file /home/airflow/.local/lib/python3.7/site-packages/airflow/example_dags/example_task_group_decorator.py for tasks to queue
[2023-04-13T20:36:52.312+0000] {logging_mixin.py:137} INFO - [2023-04-13T20:36:52.312+0000] {dagbag.py:532} INFO - Filling up the DagBag from /home/airflow/.local/lib/python3.7/site-packages/airflow/example_dags/example_task_group_decorator.py
[2023-04-13T20:36:52.343+0000] {processor.py:753} INFO - DAG(s) dict_keys(['example_task_group_decorator']) retrieved from /home/airflow/.local/lib/python3.7/site-packages/airflow/example_dags/example_task_group_decorator.py
[2023-04-13T20:36:52.376+0000] {logging_mixin.py:137} INFO - [2023-04-13T20:36:52.375+0000] {dag.py:2705} INFO - Sync 1 DAGs
[2023-04-13T20:36:52.405+0000] {logging_mixin.py:137} INFO - [2023-04-13T20:36:52.405+0000] {dag.py:3456} INFO - Setting next_dagrun for example_task_group_decorator to 2023-04-12T20:36:52.404971+00:00, run_after=2023-04-13T20:36:52.404971+00:00
[2023-04-13T20:36:52.424+0000] {processor.py:175} INFO - Processing /home/airflow/.local/lib/python3.7/site-packages/airflow/example_dags/example_task_group_decorator.py took 0.117 seconds
[2023-04-13T20:37:22.596+0000] {processor.py:153} INFO - Started process (PID=443) to work on /home/airflow/.local/lib/python3.7/site-packages/airflow/example_dags/example_task_group_decorator.py
[2023-04-13T20:37:22.596+0000] {processor.py:743} INFO - Processing file /home/airflow/.local/lib/python3.7/site-packages/airflow/example_dags/example_task_group_decorator.py for tasks to queue
[2023-04-13T20:37:22.597+0000] {logging_mixin.py:137} INFO - [2023-04-13T20:37:22.597+0000] {dagbag.py:532} INFO - Filling up the DagBag from /home/airflow/.local/lib/python3.7/site-packages/airflow/example_dags/example_task_group_decorator.py
[2023-04-13T20:37:22.628+0000] {processor.py:753} INFO - DAG(s) dict_keys(['example_task_group_decorator']) retrieved from /home/airflow/.local/lib/python3.7/site-packages/airflow/example_dags/example_task_group_decorator.py
[2023-04-13T20:37:22.662+0000] {logging_mixin.py:137} INFO - [2023-04-13T20:37:22.661+0000] {dag.py:2705} INFO - Sync 1 DAGs
[2023-04-13T20:37:22.688+0000] {logging_mixin.py:137} INFO - [2023-04-13T20:37:22.688+0000] {dag.py:3456} INFO - Setting next_dagrun for example_task_group_decorator to 2023-04-12T20:37:22.688430+00:00, run_after=2023-04-13T20:37:22.688430+00:00
[2023-04-13T20:37:22.709+0000] {processor.py:175} INFO - Processing /home/airflow/.local/lib/python3.7/site-packages/airflow/example_dags/example_task_group_decorator.py took 0.116 seconds
[2023-04-13T20:37:52.968+0000] {processor.py:153} INFO - Started process (PID=494) to work on /home/airflow/.local/lib/python3.7/site-packages/airflow/example_dags/example_task_group_decorator.py
[2023-04-13T20:37:52.969+0000] {processor.py:743} INFO - Processing file /home/airflow/.local/lib/python3.7/site-packages/airflow/example_dags/example_task_group_decorator.py for tasks to queue
[2023-04-13T20:37:52.970+0000] {logging_mixin.py:137} INFO - [2023-04-13T20:37:52.970+0000] {dagbag.py:532} INFO - Filling up the DagBag from /home/airflow/.local/lib/python3.7/site-packages/airflow/example_dags/example_task_group_decorator.py
[2023-04-13T20:37:53.016+0000] {processor.py:753} INFO - DAG(s) dict_keys(['example_task_group_decorator']) retrieved from /home/airflow/.local/lib/python3.7/site-packages/airflow/example_dags/example_task_group_decorator.py
[2023-04-13T20:37:53.060+0000] {logging_mixin.py:137} INFO - [2023-04-13T20:37:53.060+0000] {dag.py:2705} INFO - Sync 1 DAGs
[2023-04-13T20:37:53.114+0000] {logging_mixin.py:137} INFO - [2023-04-13T20:37:53.113+0000] {dag.py:3456} INFO - Setting next_dagrun for example_task_group_decorator to 2023-04-12T20:37:53.113483+00:00, run_after=2023-04-13T20:37:53.113483+00:00
[2023-04-13T20:37:53.139+0000] {processor.py:175} INFO - Processing /home/airflow/.local/lib/python3.7/site-packages/airflow/example_dags/example_task_group_decorator.py took 0.174 seconds
[2023-04-13T20:38:24.022+0000] {processor.py:153} INFO - Started process (PID=544) to work on /home/airflow/.local/lib/python3.7/site-packages/airflow/example_dags/example_task_group_decorator.py
[2023-04-13T20:38:24.023+0000] {processor.py:743} INFO - Processing file /home/airflow/.local/lib/python3.7/site-packages/airflow/example_dags/example_task_group_decorator.py for tasks to queue
[2023-04-13T20:38:24.024+0000] {logging_mixin.py:137} INFO - [2023-04-13T20:38:24.024+0000] {dagbag.py:532} INFO - Filling up the DagBag from /home/airflow/.local/lib/python3.7/site-packages/airflow/example_dags/example_task_group_decorator.py
[2023-04-13T20:38:24.070+0000] {processor.py:753} INFO - DAG(s) dict_keys(['example_task_group_decorator']) retrieved from /home/airflow/.local/lib/python3.7/site-packages/airflow/example_dags/example_task_group_decorator.py
[2023-04-13T20:38:24.114+0000] {logging_mixin.py:137} INFO - [2023-04-13T20:38:24.114+0000] {dag.py:2705} INFO - Sync 1 DAGs
[2023-04-13T20:38:24.151+0000] {logging_mixin.py:137} INFO - [2023-04-13T20:38:24.150+0000] {dag.py:3456} INFO - Setting next_dagrun for example_task_group_decorator to 2023-04-12T20:38:24.150630+00:00, run_after=2023-04-13T20:38:24.150630+00:00
[2023-04-13T20:38:24.175+0000] {processor.py:175} INFO - Processing /home/airflow/.local/lib/python3.7/site-packages/airflow/example_dags/example_task_group_decorator.py took 0.158 seconds
