[2023-04-13T20:33:49.124+0000] {processor.py:153} INFO - Started process (PID=92) to work on /home/airflow/.local/lib/python3.7/site-packages/airflow/example_dags/example_task_group.py
[2023-04-13T20:33:49.125+0000] {processor.py:743} INFO - Processing file /home/airflow/.local/lib/python3.7/site-packages/airflow/example_dags/example_task_group.py for tasks to queue
[2023-04-13T20:33:49.126+0000] {logging_mixin.py:137} INFO - [2023-04-13T20:33:49.126+0000] {dagbag.py:532} INFO - Filling up the DagBag from /home/airflow/.local/lib/python3.7/site-packages/airflow/example_dags/example_task_group.py
[2023-04-13T20:33:49.144+0000] {processor.py:753} INFO - DAG(s) dict_keys(['example_task_group']) retrieved from /home/airflow/.local/lib/python3.7/site-packages/airflow/example_dags/example_task_group.py
[2023-04-13T20:33:49.156+0000] {logging_mixin.py:137} INFO - [2023-04-13T20:33:49.156+0000] {dag.py:2705} INFO - Sync 1 DAGs
[2023-04-13T20:33:49.183+0000] {logging_mixin.py:137} INFO - [2023-04-13T20:33:49.183+0000] {dag.py:3456} INFO - Setting next_dagrun for example_task_group to 2023-04-12T20:33:49.183309+00:00, run_after=2023-04-13T20:33:49.183309+00:00
[2023-04-13T20:33:49.212+0000] {processor.py:175} INFO - Processing /home/airflow/.local/lib/python3.7/site-packages/airflow/example_dags/example_task_group.py took 0.091 seconds
[2023-04-13T20:34:19.416+0000] {processor.py:153} INFO - Started process (PID=142) to work on /home/airflow/.local/lib/python3.7/site-packages/airflow/example_dags/example_task_group.py
[2023-04-13T20:34:19.417+0000] {processor.py:743} INFO - Processing file /home/airflow/.local/lib/python3.7/site-packages/airflow/example_dags/example_task_group.py for tasks to queue
[2023-04-13T20:34:19.417+0000] {logging_mixin.py:137} INFO - [2023-04-13T20:34:19.417+0000] {dagbag.py:532} INFO - Filling up the DagBag from /home/airflow/.local/lib/python3.7/site-packages/airflow/example_dags/example_task_group.py
[2023-04-13T20:34:19.432+0000] {processor.py:753} INFO - DAG(s) dict_keys(['example_task_group']) retrieved from /home/airflow/.local/lib/python3.7/site-packages/airflow/example_dags/example_task_group.py
[2023-04-13T20:34:19.459+0000] {logging_mixin.py:137} INFO - [2023-04-13T20:34:19.458+0000] {dag.py:2705} INFO - Sync 1 DAGs
[2023-04-13T20:34:19.486+0000] {logging_mixin.py:137} INFO - [2023-04-13T20:34:19.485+0000] {dag.py:3456} INFO - Setting next_dagrun for example_task_group to 2023-04-12T20:34:19.485708+00:00, run_after=2023-04-13T20:34:19.485708+00:00
[2023-04-13T20:34:19.505+0000] {processor.py:175} INFO - Processing /home/airflow/.local/lib/python3.7/site-packages/airflow/example_dags/example_task_group.py took 0.092 seconds
[2023-04-13T20:34:50.555+0000] {processor.py:153} INFO - Started process (PID=192) to work on /home/airflow/.local/lib/python3.7/site-packages/airflow/example_dags/example_task_group.py
[2023-04-13T20:34:50.556+0000] {processor.py:743} INFO - Processing file /home/airflow/.local/lib/python3.7/site-packages/airflow/example_dags/example_task_group.py for tasks to queue
[2023-04-13T20:34:50.557+0000] {logging_mixin.py:137} INFO - [2023-04-13T20:34:50.557+0000] {dagbag.py:532} INFO - Filling up the DagBag from /home/airflow/.local/lib/python3.7/site-packages/airflow/example_dags/example_task_group.py
[2023-04-13T20:34:50.573+0000] {processor.py:753} INFO - DAG(s) dict_keys(['example_task_group']) retrieved from /home/airflow/.local/lib/python3.7/site-packages/airflow/example_dags/example_task_group.py
[2023-04-13T20:34:50.603+0000] {logging_mixin.py:137} INFO - [2023-04-13T20:34:50.603+0000] {dag.py:2705} INFO - Sync 1 DAGs
[2023-04-13T20:34:50.637+0000] {logging_mixin.py:137} INFO - [2023-04-13T20:34:50.637+0000] {dag.py:3456} INFO - Setting next_dagrun for example_task_group to 2023-04-12T20:34:50.636838+00:00, run_after=2023-04-13T20:34:50.636838+00:00
[2023-04-13T20:34:50.657+0000] {processor.py:175} INFO - Processing /home/airflow/.local/lib/python3.7/site-packages/airflow/example_dags/example_task_group.py took 0.105 seconds
[2023-04-13T20:35:20.930+0000] {processor.py:153} INFO - Started process (PID=242) to work on /home/airflow/.local/lib/python3.7/site-packages/airflow/example_dags/example_task_group.py
[2023-04-13T20:35:20.931+0000] {processor.py:743} INFO - Processing file /home/airflow/.local/lib/python3.7/site-packages/airflow/example_dags/example_task_group.py for tasks to queue
[2023-04-13T20:35:20.931+0000] {logging_mixin.py:137} INFO - [2023-04-13T20:35:20.931+0000] {dagbag.py:532} INFO - Filling up the DagBag from /home/airflow/.local/lib/python3.7/site-packages/airflow/example_dags/example_task_group.py
[2023-04-13T20:35:20.947+0000] {processor.py:753} INFO - DAG(s) dict_keys(['example_task_group']) retrieved from /home/airflow/.local/lib/python3.7/site-packages/airflow/example_dags/example_task_group.py
[2023-04-13T20:35:20.974+0000] {logging_mixin.py:137} INFO - [2023-04-13T20:35:20.974+0000] {dag.py:2705} INFO - Sync 1 DAGs
[2023-04-13T20:35:21.018+0000] {logging_mixin.py:137} INFO - [2023-04-13T20:35:21.018+0000] {dag.py:3456} INFO - Setting next_dagrun for example_task_group to 2023-04-12T20:35:21.018108+00:00, run_after=2023-04-13T20:35:21.018108+00:00
[2023-04-13T20:35:21.038+0000] {processor.py:175} INFO - Processing /home/airflow/.local/lib/python3.7/site-packages/airflow/example_dags/example_task_group.py took 0.110 seconds
[2023-04-13T20:35:51.536+0000] {processor.py:153} INFO - Started process (PID=292) to work on /home/airflow/.local/lib/python3.7/site-packages/airflow/example_dags/example_task_group.py
[2023-04-13T20:35:51.537+0000] {processor.py:743} INFO - Processing file /home/airflow/.local/lib/python3.7/site-packages/airflow/example_dags/example_task_group.py for tasks to queue
[2023-04-13T20:35:51.537+0000] {logging_mixin.py:137} INFO - [2023-04-13T20:35:51.537+0000] {dagbag.py:532} INFO - Filling up the DagBag from /home/airflow/.local/lib/python3.7/site-packages/airflow/example_dags/example_task_group.py
[2023-04-13T20:35:51.554+0000] {processor.py:753} INFO - DAG(s) dict_keys(['example_task_group']) retrieved from /home/airflow/.local/lib/python3.7/site-packages/airflow/example_dags/example_task_group.py
[2023-04-13T20:35:51.583+0000] {logging_mixin.py:137} INFO - [2023-04-13T20:35:51.583+0000] {dag.py:2705} INFO - Sync 1 DAGs
[2023-04-13T20:35:51.626+0000] {logging_mixin.py:137} INFO - [2023-04-13T20:35:51.626+0000] {dag.py:3456} INFO - Setting next_dagrun for example_task_group to 2023-04-12T20:35:51.626238+00:00, run_after=2023-04-13T20:35:51.626238+00:00
[2023-04-13T20:35:51.647+0000] {processor.py:175} INFO - Processing /home/airflow/.local/lib/python3.7/site-packages/airflow/example_dags/example_task_group.py took 0.114 seconds
[2023-04-13T20:36:21.973+0000] {processor.py:153} INFO - Started process (PID=342) to work on /home/airflow/.local/lib/python3.7/site-packages/airflow/example_dags/example_task_group.py
[2023-04-13T20:36:21.974+0000] {processor.py:743} INFO - Processing file /home/airflow/.local/lib/python3.7/site-packages/airflow/example_dags/example_task_group.py for tasks to queue
[2023-04-13T20:36:21.975+0000] {logging_mixin.py:137} INFO - [2023-04-13T20:36:21.975+0000] {dagbag.py:532} INFO - Filling up the DagBag from /home/airflow/.local/lib/python3.7/site-packages/airflow/example_dags/example_task_group.py
[2023-04-13T20:36:21.991+0000] {processor.py:753} INFO - DAG(s) dict_keys(['example_task_group']) retrieved from /home/airflow/.local/lib/python3.7/site-packages/airflow/example_dags/example_task_group.py
[2023-04-13T20:36:22.048+0000] {logging_mixin.py:137} INFO - [2023-04-13T20:36:22.048+0000] {dag.py:2705} INFO - Sync 1 DAGs
[2023-04-13T20:36:22.085+0000] {logging_mixin.py:137} INFO - [2023-04-13T20:36:22.085+0000] {dag.py:3456} INFO - Setting next_dagrun for example_task_group to 2023-04-12T20:36:22.084797+00:00, run_after=2023-04-13T20:36:22.084797+00:00
[2023-04-13T20:36:22.108+0000] {processor.py:175} INFO - Processing /home/airflow/.local/lib/python3.7/site-packages/airflow/example_dags/example_task_group.py took 0.138 seconds
[2023-04-13T20:36:52.255+0000] {processor.py:153} INFO - Started process (PID=392) to work on /home/airflow/.local/lib/python3.7/site-packages/airflow/example_dags/example_task_group.py
[2023-04-13T20:36:52.256+0000] {processor.py:743} INFO - Processing file /home/airflow/.local/lib/python3.7/site-packages/airflow/example_dags/example_task_group.py for tasks to queue
[2023-04-13T20:36:52.256+0000] {logging_mixin.py:137} INFO - [2023-04-13T20:36:52.256+0000] {dagbag.py:532} INFO - Filling up the DagBag from /home/airflow/.local/lib/python3.7/site-packages/airflow/example_dags/example_task_group.py
[2023-04-13T20:36:52.272+0000] {processor.py:753} INFO - DAG(s) dict_keys(['example_task_group']) retrieved from /home/airflow/.local/lib/python3.7/site-packages/airflow/example_dags/example_task_group.py
[2023-04-13T20:36:52.301+0000] {logging_mixin.py:137} INFO - [2023-04-13T20:36:52.301+0000] {dag.py:2705} INFO - Sync 1 DAGs
[2023-04-13T20:36:52.328+0000] {logging_mixin.py:137} INFO - [2023-04-13T20:36:52.328+0000] {dag.py:3456} INFO - Setting next_dagrun for example_task_group to 2023-04-12T20:36:52.328544+00:00, run_after=2023-04-13T20:36:52.328544+00:00
[2023-04-13T20:36:52.348+0000] {processor.py:175} INFO - Processing /home/airflow/.local/lib/python3.7/site-packages/airflow/example_dags/example_task_group.py took 0.096 seconds
[2023-04-13T20:37:22.524+0000] {processor.py:153} INFO - Started process (PID=442) to work on /home/airflow/.local/lib/python3.7/site-packages/airflow/example_dags/example_task_group.py
[2023-04-13T20:37:22.525+0000] {processor.py:743} INFO - Processing file /home/airflow/.local/lib/python3.7/site-packages/airflow/example_dags/example_task_group.py for tasks to queue
[2023-04-13T20:37:22.525+0000] {logging_mixin.py:137} INFO - [2023-04-13T20:37:22.525+0000] {dagbag.py:532} INFO - Filling up the DagBag from /home/airflow/.local/lib/python3.7/site-packages/airflow/example_dags/example_task_group.py
[2023-04-13T20:37:22.541+0000] {processor.py:753} INFO - DAG(s) dict_keys(['example_task_group']) retrieved from /home/airflow/.local/lib/python3.7/site-packages/airflow/example_dags/example_task_group.py
[2023-04-13T20:37:22.570+0000] {logging_mixin.py:137} INFO - [2023-04-13T20:37:22.570+0000] {dag.py:2705} INFO - Sync 1 DAGs
[2023-04-13T20:37:22.603+0000] {logging_mixin.py:137} INFO - [2023-04-13T20:37:22.602+0000] {dag.py:3456} INFO - Setting next_dagrun for example_task_group to 2023-04-12T20:37:22.602564+00:00, run_after=2023-04-13T20:37:22.602564+00:00
[2023-04-13T20:37:22.622+0000] {processor.py:175} INFO - Processing /home/airflow/.local/lib/python3.7/site-packages/airflow/example_dags/example_task_group.py took 0.102 seconds
[2023-04-13T20:37:52.847+0000] {processor.py:153} INFO - Started process (PID=493) to work on /home/airflow/.local/lib/python3.7/site-packages/airflow/example_dags/example_task_group.py
[2023-04-13T20:37:52.848+0000] {processor.py:743} INFO - Processing file /home/airflow/.local/lib/python3.7/site-packages/airflow/example_dags/example_task_group.py for tasks to queue
[2023-04-13T20:37:52.848+0000] {logging_mixin.py:137} INFO - [2023-04-13T20:37:52.848+0000] {dagbag.py:532} INFO - Filling up the DagBag from /home/airflow/.local/lib/python3.7/site-packages/airflow/example_dags/example_task_group.py
[2023-04-13T20:37:52.866+0000] {processor.py:753} INFO - DAG(s) dict_keys(['example_task_group']) retrieved from /home/airflow/.local/lib/python3.7/site-packages/airflow/example_dags/example_task_group.py
[2023-04-13T20:37:52.907+0000] {logging_mixin.py:137} INFO - [2023-04-13T20:37:52.907+0000] {dag.py:2705} INFO - Sync 1 DAGs
[2023-04-13T20:37:52.937+0000] {logging_mixin.py:137} INFO - [2023-04-13T20:37:52.935+0000] {dag.py:3456} INFO - Setting next_dagrun for example_task_group to 2023-04-12T20:37:52.935606+00:00, run_after=2023-04-13T20:37:52.935606+00:00
[2023-04-13T20:37:52.957+0000] {processor.py:175} INFO - Processing /home/airflow/.local/lib/python3.7/site-packages/airflow/example_dags/example_task_group.py took 0.113 seconds
[2023-04-13T20:38:23.833+0000] {processor.py:153} INFO - Started process (PID=543) to work on /home/airflow/.local/lib/python3.7/site-packages/airflow/example_dags/example_task_group.py
[2023-04-13T20:38:23.838+0000] {processor.py:743} INFO - Processing file /home/airflow/.local/lib/python3.7/site-packages/airflow/example_dags/example_task_group.py for tasks to queue
[2023-04-13T20:38:23.839+0000] {logging_mixin.py:137} INFO - [2023-04-13T20:38:23.839+0000] {dagbag.py:532} INFO - Filling up the DagBag from /home/airflow/.local/lib/python3.7/site-packages/airflow/example_dags/example_task_group.py
[2023-04-13T20:38:23.861+0000] {processor.py:753} INFO - DAG(s) dict_keys(['example_task_group']) retrieved from /home/airflow/.local/lib/python3.7/site-packages/airflow/example_dags/example_task_group.py
[2023-04-13T20:38:23.912+0000] {logging_mixin.py:137} INFO - [2023-04-13T20:38:23.912+0000] {dag.py:2705} INFO - Sync 1 DAGs
[2023-04-13T20:38:23.960+0000] {logging_mixin.py:137} INFO - [2023-04-13T20:38:23.960+0000] {dag.py:3456} INFO - Setting next_dagrun for example_task_group to 2023-04-12T20:38:23.959689+00:00, run_after=2023-04-13T20:38:23.959689+00:00
[2023-04-13T20:38:23.990+0000] {processor.py:175} INFO - Processing /home/airflow/.local/lib/python3.7/site-packages/airflow/example_dags/example_task_group.py took 0.161 seconds
