[2023-04-13T20:33:46.996+0000] {processor.py:153} INFO - Started process (PID=65) to work on /home/airflow/.local/lib/python3.7/site-packages/airflow/example_dags/example_bash_operator.py
[2023-04-13T20:33:46.996+0000] {processor.py:743} INFO - Processing file /home/airflow/.local/lib/python3.7/site-packages/airflow/example_dags/example_bash_operator.py for tasks to queue
[2023-04-13T20:33:46.997+0000] {logging_mixin.py:137} INFO - [2023-04-13T20:33:46.997+0000] {dagbag.py:532} INFO - Filling up the DagBag from /home/airflow/.local/lib/python3.7/site-packages/airflow/example_dags/example_bash_operator.py
[2023-04-13T20:33:47.040+0000] {processor.py:753} INFO - DAG(s) dict_keys(['example_bash_operator']) retrieved from /home/airflow/.local/lib/python3.7/site-packages/airflow/example_dags/example_bash_operator.py
[2023-04-13T20:33:47.068+0000] {logging_mixin.py:137} INFO - [2023-04-13T20:33:47.068+0000] {dag.py:2705} INFO - Sync 1 DAGs
[2023-04-13T20:33:47.124+0000] {logging_mixin.py:137} INFO - [2023-04-13T20:33:47.124+0000] {dag.py:3456} INFO - Setting next_dagrun for example_bash_operator to 2023-04-12T00:00:00+00:00, run_after=2023-04-13T00:00:00+00:00
[2023-04-13T20:33:47.145+0000] {processor.py:175} INFO - Processing /home/airflow/.local/lib/python3.7/site-packages/airflow/example_dags/example_bash_operator.py took 0.152 seconds
[2023-04-13T20:34:17.275+0000] {processor.py:153} INFO - Started process (PID=115) to work on /home/airflow/.local/lib/python3.7/site-packages/airflow/example_dags/example_bash_operator.py
[2023-04-13T20:34:17.276+0000] {processor.py:743} INFO - Processing file /home/airflow/.local/lib/python3.7/site-packages/airflow/example_dags/example_bash_operator.py for tasks to queue
[2023-04-13T20:34:17.277+0000] {logging_mixin.py:137} INFO - [2023-04-13T20:34:17.276+0000] {dagbag.py:532} INFO - Filling up the DagBag from /home/airflow/.local/lib/python3.7/site-packages/airflow/example_dags/example_bash_operator.py
[2023-04-13T20:34:17.298+0000] {processor.py:753} INFO - DAG(s) dict_keys(['example_bash_operator']) retrieved from /home/airflow/.local/lib/python3.7/site-packages/airflow/example_dags/example_bash_operator.py
[2023-04-13T20:34:17.343+0000] {logging_mixin.py:137} INFO - [2023-04-13T20:34:17.343+0000] {dag.py:2705} INFO - Sync 1 DAGs
[2023-04-13T20:34:17.373+0000] {logging_mixin.py:137} INFO - [2023-04-13T20:34:17.373+0000] {dag.py:3456} INFO - Setting next_dagrun for example_bash_operator to 2023-04-12T00:00:00+00:00, run_after=2023-04-13T00:00:00+00:00
[2023-04-13T20:34:17.392+0000] {processor.py:175} INFO - Processing /home/airflow/.local/lib/python3.7/site-packages/airflow/example_dags/example_bash_operator.py took 0.120 seconds
[2023-04-13T20:34:47.439+0000] {processor.py:153} INFO - Started process (PID=165) to work on /home/airflow/.local/lib/python3.7/site-packages/airflow/example_dags/example_bash_operator.py
[2023-04-13T20:34:47.440+0000] {processor.py:743} INFO - Processing file /home/airflow/.local/lib/python3.7/site-packages/airflow/example_dags/example_bash_operator.py for tasks to queue
[2023-04-13T20:34:47.441+0000] {logging_mixin.py:137} INFO - [2023-04-13T20:34:47.441+0000] {dagbag.py:532} INFO - Filling up the DagBag from /home/airflow/.local/lib/python3.7/site-packages/airflow/example_dags/example_bash_operator.py
[2023-04-13T20:34:47.463+0000] {processor.py:753} INFO - DAG(s) dict_keys(['example_bash_operator']) retrieved from /home/airflow/.local/lib/python3.7/site-packages/airflow/example_dags/example_bash_operator.py
[2023-04-13T20:34:47.510+0000] {logging_mixin.py:137} INFO - [2023-04-13T20:34:47.509+0000] {dag.py:2705} INFO - Sync 1 DAGs
[2023-04-13T20:34:47.543+0000] {logging_mixin.py:137} INFO - [2023-04-13T20:34:47.543+0000] {dag.py:3456} INFO - Setting next_dagrun for example_bash_operator to 2023-04-12T00:00:00+00:00, run_after=2023-04-13T00:00:00+00:00
[2023-04-13T20:34:47.566+0000] {processor.py:175} INFO - Processing /home/airflow/.local/lib/python3.7/site-packages/airflow/example_dags/example_bash_operator.py took 0.129 seconds
[2023-04-13T20:35:17.855+0000] {processor.py:153} INFO - Started process (PID=215) to work on /home/airflow/.local/lib/python3.7/site-packages/airflow/example_dags/example_bash_operator.py
[2023-04-13T20:35:17.856+0000] {processor.py:743} INFO - Processing file /home/airflow/.local/lib/python3.7/site-packages/airflow/example_dags/example_bash_operator.py for tasks to queue
[2023-04-13T20:35:17.856+0000] {logging_mixin.py:137} INFO - [2023-04-13T20:35:17.856+0000] {dagbag.py:532} INFO - Filling up the DagBag from /home/airflow/.local/lib/python3.7/site-packages/airflow/example_dags/example_bash_operator.py
[2023-04-13T20:35:17.881+0000] {processor.py:753} INFO - DAG(s) dict_keys(['example_bash_operator']) retrieved from /home/airflow/.local/lib/python3.7/site-packages/airflow/example_dags/example_bash_operator.py
[2023-04-13T20:35:17.928+0000] {logging_mixin.py:137} INFO - [2023-04-13T20:35:17.927+0000] {dag.py:2705} INFO - Sync 1 DAGs
[2023-04-13T20:35:17.956+0000] {logging_mixin.py:137} INFO - [2023-04-13T20:35:17.956+0000] {dag.py:3456} INFO - Setting next_dagrun for example_bash_operator to 2023-04-12T00:00:00+00:00, run_after=2023-04-13T00:00:00+00:00
[2023-04-13T20:35:17.977+0000] {processor.py:175} INFO - Processing /home/airflow/.local/lib/python3.7/site-packages/airflow/example_dags/example_bash_operator.py took 0.125 seconds
[2023-04-13T20:35:48.337+0000] {processor.py:153} INFO - Started process (PID=265) to work on /home/airflow/.local/lib/python3.7/site-packages/airflow/example_dags/example_bash_operator.py
[2023-04-13T20:35:48.338+0000] {processor.py:743} INFO - Processing file /home/airflow/.local/lib/python3.7/site-packages/airflow/example_dags/example_bash_operator.py for tasks to queue
[2023-04-13T20:35:48.338+0000] {logging_mixin.py:137} INFO - [2023-04-13T20:35:48.338+0000] {dagbag.py:532} INFO - Filling up the DagBag from /home/airflow/.local/lib/python3.7/site-packages/airflow/example_dags/example_bash_operator.py
[2023-04-13T20:35:48.361+0000] {processor.py:753} INFO - DAG(s) dict_keys(['example_bash_operator']) retrieved from /home/airflow/.local/lib/python3.7/site-packages/airflow/example_dags/example_bash_operator.py
[2023-04-13T20:35:48.407+0000] {logging_mixin.py:137} INFO - [2023-04-13T20:35:48.407+0000] {dag.py:2705} INFO - Sync 1 DAGs
[2023-04-13T20:35:48.435+0000] {logging_mixin.py:137} INFO - [2023-04-13T20:35:48.435+0000] {dag.py:3456} INFO - Setting next_dagrun for example_bash_operator to 2023-04-12T00:00:00+00:00, run_after=2023-04-13T00:00:00+00:00
[2023-04-13T20:35:48.455+0000] {processor.py:175} INFO - Processing /home/airflow/.local/lib/python3.7/site-packages/airflow/example_dags/example_bash_operator.py took 0.121 seconds
[2023-04-13T20:36:18.603+0000] {processor.py:153} INFO - Started process (PID=315) to work on /home/airflow/.local/lib/python3.7/site-packages/airflow/example_dags/example_bash_operator.py
[2023-04-13T20:36:18.604+0000] {processor.py:743} INFO - Processing file /home/airflow/.local/lib/python3.7/site-packages/airflow/example_dags/example_bash_operator.py for tasks to queue
[2023-04-13T20:36:18.605+0000] {logging_mixin.py:137} INFO - [2023-04-13T20:36:18.605+0000] {dagbag.py:532} INFO - Filling up the DagBag from /home/airflow/.local/lib/python3.7/site-packages/airflow/example_dags/example_bash_operator.py
[2023-04-13T20:36:18.633+0000] {processor.py:753} INFO - DAG(s) dict_keys(['example_bash_operator']) retrieved from /home/airflow/.local/lib/python3.7/site-packages/airflow/example_dags/example_bash_operator.py
[2023-04-13T20:36:18.728+0000] {logging_mixin.py:137} INFO - [2023-04-13T20:36:18.728+0000] {dag.py:2705} INFO - Sync 1 DAGs
[2023-04-13T20:36:18.807+0000] {logging_mixin.py:137} INFO - [2023-04-13T20:36:18.806+0000] {dag.py:3456} INFO - Setting next_dagrun for example_bash_operator to 2023-04-12T00:00:00+00:00, run_after=2023-04-13T00:00:00+00:00
[2023-04-13T20:36:18.833+0000] {processor.py:175} INFO - Processing /home/airflow/.local/lib/python3.7/site-packages/airflow/example_dags/example_bash_operator.py took 0.314 seconds
[2023-04-13T20:36:49.075+0000] {processor.py:153} INFO - Started process (PID=365) to work on /home/airflow/.local/lib/python3.7/site-packages/airflow/example_dags/example_bash_operator.py
[2023-04-13T20:36:49.081+0000] {processor.py:743} INFO - Processing file /home/airflow/.local/lib/python3.7/site-packages/airflow/example_dags/example_bash_operator.py for tasks to queue
[2023-04-13T20:36:49.081+0000] {logging_mixin.py:137} INFO - [2023-04-13T20:36:49.081+0000] {dagbag.py:532} INFO - Filling up the DagBag from /home/airflow/.local/lib/python3.7/site-packages/airflow/example_dags/example_bash_operator.py
[2023-04-13T20:36:49.112+0000] {processor.py:753} INFO - DAG(s) dict_keys(['example_bash_operator']) retrieved from /home/airflow/.local/lib/python3.7/site-packages/airflow/example_dags/example_bash_operator.py
[2023-04-13T20:36:49.160+0000] {logging_mixin.py:137} INFO - [2023-04-13T20:36:49.160+0000] {dag.py:2705} INFO - Sync 1 DAGs
[2023-04-13T20:36:49.191+0000] {logging_mixin.py:137} INFO - [2023-04-13T20:36:49.190+0000] {dag.py:3456} INFO - Setting next_dagrun for example_bash_operator to 2023-04-12T00:00:00+00:00, run_after=2023-04-13T00:00:00+00:00
[2023-04-13T20:36:49.210+0000] {processor.py:175} INFO - Processing /home/airflow/.local/lib/python3.7/site-packages/airflow/example_dags/example_bash_operator.py took 0.138 seconds
[2023-04-13T20:37:19.309+0000] {processor.py:153} INFO - Started process (PID=415) to work on /home/airflow/.local/lib/python3.7/site-packages/airflow/example_dags/example_bash_operator.py
[2023-04-13T20:37:19.310+0000] {processor.py:743} INFO - Processing file /home/airflow/.local/lib/python3.7/site-packages/airflow/example_dags/example_bash_operator.py for tasks to queue
[2023-04-13T20:37:19.311+0000] {logging_mixin.py:137} INFO - [2023-04-13T20:37:19.310+0000] {dagbag.py:532} INFO - Filling up the DagBag from /home/airflow/.local/lib/python3.7/site-packages/airflow/example_dags/example_bash_operator.py
[2023-04-13T20:37:19.335+0000] {processor.py:753} INFO - DAG(s) dict_keys(['example_bash_operator']) retrieved from /home/airflow/.local/lib/python3.7/site-packages/airflow/example_dags/example_bash_operator.py
[2023-04-13T20:37:19.385+0000] {logging_mixin.py:137} INFO - [2023-04-13T20:37:19.384+0000] {dag.py:2705} INFO - Sync 1 DAGs
[2023-04-13T20:37:19.413+0000] {logging_mixin.py:137} INFO - [2023-04-13T20:37:19.413+0000] {dag.py:3456} INFO - Setting next_dagrun for example_bash_operator to 2023-04-12T00:00:00+00:00, run_after=2023-04-13T00:00:00+00:00
[2023-04-13T20:37:19.433+0000] {processor.py:175} INFO - Processing /home/airflow/.local/lib/python3.7/site-packages/airflow/example_dags/example_bash_operator.py took 0.127 seconds
[2023-04-13T20:37:49.588+0000] {processor.py:153} INFO - Started process (PID=466) to work on /home/airflow/.local/lib/python3.7/site-packages/airflow/example_dags/example_bash_operator.py
[2023-04-13T20:37:49.589+0000] {processor.py:743} INFO - Processing file /home/airflow/.local/lib/python3.7/site-packages/airflow/example_dags/example_bash_operator.py for tasks to queue
[2023-04-13T20:37:49.590+0000] {logging_mixin.py:137} INFO - [2023-04-13T20:37:49.589+0000] {dagbag.py:532} INFO - Filling up the DagBag from /home/airflow/.local/lib/python3.7/site-packages/airflow/example_dags/example_bash_operator.py
[2023-04-13T20:37:49.611+0000] {processor.py:753} INFO - DAG(s) dict_keys(['example_bash_operator']) retrieved from /home/airflow/.local/lib/python3.7/site-packages/airflow/example_dags/example_bash_operator.py
[2023-04-13T20:37:49.656+0000] {logging_mixin.py:137} INFO - [2023-04-13T20:37:49.655+0000] {dag.py:2705} INFO - Sync 1 DAGs
[2023-04-13T20:37:49.684+0000] {logging_mixin.py:137} INFO - [2023-04-13T20:37:49.684+0000] {dag.py:3456} INFO - Setting next_dagrun for example_bash_operator to 2023-04-12T00:00:00+00:00, run_after=2023-04-13T00:00:00+00:00
[2023-04-13T20:37:49.702+0000] {processor.py:175} INFO - Processing /home/airflow/.local/lib/python3.7/site-packages/airflow/example_dags/example_bash_operator.py took 0.118 seconds
[2023-04-13T20:38:19.874+0000] {processor.py:153} INFO - Started process (PID=516) to work on /home/airflow/.local/lib/python3.7/site-packages/airflow/example_dags/example_bash_operator.py
[2023-04-13T20:38:19.875+0000] {processor.py:743} INFO - Processing file /home/airflow/.local/lib/python3.7/site-packages/airflow/example_dags/example_bash_operator.py for tasks to queue
[2023-04-13T20:38:19.876+0000] {logging_mixin.py:137} INFO - [2023-04-13T20:38:19.876+0000] {dagbag.py:532} INFO - Filling up the DagBag from /home/airflow/.local/lib/python3.7/site-packages/airflow/example_dags/example_bash_operator.py
[2023-04-13T20:38:19.908+0000] {processor.py:753} INFO - DAG(s) dict_keys(['example_bash_operator']) retrieved from /home/airflow/.local/lib/python3.7/site-packages/airflow/example_dags/example_bash_operator.py
[2023-04-13T20:38:19.973+0000] {logging_mixin.py:137} INFO - [2023-04-13T20:38:19.972+0000] {dag.py:2705} INFO - Sync 1 DAGs
[2023-04-13T20:38:20.020+0000] {logging_mixin.py:137} INFO - [2023-04-13T20:38:20.020+0000] {dag.py:3456} INFO - Setting next_dagrun for example_bash_operator to 2023-04-12T00:00:00+00:00, run_after=2023-04-13T00:00:00+00:00
[2023-04-13T20:38:20.048+0000] {processor.py:175} INFO - Processing /home/airflow/.local/lib/python3.7/site-packages/airflow/example_dags/example_bash_operator.py took 0.177 seconds
