[2023-04-13T20:33:47.634+0000] {processor.py:153} INFO - Started process (PID=74) to work on /home/airflow/.local/lib/python3.7/site-packages/airflow/example_dags/example_datasets.py
[2023-04-13T20:33:47.635+0000] {processor.py:743} INFO - Processing file /home/airflow/.local/lib/python3.7/site-packages/airflow/example_dags/example_datasets.py for tasks to queue
[2023-04-13T20:33:47.636+0000] {logging_mixin.py:137} INFO - [2023-04-13T20:33:47.635+0000] {dagbag.py:532} INFO - Filling up the DagBag from /home/airflow/.local/lib/python3.7/site-packages/airflow/example_dags/example_datasets.py
[2023-04-13T20:33:47.657+0000] {processor.py:753} INFO - DAG(s) dict_keys(['dataset_consumes_1_and_2', 'dataset_produces_1', 'dataset_consumes_unknown_never_scheduled', 'dataset_consumes_1_never_scheduled', 'dataset_consumes_1', 'dataset_produces_2']) retrieved from /home/airflow/.local/lib/python3.7/site-packages/airflow/example_dags/example_datasets.py
[2023-04-13T20:33:47.674+0000] {logging_mixin.py:137} INFO - [2023-04-13T20:33:47.674+0000] {dag.py:2705} INFO - Sync 6 DAGs
[2023-04-13T20:33:47.706+0000] {logging_mixin.py:137} INFO - [2023-04-13T20:33:47.706+0000] {dag.py:3456} INFO - Setting next_dagrun for dataset_consumes_1 to None, run_after=None
[2023-04-13T20:33:47.710+0000] {logging_mixin.py:137} INFO - [2023-04-13T20:33:47.710+0000] {dag.py:3456} INFO - Setting next_dagrun for dataset_consumes_1_and_2 to None, run_after=None
[2023-04-13T20:33:47.712+0000] {logging_mixin.py:137} INFO - [2023-04-13T20:33:47.711+0000] {dag.py:3456} INFO - Setting next_dagrun for dataset_consumes_1_never_scheduled to None, run_after=None
[2023-04-13T20:33:47.713+0000] {logging_mixin.py:137} INFO - [2023-04-13T20:33:47.713+0000] {dag.py:3456} INFO - Setting next_dagrun for dataset_consumes_unknown_never_scheduled to None, run_after=None
[2023-04-13T20:33:47.716+0000] {logging_mixin.py:137} INFO - [2023-04-13T20:33:47.716+0000] {dag.py:3456} INFO - Setting next_dagrun for dataset_produces_1 to 2023-04-12T00:00:00+00:00, run_after=2023-04-13T00:00:00+00:00
[2023-04-13T20:33:47.717+0000] {logging_mixin.py:137} INFO - [2023-04-13T20:33:47.717+0000] {dag.py:3456} INFO - Setting next_dagrun for dataset_produces_2 to None, run_after=None
[2023-04-13T20:33:47.756+0000] {processor.py:175} INFO - Processing /home/airflow/.local/lib/python3.7/site-packages/airflow/example_dags/example_datasets.py took 0.125 seconds
[2023-04-13T20:34:18.087+0000] {processor.py:153} INFO - Started process (PID=124) to work on /home/airflow/.local/lib/python3.7/site-packages/airflow/example_dags/example_datasets.py
[2023-04-13T20:34:18.088+0000] {processor.py:743} INFO - Processing file /home/airflow/.local/lib/python3.7/site-packages/airflow/example_dags/example_datasets.py for tasks to queue
[2023-04-13T20:34:18.088+0000] {logging_mixin.py:137} INFO - [2023-04-13T20:34:18.088+0000] {dagbag.py:532} INFO - Filling up the DagBag from /home/airflow/.local/lib/python3.7/site-packages/airflow/example_dags/example_datasets.py
[2023-04-13T20:34:18.106+0000] {processor.py:753} INFO - DAG(s) dict_keys(['dataset_produces_1', 'dataset_consumes_1_never_scheduled', 'dataset_consumes_1', 'dataset_consumes_unknown_never_scheduled', 'dataset_consumes_1_and_2', 'dataset_produces_2']) retrieved from /home/airflow/.local/lib/python3.7/site-packages/airflow/example_dags/example_datasets.py
[2023-04-13T20:34:18.214+0000] {logging_mixin.py:137} INFO - [2023-04-13T20:34:18.214+0000] {dag.py:2705} INFO - Sync 6 DAGs
[2023-04-13T20:34:18.241+0000] {logging_mixin.py:137} INFO - [2023-04-13T20:34:18.241+0000] {dag.py:3456} INFO - Setting next_dagrun for dataset_consumes_1 to None, run_after=None
[2023-04-13T20:34:18.244+0000] {logging_mixin.py:137} INFO - [2023-04-13T20:34:18.244+0000] {dag.py:3456} INFO - Setting next_dagrun for dataset_consumes_1_and_2 to None, run_after=None
[2023-04-13T20:34:18.246+0000] {logging_mixin.py:137} INFO - [2023-04-13T20:34:18.245+0000] {dag.py:3456} INFO - Setting next_dagrun for dataset_consumes_1_never_scheduled to None, run_after=None
[2023-04-13T20:34:18.247+0000] {logging_mixin.py:137} INFO - [2023-04-13T20:34:18.247+0000] {dag.py:3456} INFO - Setting next_dagrun for dataset_consumes_unknown_never_scheduled to None, run_after=None
[2023-04-13T20:34:18.250+0000] {logging_mixin.py:137} INFO - [2023-04-13T20:34:18.250+0000] {dag.py:3456} INFO - Setting next_dagrun for dataset_produces_1 to 2023-04-12T00:00:00+00:00, run_after=2023-04-13T00:00:00+00:00
[2023-04-13T20:34:18.251+0000] {logging_mixin.py:137} INFO - [2023-04-13T20:34:18.251+0000] {dag.py:3456} INFO - Setting next_dagrun for dataset_produces_2 to None, run_after=None
[2023-04-13T20:34:18.288+0000] {processor.py:175} INFO - Processing /home/airflow/.local/lib/python3.7/site-packages/airflow/example_dags/example_datasets.py took 0.204 seconds
[2023-04-13T20:34:48.393+0000] {processor.py:153} INFO - Started process (PID=175) to work on /home/airflow/.local/lib/python3.7/site-packages/airflow/example_dags/example_datasets.py
[2023-04-13T20:34:48.394+0000] {processor.py:743} INFO - Processing file /home/airflow/.local/lib/python3.7/site-packages/airflow/example_dags/example_datasets.py for tasks to queue
[2023-04-13T20:34:48.395+0000] {logging_mixin.py:137} INFO - [2023-04-13T20:34:48.394+0000] {dagbag.py:532} INFO - Filling up the DagBag from /home/airflow/.local/lib/python3.7/site-packages/airflow/example_dags/example_datasets.py
[2023-04-13T20:34:48.411+0000] {processor.py:753} INFO - DAG(s) dict_keys(['dataset_produces_2', 'dataset_consumes_1', 'dataset_consumes_unknown_never_scheduled', 'dataset_consumes_1_never_scheduled', 'dataset_consumes_1_and_2', 'dataset_produces_1']) retrieved from /home/airflow/.local/lib/python3.7/site-packages/airflow/example_dags/example_datasets.py
[2023-04-13T20:34:48.453+0000] {logging_mixin.py:137} INFO - [2023-04-13T20:34:48.453+0000] {dag.py:2705} INFO - Sync 6 DAGs
[2023-04-13T20:34:48.482+0000] {logging_mixin.py:137} INFO - [2023-04-13T20:34:48.482+0000] {dag.py:3456} INFO - Setting next_dagrun for dataset_consumes_1 to None, run_after=None
[2023-04-13T20:34:48.487+0000] {logging_mixin.py:137} INFO - [2023-04-13T20:34:48.487+0000] {dag.py:3456} INFO - Setting next_dagrun for dataset_consumes_1_and_2 to None, run_after=None
[2023-04-13T20:34:48.489+0000] {logging_mixin.py:137} INFO - [2023-04-13T20:34:48.489+0000] {dag.py:3456} INFO - Setting next_dagrun for dataset_consumes_1_never_scheduled to None, run_after=None
[2023-04-13T20:34:48.490+0000] {logging_mixin.py:137} INFO - [2023-04-13T20:34:48.490+0000] {dag.py:3456} INFO - Setting next_dagrun for dataset_consumes_unknown_never_scheduled to None, run_after=None
[2023-04-13T20:34:48.493+0000] {logging_mixin.py:137} INFO - [2023-04-13T20:34:48.493+0000] {dag.py:3456} INFO - Setting next_dagrun for dataset_produces_1 to 2023-04-12T00:00:00+00:00, run_after=2023-04-13T00:00:00+00:00
[2023-04-13T20:34:48.494+0000] {logging_mixin.py:137} INFO - [2023-04-13T20:34:48.494+0000] {dag.py:3456} INFO - Setting next_dagrun for dataset_produces_2 to None, run_after=None
[2023-04-13T20:34:48.530+0000] {processor.py:175} INFO - Processing /home/airflow/.local/lib/python3.7/site-packages/airflow/example_dags/example_datasets.py took 0.140 seconds
[2023-04-13T20:35:18.735+0000] {processor.py:153} INFO - Started process (PID=225) to work on /home/airflow/.local/lib/python3.7/site-packages/airflow/example_dags/example_datasets.py
[2023-04-13T20:35:18.736+0000] {processor.py:743} INFO - Processing file /home/airflow/.local/lib/python3.7/site-packages/airflow/example_dags/example_datasets.py for tasks to queue
[2023-04-13T20:35:18.736+0000] {logging_mixin.py:137} INFO - [2023-04-13T20:35:18.736+0000] {dagbag.py:532} INFO - Filling up the DagBag from /home/airflow/.local/lib/python3.7/site-packages/airflow/example_dags/example_datasets.py
[2023-04-13T20:35:18.751+0000] {processor.py:753} INFO - DAG(s) dict_keys(['dataset_consumes_unknown_never_scheduled', 'dataset_produces_2', 'dataset_consumes_1', 'dataset_consumes_1_never_scheduled', 'dataset_produces_1', 'dataset_consumes_1_and_2']) retrieved from /home/airflow/.local/lib/python3.7/site-packages/airflow/example_dags/example_datasets.py
[2023-04-13T20:35:18.795+0000] {logging_mixin.py:137} INFO - [2023-04-13T20:35:18.795+0000] {dag.py:2705} INFO - Sync 6 DAGs
[2023-04-13T20:35:18.825+0000] {logging_mixin.py:137} INFO - [2023-04-13T20:35:18.825+0000] {dag.py:3456} INFO - Setting next_dagrun for dataset_consumes_1 to None, run_after=None
[2023-04-13T20:35:18.829+0000] {logging_mixin.py:137} INFO - [2023-04-13T20:35:18.829+0000] {dag.py:3456} INFO - Setting next_dagrun for dataset_consumes_1_and_2 to None, run_after=None
[2023-04-13T20:35:18.831+0000] {logging_mixin.py:137} INFO - [2023-04-13T20:35:18.831+0000] {dag.py:3456} INFO - Setting next_dagrun for dataset_consumes_1_never_scheduled to None, run_after=None
[2023-04-13T20:35:18.832+0000] {logging_mixin.py:137} INFO - [2023-04-13T20:35:18.832+0000] {dag.py:3456} INFO - Setting next_dagrun for dataset_consumes_unknown_never_scheduled to None, run_after=None
[2023-04-13T20:35:18.835+0000] {logging_mixin.py:137} INFO - [2023-04-13T20:35:18.835+0000] {dag.py:3456} INFO - Setting next_dagrun for dataset_produces_1 to 2023-04-12T00:00:00+00:00, run_after=2023-04-13T00:00:00+00:00
[2023-04-13T20:35:18.837+0000] {logging_mixin.py:137} INFO - [2023-04-13T20:35:18.836+0000] {dag.py:3456} INFO - Setting next_dagrun for dataset_produces_2 to None, run_after=None
[2023-04-13T20:35:18.873+0000] {processor.py:175} INFO - Processing /home/airflow/.local/lib/python3.7/site-packages/airflow/example_dags/example_datasets.py took 0.141 seconds
[2023-04-13T20:35:49.219+0000] {processor.py:153} INFO - Started process (PID=274) to work on /home/airflow/.local/lib/python3.7/site-packages/airflow/example_dags/example_datasets.py
[2023-04-13T20:35:49.220+0000] {processor.py:743} INFO - Processing file /home/airflow/.local/lib/python3.7/site-packages/airflow/example_dags/example_datasets.py for tasks to queue
[2023-04-13T20:35:49.220+0000] {logging_mixin.py:137} INFO - [2023-04-13T20:35:49.220+0000] {dagbag.py:532} INFO - Filling up the DagBag from /home/airflow/.local/lib/python3.7/site-packages/airflow/example_dags/example_datasets.py
[2023-04-13T20:35:49.237+0000] {processor.py:753} INFO - DAG(s) dict_keys(['dataset_produces_1', 'dataset_consumes_1_never_scheduled', 'dataset_consumes_1', 'dataset_consumes_1_and_2', 'dataset_produces_2', 'dataset_consumes_unknown_never_scheduled']) retrieved from /home/airflow/.local/lib/python3.7/site-packages/airflow/example_dags/example_datasets.py
[2023-04-13T20:35:49.281+0000] {logging_mixin.py:137} INFO - [2023-04-13T20:35:49.281+0000] {dag.py:2705} INFO - Sync 6 DAGs
[2023-04-13T20:35:49.313+0000] {logging_mixin.py:137} INFO - [2023-04-13T20:35:49.313+0000] {dag.py:3456} INFO - Setting next_dagrun for dataset_consumes_1 to None, run_after=None
[2023-04-13T20:35:49.316+0000] {logging_mixin.py:137} INFO - [2023-04-13T20:35:49.316+0000] {dag.py:3456} INFO - Setting next_dagrun for dataset_consumes_1_and_2 to None, run_after=None
[2023-04-13T20:35:49.317+0000] {logging_mixin.py:137} INFO - [2023-04-13T20:35:49.317+0000] {dag.py:3456} INFO - Setting next_dagrun for dataset_consumes_1_never_scheduled to None, run_after=None
[2023-04-13T20:35:49.318+0000] {logging_mixin.py:137} INFO - [2023-04-13T20:35:49.318+0000] {dag.py:3456} INFO - Setting next_dagrun for dataset_consumes_unknown_never_scheduled to None, run_after=None
[2023-04-13T20:35:49.321+0000] {logging_mixin.py:137} INFO - [2023-04-13T20:35:49.321+0000] {dag.py:3456} INFO - Setting next_dagrun for dataset_produces_1 to 2023-04-12T00:00:00+00:00, run_after=2023-04-13T00:00:00+00:00
[2023-04-13T20:35:49.322+0000] {logging_mixin.py:137} INFO - [2023-04-13T20:35:49.322+0000] {dag.py:3456} INFO - Setting next_dagrun for dataset_produces_2 to None, run_after=None
[2023-04-13T20:35:49.358+0000] {processor.py:175} INFO - Processing /home/airflow/.local/lib/python3.7/site-packages/airflow/example_dags/example_datasets.py took 0.142 seconds
[2023-04-13T20:36:19.755+0000] {processor.py:153} INFO - Started process (PID=324) to work on /home/airflow/.local/lib/python3.7/site-packages/airflow/example_dags/example_datasets.py
[2023-04-13T20:36:19.756+0000] {processor.py:743} INFO - Processing file /home/airflow/.local/lib/python3.7/site-packages/airflow/example_dags/example_datasets.py for tasks to queue
[2023-04-13T20:36:19.756+0000] {logging_mixin.py:137} INFO - [2023-04-13T20:36:19.756+0000] {dagbag.py:532} INFO - Filling up the DagBag from /home/airflow/.local/lib/python3.7/site-packages/airflow/example_dags/example_datasets.py
[2023-04-13T20:36:19.814+0000] {processor.py:753} INFO - DAG(s) dict_keys(['dataset_produces_1', 'dataset_produces_2', 'dataset_consumes_unknown_never_scheduled', 'dataset_consumes_1', 'dataset_consumes_1_and_2', 'dataset_consumes_1_never_scheduled']) retrieved from /home/airflow/.local/lib/python3.7/site-packages/airflow/example_dags/example_datasets.py
[2023-04-13T20:36:19.908+0000] {logging_mixin.py:137} INFO - [2023-04-13T20:36:19.908+0000] {dag.py:2705} INFO - Sync 6 DAGs
[2023-04-13T20:36:19.944+0000] {logging_mixin.py:137} INFO - [2023-04-13T20:36:19.943+0000] {dag.py:3456} INFO - Setting next_dagrun for dataset_consumes_1 to None, run_after=None
[2023-04-13T20:36:19.947+0000] {logging_mixin.py:137} INFO - [2023-04-13T20:36:19.947+0000] {dag.py:3456} INFO - Setting next_dagrun for dataset_consumes_1_and_2 to None, run_after=None
[2023-04-13T20:36:19.949+0000] {logging_mixin.py:137} INFO - [2023-04-13T20:36:19.949+0000] {dag.py:3456} INFO - Setting next_dagrun for dataset_consumes_1_never_scheduled to None, run_after=None
[2023-04-13T20:36:19.950+0000] {logging_mixin.py:137} INFO - [2023-04-13T20:36:19.950+0000] {dag.py:3456} INFO - Setting next_dagrun for dataset_consumes_unknown_never_scheduled to None, run_after=None
[2023-04-13T20:36:19.953+0000] {logging_mixin.py:137} INFO - [2023-04-13T20:36:19.953+0000] {dag.py:3456} INFO - Setting next_dagrun for dataset_produces_1 to 2023-04-12T00:00:00+00:00, run_after=2023-04-13T00:00:00+00:00
[2023-04-13T20:36:19.955+0000] {logging_mixin.py:137} INFO - [2023-04-13T20:36:19.955+0000] {dag.py:3456} INFO - Setting next_dagrun for dataset_produces_2 to None, run_after=None
[2023-04-13T20:36:20.038+0000] {processor.py:175} INFO - Processing /home/airflow/.local/lib/python3.7/site-packages/airflow/example_dags/example_datasets.py took 0.286 seconds
[2023-04-13T20:36:50.787+0000] {processor.py:153} INFO - Started process (PID=374) to work on /home/airflow/.local/lib/python3.7/site-packages/airflow/example_dags/example_datasets.py
[2023-04-13T20:36:50.788+0000] {processor.py:743} INFO - Processing file /home/airflow/.local/lib/python3.7/site-packages/airflow/example_dags/example_datasets.py for tasks to queue
[2023-04-13T20:36:50.789+0000] {logging_mixin.py:137} INFO - [2023-04-13T20:36:50.789+0000] {dagbag.py:532} INFO - Filling up the DagBag from /home/airflow/.local/lib/python3.7/site-packages/airflow/example_dags/example_datasets.py
[2023-04-13T20:36:50.813+0000] {processor.py:753} INFO - DAG(s) dict_keys(['dataset_consumes_1_and_2', 'dataset_produces_1', 'dataset_produces_2', 'dataset_consumes_1_never_scheduled', 'dataset_consumes_1', 'dataset_consumes_unknown_never_scheduled']) retrieved from /home/airflow/.local/lib/python3.7/site-packages/airflow/example_dags/example_datasets.py
[2023-04-13T20:36:50.881+0000] {logging_mixin.py:137} INFO - [2023-04-13T20:36:50.881+0000] {dag.py:2705} INFO - Sync 6 DAGs
[2023-04-13T20:36:50.913+0000] {logging_mixin.py:137} INFO - [2023-04-13T20:36:50.913+0000] {dag.py:3456} INFO - Setting next_dagrun for dataset_consumes_1 to None, run_after=None
[2023-04-13T20:36:50.917+0000] {logging_mixin.py:137} INFO - [2023-04-13T20:36:50.917+0000] {dag.py:3456} INFO - Setting next_dagrun for dataset_consumes_1_and_2 to None, run_after=None
[2023-04-13T20:36:50.918+0000] {logging_mixin.py:137} INFO - [2023-04-13T20:36:50.918+0000] {dag.py:3456} INFO - Setting next_dagrun for dataset_consumes_1_never_scheduled to None, run_after=None
[2023-04-13T20:36:50.919+0000] {logging_mixin.py:137} INFO - [2023-04-13T20:36:50.919+0000] {dag.py:3456} INFO - Setting next_dagrun for dataset_consumes_unknown_never_scheduled to None, run_after=None
[2023-04-13T20:36:50.923+0000] {logging_mixin.py:137} INFO - [2023-04-13T20:36:50.923+0000] {dag.py:3456} INFO - Setting next_dagrun for dataset_produces_1 to 2023-04-12T00:00:00+00:00, run_after=2023-04-13T00:00:00+00:00
[2023-04-13T20:36:50.924+0000] {logging_mixin.py:137} INFO - [2023-04-13T20:36:50.924+0000] {dag.py:3456} INFO - Setting next_dagrun for dataset_produces_2 to None, run_after=None
[2023-04-13T20:36:50.960+0000] {processor.py:175} INFO - Processing /home/airflow/.local/lib/python3.7/site-packages/airflow/example_dags/example_datasets.py took 0.177 seconds
[2023-04-13T20:37:21.037+0000] {processor.py:153} INFO - Started process (PID=424) to work on /home/airflow/.local/lib/python3.7/site-packages/airflow/example_dags/example_datasets.py
[2023-04-13T20:37:21.038+0000] {processor.py:743} INFO - Processing file /home/airflow/.local/lib/python3.7/site-packages/airflow/example_dags/example_datasets.py for tasks to queue
[2023-04-13T20:37:21.039+0000] {logging_mixin.py:137} INFO - [2023-04-13T20:37:21.039+0000] {dagbag.py:532} INFO - Filling up the DagBag from /home/airflow/.local/lib/python3.7/site-packages/airflow/example_dags/example_datasets.py
[2023-04-13T20:37:21.056+0000] {processor.py:753} INFO - DAG(s) dict_keys(['dataset_produces_1', 'dataset_consumes_1_never_scheduled', 'dataset_consumes_unknown_never_scheduled', 'dataset_consumes_1_and_2', 'dataset_produces_2', 'dataset_consumes_1']) retrieved from /home/airflow/.local/lib/python3.7/site-packages/airflow/example_dags/example_datasets.py
[2023-04-13T20:37:21.101+0000] {logging_mixin.py:137} INFO - [2023-04-13T20:37:21.101+0000] {dag.py:2705} INFO - Sync 6 DAGs
[2023-04-13T20:37:21.132+0000] {logging_mixin.py:137} INFO - [2023-04-13T20:37:21.132+0000] {dag.py:3456} INFO - Setting next_dagrun for dataset_consumes_1 to None, run_after=None
[2023-04-13T20:37:21.136+0000] {logging_mixin.py:137} INFO - [2023-04-13T20:37:21.135+0000] {dag.py:3456} INFO - Setting next_dagrun for dataset_consumes_1_and_2 to None, run_after=None
[2023-04-13T20:37:21.137+0000] {logging_mixin.py:137} INFO - [2023-04-13T20:37:21.137+0000] {dag.py:3456} INFO - Setting next_dagrun for dataset_consumes_1_never_scheduled to None, run_after=None
[2023-04-13T20:37:21.139+0000] {logging_mixin.py:137} INFO - [2023-04-13T20:37:21.139+0000] {dag.py:3456} INFO - Setting next_dagrun for dataset_consumes_unknown_never_scheduled to None, run_after=None
[2023-04-13T20:37:21.142+0000] {logging_mixin.py:137} INFO - [2023-04-13T20:37:21.142+0000] {dag.py:3456} INFO - Setting next_dagrun for dataset_produces_1 to 2023-04-12T00:00:00+00:00, run_after=2023-04-13T00:00:00+00:00
[2023-04-13T20:37:21.143+0000] {logging_mixin.py:137} INFO - [2023-04-13T20:37:21.143+0000] {dag.py:3456} INFO - Setting next_dagrun for dataset_produces_2 to None, run_after=None
[2023-04-13T20:37:21.188+0000] {processor.py:175} INFO - Processing /home/airflow/.local/lib/python3.7/site-packages/airflow/example_dags/example_datasets.py took 0.153 seconds
[2023-04-13T20:37:51.225+0000] {processor.py:153} INFO - Started process (PID=475) to work on /home/airflow/.local/lib/python3.7/site-packages/airflow/example_dags/example_datasets.py
[2023-04-13T20:37:51.226+0000] {processor.py:743} INFO - Processing file /home/airflow/.local/lib/python3.7/site-packages/airflow/example_dags/example_datasets.py for tasks to queue
[2023-04-13T20:37:51.226+0000] {logging_mixin.py:137} INFO - [2023-04-13T20:37:51.226+0000] {dagbag.py:532} INFO - Filling up the DagBag from /home/airflow/.local/lib/python3.7/site-packages/airflow/example_dags/example_datasets.py
[2023-04-13T20:37:51.242+0000] {processor.py:753} INFO - DAG(s) dict_keys(['dataset_consumes_1_and_2', 'dataset_produces_1', 'dataset_consumes_unknown_never_scheduled', 'dataset_consumes_1_never_scheduled', 'dataset_produces_2', 'dataset_consumes_1']) retrieved from /home/airflow/.local/lib/python3.7/site-packages/airflow/example_dags/example_datasets.py
[2023-04-13T20:37:51.301+0000] {logging_mixin.py:137} INFO - [2023-04-13T20:37:51.301+0000] {dag.py:2705} INFO - Sync 6 DAGs
[2023-04-13T20:37:51.330+0000] {logging_mixin.py:137} INFO - [2023-04-13T20:37:51.330+0000] {dag.py:3456} INFO - Setting next_dagrun for dataset_consumes_1 to None, run_after=None
[2023-04-13T20:37:51.335+0000] {logging_mixin.py:137} INFO - [2023-04-13T20:37:51.335+0000] {dag.py:3456} INFO - Setting next_dagrun for dataset_consumes_1_and_2 to None, run_after=None
[2023-04-13T20:37:51.336+0000] {logging_mixin.py:137} INFO - [2023-04-13T20:37:51.336+0000] {dag.py:3456} INFO - Setting next_dagrun for dataset_consumes_1_never_scheduled to None, run_after=None
[2023-04-13T20:37:51.337+0000] {logging_mixin.py:137} INFO - [2023-04-13T20:37:51.337+0000] {dag.py:3456} INFO - Setting next_dagrun for dataset_consumes_unknown_never_scheduled to None, run_after=None
[2023-04-13T20:37:51.340+0000] {logging_mixin.py:137} INFO - [2023-04-13T20:37:51.340+0000] {dag.py:3456} INFO - Setting next_dagrun for dataset_produces_1 to 2023-04-12T00:00:00+00:00, run_after=2023-04-13T00:00:00+00:00
[2023-04-13T20:37:51.341+0000] {logging_mixin.py:137} INFO - [2023-04-13T20:37:51.341+0000] {dag.py:3456} INFO - Setting next_dagrun for dataset_produces_2 to None, run_after=None
[2023-04-13T20:37:51.376+0000] {processor.py:175} INFO - Processing /home/airflow/.local/lib/python3.7/site-packages/airflow/example_dags/example_datasets.py took 0.154 seconds
[2023-04-13T20:38:21.811+0000] {processor.py:153} INFO - Started process (PID=525) to work on /home/airflow/.local/lib/python3.7/site-packages/airflow/example_dags/example_datasets.py
[2023-04-13T20:38:21.812+0000] {processor.py:743} INFO - Processing file /home/airflow/.local/lib/python3.7/site-packages/airflow/example_dags/example_datasets.py for tasks to queue
[2023-04-13T20:38:21.813+0000] {logging_mixin.py:137} INFO - [2023-04-13T20:38:21.813+0000] {dagbag.py:532} INFO - Filling up the DagBag from /home/airflow/.local/lib/python3.7/site-packages/airflow/example_dags/example_datasets.py
[2023-04-13T20:38:21.838+0000] {processor.py:753} INFO - DAG(s) dict_keys(['dataset_produces_2', 'dataset_consumes_1_and_2', 'dataset_produces_1', 'dataset_consumes_1_never_scheduled', 'dataset_consumes_unknown_never_scheduled', 'dataset_consumes_1']) retrieved from /home/airflow/.local/lib/python3.7/site-packages/airflow/example_dags/example_datasets.py
[2023-04-13T20:38:21.908+0000] {logging_mixin.py:137} INFO - [2023-04-13T20:38:21.907+0000] {dag.py:2705} INFO - Sync 6 DAGs
[2023-04-13T20:38:21.954+0000] {logging_mixin.py:137} INFO - [2023-04-13T20:38:21.954+0000] {dag.py:3456} INFO - Setting next_dagrun for dataset_consumes_1 to None, run_after=None
[2023-04-13T20:38:21.960+0000] {logging_mixin.py:137} INFO - [2023-04-13T20:38:21.960+0000] {dag.py:3456} INFO - Setting next_dagrun for dataset_consumes_1_and_2 to None, run_after=None
[2023-04-13T20:38:21.962+0000] {logging_mixin.py:137} INFO - [2023-04-13T20:38:21.961+0000] {dag.py:3456} INFO - Setting next_dagrun for dataset_consumes_1_never_scheduled to None, run_after=None
[2023-04-13T20:38:21.963+0000] {logging_mixin.py:137} INFO - [2023-04-13T20:38:21.963+0000] {dag.py:3456} INFO - Setting next_dagrun for dataset_consumes_unknown_never_scheduled to None, run_after=None
[2023-04-13T20:38:21.968+0000] {logging_mixin.py:137} INFO - [2023-04-13T20:38:21.968+0000] {dag.py:3456} INFO - Setting next_dagrun for dataset_produces_1 to 2023-04-12T00:00:00+00:00, run_after=2023-04-13T00:00:00+00:00
[2023-04-13T20:38:21.970+0000] {logging_mixin.py:137} INFO - [2023-04-13T20:38:21.970+0000] {dag.py:3456} INFO - Setting next_dagrun for dataset_produces_2 to None, run_after=None
[2023-04-13T20:38:22.031+0000] {processor.py:175} INFO - Processing /home/airflow/.local/lib/python3.7/site-packages/airflow/example_dags/example_datasets.py took 0.224 seconds
