[2023-04-13T20:33:48.766+0000] {processor.py:153} INFO - Started process (PID=87) to work on /home/airflow/.local/lib/python3.7/site-packages/airflow/example_dags/example_short_circuit_decorator.py
[2023-04-13T20:33:48.767+0000] {processor.py:743} INFO - Processing file /home/airflow/.local/lib/python3.7/site-packages/airflow/example_dags/example_short_circuit_decorator.py for tasks to queue
[2023-04-13T20:33:48.767+0000] {logging_mixin.py:137} INFO - [2023-04-13T20:33:48.767+0000] {dagbag.py:532} INFO - Filling up the DagBag from /home/airflow/.local/lib/python3.7/site-packages/airflow/example_dags/example_short_circuit_decorator.py
[2023-04-13T20:33:48.797+0000] {processor.py:753} INFO - DAG(s) dict_keys(['example_short_circuit_decorator']) retrieved from /home/airflow/.local/lib/python3.7/site-packages/airflow/example_dags/example_short_circuit_decorator.py
[2023-04-13T20:33:48.810+0000] {logging_mixin.py:137} INFO - [2023-04-13T20:33:48.810+0000] {dag.py:2705} INFO - Sync 1 DAGs
[2023-04-13T20:33:48.843+0000] {logging_mixin.py:137} INFO - [2023-04-13T20:33:48.842+0000] {dag.py:3456} INFO - Setting next_dagrun for example_short_circuit_decorator to 2023-04-12T20:33:48.842425+00:00, run_after=2023-04-13T20:33:48.842425+00:00
[2023-04-13T20:33:48.869+0000] {processor.py:175} INFO - Processing /home/airflow/.local/lib/python3.7/site-packages/airflow/example_dags/example_short_circuit_decorator.py took 0.106 seconds
[2023-04-13T20:34:19.124+0000] {processor.py:153} INFO - Started process (PID=137) to work on /home/airflow/.local/lib/python3.7/site-packages/airflow/example_dags/example_short_circuit_decorator.py
[2023-04-13T20:34:19.125+0000] {processor.py:743} INFO - Processing file /home/airflow/.local/lib/python3.7/site-packages/airflow/example_dags/example_short_circuit_decorator.py for tasks to queue
[2023-04-13T20:34:19.126+0000] {logging_mixin.py:137} INFO - [2023-04-13T20:34:19.126+0000] {dagbag.py:532} INFO - Filling up the DagBag from /home/airflow/.local/lib/python3.7/site-packages/airflow/example_dags/example_short_circuit_decorator.py
[2023-04-13T20:34:19.151+0000] {processor.py:753} INFO - DAG(s) dict_keys(['example_short_circuit_decorator']) retrieved from /home/airflow/.local/lib/python3.7/site-packages/airflow/example_dags/example_short_circuit_decorator.py
[2023-04-13T20:34:19.180+0000] {logging_mixin.py:137} INFO - [2023-04-13T20:34:19.180+0000] {dag.py:2705} INFO - Sync 1 DAGs
[2023-04-13T20:34:19.207+0000] {logging_mixin.py:137} INFO - [2023-04-13T20:34:19.207+0000] {dag.py:3456} INFO - Setting next_dagrun for example_short_circuit_decorator to 2023-04-12T20:34:19.207592+00:00, run_after=2023-04-13T20:34:19.207592+00:00
[2023-04-13T20:34:19.225+0000] {processor.py:175} INFO - Processing /home/airflow/.local/lib/python3.7/site-packages/airflow/example_dags/example_short_circuit_decorator.py took 0.104 seconds
[2023-04-13T20:34:50.235+0000] {processor.py:153} INFO - Started process (PID=187) to work on /home/airflow/.local/lib/python3.7/site-packages/airflow/example_dags/example_short_circuit_decorator.py
[2023-04-13T20:34:50.236+0000] {processor.py:743} INFO - Processing file /home/airflow/.local/lib/python3.7/site-packages/airflow/example_dags/example_short_circuit_decorator.py for tasks to queue
[2023-04-13T20:34:50.236+0000] {logging_mixin.py:137} INFO - [2023-04-13T20:34:50.236+0000] {dagbag.py:532} INFO - Filling up the DagBag from /home/airflow/.local/lib/python3.7/site-packages/airflow/example_dags/example_short_circuit_decorator.py
[2023-04-13T20:34:50.261+0000] {processor.py:753} INFO - DAG(s) dict_keys(['example_short_circuit_decorator']) retrieved from /home/airflow/.local/lib/python3.7/site-packages/airflow/example_dags/example_short_circuit_decorator.py
[2023-04-13T20:34:50.292+0000] {logging_mixin.py:137} INFO - [2023-04-13T20:34:50.291+0000] {dag.py:2705} INFO - Sync 1 DAGs
[2023-04-13T20:34:50.318+0000] {logging_mixin.py:137} INFO - [2023-04-13T20:34:50.318+0000] {dag.py:3456} INFO - Setting next_dagrun for example_short_circuit_decorator to 2023-04-12T20:34:50.318060+00:00, run_after=2023-04-13T20:34:50.318060+00:00
[2023-04-13T20:34:50.338+0000] {processor.py:175} INFO - Processing /home/airflow/.local/lib/python3.7/site-packages/airflow/example_dags/example_short_circuit_decorator.py took 0.106 seconds
[2023-04-13T20:35:20.571+0000] {processor.py:153} INFO - Started process (PID=237) to work on /home/airflow/.local/lib/python3.7/site-packages/airflow/example_dags/example_short_circuit_decorator.py
[2023-04-13T20:35:20.572+0000] {processor.py:743} INFO - Processing file /home/airflow/.local/lib/python3.7/site-packages/airflow/example_dags/example_short_circuit_decorator.py for tasks to queue
[2023-04-13T20:35:20.573+0000] {logging_mixin.py:137} INFO - [2023-04-13T20:35:20.572+0000] {dagbag.py:532} INFO - Filling up the DagBag from /home/airflow/.local/lib/python3.7/site-packages/airflow/example_dags/example_short_circuit_decorator.py
[2023-04-13T20:35:20.601+0000] {processor.py:753} INFO - DAG(s) dict_keys(['example_short_circuit_decorator']) retrieved from /home/airflow/.local/lib/python3.7/site-packages/airflow/example_dags/example_short_circuit_decorator.py
[2023-04-13T20:35:20.628+0000] {logging_mixin.py:137} INFO - [2023-04-13T20:35:20.628+0000] {dag.py:2705} INFO - Sync 1 DAGs
[2023-04-13T20:35:20.653+0000] {logging_mixin.py:137} INFO - [2023-04-13T20:35:20.653+0000] {dag.py:3456} INFO - Setting next_dagrun for example_short_circuit_decorator to 2023-04-12T20:35:20.652992+00:00, run_after=2023-04-13T20:35:20.652992+00:00
[2023-04-13T20:35:20.671+0000] {processor.py:175} INFO - Processing /home/airflow/.local/lib/python3.7/site-packages/airflow/example_dags/example_short_circuit_decorator.py took 0.103 seconds
[2023-04-13T20:35:51.143+0000] {processor.py:153} INFO - Started process (PID=287) to work on /home/airflow/.local/lib/python3.7/site-packages/airflow/example_dags/example_short_circuit_decorator.py
[2023-04-13T20:35:51.144+0000] {processor.py:743} INFO - Processing file /home/airflow/.local/lib/python3.7/site-packages/airflow/example_dags/example_short_circuit_decorator.py for tasks to queue
[2023-04-13T20:35:51.144+0000] {logging_mixin.py:137} INFO - [2023-04-13T20:35:51.144+0000] {dagbag.py:532} INFO - Filling up the DagBag from /home/airflow/.local/lib/python3.7/site-packages/airflow/example_dags/example_short_circuit_decorator.py
[2023-04-13T20:35:51.170+0000] {processor.py:753} INFO - DAG(s) dict_keys(['example_short_circuit_decorator']) retrieved from /home/airflow/.local/lib/python3.7/site-packages/airflow/example_dags/example_short_circuit_decorator.py
[2023-04-13T20:35:51.223+0000] {logging_mixin.py:137} INFO - [2023-04-13T20:35:51.222+0000] {dag.py:2705} INFO - Sync 1 DAGs
[2023-04-13T20:35:51.251+0000] {logging_mixin.py:137} INFO - [2023-04-13T20:35:51.251+0000] {dag.py:3456} INFO - Setting next_dagrun for example_short_circuit_decorator to 2023-04-12T20:35:51.251065+00:00, run_after=2023-04-13T20:35:51.251065+00:00
[2023-04-13T20:35:51.270+0000] {processor.py:175} INFO - Processing /home/airflow/.local/lib/python3.7/site-packages/airflow/example_dags/example_short_circuit_decorator.py took 0.131 seconds
[2023-04-13T20:36:21.489+0000] {processor.py:153} INFO - Started process (PID=337) to work on /home/airflow/.local/lib/python3.7/site-packages/airflow/example_dags/example_short_circuit_decorator.py
[2023-04-13T20:36:21.490+0000] {processor.py:743} INFO - Processing file /home/airflow/.local/lib/python3.7/site-packages/airflow/example_dags/example_short_circuit_decorator.py for tasks to queue
[2023-04-13T20:36:21.490+0000] {logging_mixin.py:137} INFO - [2023-04-13T20:36:21.490+0000] {dagbag.py:532} INFO - Filling up the DagBag from /home/airflow/.local/lib/python3.7/site-packages/airflow/example_dags/example_short_circuit_decorator.py
[2023-04-13T20:36:21.535+0000] {processor.py:753} INFO - DAG(s) dict_keys(['example_short_circuit_decorator']) retrieved from /home/airflow/.local/lib/python3.7/site-packages/airflow/example_dags/example_short_circuit_decorator.py
[2023-04-13T20:36:21.569+0000] {logging_mixin.py:137} INFO - [2023-04-13T20:36:21.568+0000] {dag.py:2705} INFO - Sync 1 DAGs
[2023-04-13T20:36:21.633+0000] {logging_mixin.py:137} INFO - [2023-04-13T20:36:21.632+0000] {dag.py:3456} INFO - Setting next_dagrun for example_short_circuit_decorator to 2023-04-12T20:36:21.632322+00:00, run_after=2023-04-13T20:36:21.632322+00:00
[2023-04-13T20:36:21.655+0000] {processor.py:175} INFO - Processing /home/airflow/.local/lib/python3.7/site-packages/airflow/example_dags/example_short_circuit_decorator.py took 0.169 seconds
[2023-04-13T20:36:51.863+0000] {processor.py:153} INFO - Started process (PID=387) to work on /home/airflow/.local/lib/python3.7/site-packages/airflow/example_dags/example_short_circuit_decorator.py
[2023-04-13T20:36:51.864+0000] {processor.py:743} INFO - Processing file /home/airflow/.local/lib/python3.7/site-packages/airflow/example_dags/example_short_circuit_decorator.py for tasks to queue
[2023-04-13T20:36:51.865+0000] {logging_mixin.py:137} INFO - [2023-04-13T20:36:51.865+0000] {dagbag.py:532} INFO - Filling up the DagBag from /home/airflow/.local/lib/python3.7/site-packages/airflow/example_dags/example_short_circuit_decorator.py
[2023-04-13T20:36:51.894+0000] {processor.py:753} INFO - DAG(s) dict_keys(['example_short_circuit_decorator']) retrieved from /home/airflow/.local/lib/python3.7/site-packages/airflow/example_dags/example_short_circuit_decorator.py
[2023-04-13T20:36:51.937+0000] {logging_mixin.py:137} INFO - [2023-04-13T20:36:51.936+0000] {dag.py:2705} INFO - Sync 1 DAGs
[2023-04-13T20:36:51.970+0000] {logging_mixin.py:137} INFO - [2023-04-13T20:36:51.970+0000] {dag.py:3456} INFO - Setting next_dagrun for example_short_circuit_decorator to 2023-04-12T20:36:51.970259+00:00, run_after=2023-04-13T20:36:51.970259+00:00
[2023-04-13T20:36:51.991+0000] {processor.py:175} INFO - Processing /home/airflow/.local/lib/python3.7/site-packages/airflow/example_dags/example_short_circuit_decorator.py took 0.131 seconds
[2023-04-13T20:37:22.191+0000] {processor.py:153} INFO - Started process (PID=437) to work on /home/airflow/.local/lib/python3.7/site-packages/airflow/example_dags/example_short_circuit_decorator.py
[2023-04-13T20:37:22.192+0000] {processor.py:743} INFO - Processing file /home/airflow/.local/lib/python3.7/site-packages/airflow/example_dags/example_short_circuit_decorator.py for tasks to queue
[2023-04-13T20:37:22.193+0000] {logging_mixin.py:137} INFO - [2023-04-13T20:37:22.193+0000] {dagbag.py:532} INFO - Filling up the DagBag from /home/airflow/.local/lib/python3.7/site-packages/airflow/example_dags/example_short_circuit_decorator.py
[2023-04-13T20:37:22.220+0000] {processor.py:753} INFO - DAG(s) dict_keys(['example_short_circuit_decorator']) retrieved from /home/airflow/.local/lib/python3.7/site-packages/airflow/example_dags/example_short_circuit_decorator.py
[2023-04-13T20:37:22.252+0000] {logging_mixin.py:137} INFO - [2023-04-13T20:37:22.252+0000] {dag.py:2705} INFO - Sync 1 DAGs
[2023-04-13T20:37:22.284+0000] {logging_mixin.py:137} INFO - [2023-04-13T20:37:22.284+0000] {dag.py:3456} INFO - Setting next_dagrun for example_short_circuit_decorator to 2023-04-12T20:37:22.284098+00:00, run_after=2023-04-13T20:37:22.284098+00:00
[2023-04-13T20:37:22.308+0000] {processor.py:175} INFO - Processing /home/airflow/.local/lib/python3.7/site-packages/airflow/example_dags/example_short_circuit_decorator.py took 0.120 seconds
[2023-04-13T20:37:52.505+0000] {processor.py:153} INFO - Started process (PID=488) to work on /home/airflow/.local/lib/python3.7/site-packages/airflow/example_dags/example_short_circuit_decorator.py
[2023-04-13T20:37:52.507+0000] {processor.py:743} INFO - Processing file /home/airflow/.local/lib/python3.7/site-packages/airflow/example_dags/example_short_circuit_decorator.py for tasks to queue
[2023-04-13T20:37:52.507+0000] {logging_mixin.py:137} INFO - [2023-04-13T20:37:52.507+0000] {dagbag.py:532} INFO - Filling up the DagBag from /home/airflow/.local/lib/python3.7/site-packages/airflow/example_dags/example_short_circuit_decorator.py
[2023-04-13T20:37:52.537+0000] {processor.py:753} INFO - DAG(s) dict_keys(['example_short_circuit_decorator']) retrieved from /home/airflow/.local/lib/python3.7/site-packages/airflow/example_dags/example_short_circuit_decorator.py
[2023-04-13T20:37:52.573+0000] {logging_mixin.py:137} INFO - [2023-04-13T20:37:52.573+0000] {dag.py:2705} INFO - Sync 1 DAGs
[2023-04-13T20:37:52.615+0000] {logging_mixin.py:137} INFO - [2023-04-13T20:37:52.615+0000] {dag.py:3456} INFO - Setting next_dagrun for example_short_circuit_decorator to 2023-04-12T20:37:52.614936+00:00, run_after=2023-04-13T20:37:52.614936+00:00
[2023-04-13T20:37:52.637+0000] {processor.py:175} INFO - Processing /home/airflow/.local/lib/python3.7/site-packages/airflow/example_dags/example_short_circuit_decorator.py took 0.135 seconds
[2023-04-13T20:38:23.230+0000] {processor.py:153} INFO - Started process (PID=538) to work on /home/airflow/.local/lib/python3.7/site-packages/airflow/example_dags/example_short_circuit_decorator.py
[2023-04-13T20:38:23.231+0000] {processor.py:743} INFO - Processing file /home/airflow/.local/lib/python3.7/site-packages/airflow/example_dags/example_short_circuit_decorator.py for tasks to queue
[2023-04-13T20:38:23.232+0000] {logging_mixin.py:137} INFO - [2023-04-13T20:38:23.232+0000] {dagbag.py:532} INFO - Filling up the DagBag from /home/airflow/.local/lib/python3.7/site-packages/airflow/example_dags/example_short_circuit_decorator.py
[2023-04-13T20:38:23.266+0000] {processor.py:753} INFO - DAG(s) dict_keys(['example_short_circuit_decorator']) retrieved from /home/airflow/.local/lib/python3.7/site-packages/airflow/example_dags/example_short_circuit_decorator.py
[2023-04-13T20:38:23.330+0000] {logging_mixin.py:137} INFO - [2023-04-13T20:38:23.330+0000] {dag.py:2705} INFO - Sync 1 DAGs
[2023-04-13T20:38:23.369+0000] {logging_mixin.py:137} INFO - [2023-04-13T20:38:23.369+0000] {dag.py:3456} INFO - Setting next_dagrun for example_short_circuit_decorator to 2023-04-12T20:38:23.369383+00:00, run_after=2023-04-13T20:38:23.369383+00:00
[2023-04-13T20:38:23.414+0000] {processor.py:175} INFO - Processing /home/airflow/.local/lib/python3.7/site-packages/airflow/example_dags/example_short_circuit_decorator.py took 0.188 seconds
