[2023-04-13T20:33:47.506+0000] {processor.py:153} INFO - Started process (PID=72) to work on /home/airflow/.local/lib/python3.7/site-packages/airflow/example_dags/example_complex.py
[2023-04-13T20:33:47.506+0000] {processor.py:743} INFO - Processing file /home/airflow/.local/lib/python3.7/site-packages/airflow/example_dags/example_complex.py for tasks to queue
[2023-04-13T20:33:47.507+0000] {logging_mixin.py:137} INFO - [2023-04-13T20:33:47.507+0000] {dagbag.py:532} INFO - Filling up the DagBag from /home/airflow/.local/lib/python3.7/site-packages/airflow/example_dags/example_complex.py
[2023-04-13T20:33:47.521+0000] {logging_mixin.py:137} INFO - [2023-04-13T20:33:47.521+0000] {taskmixin.py:211} WARNING - Dependency <Task(BashOperator): create_entry_group>, delete_entry_group already registered for DAG: example_complex
[2023-04-13T20:33:47.521+0000] {logging_mixin.py:137} INFO - [2023-04-13T20:33:47.521+0000] {taskmixin.py:211} WARNING - Dependency <Task(BashOperator): delete_entry_group>, create_entry_group already registered for DAG: example_complex
[2023-04-13T20:33:47.521+0000] {logging_mixin.py:137} INFO - [2023-04-13T20:33:47.521+0000] {taskmixin.py:211} WARNING - Dependency <Task(BashOperator): create_entry_gcs>, delete_entry already registered for DAG: example_complex
[2023-04-13T20:33:47.522+0000] {logging_mixin.py:137} INFO - [2023-04-13T20:33:47.521+0000] {taskmixin.py:211} WARNING - Dependency <Task(BashOperator): delete_entry>, create_entry_gcs already registered for DAG: example_complex
[2023-04-13T20:33:47.522+0000] {logging_mixin.py:137} INFO - [2023-04-13T20:33:47.522+0000] {taskmixin.py:211} WARNING - Dependency <Task(BashOperator): create_tag>, delete_tag already registered for DAG: example_complex
[2023-04-13T20:33:47.522+0000] {logging_mixin.py:137} INFO - [2023-04-13T20:33:47.522+0000] {taskmixin.py:211} WARNING - Dependency <Task(BashOperator): delete_tag>, create_tag already registered for DAG: example_complex
[2023-04-13T20:33:47.531+0000] {processor.py:753} INFO - DAG(s) dict_keys(['example_complex']) retrieved from /home/airflow/.local/lib/python3.7/site-packages/airflow/example_dags/example_complex.py
[2023-04-13T20:33:47.543+0000] {logging_mixin.py:137} INFO - [2023-04-13T20:33:47.543+0000] {dag.py:2705} INFO - Sync 1 DAGs
[2023-04-13T20:33:47.572+0000] {logging_mixin.py:137} INFO - [2023-04-13T20:33:47.572+0000] {dag.py:3456} INFO - Setting next_dagrun for example_complex to None, run_after=None
[2023-04-13T20:33:47.592+0000] {processor.py:175} INFO - Processing /home/airflow/.local/lib/python3.7/site-packages/airflow/example_dags/example_complex.py took 0.089 seconds
[2023-04-13T20:34:17.758+0000] {processor.py:153} INFO - Started process (PID=122) to work on /home/airflow/.local/lib/python3.7/site-packages/airflow/example_dags/example_complex.py
[2023-04-13T20:34:17.759+0000] {processor.py:743} INFO - Processing file /home/airflow/.local/lib/python3.7/site-packages/airflow/example_dags/example_complex.py for tasks to queue
[2023-04-13T20:34:17.759+0000] {logging_mixin.py:137} INFO - [2023-04-13T20:34:17.759+0000] {dagbag.py:532} INFO - Filling up the DagBag from /home/airflow/.local/lib/python3.7/site-packages/airflow/example_dags/example_complex.py
[2023-04-13T20:34:17.773+0000] {logging_mixin.py:137} INFO - [2023-04-13T20:34:17.773+0000] {taskmixin.py:211} WARNING - Dependency <Task(BashOperator): create_entry_group>, delete_entry_group already registered for DAG: example_complex
[2023-04-13T20:34:17.773+0000] {logging_mixin.py:137} INFO - [2023-04-13T20:34:17.773+0000] {taskmixin.py:211} WARNING - Dependency <Task(BashOperator): delete_entry_group>, create_entry_group already registered for DAG: example_complex
[2023-04-13T20:34:17.773+0000] {logging_mixin.py:137} INFO - [2023-04-13T20:34:17.773+0000] {taskmixin.py:211} WARNING - Dependency <Task(BashOperator): create_entry_gcs>, delete_entry already registered for DAG: example_complex
[2023-04-13T20:34:17.774+0000] {logging_mixin.py:137} INFO - [2023-04-13T20:34:17.774+0000] {taskmixin.py:211} WARNING - Dependency <Task(BashOperator): delete_entry>, create_entry_gcs already registered for DAG: example_complex
[2023-04-13T20:34:17.774+0000] {logging_mixin.py:137} INFO - [2023-04-13T20:34:17.774+0000] {taskmixin.py:211} WARNING - Dependency <Task(BashOperator): create_tag>, delete_tag already registered for DAG: example_complex
[2023-04-13T20:34:17.774+0000] {logging_mixin.py:137} INFO - [2023-04-13T20:34:17.774+0000] {taskmixin.py:211} WARNING - Dependency <Task(BashOperator): delete_tag>, create_tag already registered for DAG: example_complex
[2023-04-13T20:34:17.782+0000] {processor.py:753} INFO - DAG(s) dict_keys(['example_complex']) retrieved from /home/airflow/.local/lib/python3.7/site-packages/airflow/example_dags/example_complex.py
[2023-04-13T20:34:17.823+0000] {logging_mixin.py:137} INFO - [2023-04-13T20:34:17.823+0000] {dag.py:2705} INFO - Sync 1 DAGs
[2023-04-13T20:34:17.852+0000] {logging_mixin.py:137} INFO - [2023-04-13T20:34:17.852+0000] {dag.py:3456} INFO - Setting next_dagrun for example_complex to None, run_after=None
[2023-04-13T20:34:17.874+0000] {processor.py:175} INFO - Processing /home/airflow/.local/lib/python3.7/site-packages/airflow/example_dags/example_complex.py took 0.118 seconds
[2023-04-13T20:34:47.948+0000] {processor.py:153} INFO - Started process (PID=172) to work on /home/airflow/.local/lib/python3.7/site-packages/airflow/example_dags/example_complex.py
[2023-04-13T20:34:47.948+0000] {processor.py:743} INFO - Processing file /home/airflow/.local/lib/python3.7/site-packages/airflow/example_dags/example_complex.py for tasks to queue
[2023-04-13T20:34:47.949+0000] {logging_mixin.py:137} INFO - [2023-04-13T20:34:47.949+0000] {dagbag.py:532} INFO - Filling up the DagBag from /home/airflow/.local/lib/python3.7/site-packages/airflow/example_dags/example_complex.py
[2023-04-13T20:34:47.962+0000] {logging_mixin.py:137} INFO - [2023-04-13T20:34:47.961+0000] {taskmixin.py:211} WARNING - Dependency <Task(BashOperator): create_entry_group>, delete_entry_group already registered for DAG: example_complex
[2023-04-13T20:34:47.962+0000] {logging_mixin.py:137} INFO - [2023-04-13T20:34:47.962+0000] {taskmixin.py:211} WARNING - Dependency <Task(BashOperator): delete_entry_group>, create_entry_group already registered for DAG: example_complex
[2023-04-13T20:34:47.962+0000] {logging_mixin.py:137} INFO - [2023-04-13T20:34:47.962+0000] {taskmixin.py:211} WARNING - Dependency <Task(BashOperator): create_entry_gcs>, delete_entry already registered for DAG: example_complex
[2023-04-13T20:34:47.962+0000] {logging_mixin.py:137} INFO - [2023-04-13T20:34:47.962+0000] {taskmixin.py:211} WARNING - Dependency <Task(BashOperator): delete_entry>, create_entry_gcs already registered for DAG: example_complex
[2023-04-13T20:34:47.963+0000] {logging_mixin.py:137} INFO - [2023-04-13T20:34:47.963+0000] {taskmixin.py:211} WARNING - Dependency <Task(BashOperator): create_tag>, delete_tag already registered for DAG: example_complex
[2023-04-13T20:34:47.963+0000] {logging_mixin.py:137} INFO - [2023-04-13T20:34:47.963+0000] {taskmixin.py:211} WARNING - Dependency <Task(BashOperator): delete_tag>, create_tag already registered for DAG: example_complex
[2023-04-13T20:34:47.971+0000] {processor.py:753} INFO - DAG(s) dict_keys(['example_complex']) retrieved from /home/airflow/.local/lib/python3.7/site-packages/airflow/example_dags/example_complex.py
[2023-04-13T20:34:48.021+0000] {logging_mixin.py:137} INFO - [2023-04-13T20:34:48.020+0000] {dag.py:2705} INFO - Sync 1 DAGs
[2023-04-13T20:34:48.051+0000] {logging_mixin.py:137} INFO - [2023-04-13T20:34:48.051+0000] {dag.py:3456} INFO - Setting next_dagrun for example_complex to None, run_after=None
[2023-04-13T20:34:48.069+0000] {processor.py:175} INFO - Processing /home/airflow/.local/lib/python3.7/site-packages/airflow/example_dags/example_complex.py took 0.124 seconds
[2023-04-13T20:35:18.376+0000] {processor.py:153} INFO - Started process (PID=222) to work on /home/airflow/.local/lib/python3.7/site-packages/airflow/example_dags/example_complex.py
[2023-04-13T20:35:18.377+0000] {processor.py:743} INFO - Processing file /home/airflow/.local/lib/python3.7/site-packages/airflow/example_dags/example_complex.py for tasks to queue
[2023-04-13T20:35:18.378+0000] {logging_mixin.py:137} INFO - [2023-04-13T20:35:18.377+0000] {dagbag.py:532} INFO - Filling up the DagBag from /home/airflow/.local/lib/python3.7/site-packages/airflow/example_dags/example_complex.py
[2023-04-13T20:35:18.389+0000] {logging_mixin.py:137} INFO - [2023-04-13T20:35:18.389+0000] {taskmixin.py:211} WARNING - Dependency <Task(BashOperator): create_entry_group>, delete_entry_group already registered for DAG: example_complex
[2023-04-13T20:35:18.389+0000] {logging_mixin.py:137} INFO - [2023-04-13T20:35:18.389+0000] {taskmixin.py:211} WARNING - Dependency <Task(BashOperator): delete_entry_group>, create_entry_group already registered for DAG: example_complex
[2023-04-13T20:35:18.389+0000] {logging_mixin.py:137} INFO - [2023-04-13T20:35:18.389+0000] {taskmixin.py:211} WARNING - Dependency <Task(BashOperator): create_entry_gcs>, delete_entry already registered for DAG: example_complex
[2023-04-13T20:35:18.390+0000] {logging_mixin.py:137} INFO - [2023-04-13T20:35:18.389+0000] {taskmixin.py:211} WARNING - Dependency <Task(BashOperator): delete_entry>, create_entry_gcs already registered for DAG: example_complex
[2023-04-13T20:35:18.390+0000] {logging_mixin.py:137} INFO - [2023-04-13T20:35:18.390+0000] {taskmixin.py:211} WARNING - Dependency <Task(BashOperator): create_tag>, delete_tag already registered for DAG: example_complex
[2023-04-13T20:35:18.390+0000] {logging_mixin.py:137} INFO - [2023-04-13T20:35:18.390+0000] {taskmixin.py:211} WARNING - Dependency <Task(BashOperator): delete_tag>, create_tag already registered for DAG: example_complex
[2023-04-13T20:35:18.398+0000] {processor.py:753} INFO - DAG(s) dict_keys(['example_complex']) retrieved from /home/airflow/.local/lib/python3.7/site-packages/airflow/example_dags/example_complex.py
[2023-04-13T20:35:18.438+0000] {logging_mixin.py:137} INFO - [2023-04-13T20:35:18.437+0000] {dag.py:2705} INFO - Sync 1 DAGs
[2023-04-13T20:35:18.465+0000] {logging_mixin.py:137} INFO - [2023-04-13T20:35:18.465+0000] {dag.py:3456} INFO - Setting next_dagrun for example_complex to None, run_after=None
[2023-04-13T20:35:18.484+0000] {processor.py:175} INFO - Processing /home/airflow/.local/lib/python3.7/site-packages/airflow/example_dags/example_complex.py took 0.111 seconds
[2023-04-13T20:35:48.836+0000] {processor.py:153} INFO - Started process (PID=272) to work on /home/airflow/.local/lib/python3.7/site-packages/airflow/example_dags/example_complex.py
[2023-04-13T20:35:48.837+0000] {processor.py:743} INFO - Processing file /home/airflow/.local/lib/python3.7/site-packages/airflow/example_dags/example_complex.py for tasks to queue
[2023-04-13T20:35:48.838+0000] {logging_mixin.py:137} INFO - [2023-04-13T20:35:48.838+0000] {dagbag.py:532} INFO - Filling up the DagBag from /home/airflow/.local/lib/python3.7/site-packages/airflow/example_dags/example_complex.py
[2023-04-13T20:35:48.851+0000] {logging_mixin.py:137} INFO - [2023-04-13T20:35:48.851+0000] {taskmixin.py:211} WARNING - Dependency <Task(BashOperator): create_entry_group>, delete_entry_group already registered for DAG: example_complex
[2023-04-13T20:35:48.851+0000] {logging_mixin.py:137} INFO - [2023-04-13T20:35:48.851+0000] {taskmixin.py:211} WARNING - Dependency <Task(BashOperator): delete_entry_group>, create_entry_group already registered for DAG: example_complex
[2023-04-13T20:35:48.852+0000] {logging_mixin.py:137} INFO - [2023-04-13T20:35:48.852+0000] {taskmixin.py:211} WARNING - Dependency <Task(BashOperator): create_entry_gcs>, delete_entry already registered for DAG: example_complex
[2023-04-13T20:35:48.852+0000] {logging_mixin.py:137} INFO - [2023-04-13T20:35:48.852+0000] {taskmixin.py:211} WARNING - Dependency <Task(BashOperator): delete_entry>, create_entry_gcs already registered for DAG: example_complex
[2023-04-13T20:35:48.852+0000] {logging_mixin.py:137} INFO - [2023-04-13T20:35:48.852+0000] {taskmixin.py:211} WARNING - Dependency <Task(BashOperator): create_tag>, delete_tag already registered for DAG: example_complex
[2023-04-13T20:35:48.852+0000] {logging_mixin.py:137} INFO - [2023-04-13T20:35:48.852+0000] {taskmixin.py:211} WARNING - Dependency <Task(BashOperator): delete_tag>, create_tag already registered for DAG: example_complex
[2023-04-13T20:35:48.861+0000] {processor.py:753} INFO - DAG(s) dict_keys(['example_complex']) retrieved from /home/airflow/.local/lib/python3.7/site-packages/airflow/example_dags/example_complex.py
[2023-04-13T20:35:48.938+0000] {logging_mixin.py:137} INFO - [2023-04-13T20:35:48.937+0000] {dag.py:2705} INFO - Sync 1 DAGs
[2023-04-13T20:35:48.964+0000] {logging_mixin.py:137} INFO - [2023-04-13T20:35:48.964+0000] {dag.py:3456} INFO - Setting next_dagrun for example_complex to None, run_after=None
[2023-04-13T20:35:49.005+0000] {processor.py:175} INFO - Processing /home/airflow/.local/lib/python3.7/site-packages/airflow/example_dags/example_complex.py took 0.172 seconds
[2023-04-13T20:36:19.511+0000] {processor.py:153} INFO - Started process (PID=322) to work on /home/airflow/.local/lib/python3.7/site-packages/airflow/example_dags/example_complex.py
[2023-04-13T20:36:19.512+0000] {processor.py:743} INFO - Processing file /home/airflow/.local/lib/python3.7/site-packages/airflow/example_dags/example_complex.py for tasks to queue
[2023-04-13T20:36:19.513+0000] {logging_mixin.py:137} INFO - [2023-04-13T20:36:19.513+0000] {dagbag.py:532} INFO - Filling up the DagBag from /home/airflow/.local/lib/python3.7/site-packages/airflow/example_dags/example_complex.py
[2023-04-13T20:36:19.529+0000] {logging_mixin.py:137} INFO - [2023-04-13T20:36:19.529+0000] {taskmixin.py:211} WARNING - Dependency <Task(BashOperator): create_entry_group>, delete_entry_group already registered for DAG: example_complex
[2023-04-13T20:36:19.529+0000] {logging_mixin.py:137} INFO - [2023-04-13T20:36:19.529+0000] {taskmixin.py:211} WARNING - Dependency <Task(BashOperator): delete_entry_group>, create_entry_group already registered for DAG: example_complex
[2023-04-13T20:36:19.530+0000] {logging_mixin.py:137} INFO - [2023-04-13T20:36:19.529+0000] {taskmixin.py:211} WARNING - Dependency <Task(BashOperator): create_entry_gcs>, delete_entry already registered for DAG: example_complex
[2023-04-13T20:36:19.530+0000] {logging_mixin.py:137} INFO - [2023-04-13T20:36:19.530+0000] {taskmixin.py:211} WARNING - Dependency <Task(BashOperator): delete_entry>, create_entry_gcs already registered for DAG: example_complex
[2023-04-13T20:36:19.530+0000] {logging_mixin.py:137} INFO - [2023-04-13T20:36:19.530+0000] {taskmixin.py:211} WARNING - Dependency <Task(BashOperator): create_tag>, delete_tag already registered for DAG: example_complex
[2023-04-13T20:36:19.530+0000] {logging_mixin.py:137} INFO - [2023-04-13T20:36:19.530+0000] {taskmixin.py:211} WARNING - Dependency <Task(BashOperator): delete_tag>, create_tag already registered for DAG: example_complex
[2023-04-13T20:36:19.538+0000] {processor.py:753} INFO - DAG(s) dict_keys(['example_complex']) retrieved from /home/airflow/.local/lib/python3.7/site-packages/airflow/example_dags/example_complex.py
[2023-04-13T20:36:19.634+0000] {logging_mixin.py:137} INFO - [2023-04-13T20:36:19.634+0000] {dag.py:2705} INFO - Sync 1 DAGs
[2023-04-13T20:36:19.703+0000] {logging_mixin.py:137} INFO - [2023-04-13T20:36:19.702+0000] {dag.py:3456} INFO - Setting next_dagrun for example_complex to None, run_after=None
[2023-04-13T20:36:19.725+0000] {processor.py:175} INFO - Processing /home/airflow/.local/lib/python3.7/site-packages/airflow/example_dags/example_complex.py took 0.218 seconds
[2023-04-13T20:36:50.606+0000] {processor.py:153} INFO - Started process (PID=372) to work on /home/airflow/.local/lib/python3.7/site-packages/airflow/example_dags/example_complex.py
[2023-04-13T20:36:50.607+0000] {processor.py:743} INFO - Processing file /home/airflow/.local/lib/python3.7/site-packages/airflow/example_dags/example_complex.py for tasks to queue
[2023-04-13T20:36:50.608+0000] {logging_mixin.py:137} INFO - [2023-04-13T20:36:50.608+0000] {dagbag.py:532} INFO - Filling up the DagBag from /home/airflow/.local/lib/python3.7/site-packages/airflow/example_dags/example_complex.py
[2023-04-13T20:36:50.623+0000] {logging_mixin.py:137} INFO - [2023-04-13T20:36:50.623+0000] {taskmixin.py:211} WARNING - Dependency <Task(BashOperator): create_entry_group>, delete_entry_group already registered for DAG: example_complex
[2023-04-13T20:36:50.623+0000] {logging_mixin.py:137} INFO - [2023-04-13T20:36:50.623+0000] {taskmixin.py:211} WARNING - Dependency <Task(BashOperator): delete_entry_group>, create_entry_group already registered for DAG: example_complex
[2023-04-13T20:36:50.624+0000] {logging_mixin.py:137} INFO - [2023-04-13T20:36:50.624+0000] {taskmixin.py:211} WARNING - Dependency <Task(BashOperator): create_entry_gcs>, delete_entry already registered for DAG: example_complex
[2023-04-13T20:36:50.624+0000] {logging_mixin.py:137} INFO - [2023-04-13T20:36:50.624+0000] {taskmixin.py:211} WARNING - Dependency <Task(BashOperator): delete_entry>, create_entry_gcs already registered for DAG: example_complex
[2023-04-13T20:36:50.625+0000] {logging_mixin.py:137} INFO - [2023-04-13T20:36:50.624+0000] {taskmixin.py:211} WARNING - Dependency <Task(BashOperator): create_tag>, delete_tag already registered for DAG: example_complex
[2023-04-13T20:36:50.625+0000] {logging_mixin.py:137} INFO - [2023-04-13T20:36:50.625+0000] {taskmixin.py:211} WARNING - Dependency <Task(BashOperator): delete_tag>, create_tag already registered for DAG: example_complex
[2023-04-13T20:36:50.635+0000] {processor.py:753} INFO - DAG(s) dict_keys(['example_complex']) retrieved from /home/airflow/.local/lib/python3.7/site-packages/airflow/example_dags/example_complex.py
[2023-04-13T20:36:50.691+0000] {logging_mixin.py:137} INFO - [2023-04-13T20:36:50.691+0000] {dag.py:2705} INFO - Sync 1 DAGs
[2023-04-13T20:36:50.731+0000] {logging_mixin.py:137} INFO - [2023-04-13T20:36:50.731+0000] {dag.py:3456} INFO - Setting next_dagrun for example_complex to None, run_after=None
[2023-04-13T20:36:50.759+0000] {processor.py:175} INFO - Processing /home/airflow/.local/lib/python3.7/site-packages/airflow/example_dags/example_complex.py took 0.156 seconds
[2023-04-13T20:37:20.877+0000] {processor.py:153} INFO - Started process (PID=422) to work on /home/airflow/.local/lib/python3.7/site-packages/airflow/example_dags/example_complex.py
[2023-04-13T20:37:20.878+0000] {processor.py:743} INFO - Processing file /home/airflow/.local/lib/python3.7/site-packages/airflow/example_dags/example_complex.py for tasks to queue
[2023-04-13T20:37:20.879+0000] {logging_mixin.py:137} INFO - [2023-04-13T20:37:20.879+0000] {dagbag.py:532} INFO - Filling up the DagBag from /home/airflow/.local/lib/python3.7/site-packages/airflow/example_dags/example_complex.py
[2023-04-13T20:37:20.893+0000] {logging_mixin.py:137} INFO - [2023-04-13T20:37:20.893+0000] {taskmixin.py:211} WARNING - Dependency <Task(BashOperator): create_entry_group>, delete_entry_group already registered for DAG: example_complex
[2023-04-13T20:37:20.893+0000] {logging_mixin.py:137} INFO - [2023-04-13T20:37:20.893+0000] {taskmixin.py:211} WARNING - Dependency <Task(BashOperator): delete_entry_group>, create_entry_group already registered for DAG: example_complex
[2023-04-13T20:37:20.894+0000] {logging_mixin.py:137} INFO - [2023-04-13T20:37:20.893+0000] {taskmixin.py:211} WARNING - Dependency <Task(BashOperator): create_entry_gcs>, delete_entry already registered for DAG: example_complex
[2023-04-13T20:37:20.894+0000] {logging_mixin.py:137} INFO - [2023-04-13T20:37:20.894+0000] {taskmixin.py:211} WARNING - Dependency <Task(BashOperator): delete_entry>, create_entry_gcs already registered for DAG: example_complex
[2023-04-13T20:37:20.894+0000] {logging_mixin.py:137} INFO - [2023-04-13T20:37:20.894+0000] {taskmixin.py:211} WARNING - Dependency <Task(BashOperator): create_tag>, delete_tag already registered for DAG: example_complex
[2023-04-13T20:37:20.894+0000] {logging_mixin.py:137} INFO - [2023-04-13T20:37:20.894+0000] {taskmixin.py:211} WARNING - Dependency <Task(BashOperator): delete_tag>, create_tag already registered for DAG: example_complex
[2023-04-13T20:37:20.903+0000] {processor.py:753} INFO - DAG(s) dict_keys(['example_complex']) retrieved from /home/airflow/.local/lib/python3.7/site-packages/airflow/example_dags/example_complex.py
[2023-04-13T20:37:20.948+0000] {logging_mixin.py:137} INFO - [2023-04-13T20:37:20.948+0000] {dag.py:2705} INFO - Sync 1 DAGs
[2023-04-13T20:37:20.979+0000] {logging_mixin.py:137} INFO - [2023-04-13T20:37:20.979+0000] {dag.py:3456} INFO - Setting next_dagrun for example_complex to None, run_after=None
[2023-04-13T20:37:21.000+0000] {processor.py:175} INFO - Processing /home/airflow/.local/lib/python3.7/site-packages/airflow/example_dags/example_complex.py took 0.126 seconds
[2023-04-13T20:37:51.093+0000] {processor.py:153} INFO - Started process (PID=473) to work on /home/airflow/.local/lib/python3.7/site-packages/airflow/example_dags/example_complex.py
[2023-04-13T20:37:51.094+0000] {processor.py:743} INFO - Processing file /home/airflow/.local/lib/python3.7/site-packages/airflow/example_dags/example_complex.py for tasks to queue
[2023-04-13T20:37:51.094+0000] {logging_mixin.py:137} INFO - [2023-04-13T20:37:51.094+0000] {dagbag.py:532} INFO - Filling up the DagBag from /home/airflow/.local/lib/python3.7/site-packages/airflow/example_dags/example_complex.py
[2023-04-13T20:37:51.107+0000] {logging_mixin.py:137} INFO - [2023-04-13T20:37:51.106+0000] {taskmixin.py:211} WARNING - Dependency <Task(BashOperator): create_entry_group>, delete_entry_group already registered for DAG: example_complex
[2023-04-13T20:37:51.107+0000] {logging_mixin.py:137} INFO - [2023-04-13T20:37:51.107+0000] {taskmixin.py:211} WARNING - Dependency <Task(BashOperator): delete_entry_group>, create_entry_group already registered for DAG: example_complex
[2023-04-13T20:37:51.107+0000] {logging_mixin.py:137} INFO - [2023-04-13T20:37:51.107+0000] {taskmixin.py:211} WARNING - Dependency <Task(BashOperator): create_entry_gcs>, delete_entry already registered for DAG: example_complex
[2023-04-13T20:37:51.107+0000] {logging_mixin.py:137} INFO - [2023-04-13T20:37:51.107+0000] {taskmixin.py:211} WARNING - Dependency <Task(BashOperator): delete_entry>, create_entry_gcs already registered for DAG: example_complex
[2023-04-13T20:37:51.108+0000] {logging_mixin.py:137} INFO - [2023-04-13T20:37:51.108+0000] {taskmixin.py:211} WARNING - Dependency <Task(BashOperator): create_tag>, delete_tag already registered for DAG: example_complex
[2023-04-13T20:37:51.108+0000] {logging_mixin.py:137} INFO - [2023-04-13T20:37:51.108+0000] {taskmixin.py:211} WARNING - Dependency <Task(BashOperator): delete_tag>, create_tag already registered for DAG: example_complex
[2023-04-13T20:37:51.115+0000] {processor.py:753} INFO - DAG(s) dict_keys(['example_complex']) retrieved from /home/airflow/.local/lib/python3.7/site-packages/airflow/example_dags/example_complex.py
[2023-04-13T20:37:51.158+0000] {logging_mixin.py:137} INFO - [2023-04-13T20:37:51.158+0000] {dag.py:2705} INFO - Sync 1 DAGs
[2023-04-13T20:37:51.184+0000] {logging_mixin.py:137} INFO - [2023-04-13T20:37:51.184+0000] {dag.py:3456} INFO - Setting next_dagrun for example_complex to None, run_after=None
[2023-04-13T20:37:51.204+0000] {processor.py:175} INFO - Processing /home/airflow/.local/lib/python3.7/site-packages/airflow/example_dags/example_complex.py took 0.114 seconds
[2023-04-13T20:38:21.627+0000] {processor.py:153} INFO - Started process (PID=523) to work on /home/airflow/.local/lib/python3.7/site-packages/airflow/example_dags/example_complex.py
[2023-04-13T20:38:21.628+0000] {processor.py:743} INFO - Processing file /home/airflow/.local/lib/python3.7/site-packages/airflow/example_dags/example_complex.py for tasks to queue
[2023-04-13T20:38:21.629+0000] {logging_mixin.py:137} INFO - [2023-04-13T20:38:21.629+0000] {dagbag.py:532} INFO - Filling up the DagBag from /home/airflow/.local/lib/python3.7/site-packages/airflow/example_dags/example_complex.py
[2023-04-13T20:38:21.647+0000] {logging_mixin.py:137} INFO - [2023-04-13T20:38:21.647+0000] {taskmixin.py:211} WARNING - Dependency <Task(BashOperator): create_entry_group>, delete_entry_group already registered for DAG: example_complex
[2023-04-13T20:38:21.647+0000] {logging_mixin.py:137} INFO - [2023-04-13T20:38:21.647+0000] {taskmixin.py:211} WARNING - Dependency <Task(BashOperator): delete_entry_group>, create_entry_group already registered for DAG: example_complex
[2023-04-13T20:38:21.648+0000] {logging_mixin.py:137} INFO - [2023-04-13T20:38:21.648+0000] {taskmixin.py:211} WARNING - Dependency <Task(BashOperator): create_entry_gcs>, delete_entry already registered for DAG: example_complex
[2023-04-13T20:38:21.648+0000] {logging_mixin.py:137} INFO - [2023-04-13T20:38:21.648+0000] {taskmixin.py:211} WARNING - Dependency <Task(BashOperator): delete_entry>, create_entry_gcs already registered for DAG: example_complex
[2023-04-13T20:38:21.649+0000] {logging_mixin.py:137} INFO - [2023-04-13T20:38:21.648+0000] {taskmixin.py:211} WARNING - Dependency <Task(BashOperator): create_tag>, delete_tag already registered for DAG: example_complex
[2023-04-13T20:38:21.649+0000] {logging_mixin.py:137} INFO - [2023-04-13T20:38:21.649+0000] {taskmixin.py:211} WARNING - Dependency <Task(BashOperator): delete_tag>, create_tag already registered for DAG: example_complex
[2023-04-13T20:38:21.659+0000] {processor.py:753} INFO - DAG(s) dict_keys(['example_complex']) retrieved from /home/airflow/.local/lib/python3.7/site-packages/airflow/example_dags/example_complex.py
[2023-04-13T20:38:21.715+0000] {logging_mixin.py:137} INFO - [2023-04-13T20:38:21.715+0000] {dag.py:2705} INFO - Sync 1 DAGs
[2023-04-13T20:38:21.755+0000] {logging_mixin.py:137} INFO - [2023-04-13T20:38:21.755+0000] {dag.py:3456} INFO - Setting next_dagrun for example_complex to None, run_after=None
[2023-04-13T20:38:21.782+0000] {processor.py:175} INFO - Processing /home/airflow/.local/lib/python3.7/site-packages/airflow/example_dags/example_complex.py took 0.159 seconds
