[2023-04-13T20:33:49.882+0000] {processor.py:153} INFO - Started process (PID=100) to work on /home/airflow/.local/lib/python3.7/site-packages/airflow/example_dags/tutorial_dag.py
[2023-04-13T20:33:49.883+0000] {processor.py:743} INFO - Processing file /home/airflow/.local/lib/python3.7/site-packages/airflow/example_dags/tutorial_dag.py for tasks to queue
[2023-04-13T20:33:49.884+0000] {logging_mixin.py:137} INFO - [2023-04-13T20:33:49.884+0000] {dagbag.py:532} INFO - Filling up the DagBag from /home/airflow/.local/lib/python3.7/site-packages/airflow/example_dags/tutorial_dag.py
[2023-04-13T20:33:49.899+0000] {processor.py:753} INFO - DAG(s) dict_keys(['tutorial_dag']) retrieved from /home/airflow/.local/lib/python3.7/site-packages/airflow/example_dags/tutorial_dag.py
[2023-04-13T20:33:49.917+0000] {logging_mixin.py:137} INFO - [2023-04-13T20:33:49.916+0000] {dag.py:2705} INFO - Sync 1 DAGs
[2023-04-13T20:33:49.976+0000] {logging_mixin.py:137} INFO - [2023-04-13T20:33:49.975+0000] {dag.py:3456} INFO - Setting next_dagrun for tutorial_dag to None, run_after=None
[2023-04-13T20:33:50.017+0000] {processor.py:175} INFO - Processing /home/airflow/.local/lib/python3.7/site-packages/airflow/example_dags/tutorial_dag.py took 0.137 seconds
[2023-04-13T20:34:20.129+0000] {processor.py:153} INFO - Started process (PID=151) to work on /home/airflow/.local/lib/python3.7/site-packages/airflow/example_dags/tutorial_dag.py
[2023-04-13T20:34:20.130+0000] {processor.py:743} INFO - Processing file /home/airflow/.local/lib/python3.7/site-packages/airflow/example_dags/tutorial_dag.py for tasks to queue
[2023-04-13T20:34:20.131+0000] {logging_mixin.py:137} INFO - [2023-04-13T20:34:20.131+0000] {dagbag.py:532} INFO - Filling up the DagBag from /home/airflow/.local/lib/python3.7/site-packages/airflow/example_dags/tutorial_dag.py
[2023-04-13T20:34:20.143+0000] {processor.py:753} INFO - DAG(s) dict_keys(['tutorial_dag']) retrieved from /home/airflow/.local/lib/python3.7/site-packages/airflow/example_dags/tutorial_dag.py
[2023-04-13T20:34:20.169+0000] {logging_mixin.py:137} INFO - [2023-04-13T20:34:20.169+0000] {dag.py:2705} INFO - Sync 1 DAGs
[2023-04-13T20:34:20.196+0000] {logging_mixin.py:137} INFO - [2023-04-13T20:34:20.196+0000] {dag.py:3456} INFO - Setting next_dagrun for tutorial_dag to None, run_after=None
[2023-04-13T20:34:20.214+0000] {processor.py:175} INFO - Processing /home/airflow/.local/lib/python3.7/site-packages/airflow/example_dags/tutorial_dag.py took 0.087 seconds
[2023-04-13T20:34:51.048+0000] {processor.py:153} INFO - Started process (PID=200) to work on /home/airflow/.local/lib/python3.7/site-packages/airflow/example_dags/tutorial_dag.py
[2023-04-13T20:34:51.049+0000] {processor.py:743} INFO - Processing file /home/airflow/.local/lib/python3.7/site-packages/airflow/example_dags/tutorial_dag.py for tasks to queue
[2023-04-13T20:34:51.049+0000] {logging_mixin.py:137} INFO - [2023-04-13T20:34:51.049+0000] {dagbag.py:532} INFO - Filling up the DagBag from /home/airflow/.local/lib/python3.7/site-packages/airflow/example_dags/tutorial_dag.py
[2023-04-13T20:34:51.062+0000] {processor.py:753} INFO - DAG(s) dict_keys(['tutorial_dag']) retrieved from /home/airflow/.local/lib/python3.7/site-packages/airflow/example_dags/tutorial_dag.py
[2023-04-13T20:34:51.091+0000] {logging_mixin.py:137} INFO - [2023-04-13T20:34:51.091+0000] {dag.py:2705} INFO - Sync 1 DAGs
[2023-04-13T20:34:51.121+0000] {logging_mixin.py:137} INFO - [2023-04-13T20:34:51.121+0000] {dag.py:3456} INFO - Setting next_dagrun for tutorial_dag to None, run_after=None
[2023-04-13T20:34:51.141+0000] {processor.py:175} INFO - Processing /home/airflow/.local/lib/python3.7/site-packages/airflow/example_dags/tutorial_dag.py took 0.096 seconds
[2023-04-13T20:35:21.454+0000] {processor.py:153} INFO - Started process (PID=250) to work on /home/airflow/.local/lib/python3.7/site-packages/airflow/example_dags/tutorial_dag.py
[2023-04-13T20:35:21.455+0000] {processor.py:743} INFO - Processing file /home/airflow/.local/lib/python3.7/site-packages/airflow/example_dags/tutorial_dag.py for tasks to queue
[2023-04-13T20:35:21.456+0000] {logging_mixin.py:137} INFO - [2023-04-13T20:35:21.456+0000] {dagbag.py:532} INFO - Filling up the DagBag from /home/airflow/.local/lib/python3.7/site-packages/airflow/example_dags/tutorial_dag.py
[2023-04-13T20:35:21.470+0000] {processor.py:753} INFO - DAG(s) dict_keys(['tutorial_dag']) retrieved from /home/airflow/.local/lib/python3.7/site-packages/airflow/example_dags/tutorial_dag.py
[2023-04-13T20:35:21.506+0000] {logging_mixin.py:137} INFO - [2023-04-13T20:35:21.506+0000] {dag.py:2705} INFO - Sync 1 DAGs
[2023-04-13T20:35:21.534+0000] {logging_mixin.py:137} INFO - [2023-04-13T20:35:21.534+0000] {dag.py:3456} INFO - Setting next_dagrun for tutorial_dag to None, run_after=None
[2023-04-13T20:35:21.553+0000] {processor.py:175} INFO - Processing /home/airflow/.local/lib/python3.7/site-packages/airflow/example_dags/tutorial_dag.py took 0.102 seconds
[2023-04-13T20:35:52.073+0000] {processor.py:153} INFO - Started process (PID=300) to work on /home/airflow/.local/lib/python3.7/site-packages/airflow/example_dags/tutorial_dag.py
[2023-04-13T20:35:52.074+0000] {processor.py:743} INFO - Processing file /home/airflow/.local/lib/python3.7/site-packages/airflow/example_dags/tutorial_dag.py for tasks to queue
[2023-04-13T20:35:52.074+0000] {logging_mixin.py:137} INFO - [2023-04-13T20:35:52.074+0000] {dagbag.py:532} INFO - Filling up the DagBag from /home/airflow/.local/lib/python3.7/site-packages/airflow/example_dags/tutorial_dag.py
[2023-04-13T20:35:52.088+0000] {processor.py:753} INFO - DAG(s) dict_keys(['tutorial_dag']) retrieved from /home/airflow/.local/lib/python3.7/site-packages/airflow/example_dags/tutorial_dag.py
[2023-04-13T20:35:52.128+0000] {logging_mixin.py:137} INFO - [2023-04-13T20:35:52.128+0000] {dag.py:2705} INFO - Sync 1 DAGs
[2023-04-13T20:35:52.155+0000] {logging_mixin.py:137} INFO - [2023-04-13T20:35:52.155+0000] {dag.py:3456} INFO - Setting next_dagrun for tutorial_dag to None, run_after=None
[2023-04-13T20:35:52.178+0000] {processor.py:175} INFO - Processing /home/airflow/.local/lib/python3.7/site-packages/airflow/example_dags/tutorial_dag.py took 0.108 seconds
[2023-04-13T20:36:22.602+0000] {processor.py:153} INFO - Started process (PID=350) to work on /home/airflow/.local/lib/python3.7/site-packages/airflow/example_dags/tutorial_dag.py
[2023-04-13T20:36:22.603+0000] {processor.py:743} INFO - Processing file /home/airflow/.local/lib/python3.7/site-packages/airflow/example_dags/tutorial_dag.py for tasks to queue
[2023-04-13T20:36:22.603+0000] {logging_mixin.py:137} INFO - [2023-04-13T20:36:22.603+0000] {dagbag.py:532} INFO - Filling up the DagBag from /home/airflow/.local/lib/python3.7/site-packages/airflow/example_dags/tutorial_dag.py
[2023-04-13T20:36:22.622+0000] {processor.py:753} INFO - DAG(s) dict_keys(['tutorial_dag']) retrieved from /home/airflow/.local/lib/python3.7/site-packages/airflow/example_dags/tutorial_dag.py
[2023-04-13T20:36:22.666+0000] {logging_mixin.py:137} INFO - [2023-04-13T20:36:22.665+0000] {dag.py:2705} INFO - Sync 1 DAGs
[2023-04-13T20:36:22.694+0000] {logging_mixin.py:137} INFO - [2023-04-13T20:36:22.694+0000] {dag.py:3456} INFO - Setting next_dagrun for tutorial_dag to None, run_after=None
[2023-04-13T20:36:22.719+0000] {processor.py:175} INFO - Processing /home/airflow/.local/lib/python3.7/site-packages/airflow/example_dags/tutorial_dag.py took 0.120 seconds
[2023-04-13T20:36:52.821+0000] {processor.py:153} INFO - Started process (PID=400) to work on /home/airflow/.local/lib/python3.7/site-packages/airflow/example_dags/tutorial_dag.py
[2023-04-13T20:36:52.822+0000] {processor.py:743} INFO - Processing file /home/airflow/.local/lib/python3.7/site-packages/airflow/example_dags/tutorial_dag.py for tasks to queue
[2023-04-13T20:36:52.823+0000] {logging_mixin.py:137} INFO - [2023-04-13T20:36:52.823+0000] {dagbag.py:532} INFO - Filling up the DagBag from /home/airflow/.local/lib/python3.7/site-packages/airflow/example_dags/tutorial_dag.py
[2023-04-13T20:36:52.911+0000] {processor.py:753} INFO - DAG(s) dict_keys(['tutorial_dag']) retrieved from /home/airflow/.local/lib/python3.7/site-packages/airflow/example_dags/tutorial_dag.py
[2023-04-13T20:36:52.942+0000] {logging_mixin.py:137} INFO - [2023-04-13T20:36:52.942+0000] {dag.py:2705} INFO - Sync 1 DAGs
[2023-04-13T20:36:52.977+0000] {logging_mixin.py:137} INFO - [2023-04-13T20:36:52.976+0000] {dag.py:3456} INFO - Setting next_dagrun for tutorial_dag to None, run_after=None
[2023-04-13T20:36:52.998+0000] {processor.py:175} INFO - Processing /home/airflow/.local/lib/python3.7/site-packages/airflow/example_dags/tutorial_dag.py took 0.181 seconds
[2023-04-13T20:37:23.029+0000] {processor.py:153} INFO - Started process (PID=450) to work on /home/airflow/.local/lib/python3.7/site-packages/airflow/example_dags/tutorial_dag.py
[2023-04-13T20:37:23.030+0000] {processor.py:743} INFO - Processing file /home/airflow/.local/lib/python3.7/site-packages/airflow/example_dags/tutorial_dag.py for tasks to queue
[2023-04-13T20:37:23.031+0000] {logging_mixin.py:137} INFO - [2023-04-13T20:37:23.031+0000] {dagbag.py:532} INFO - Filling up the DagBag from /home/airflow/.local/lib/python3.7/site-packages/airflow/example_dags/tutorial_dag.py
[2023-04-13T20:37:23.044+0000] {processor.py:753} INFO - DAG(s) dict_keys(['tutorial_dag']) retrieved from /home/airflow/.local/lib/python3.7/site-packages/airflow/example_dags/tutorial_dag.py
[2023-04-13T20:37:23.079+0000] {logging_mixin.py:137} INFO - [2023-04-13T20:37:23.079+0000] {dag.py:2705} INFO - Sync 1 DAGs
[2023-04-13T20:37:23.117+0000] {logging_mixin.py:137} INFO - [2023-04-13T20:37:23.117+0000] {dag.py:3456} INFO - Setting next_dagrun for tutorial_dag to None, run_after=None
[2023-04-13T20:37:23.212+0000] {processor.py:175} INFO - Processing /home/airflow/.local/lib/python3.7/site-packages/airflow/example_dags/tutorial_dag.py took 0.185 seconds
[2023-04-13T20:37:53.589+0000] {processor.py:153} INFO - Started process (PID=501) to work on /home/airflow/.local/lib/python3.7/site-packages/airflow/example_dags/tutorial_dag.py
[2023-04-13T20:37:53.590+0000] {processor.py:743} INFO - Processing file /home/airflow/.local/lib/python3.7/site-packages/airflow/example_dags/tutorial_dag.py for tasks to queue
[2023-04-13T20:37:53.591+0000] {logging_mixin.py:137} INFO - [2023-04-13T20:37:53.590+0000] {dagbag.py:532} INFO - Filling up the DagBag from /home/airflow/.local/lib/python3.7/site-packages/airflow/example_dags/tutorial_dag.py
[2023-04-13T20:37:53.613+0000] {processor.py:753} INFO - DAG(s) dict_keys(['tutorial_dag']) retrieved from /home/airflow/.local/lib/python3.7/site-packages/airflow/example_dags/tutorial_dag.py
[2023-04-13T20:37:53.646+0000] {logging_mixin.py:137} INFO - [2023-04-13T20:37:53.646+0000] {dag.py:2705} INFO - Sync 1 DAGs
[2023-04-13T20:37:53.679+0000] {logging_mixin.py:137} INFO - [2023-04-13T20:37:53.679+0000] {dag.py:3456} INFO - Setting next_dagrun for tutorial_dag to None, run_after=None
[2023-04-13T20:37:53.708+0000] {processor.py:175} INFO - Processing /home/airflow/.local/lib/python3.7/site-packages/airflow/example_dags/tutorial_dag.py took 0.122 seconds
[2023-04-13T20:38:24.748+0000] {processor.py:153} INFO - Started process (PID=551) to work on /home/airflow/.local/lib/python3.7/site-packages/airflow/example_dags/tutorial_dag.py
[2023-04-13T20:38:24.749+0000] {processor.py:743} INFO - Processing file /home/airflow/.local/lib/python3.7/site-packages/airflow/example_dags/tutorial_dag.py for tasks to queue
[2023-04-13T20:38:24.750+0000] {logging_mixin.py:137} INFO - [2023-04-13T20:38:24.750+0000] {dagbag.py:532} INFO - Filling up the DagBag from /home/airflow/.local/lib/python3.7/site-packages/airflow/example_dags/tutorial_dag.py
[2023-04-13T20:38:24.766+0000] {processor.py:753} INFO - DAG(s) dict_keys(['tutorial_dag']) retrieved from /home/airflow/.local/lib/python3.7/site-packages/airflow/example_dags/tutorial_dag.py
[2023-04-13T20:38:24.801+0000] {logging_mixin.py:137} INFO - [2023-04-13T20:38:24.801+0000] {dag.py:2705} INFO - Sync 1 DAGs
[2023-04-13T20:38:24.845+0000] {logging_mixin.py:137} INFO - [2023-04-13T20:38:24.845+0000] {dag.py:3456} INFO - Setting next_dagrun for tutorial_dag to None, run_after=None
[2023-04-13T20:38:24.870+0000] {processor.py:175} INFO - Processing /home/airflow/.local/lib/python3.7/site-packages/airflow/example_dags/tutorial_dag.py took 0.126 seconds
